# JRE version: OpenJDK Runtime Environment (8.0_282-b08) (build 1.8.0_282-b08)
# Java VM: OpenJDK 64-Bit Server VM (25.282-b08 mixed mode linux-amd64 compressed oops)
Heap:
 def new generation   total 19648K, used 10251K [0x00000000fc000000, 0x00000000fd550000, 0x00000000fd550000)
  eden space 17472K,  46% used [0x00000000fc000000, 0x00000000fc7e2f60, 0x00000000fd110000)
  from space 2176K, 100% used [0x00000000fd110000, 0x00000000fd330000, 0x00000000fd330000)
  to   space 2176K,   0% used [0x00000000fd330000, 0x00000000fd330000, 0x00000000fd550000)
 tenured generation   total 43712K, used 1855K [0x00000000fd550000, 0x0000000100000000, 0x0000000100000000)
   the space 43712K,   4% used [0x00000000fd550000, 0x00000000fd71fcd8, 0x00000000fd71fe00, 0x0000000100000000)
 Metaspace       used 11123K, capacity 11418K, committed 11520K, reserved 1058816K
  class space    used 1419K, capacity 1535K, committed 1536K, reserved 1048576K
GC Heap History (4 events):
Event: 1.424 GC heap before
{Heap before GC invocations=0 (full 0):
 def new generation   total 19648K, used 17472K [0x00000000fc000000, 0x00000000fd550000, 0x00000000fd550000)
  eden space 17472K, 100% used [0x00000000fc000000, 0x00000000fd110000, 0x00000000fd110000)
  from space 2176K,   0% used [0x00000000fd110000, 0x00000000fd110000, 0x00000000fd330000)
  to   space 2176K,   0% used [0x00000000fd330000, 0x00000000fd330000, 0x00000000fd550000)
 tenured generation   total 43712K, used 0K [0x00000000fd550000, 0x0000000100000000, 0x0000000100000000)
   the space 43712K,   0% used [0x00000000fd550000, 0x00000000fd550000, 0x00000000fd550200, 0x0000000100000000)
 Metaspace       used 7021K, capacity 7310K, committed 7680K, reserved 1056768K
  class space    used 785K, capacity 909K, committed 1024K, reserved 1048576K
Event: 1.430 GC heap after
Heap after GC invocations=1 (full 0):
 def new generation   total 19648K, used 2175K [0x00000000fc000000, 0x00000000fd550000, 0x00000000fd550000)
  eden space 17472K,   0% used [0x00000000fc000000, 0x00000000fc000000, 0x00000000fd110000)
  from space 2176K,  99% used [0x00000000fd330000, 0x00000000fd54fff8, 0x00000000fd550000)
  to   space 2176K,   0% used [0x00000000fd110000, 0x00000000fd110000, 0x00000000fd330000)
 tenured generation   total 43712K, used 232K [0x00000000fd550000, 0x0000000100000000, 0x0000000100000000)
   the space 43712K,   0% used [0x00000000fd550000, 0x00000000fd58a2f0, 0x00000000fd58a400, 0x0000000100000000)
 Metaspace       used 7021K, capacity 7310K, committed 7680K, reserved 1056768K
  class space    used 785K, capacity 909K, committed 1024K, reserved 1048576K
}
Event: 1.924 GC heap before
{Heap before GC invocations=1 (full 0):
 def new generation   total 19648K, used 19647K [0x00000000fc000000, 0x00000000fd550000, 0x00000000fd550000)
  eden space 17472K, 100% used [0x00000000fc000000, 0x00000000fd110000, 0x00000000fd110000)
  from space 2176K,  99% used [0x00000000fd330000, 0x00000000fd54fff8, 0x00000000fd550000)
  to   space 2176K,   0% used [0x00000000fd110000, 0x00000000fd110000, 0x00000000fd330000)
 tenured generation   total 43712K, used 232K [0x00000000fd550000, 0x0000000100000000, 0x0000000100000000)
   the space 43712K,   0% used [0x00000000fd550000, 0x00000000fd58a2f0, 0x00000000fd58a400, 0x0000000100000000)
 Metaspace       used 9617K, capacity 9940K, committed 10112K, reserved 1058816K
  class space    used 1214K, capacity 1342K, committed 1408K, reserved 1048576K
Event: 1.932 GC heap after
Heap after GC invocations=2 (full 0):
 def new generation   total 19648K, used 2176K [0x00000000fc000000, 0x00000000fd550000, 0x00000000fd550000)
  eden space 17472K,   0% used [0x00000000fc000000, 0x00000000fc000000, 0x00000000fd110000)
  from space 2176K, 100% used [0x00000000fd110000, 0x00000000fd330000, 0x00000000fd330000)
  to   space 2176K,   0% used [0x00000000fd330000, 0x00000000fd330000, 0x00000000fd550000)
 tenured generation   total 43712K, used 1855K [0x00000000fd550000, 0x0000000100000000, 0x0000000100000000)
   the space 43712K,   4% used [0x00000000fd550000, 0x00000000fd71fcd8, 0x00000000fd71fe00, 0x0000000100000000)
 Metaspace       used 9617K, capacity 9940K, committed 10112K, reserved 1058816K
  class space    used 1214K, capacity 1342K, committed 1408K, reserved 1048576K
}

