# JRE version: OpenJDK Runtime Environment (8.0_282-b08) (build 1.8.0_282-b08)
# Java VM: OpenJDK 64-Bit Server VM (25.282-b08 mixed mode linux-amd64 compressed oops)
Heap:
 def new generation   total 12096K, used 12066K [0x00000000e0000000, 0x00000000e0d10000, 0x00000000eaaa0000)
  eden space 10816K, 100% used [0x00000000e0000000, 0x00000000e0a90000, 0x00000000e0a90000)
  from space 1280K,  97% used [0x00000000e0bd0000, 0x00000000e0d08920, 0x00000000e0d10000)
  to   space 1280K,  20% used [0x00000000e0a90000, 0x00000000e0ad31d0, 0x00000000e0bd0000)
 tenured generation   total 26848K, used 26847K [0x00000000eaaa0000, 0x00000000ec4d8000, 0x0000000100000000)
   the space 26848K,  99% used [0x00000000eaaa0000, 0x00000000ec4d7ff8, 0x00000000ec4d8000, 0x00000000ec4d8000)
 Metaspace       used 60308K, capacity 62832K, committed 63024K, reserved 1103872K
  class space    used 8271K, capacity 8724K, committed 8752K, reserved 1048576K
GC Heap History (245 events):
Event: 0.378 GC heap before
{Heap before GC invocations=0 (full 0):
 def new generation   total 4928K, used 4416K [0x00000000e0000000, 0x00000000e0550000, 0x00000000eaaa0000)
  eden space 4416K, 100% used [0x00000000e0000000, 0x00000000e0450000, 0x00000000e0450000)
  from space 512K,   0% used [0x00000000e0450000, 0x00000000e0450000, 0x00000000e04d0000)
  to   space 512K,   0% used [0x00000000e04d0000, 0x00000000e04d0000, 0x00000000e0550000)
 tenured generation   total 10944K, used 0K [0x00000000eaaa0000, 0x00000000eb550000, 0x0000000100000000)
   the space 10944K,   0% used [0x00000000eaaa0000, 0x00000000eaaa0000, 0x00000000eaaa0200, 0x00000000eb550000)
 Metaspace       used 4670K, capacity 5054K, committed 5248K, reserved 1056768K
  class space    used 505K, capacity 537K, committed 640K, reserved 1048576K
Event: 0.380 GC heap after
Heap after GC invocations=1 (full 0):
 def new generation   total 4928K, used 512K [0x00000000e0000000, 0x00000000e0550000, 0x00000000eaaa0000)
  eden space 4416K,   0% used [0x00000000e0000000, 0x00000000e0000000, 0x00000000e0450000)
  from space 512K, 100% used [0x00000000e04d0000, 0x00000000e0550000, 0x00000000e0550000)
  to   space 512K,   0% used [0x00000000e0450000, 0x00000000e0450000, 0x00000000e04d0000)
 tenured generation   total 10944K, used 588K [0x00000000eaaa0000, 0x00000000eb550000, 0x0000000100000000)
   the space 10944K,   5% used [0x00000000eaaa0000, 0x00000000eab33370, 0x00000000eab33400, 0x00000000eb550000)
 Metaspace       used 4670K, capacity 5054K, committed 5248K, reserved 1056768K
  class space    used 505K, capacity 537K, committed 640K, reserved 1048576K
}
Event: 0.623 GC heap before
{Heap before GC invocations=1 (full 0):
 def new generation   total 4928K, used 4928K [0x00000000e0000000, 0x00000000e0550000, 0x00000000eaaa0000)
  eden space 4416K, 100% used [0x00000000e0000000, 0x00000000e0450000, 0x00000000e0450000)
  from space 512K, 100% used [0x00000000e04d0000, 0x00000000e0550000, 0x00000000e0550000)
  to   space 512K,   0% used [0x00000000e0450000, 0x00000000e0450000, 0x00000000e04d0000)
 tenured generation   total 10944K, used 588K [0x00000000eaaa0000, 0x00000000eb550000, 0x0000000100000000)
   the space 10944K,   5% used [0x00000000eaaa0000, 0x00000000eab33370, 0x00000000eab33400, 0x00000000eb550000)
 Metaspace       used 7494K, capacity 7638K, committed 7936K, reserved 1056768K
  class space    used 836K, capacity 907K, committed 1024K, reserved 1048576K
Event: 0.628 GC heap after
Heap after GC invocations=2 (full 0):
 def new generation   total 4928K, used 511K [0x00000000e0000000, 0x00000000e0550000, 0x00000000eaaa0000)
  eden space 4416K,   0% used [0x00000000e0000000, 0x00000000e0000000, 0x00000000e0450000)
  from space 512K,  99% used [0x00000000e0450000, 0x00000000e04cfff8, 0x00000000e04d0000)
  to   space 512K,   0% used [0x00000000e04d0000, 0x00000000e04d0000, 0x00000000e0550000)
 tenured generation   total 10944K, used 1655K [0x00000000eaaa0000, 0x00000000eb550000, 0x0000000100000000)
   the space 10944K,  15% used [0x00000000eaaa0000, 0x00000000eac3dd80, 0x00000000eac3de00, 0x00000000eb550000)
 Metaspace       used 7494K, capacity 7638K, committed 7936K, reserved 1056768K
  class space    used 836K, capacity 907K, committed 1024K, reserved 1048576K
}
Event: 0.781 GC heap before
{Heap before GC invocations=2 (full 0):
 def new generation   total 4928K, used 4927K [0x00000000e0000000, 0x00000000e0550000, 0x00000000eaaa0000)
  eden space 4416K, 100% used [0x00000000e0000000, 0x00000000e0450000, 0x00000000e0450000)
  from space 512K,  99% used [0x00000000e0450000, 0x00000000e04cfff8, 0x00000000e04d0000)
  to   space 512K,   0% used [0x00000000e04d0000, 0x00000000e04d0000, 0x00000000e0550000)
 tenured generation   total 10944K, used 1655K [0x00000000eaaa0000, 0x00000000eb550000, 0x0000000100000000)
   the space 10944K,  15% used [0x00000000eaaa0000, 0x00000000eac3dd80, 0x00000000eac3de00, 0x00000000eb550000)
 Metaspace       used 8323K, capacity 8558K, committed 8832K, reserved 1056768K
  class space    used 944K, capacity 1039K, committed 1152K, reserved 1048576K
Event: 0.784 GC heap after
Heap after GC invocations=3 (full 0):
 def new generation   total 4928K, used 512K [0x00000000e0000000, 0x00000000e0550000, 0x00000000eaaa0000)
  eden space 4416K,   0% used [0x00000000e0000000, 0x00000000e0000000, 0x00000000e0450000)
  from space 512K, 100% used [0x00000000e04d0000, 0x00000000e0550000, 0x00000000e0550000)
  to   space 512K,   0% used [0x00000000e0450000, 0x00000000e0450000, 0x00000000e04d0000)
 tenured generation   total 10944K, used 2470K [0x00000000eaaa0000, 0x00000000eb550000, 0x0000000100000000)
   the space 10944K,  22% used [0x00000000eaaa0000, 0x00000000ead09b50, 0x00000000ead09c00, 0x00000000eb550000)
 Metaspace       used 8323K, capacity 8558K, committed 8832K, reserved 1056768K
  class space    used 944K, capacity 1039K, committed 1152K, reserved 1048576K
}
Event: 0.944 GC heap before
{Heap before GC invocations=3 (full 0):
 def new generation   total 4928K, used 4928K [0x00000000e0000000, 0x00000000e0550000, 0x00000000eaaa0000)
  eden space 4416K, 100% used [0x00000000e0000000, 0x00000000e0450000, 0x00000000e0450000)
  from space 512K, 100% used [0x00000000e04d0000, 0x00000000e0550000, 0x00000000e0550000)
  to   space 512K,   0% used [0x00000000e0450000, 0x00000000e0450000, 0x00000000e04d0000)
 tenured generation   total 10944K, used 2470K [0x00000000eaaa0000, 0x00000000eb550000, 0x0000000100000000)
   the space 10944K,  22% used [0x00000000eaaa0000, 0x00000000ead09b50, 0x00000000ead09c00, 0x00000000eb550000)
 Metaspace       used 9186K, capacity 9422K, committed 9600K, reserved 1058816K
  class space    used 1069K, capacity 1135K, committed 1152K, reserved 1048576K
Event: 0.946 GC heap after
Heap after GC invocations=4 (full 0):
 def new generation   total 4928K, used 511K [0x00000000e0000000, 0x00000000e0550000, 0x00000000eaaa0000)
  eden space 4416K,   0% used [0x00000000e0000000, 0x00000000e0000000, 0x00000000e0450000)
  from space 512K,  99% used [0x00000000e0450000, 0x00000000e04cfff8, 0x00000000e04d0000)
  to   space 512K,   0% used [0x00000000e04d0000, 0x00000000e04d0000, 0x00000000e0550000)
 tenured generation   total 10944K, used 2955K [0x00000000eaaa0000, 0x00000000eb550000, 0x0000000100000000)
   the space 10944K,  27% used [0x00000000eaaa0000, 0x00000000ead82ff0, 0x00000000ead83000, 0x00000000eb550000)
 Metaspace       used 9186K, capacity 9422K, committed 9600K, reserved 1058816K
  class space    used 1069K, capacity 1135K, committed 1152K, reserved 1048576K
}
Event: 1.025 GC heap before
{Heap before GC invocations=4 (full 0):
 def new generation   total 4928K, used 4927K [0x00000000e0000000, 0x00000000e0550000, 0x00000000eaaa0000)
  eden space 4416K, 100% used [0x00000000e0000000, 0x00000000e0450000, 0x00000000e0450000)
  from space 512K,  99% used [0x00000000e0450000, 0x00000000e04cfff8, 0x00000000e04d0000)
  to   space 512K,   0% used [0x00000000e04d0000, 0x00000000e04d0000, 0x00000000e0550000)
 tenured generation   total 10944K, used 2955K [0x00000000eaaa0000, 0x00000000eb550000, 0x0000000100000000)
   the space 10944K,  27% used [0x00000000eaaa0000, 0x00000000ead82ff0, 0x00000000ead83000, 0x00000000eb550000)
 Metaspace       used 9528K, capacity 9742K, committed 9984K, reserved 1058816K
  class space    used 1109K, capacity 1199K, committed 1280K, reserved 1048576K
Event: 1.027 GC heap after
Heap after GC invocations=5 (full 0):
 def new generation   total 4928K, used 360K [0x00000000e0000000, 0x00000000e0550000, 0x00000000eaaa0000)
  eden space 4416K,   0% used [0x00000000e0000000, 0x00000000e0000000, 0x00000000e0450000)
  from space 512K,  70% used [0x00000000e04d0000, 0x00000000e052a1d0, 0x00000000e0550000)
  to   space 512K,   0% used [0x00000000e0450000, 0x00000000e0450000, 0x00000000e04d0000)
 tenured generation   total 10944K, used 3219K [0x00000000eaaa0000, 0x00000000eb550000, 0x0000000100000000)
   the space 10944K,  29% used [0x00000000eaaa0000, 0x00000000eadc4e58, 0x00000000eadc5000, 0x00000000eb550000)
 Metaspace       used 9528K, capacity 9742K, committed 9984K, reserved 1058816K
  class space    used 1109K, capacity 1199K, committed 1280K, reserved 1048576K
}
Event: 1.096 GC heap before
{Heap before GC invocations=5 (full 0):
 def new generation   total 4928K, used 4776K [0x00000000e0000000, 0x00000000e0550000, 0x00000000eaaa0000)
  eden space 4416K, 100% used [0x00000000e0000000, 0x00000000e0450000, 0x00000000e0450000)
  from space 512K,  70% used [0x00000000e04d0000, 0x00000000e052a1d0, 0x00000000e0550000)
  to   space 512K,   0% used [0x00000000e0450000, 0x00000000e0450000, 0x00000000e04d0000)
 tenured generation   total 10944K, used 3219K [0x00000000eaaa0000, 0x00000000eb550000, 0x0000000100000000)
   the space 10944K,  29% used [0x00000000eaaa0000, 0x00000000eadc4e58, 0x00000000eadc5000, 0x00000000eb550000)
 Metaspace       used 9898K, capacity 10136K, committed 10240K, reserved 1058816K
  class space    used 1169K, capacity 1268K, committed 1280K, reserved 1048576K
Event: 1.097 GC heap after
Heap after GC invocations=6 (full 0):
 def new generation   total 4928K, used 365K [0x00000000e0000000, 0x00000000e0550000, 0x00000000eaaa0000)
  eden space 4416K,   0% used [0x00000000e0000000, 0x00000000e0000000, 0x00000000e0450000)
  from space 512K,  71% used [0x00000000e0450000, 0x00000000e04ab438, 0x00000000e04d0000)
  to   space 512K,   0% used [0x00000000e04d0000, 0x00000000e04d0000, 0x00000000e0550000)
 tenured generation   total 10944K, used 3333K [0x00000000eaaa0000, 0x00000000eb550000, 0x0000000100000000)
   the space 10944K,  30% used [0x00000000eaaa0000, 0x00000000eade14e8, 0x00000000eade1600, 0x00000000eb550000)
 Metaspace       used 9898K, capacity 10136K, committed 10240K, reserved 1058816K
  class space    used 1169K, capacity 1268K, committed 1280K, reserved 1048576K
}
Event: 1.194 GC heap before
{Heap before GC invocations=6 (full 0):
 def new generation   total 4928K, used 4779K [0x00000000e0000000, 0x00000000e0550000, 0x00000000eaaa0000)
  eden space 4416K,  99% used [0x00000000e0000000, 0x00000000e044f9c8, 0x00000000e0450000)
  from space 512K,  71% used [0x00000000e0450000, 0x00000000e04ab438, 0x00000000e04d0000)
  to   space 512K,   0% used [0x00000000e04d0000, 0x00000000e04d0000, 0x00000000e0550000)
 tenured generation   total 10944K, used 3333K [0x00000000eaaa0000, 0x00000000eb550000, 0x0000000100000000)
   the space 10944K,  30% used [0x00000000eaaa0000, 0x00000000eade14e8, 0x00000000eade1600, 0x00000000eb550000)
 Metaspace       used 10393K, capacity 10584K, committed 10880K, reserved 1058816K
  class space    used 1229K, capacity 1332K, committed 1408K, reserved 1048576K
Event: 1.196 GC heap after
Heap after GC invocations=7 (full 0):
 def new generation   total 4928K, used 468K [0x00000000e0000000, 0x00000000e0550000, 0x00000000eaaa0000)
  eden space 4416K,   0% used [0x00000000e0000000, 0x00000000e0000000, 0x00000000e0450000)
  from space 512K,  91% used [0x00000000e04d0000, 0x00000000e05451a8, 0x00000000e0550000)
  to   space 512K,   0% used [0x00000000e0450000, 0x00000000e0450000, 0x00000000e04d0000)
 tenured generation   total 10944K, used 3417K [0x00000000eaaa0000, 0x00000000eb550000, 0x0000000100000000)
   the space 10944K,  31% used [0x00000000eaaa0000, 0x00000000eadf6728, 0x00000000eadf6800, 0x00000000eb550000)
 Metaspace       used 10393K, capacity 10584K, committed 10880K, reserved 1058816K
  class space    used 1229K, capacity 1332K, committed 1408K, reserved 1048576K
}
Event: 1.276 GC heap before
{Heap before GC invocations=7 (full 0):
 def new generation   total 4928K, used 4884K [0x00000000e0000000, 0x00000000e0550000, 0x00000000eaaa0000)
  eden space 4416K, 100% used [0x00000000e0000000, 0x00000000e0450000, 0x00000000e0450000)
  from space 512K,  91% used [0x00000000e04d0000, 0x00000000e05451a8, 0x00000000e0550000)
  to   space 512K,   0% used [0x00000000e0450000, 0x00000000e0450000, 0x00000000e04d0000)
 tenured generation   total 10944K, used 3417K [0x00000000eaaa0000, 0x00000000eb550000, 0x0000000100000000)
   the space 10944K,  31% used [0x00000000eaaa0000, 0x00000000eadf6728, 0x00000000eadf6800, 0x00000000eb550000)
 Metaspace       used 10811K, capacity 11090K, committed 11392K, reserved 1058816K
  class space    used 1275K, capacity 1373K, committed 1408K, reserved 1048576K
Event: 1.278 GC heap after
Heap after GC invocations=8 (full 0):
 def new generation   total 4928K, used 404K [0x00000000e0000000, 0x00000000e0550000, 0x00000000eaaa0000)
  eden space 4416K,   0% used [0x00000000e0000000, 0x00000000e0000000, 0x00000000e0450000)
  from space 512K,  79% used [0x00000000e0450000, 0x00000000e04b52d0, 0x00000000e04d0000)
  to   space 512K,   0% used [0x00000000e04d0000, 0x00000000e04d0000, 0x00000000e0550000)
 tenured generation   total 10944K, used 3585K [0x00000000eaaa0000, 0x00000000eb550000, 0x0000000100000000)
   the space 10944K,  32% used [0x00000000eaaa0000, 0x00000000eae20528, 0x00000000eae20600, 0x00000000eb550000)
 Metaspace       used 10811K, capacity 11090K, committed 11392K, reserved 1058816K
  class space    used 1275K, capacity 1373K, committed 1408K, reserved 1048576K
}
Event: 1.378 GC heap before
{Heap before GC invocations=8 (full 0):
 def new generation   total 4928K, used 4820K [0x00000000e0000000, 0x00000000e0550000, 0x00000000eaaa0000)
  eden space 4416K, 100% used [0x00000000e0000000, 0x00000000e0450000, 0x00000000e0450000)
  from space 512K,  79% used [0x00000000e0450000, 0x00000000e04b52d0, 0x00000000e04d0000)
  to   space 512K,   0% used [0x00000000e04d0000, 0x00000000e04d0000, 0x00000000e0550000)
 tenured generation   total 10944K, used 3585K [0x00000000eaaa0000, 0x00000000eb550000, 0x0000000100000000)
   the space 10944K,  32% used [0x00000000eaaa0000, 0x00000000eae20528, 0x00000000eae20600, 0x00000000eb550000)
 Metaspace       used 11130K, capacity 11440K, committed 11776K, reserved 1058816K
  class space    used 1323K, capacity 1444K, committed 1536K, reserved 1048576K
Event: 1.380 GC heap after
Heap after GC invocations=9 (full 0):
 def new generation   total 4928K, used 416K [0x00000000e0000000, 0x00000000e0550000, 0x00000000eaaa0000)
  eden space 4416K,   0% used [0x00000000e0000000, 0x00000000e0000000, 0x00000000e0450000)
  from space 512K,  81% used [0x00000000e04d0000, 0x00000000e05383e0, 0x00000000e0550000)
  to   space 512K,   0% used [0x00000000e0450000, 0x00000000e0450000, 0x00000000e04d0000)
 tenured generation   total 10944K, used 3690K [0x00000000eaaa0000, 0x00000000eb550000, 0x0000000100000000)
   the space 10944K,  33% used [0x00000000eaaa0000, 0x00000000eae3abe0, 0x00000000eae3ac00, 0x00000000eb550000)
 Metaspace       used 11130K, capacity 11440K, committed 11776K, reserved 1058816K
  class space    used 1323K, capacity 1444K, committed 1536K, reserved 1048576K
}
Event: 1.464 GC heap before
{Heap before GC invocations=9 (full 0):
 def new generation   total 4928K, used 4832K [0x00000000e0000000, 0x00000000e0550000, 0x00000000eaaa0000)
  eden space 4416K, 100% used [0x00000000e0000000, 0x00000000e0450000, 0x00000000e0450000)
  from space 512K,  81% used [0x00000000e04d0000, 0x00000000e05383e0, 0x00000000e0550000)
  to   space 512K,   0% used [0x00000000e0450000, 0x00000000e0450000, 0x00000000e04d0000)
 tenured generation   total 10944K, used 3690K [0x00000000eaaa0000, 0x00000000eb550000, 0x0000000100000000)
   the space 10944K,  33% used [0x00000000eaaa0000, 0x00000000eae3abe0, 0x00000000eae3ac00, 0x00000000eb550000)
 Metaspace       used 11690K, capacity 11946K, committed 12032K, reserved 1060864K
  class space    used 1390K, capacity 1485K, committed 1536K, reserved 1048576K
Event: 1.466 GC heap after
Heap after GC invocations=10 (full 0):
 def new generation   total 4928K, used 422K [0x00000000e0000000, 0x00000000e0550000, 0x00000000eaaa0000)
  eden space 4416K,   0% used [0x00000000e0000000, 0x00000000e0000000, 0x00000000e0450000)
  from space 512K,  82% used [0x00000000e0450000, 0x00000000e04b9900, 0x00000000e04d0000)
  to   space 512K,   0% used [0x00000000e04d0000, 0x00000000e04d0000, 0x00000000e0550000)
 tenured generation   total 10944K, used 3846K [0x00000000eaaa0000, 0x00000000eb550000, 0x0000000100000000)
   the space 10944K,  35% used [0x00000000eaaa0000, 0x00000000eae61bd8, 0x00000000eae61c00, 0x00000000eb550000)
 Metaspace       used 11690K, capacity 11946K, committed 12032K, reserved 1060864K
  class space    used 1390K, capacity 1485K, committed 1536K, reserved 1048576K
}
Event: 1.570 GC heap before
{Heap before GC invocations=10 (full 0):
 def new generation   total 4928K, used 4838K [0x00000000e0000000, 0x00000000e0550000, 0x00000000eaaa0000)
  eden space 4416K, 100% used [0x00000000e0000000, 0x00000000e0450000, 0x00000000e0450000)
  from space 512K,  82% used [0x00000000e0450000, 0x00000000e04b9900, 0x00000000e04d0000)
  to   space 512K,   0% used [0x00000000e04d0000, 0x00000000e04d0000, 0x00000000e0550000)
 tenured generation   total 10944K, used 3846K [0x00000000eaaa0000, 0x00000000eb550000, 0x0000000100000000)
   the space 10944K,  35% used [0x00000000eaaa0000, 0x00000000eae61bd8, 0x00000000eae61c00, 0x00000000eb550000)
 Metaspace       used 12030K, capacity 12322K, committed 12544K, reserved 1060864K
  class space    used 1439K, capacity 1521K, committed 1536K, reserved 1048576K
Event: 1.572 GC heap after
Heap after GC invocations=11 (full 0):
 def new generation   total 4928K, used 350K [0x00000000e0000000, 0x00000000e0550000, 0x00000000eaaa0000)
  eden space 4416K,   0% used [0x00000000e0000000, 0x00000000e0000000, 0x00000000e0450000)
  from space 512K,  68% used [0x00000000e04d0000, 0x00000000e0527808, 0x00000000e0550000)
  to   space 512K,   0% used [0x00000000e0450000, 0x00000000e0450000, 0x00000000e04d0000)
 tenured generation   total 10944K, used 3925K [0x00000000eaaa0000, 0x00000000eb550000, 0x0000000100000000)
   the space 10944K,  35% used [0x00000000eaaa0000, 0x00000000eae754d0, 0x00000000eae75600, 0x00000000eb550000)
 Metaspace       used 12030K, capacity 12322K, committed 12544K, reserved 1060864K
  class space    used 1439K, capacity 1521K, committed 1536K, reserved 1048576K
}
Event: 1.643 GC heap before
{Heap before GC invocations=11 (full 0):
 def new generation   total 4928K, used 4766K [0x00000000e0000000, 0x00000000e0550000, 0x00000000eaaa0000)
  eden space 4416K, 100% used [0x00000000e0000000, 0x00000000e0450000, 0x00000000e0450000)
  from space 512K,  68% used [0x00000000e04d0000, 0x00000000e0527808, 0x00000000e0550000)
  to   space 512K,   0% used [0x00000000e0450000, 0x00000000e0450000, 0x00000000e04d0000)
 tenured generation   total 10944K, used 3925K [0x00000000eaaa0000, 0x00000000eb550000, 0x0000000100000000)
   the space 10944K,  35% used [0x00000000eaaa0000, 0x00000000eae754d0, 0x00000000eae75600, 0x00000000eb550000)
 Metaspace       used 12301K, capacity 12592K, committed 12928K, reserved 1060864K
  class space    used 1485K, capacity 1590K, committed 1664K, reserved 1048576K
Event: 1.645 GC heap after
Heap after GC invocations=12 (full 0):
 def new generation   total 4928K, used 365K [0x00000000e0000000, 0x00000000e0550000, 0x00000000eaaa0000)
  eden space 4416K,   0% used [0x00000000e0000000, 0x00000000e0000000, 0x00000000e0450000)
  from space 512K,  71% used [0x00000000e0450000, 0x00000000e04ab500, 0x00000000e04d0000)
  to   space 512K,   0% used [0x00000000e04d0000, 0x00000000e04d0000, 0x00000000e0550000)
 tenured generation   total 10944K, used 4037K [0x00000000eaaa0000, 0x00000000eb550000, 0x0000000100000000)
   the space 10944K,  36% used [0x00000000eaaa0000, 0x00000000eae91750, 0x00000000eae91800, 0x00000000eb550000)
 Metaspace       used 12301K, capacity 12592K, committed 12928K, reserved 1060864K
  class space    used 1485K, capacity 1590K, committed 1664K, reserved 1048576K
}
Event: 1.739 GC heap before
{Heap before GC invocations=12 (full 0):
 def new generation   total 4928K, used 4781K [0x00000000e0000000, 0x00000000e0550000, 0x00000000eaaa0000)
  eden space 4416K, 100% used [0x00000000e0000000, 0x00000000e0450000, 0x00000000e0450000)
  from space 512K,  71% used [0x00000000e0450000, 0x00000000e04ab500, 0x00000000e04d0000)
  to   space 512K,   0% used [0x00000000e04d0000, 0x00000000e04d0000, 0x00000000e0550000)
 tenured generation   total 10944K, used 4037K [0x00000000eaaa0000, 0x00000000eb550000, 0x0000000100000000)
   the space 10944K,  36% used [0x00000000eaaa0000, 0x00000000eae91750, 0x00000000eae91800, 0x00000000eb550000)
 Metaspace       used 13302K, capacity 13618K, committed 13824K, reserved 1060864K
  class space    used 1579K, capacity 1695K, committed 1792K, reserved 1048576K
Event: 1.741 GC heap after
Heap after GC invocations=13 (full 0):
 def new generation   total 4928K, used 421K [0x00000000e0000000, 0x00000000e0550000, 0x00000000eaaa0000)
  eden space 4416K,   0% used [0x00000000e0000000, 0x00000000e0000000, 0x00000000e0450000)
  from space 512K,  82% used [0x00000000e04d0000, 0x00000000e05397d0, 0x00000000e0550000)
  to   space 512K,   0% used [0x00000000e0450000, 0x00000000e0450000, 0x00000000e04d0000)
 tenured generation   total 10944K, used 4115K [0x00000000eaaa0000, 0x00000000eb550000, 0x0000000100000000)
   the space 10944K,  37% used [0x00000000eaaa0000, 0x00000000eaea4f70, 0x00000000eaea5000, 0x00000000eb550000)
 Metaspace       used 13302K, capacity 13618K, committed 13824K, reserved 1060864K
  class space    used 1579K, capacity 1695K, committed 1792K, reserved 1048576K
}
Event: 1.816 GC heap before
{Heap before GC invocations=13 (full 0):
 def new generation   total 4928K, used 4837K [0x00000000e0000000, 0x00000000e0550000, 0x00000000eaaa0000)
  eden space 4416K, 100% used [0x00000000e0000000, 0x00000000e0450000, 0x00000000e0450000)
  from space 512K,  82% used [0x00000000e04d0000, 0x00000000e05397d0, 0x00000000e0550000)
  to   space 512K,   0% used [0x00000000e0450000, 0x00000000e0450000, 0x00000000e04d0000)
 tenured generation   total 10944K, used 4115K [0x00000000eaaa0000, 0x00000000eb550000, 0x0000000100000000)
   the space 10944K,  37% used [0x00000000eaaa0000, 0x00000000eaea4f70, 0x00000000eaea5000, 0x00000000eb550000)
 Metaspace       used 13643K, capacity 13920K, committed 14080K, reserved 1060864K
  class space    used 1626K, capacity 1730K, committed 1792K, reserved 1048576K
Event: 1.818 GC heap after
Heap after GC invocations=14 (full 0):
 def new generation   total 4928K, used 391K [0x00000000e0000000, 0x00000000e0550000, 0x00000000eaaa0000)
  eden space 4416K,   0% used [0x00000000e0000000, 0x00000000e0000000, 0x00000000e0450000)
  from space 512K,  76% used [0x00000000e0450000, 0x00000000e04b1da0, 0x00000000e04d0000)
  to   space 512K,   0% used [0x00000000e04d0000, 0x00000000e04d0000, 0x00000000e0550000)
 tenured generation   total 10944K, used 4316K [0x00000000eaaa0000, 0x00000000eb550000, 0x0000000100000000)
   the space 10944K,  39% used [0x00000000eaaa0000, 0x00000000eaed72c8, 0x00000000eaed7400, 0x00000000eb550000)
 Metaspace       used 13643K, capacity 13920K, committed 14080K, reserved 1060864K
  class space    used 1626K, capacity 1730K, committed 1792K, reserved 1048576K
}
Event: 1.900 GC heap before
{Heap before GC invocations=14 (full 0):
 def new generation   total 4928K, used 4807K [0x00000000e0000000, 0x00000000e0550000, 0x00000000eaaa0000)
  eden space 4416K, 100% used [0x00000000e0000000, 0x00000000e0450000, 0x00000000e0450000)
  from space 512K,  76% used [0x00000000e0450000, 0x00000000e04b1da0, 0x00000000e04d0000)
  to   space 512K,   0% used [0x00000000e04d0000, 0x00000000e04d0000, 0x00000000e0550000)
 tenured generation   total 10944K, used 4316K [0x00000000eaaa0000, 0x00000000eb550000, 0x0000000100000000)
   the space 10944K,  39% used [0x00000000eaaa0000, 0x00000000eaed72c8, 0x00000000eaed7400, 0x00000000eb550000)
 Metaspace       used 14008K, capacity 14306K, committed 14464K, reserved 1062912K
  class space    used 1674K, capacity 1795K, committed 1920K, reserved 1048576K
Event: 1.902 GC heap after
Heap after GC invocations=15 (full 0):
 def new generation   total 4928K, used 377K [0x00000000e0000000, 0x00000000e0550000, 0x00000000eaaa0000)
  eden space 4416K,   0% used [0x00000000e0000000, 0x00000000e0000000, 0x00000000e0450000)
  from space 512K,  73% used [0x00000000e04d0000, 0x00000000e052e428, 0x00000000e0550000)
  to   space 512K,   0% used [0x00000000e0450000, 0x00000000e0450000, 0x00000000e04d0000)
 tenured generation   total 10944K, used 4405K [0x00000000eaaa0000, 0x00000000eb550000, 0x0000000100000000)
   the space 10944K,  40% used [0x00000000eaaa0000, 0x00000000eaeed5a0, 0x00000000eaeed600, 0x00000000eb550000)
 Metaspace       used 14008K, capacity 14306K, committed 14464K, reserved 1062912K
  class space    used 1674K, capacity 1795K, committed 1920K, reserved 1048576K
}
Event: 2.007 GC heap before
{Heap before GC invocations=15 (full 0):
 def new generation   total 4928K, used 4793K [0x00000000e0000000, 0x00000000e0550000, 0x00000000eaaa0000)
  eden space 4416K, 100% used [0x00000000e0000000, 0x00000000e0450000, 0x00000000e0450000)
  from space 512K,  73% used [0x00000000e04d0000, 0x00000000e052e428, 0x00000000e0550000)
  to   space 512K,   0% used [0x00000000e0450000, 0x00000000e0450000, 0x00000000e04d0000)
 tenured generation   total 10944K, used 4405K [0x00000000eaaa0000, 0x00000000eb550000, 0x0000000100000000)
   the space 10944K,  40% used [0x00000000eaaa0000, 0x00000000eaeed5a0, 0x00000000eaeed600, 0x00000000eb550000)
 Metaspace       used 14551K, capacity 14846K, committed 14976K, reserved 1062912K
  class space    used 1758K, capacity 1867K, committed 1920K, reserved 1048576K
Event: 2.008 GC heap after
Heap after GC invocations=16 (full 0):
 def new generation   total 4928K, used 452K [0x00000000e0000000, 0x00000000e0550000, 0x00000000eaaa0000)
  eden space 4416K,   0% used [0x00000000e0000000, 0x00000000e0000000, 0x00000000e0450000)
  from space 512K,  88% used [0x00000000e0450000, 0x00000000e04c1098, 0x00000000e04d0000)
  to   space 512K,   0% used [0x00000000e04d0000, 0x00000000e04d0000, 0x00000000e0550000)
 tenured generation   total 10944K, used 4509K [0x00000000eaaa0000, 0x00000000eb550000, 0x0000000100000000)
   the space 10944K,  41% used [0x00000000eaaa0000, 0x00000000eaf074b0, 0x00000000eaf07600, 0x00000000eb550000)
 Metaspace       used 14551K, capacity 14846K, committed 14976K, reserved 1062912K
  class space    used 1758K, capacity 1867K, committed 1920K, reserved 1048576K
}
Event: 2.085 GC heap before
{Heap before GC invocations=16 (full 0):
 def new generation   total 4928K, used 4868K [0x00000000e0000000, 0x00000000e0550000, 0x00000000eaaa0000)
  eden space 4416K, 100% used [0x00000000e0000000, 0x00000000e0450000, 0x00000000e0450000)
  from space 512K,  88% used [0x00000000e0450000, 0x00000000e04c1098, 0x00000000e04d0000)
  to   space 512K,   0% used [0x00000000e04d0000, 0x00000000e04d0000, 0x00000000e0550000)
 tenured generation   total 10944K, used 4509K [0x00000000eaaa0000, 0x00000000eb550000, 0x0000000100000000)
   the space 10944K,  41% used [0x00000000eaaa0000, 0x00000000eaf074b0, 0x00000000eaf07600, 0x00000000eb550000)
 Metaspace       used 15144K, capacity 15498K, committed 15744K, reserved 1062912K
  class space    used 1813K, capacity 1915K, committed 1920K, reserved 1048576K
Event: 2.087 GC heap after
Heap after GC invocations=17 (full 0):
 def new generation   total 4928K, used 509K [0x00000000e0000000, 0x00000000e0550000, 0x00000000eaaa0000)
  eden space 4416K,   0% used [0x00000000e0000000, 0x00000000e0000000, 0x00000000e0450000)
  from space 512K,  99% used [0x00000000e04d0000, 0x00000000e054f720, 0x00000000e0550000)
  to   space 512K,   0% used [0x00000000e0450000, 0x00000000e0450000, 0x00000000e04d0000)
 tenured generation   total 10944K, used 4683K [0x00000000eaaa0000, 0x00000000eb550000, 0x0000000100000000)
   the space 10944K,  42% used [0x00000000eaaa0000, 0x00000000eaf32dc8, 0x00000000eaf32e00, 0x00000000eb550000)
 Metaspace       used 15144K, capacity 15498K, committed 15744K, reserved 1062912K
  class space    used 1813K, capacity 1915K, committed 1920K, reserved 1048576K
}
Event: 2.172 GC heap before
{Heap before GC invocations=17 (full 0):
 def new generation   total 4928K, used 4925K [0x00000000e0000000, 0x00000000e0550000, 0x00000000eaaa0000)
  eden space 4416K, 100% used [0x00000000e0000000, 0x00000000e0450000, 0x00000000e0450000)
  from space 512K,  99% used [0x00000000e04d0000, 0x00000000e054f720, 0x00000000e0550000)
  to   space 512K,   0% used [0x00000000e0450000, 0x00000000e0450000, 0x00000000e04d0000)
 tenured generation   total 10944K, used 4683K [0x00000000eaaa0000, 0x00000000eb550000, 0x0000000100000000)
   the space 10944K,  42% used [0x00000000eaaa0000, 0x00000000eaf32dc8, 0x00000000eaf32e00, 0x00000000eb550000)
 Metaspace       used 15612K, capacity 16046K, committed 16128K, reserved 1062912K
  class space    used 1880K, capacity 2029K, committed 2048K, reserved 1048576K
Event: 2.174 GC heap after
Heap after GC invocations=18 (full 0):
 def new generation   total 4928K, used 308K [0x00000000e0000000, 0x00000000e0550000, 0x00000000eaaa0000)
  eden space 4416K,   0% used [0x00000000e0000000, 0x00000000e0000000, 0x00000000e0450000)
  from space 512K,  60% used [0x00000000e0450000, 0x00000000e049d038, 0x00000000e04d0000)
  to   space 512K,   0% used [0x00000000e04d0000, 0x00000000e04d0000, 0x00000000e0550000)
 tenured generation   total 10944K, used 4793K [0x00000000eaaa0000, 0x00000000eb550000, 0x0000000100000000)
   the space 10944K,  43% used [0x00000000eaaa0000, 0x00000000eaf4e4d0, 0x00000000eaf4e600, 0x00000000eb550000)
 Metaspace       used 15612K, capacity 16046K, committed 16128K, reserved 1062912K
  class space    used 1880K, capacity 2029K, committed 2048K, reserved 1048576K
}
Event: 2.230 GC heap before
{Heap before GC invocations=18 (full 0):
 def new generation   total 4928K, used 4724K [0x00000000e0000000, 0x00000000e0550000, 0x00000000eaaa0000)
  eden space 4416K, 100% used [0x00000000e0000000, 0x00000000e0450000, 0x00000000e0450000)
  from space 512K,  60% used [0x00000000e0450000, 0x00000000e049d038, 0x00000000e04d0000)
  to   space 512K,   0% used [0x00000000e04d0000, 0x00000000e04d0000, 0x00000000e0550000)
 tenured generation   total 10944K, used 4793K [0x00000000eaaa0000, 0x00000000eb550000, 0x0000000100000000)
   the space 10944K,  43% used [0x00000000eaaa0000, 0x00000000eaf4e4d0, 0x00000000eaf4e600, 0x00000000eb550000)
 Metaspace       used 15966K, capacity 16382K, committed 16512K, reserved 1062912K
  class space    used 1934K, capacity 2073K, committed 2176K, reserved 1048576K
Event: 2.232 GC heap after
Heap after GC invocations=19 (full 0):
 def new generation   total 4928K, used 233K [0x00000000e0000000, 0x00000000e0550000, 0x00000000eaaa0000)
  eden space 4416K,   0% used [0x00000000e0000000, 0x00000000e0000000, 0x00000000e0450000)
  from space 512K,  45% used [0x00000000e04d0000, 0x00000000e050a488, 0x00000000e0550000)
  to   space 512K,   0% used [0x00000000e0450000, 0x00000000e0450000, 0x00000000e04d0000)
 tenured generation   total 10944K, used 4904K [0x00000000eaaa0000, 0x00000000eb550000, 0x0000000100000000)
   the space 10944K,  44% used [0x00000000eaaa0000, 0x00000000eaf6a080, 0x00000000eaf6a200, 0x00000000eb550000)
 Metaspace       used 15966K, capacity 16382K, committed 16512K, reserved 1062912K
  class space    used 1934K, capacity 2073K, committed 2176K, reserved 1048576K
}
Event: 2.297 GC heap before
{Heap before GC invocations=19 (full 0):
 def new generation   total 4928K, used 4640K [0x00000000e0000000, 0x00000000e0550000, 0x00000000eaaa0000)
  eden space 4416K,  99% used [0x00000000e0000000, 0x00000000e044df18, 0x00000000e0450000)
  from space 512K,  45% used [0x00000000e04d0000, 0x00000000e050a488, 0x00000000e0550000)
  to   space 512K,   0% used [0x00000000e0450000, 0x00000000e0450000, 0x00000000e04d0000)
 tenured generation   total 10944K, used 4904K [0x00000000eaaa0000, 0x00000000eb550000, 0x0000000100000000)
   the space 10944K,  44% used [0x00000000eaaa0000, 0x00000000eaf6a080, 0x00000000eaf6a200, 0x00000000eb550000)
 Metaspace       used 16309K, capacity 16714K, committed 17024K, reserved 1064960K
  class space    used 1992K, capacity 2141K, committed 2176K, reserved 1048576K
Event: 2.298 GC heap after
Heap after GC invocations=20 (full 0):
 def new generation   total 4928K, used 401K [0x00000000e0000000, 0x00000000e0550000, 0x00000000eaaa0000)
  eden space 4416K,   0% used [0x00000000e0000000, 0x00000000e0000000, 0x00000000e0450000)
  from space 512K,  78% used [0x00000000e0450000, 0x00000000e04b4458, 0x00000000e04d0000)
  to   space 512K,   0% used [0x00000000e04d0000, 0x00000000e04d0000, 0x00000000e0550000)
 tenured generation   total 10944K, used 4904K [0x00000000eaaa0000, 0x00000000eb550000, 0x0000000100000000)
   the space 10944K,  44% used [0x00000000eaaa0000, 0x00000000eaf6a080, 0x00000000eaf6a200, 0x00000000eb550000)
 Metaspace       used 16309K, capacity 16714K, committed 17024K, reserved 1064960K
  class space    used 1992K, capacity 2141K, committed 2176K, reserved 1048576K
}
Event: 2.377 GC heap before
{Heap before GC invocations=20 (full 0):
 def new generation   total 4928K, used 4817K [0x00000000e0000000, 0x00000000e0550000, 0x00000000eaaa0000)
  eden space 4416K, 100% used [0x00000000e0000000, 0x00000000e0450000, 0x00000000e0450000)
  from space 512K,  78% used [0x00000000e0450000, 0x00000000e04b4458, 0x00000000e04d0000)
  to   space 512K,   0% used [0x00000000e04d0000, 0x00000000e04d0000, 0x00000000e0550000)
 tenured generation   total 10944K, used 4904K [0x00000000eaaa0000, 0x00000000eb550000, 0x0000000100000000)
   the space 10944K,  44% used [0x00000000eaaa0000, 0x00000000eaf6a080, 0x00000000eaf6a200, 0x00000000eb550000)
 Metaspace       used 16700K, capacity 17116K, committed 17408K, reserved 1064960K
  class space    used 2056K, capacity 2208K, committed 2304K, reserved 1048576K
Event: 2.380 GC heap after
Heap after GC invocations=21 (full 0):
 def new generation   total 4928K, used 328K [0x00000000e0000000, 0x00000000e0550000, 0x00000000eaaa0000)
  eden space 4416K,   0% used [0x00000000e0000000, 0x00000000e0000000, 0x00000000e0450000)
  from space 512K,  64% used [0x00000000e04d0000, 0x00000000e0522230, 0x00000000e0550000)
  to   space 512K,   0% used [0x00000000e0450000, 0x00000000e0450000, 0x00000000e04d0000)
 tenured generation   total 10944K, used 5102K [0x00000000eaaa0000, 0x00000000eb550000, 0x0000000100000000)
   the space 10944K,  46% used [0x00000000eaaa0000, 0x00000000eaf9bb20, 0x00000000eaf9bc00, 0x00000000eb550000)
 Metaspace       used 16700K, capacity 17116K, committed 17408K, reserved 1064960K
  class space    used 2056K, capacity 2208K, committed 2304K, reserved 1048576K
}
Event: 2.418 GC heap before
{Heap before GC invocations=21 (full 0):
 def new generation   total 4928K, used 4744K [0x00000000e0000000, 0x00000000e0550000, 0x00000000eaaa0000)
  eden space 4416K, 100% used [0x00000000e0000000, 0x00000000e0450000, 0x00000000e0450000)
  from space 512K,  64% used [0x00000000e04d0000, 0x00000000e0522230, 0x00000000e0550000)
  to   space 512K,   0% used [0x00000000e0450000, 0x00000000e0450000, 0x00000000e04d0000)
 tenured generation   total 10944K, used 5102K [0x00000000eaaa0000, 0x00000000eb550000, 0x0000000100000000)
   the space 10944K,  46% used [0x00000000eaaa0000, 0x00000000eaf9bb20, 0x00000000eaf9bc00, 0x00000000eb550000)
 Metaspace       used 16900K, capacity 17296K, committed 17408K, reserved 1064960K
  class space    used 2105K, capacity 2246K, committed 2304K, reserved 1048576K
Event: 2.420 GC heap after
Heap after GC invocations=22 (full 0):
 def new generation   total 4928K, used 266K [0x00000000e0000000, 0x00000000e0550000, 0x00000000eaaa0000)
  eden space 4416K,   0% used [0x00000000e0000000, 0x00000000e0000000, 0x00000000e0450000)
  from space 512K,  52% used [0x00000000e0450000, 0x00000000e0492a90, 0x00000000e04d0000)
  to   space 512K,   0% used [0x00000000e04d0000, 0x00000000e04d0000, 0x00000000e0550000)
 tenured generation   total 10944K, used 5204K [0x00000000eaaa0000, 0x00000000eb550000, 0x0000000100000000)
   the space 10944K,  47% used [0x00000000eaaa0000, 0x00000000eafb5120, 0x00000000eafb5200, 0x00000000eb550000)
 Metaspace       used 16900K, capacity 17296K, committed 17408K, reserved 1064960K
  class space    used 2105K, capacity 2246K, committed 2304K, reserved 1048576K
}
Event: 2.481 GC heap before
{Heap before GC invocations=22 (full 0):
 def new generation   total 4928K, used 4682K [0x00000000e0000000, 0x00000000e0550000, 0x00000000eaaa0000)
  eden space 4416K, 100% used [0x00000000e0000000, 0x00000000e0450000, 0x00000000e0450000)
  from space 512K,  52% used [0x00000000e0450000, 0x00000000e0492a90, 0x00000000e04d0000)
  to   space 512K,   0% used [0x00000000e04d0000, 0x00000000e04d0000, 0x00000000e0550000)
 tenured generation   total 10944K, used 5204K [0x00000000eaaa0000, 0x00000000eb550000, 0x0000000100000000)
   the space 10944K,  47% used [0x00000000eaaa0000, 0x00000000eafb5120, 0x00000000eafb5200, 0x00000000eb550000)
 Metaspace       used 17182K, capacity 17648K, committed 17792K, reserved 1064960K
  class space    used 2159K, capacity 2316K, committed 2432K, reserved 1048576K
Event: 2.483 GC heap after
Heap after GC invocations=23 (full 0):
 def new generation   total 4928K, used 332K [0x00000000e0000000, 0x00000000e0550000, 0x00000000eaaa0000)
  eden space 4416K,   0% used [0x00000000e0000000, 0x00000000e0000000, 0x00000000e0450000)
  from space 512K,  64% used [0x00000000e04d0000, 0x00000000e0523010, 0x00000000e0550000)
  to   space 512K,   0% used [0x00000000e0450000, 0x00000000e0450000, 0x00000000e04d0000)
 tenured generation   total 10944K, used 5266K [0x00000000eaaa0000, 0x00000000eb550000, 0x0000000100000000)
   the space 10944K,  48% used [0x00000000eaaa0000, 0x00000000eafc4a50, 0x00000000eafc4c00, 0x00000000eb550000)
 Metaspace       used 17182K, capacity 17648K, committed 17792K, reserved 1064960K
  class space    used 2159K, capacity 2316K, committed 2432K, reserved 1048576K
}
Event: 2.553 GC heap before
{Heap before GC invocations=23 (full 0):
 def new generation   total 4928K, used 4748K [0x00000000e0000000, 0x00000000e0550000, 0x00000000eaaa0000)
  eden space 4416K, 100% used [0x00000000e0000000, 0x00000000e0450000, 0x00000000e0450000)
  from space 512K,  64% used [0x00000000e04d0000, 0x00000000e0523010, 0x00000000e0550000)
  to   space 512K,   0% used [0x00000000e0450000, 0x00000000e0450000, 0x00000000e04d0000)
 tenured generation   total 10944K, used 5266K [0x00000000eaaa0000, 0x00000000eb550000, 0x0000000100000000)
   the space 10944K,  48% used [0x00000000eaaa0000, 0x00000000eafc4a50, 0x00000000eafc4c00, 0x00000000eb550000)
 Metaspace       used 17521K, capacity 18000K, committed 18304K, reserved 1064960K
  class space    used 2209K, capacity 2348K, committed 2432K, reserved 1048576K
Event: 2.555 GC heap after
Heap after GC invocations=24 (full 0):
 def new generation   total 4928K, used 442K [0x00000000e0000000, 0x00000000e0550000, 0x00000000eaaa0000)
  eden space 4416K,   0% used [0x00000000e0000000, 0x00000000e0000000, 0x00000000e0450000)
  from space 512K,  86% used [0x00000000e0450000, 0x00000000e04beba8, 0x00000000e04d0000)
  to   space 512K,   0% used [0x00000000e04d0000, 0x00000000e04d0000, 0x00000000e0550000)
 tenured generation   total 10944K, used 5411K [0x00000000eaaa0000, 0x00000000eb550000, 0x0000000100000000)
   the space 10944K,  49% used [0x00000000eaaa0000, 0x00000000eafe8c30, 0x00000000eafe8e00, 0x00000000eb550000)
 Metaspace       used 17521K, capacity 18000K, committed 18304K, reserved 1064960K
  class space    used 2209K, capacity 2348K, committed 2432K, reserved 1048576K
}
Event: 2.594 GC heap before
{Heap before GC invocations=24 (full 0):
 def new generation   total 4928K, used 4858K [0x00000000e0000000, 0x00000000e0550000, 0x00000000eaaa0000)
  eden space 4416K, 100% used [0x00000000e0000000, 0x00000000e0450000, 0x00000000e0450000)
  from space 512K,  86% used [0x00000000e0450000, 0x00000000e04beba8, 0x00000000e04d0000)
  to   space 512K,   0% used [0x00000000e04d0000, 0x00000000e04d0000, 0x00000000e0550000)
 tenured generation   total 10944K, used 5411K [0x00000000eaaa0000, 0x00000000eb550000, 0x0000000100000000)
   the space 10944K,  49% used [0x00000000eaaa0000, 0x00000000eafe8c30, 0x00000000eafe8e00, 0x00000000eb550000)
 Metaspace       used 17726K, capacity 18192K, committed 18304K, reserved 1064960K
  class space    used 2260K, capacity 2412K, committed 2432K, reserved 1048576K
Event: 2.596 GC heap after
Heap after GC invocations=25 (full 0):
 def new generation   total 4928K, used 258K [0x00000000e0000000, 0x00000000e0550000, 0x00000000eaaa0000)
  eden space 4416K,   0% used [0x00000000e0000000, 0x00000000e0000000, 0x00000000e0450000)
  from space 512K,  50% used [0x00000000e04d0000, 0x00000000e0510a90, 0x00000000e0550000)
  to   space 512K,   0% used [0x00000000e0450000, 0x00000000e0450000, 0x00000000e04d0000)
 tenured generation   total 10944K, used 5524K [0x00000000eaaa0000, 0x00000000eb550000, 0x0000000100000000)
   the space 10944K,  50% used [0x00000000eaaa0000, 0x00000000eb0053c0, 0x00000000eb005400, 0x00000000eb550000)
 Metaspace       used 17726K, capacity 18192K, committed 18304K, reserved 1064960K
  class space    used 2260K, capacity 2412K, committed 2432K, reserved 1048576K
}
Event: 2.635 GC heap before
{Heap before GC invocations=25 (full 0):
 def new generation   total 4928K, used 4674K [0x00000000e0000000, 0x00000000e0550000, 0x00000000eaaa0000)
  eden space 4416K, 100% used [0x00000000e0000000, 0x00000000e0450000, 0x00000000e0450000)
  from space 512K,  50% used [0x00000000e04d0000, 0x00000000e0510a90, 0x00000000e0550000)
  to   space 512K,   0% used [0x00000000e0450000, 0x00000000e0450000, 0x00000000e04d0000)
 tenured generation   total 10944K, used 5524K [0x00000000eaaa0000, 0x00000000eb550000, 0x0000000100000000)
   the space 10944K,  50% used [0x00000000eaaa0000, 0x00000000eb0053c0, 0x00000000eb005400, 0x00000000eb550000)
 Metaspace       used 17925K, capacity 18352K, committed 18688K, reserved 1064960K
  class space    used 2305K, capacity 2444K, committed 2560K, reserved 1048576K
Event: 2.637 GC heap after
Heap after GC invocations=26 (full 0):
 def new generation   total 4928K, used 329K [0x00000000e0000000, 0x00000000e0550000, 0x00000000eaaa0000)
  eden space 4416K,   0% used [0x00000000e0000000, 0x00000000e0000000, 0x00000000e0450000)
  from space 512K,  64% used [0x00000000e0450000, 0x00000000e04a2698, 0x00000000e04d0000)
  to   space 512K,   0% used [0x00000000e04d0000, 0x00000000e04d0000, 0x00000000e0550000)
 tenured generation   total 10944K, used 5605K [0x00000000eaaa0000, 0x00000000eb550000, 0x0000000100000000)
   the space 10944K,  51% used [0x00000000eaaa0000, 0x00000000eb019578, 0x00000000eb019600, 0x00000000eb550000)
 Metaspace       used 17925K, capacity 18352K, committed 18688K, reserved 1064960K
  class space    used 2305K, capacity 2444K, committed 2560K, reserved 1048576K
}
Event: 2.704 GC heap before
{Heap before GC invocations=26 (full 0):
 def new generation   total 4928K, used 4745K [0x00000000e0000000, 0x00000000e0550000, 0x00000000eaaa0000)
  eden space 4416K, 100% used [0x00000000e0000000, 0x00000000e0450000, 0x00000000e0450000)
  from space 512K,  64% used [0x00000000e0450000, 0x00000000e04a2698, 0x00000000e04d0000)
  to   space 512K,   0% used [0x00000000e04d0000, 0x00000000e04d0000, 0x00000000e0550000)
 tenured generation   total 10944K, used 5605K [0x00000000eaaa0000, 0x00000000eb550000, 0x0000000100000000)
   the space 10944K,  51% used [0x00000000eaaa0000, 0x00000000eb019578, 0x00000000eb019600, 0x00000000eb550000)
 Metaspace       used 18331K, capacity 18748K, committed 18944K, reserved 1064960K
  class space    used 2366K, capacity 2510K, committed 2560K, reserved 1048576K
Event: 2.706 GC heap after
Heap after GC invocations=27 (full 0):
 def new generation   total 4928K, used 406K [0x00000000e0000000, 0x00000000e0550000, 0x00000000eaaa0000)
  eden space 4416K,   0% used [0x00000000e0000000, 0x00000000e0000000, 0x00000000e0450000)
  from space 512K,  79% used [0x00000000e04d0000, 0x00000000e05359b0, 0x00000000e0550000)
  to   space 512K,   0% used [0x00000000e0450000, 0x00000000e0450000, 0x00000000e04d0000)
 tenured generation   total 10944K, used 5696K [0x00000000eaaa0000, 0x00000000eb550000, 0x0000000100000000)
   the space 10944K,  52% used [0x00000000eaaa0000, 0x00000000eb0303e0, 0x00000000eb030400, 0x00000000eb550000)
 Metaspace       used 18331K, capacity 18748K, committed 18944K, reserved 1064960K
  class space    used 2366K, capacity 2510K, committed 2560K, reserved 1048576K
}
Event: 2.764 GC heap before
{Heap before GC invocations=27 (full 0):
 def new generation   total 4928K, used 4822K [0x00000000e0000000, 0x00000000e0550000, 0x00000000eaaa0000)
  eden space 4416K, 100% used [0x00000000e0000000, 0x00000000e0450000, 0x00000000e0450000)
  from space 512K,  79% used [0x00000000e04d0000, 0x00000000e05359b0, 0x00000000e0550000)
  to   space 512K,   0% used [0x00000000e0450000, 0x00000000e0450000, 0x00000000e04d0000)
 tenured generation   total 10944K, used 5696K [0x00000000eaaa0000, 0x00000000eb550000, 0x0000000100000000)
   the space 10944K,  52% used [0x00000000eaaa0000, 0x00000000eb0303e0, 0x00000000eb030400, 0x00000000eb550000)
 Metaspace       used 18653K, capacity 19130K, committed 19200K, reserved 1067008K
  class space    used 2410K, capacity 2549K, committed 2560K, reserved 1048576K
Event: 2.766 GC heap after
Heap after GC invocations=28 (full 0):
 def new generation   total 4928K, used 350K [0x00000000e0000000, 0x00000000e0550000, 0x00000000eaaa0000)
  eden space 4416K,   0% used [0x00000000e0000000, 0x00000000e0000000, 0x00000000e0450000)
  from space 512K,  68% used [0x00000000e0450000, 0x00000000e04a7858, 0x00000000e04d0000)
  to   space 512K,   0% used [0x00000000e04d0000, 0x00000000e04d0000, 0x00000000e0550000)
 tenured generation   total 10944K, used 5822K [0x00000000eaaa0000, 0x00000000eb550000, 0x0000000100000000)
   the space 10944K,  53% used [0x00000000eaaa0000, 0x00000000eb04f888, 0x00000000eb04fa00, 0x00000000eb550000)
 Metaspace       used 18653K, capacity 19130K, committed 19200K, reserved 1067008K
  class space    used 2410K, capacity 2549K, committed 2560K, reserved 1048576K
}
Event: 2.815 GC heap before
{Heap before GC invocations=28 (full 0):
 def new generation   total 4928K, used 4766K [0x00000000e0000000, 0x00000000e0550000, 0x00000000eaaa0000)
  eden space 4416K, 100% used [0x00000000e0000000, 0x00000000e0450000, 0x00000000e0450000)
  from space 512K,  68% used [0x00000000e0450000, 0x00000000e04a7858, 0x00000000e04d0000)
  to   space 512K,   0% used [0x00000000e04d0000, 0x00000000e04d0000, 0x00000000e0550000)
 tenured generation   total 10944K, used 5822K [0x00000000eaaa0000, 0x00000000eb550000, 0x0000000100000000)
   the space 10944K,  53% used [0x00000000eaaa0000, 0x00000000eb04f888, 0x00000000eb04fa00, 0x00000000eb550000)
 Metaspace       used 18972K, capacity 19418K, committed 19584K, reserved 1067008K
  class space    used 2453K, capacity 2581K, committed 2688K, reserved 1048576K
Event: 2.816 GC heap after
Heap after GC invocations=29 (full 0):
 def new generation   total 4928K, used 401K [0x00000000e0000000, 0x00000000e0550000, 0x00000000eaaa0000)
  eden space 4416K,   0% used [0x00000000e0000000, 0x00000000e0000000, 0x00000000e0450000)
  from space 512K,  78% used [0x00000000e04d0000, 0x00000000e0534520, 0x00000000e0550000)
  to   space 512K,   0% used [0x00000000e0450000, 0x00000000e0450000, 0x00000000e04d0000)
 tenured generation   total 10944K, used 5881K [0x00000000eaaa0000, 0x00000000eb550000, 0x0000000100000000)
   the space 10944K,  53% used [0x00000000eaaa0000, 0x00000000eb05e4d0, 0x00000000eb05e600, 0x00000000eb550000)
 Metaspace       used 18972K, capacity 19418K, committed 19584K, reserved 1067008K
  class space    used 2453K, capacity 2581K, committed 2688K, reserved 1048576K
}
Event: 2.880 GC heap before
{Heap before GC invocations=29 (full 0):
 def new generation   total 4928K, used 4817K [0x00000000e0000000, 0x00000000e0550000, 0x00000000eaaa0000)
  eden space 4416K, 100% used [0x00000000e0000000, 0x00000000e0450000, 0x00000000e0450000)
  from space 512K,  78% used [0x00000000e04d0000, 0x00000000e0534520, 0x00000000e0550000)
  to   space 512K,   0% used [0x00000000e0450000, 0x00000000e0450000, 0x00000000e04d0000)
 tenured generation   total 10944K, used 5881K [0x00000000eaaa0000, 0x00000000eb550000, 0x0000000100000000)
   the space 10944K,  53% used [0x00000000eaaa0000, 0x00000000eb05e4d0, 0x00000000eb05e600, 0x00000000eb550000)
 Metaspace       used 19311K, capacity 19796K, committed 20096K, reserved 1067008K
  class space    used 2497K, capacity 2620K, committed 2688K, reserved 1048576K
Event: 2.883 GC heap after
Heap after GC invocations=30 (full 0):
 def new generation   total 4928K, used 341K [0x00000000e0000000, 0x00000000e0550000, 0x00000000eaaa0000)
  eden space 4416K,   0% used [0x00000000e0000000, 0x00000000e0000000, 0x00000000e0450000)
  from space 512K,  66% used [0x00000000e0450000, 0x00000000e04a5550, 0x00000000e04d0000)
  to   space 512K,   0% used [0x00000000e04d0000, 0x00000000e04d0000, 0x00000000e0550000)
 tenured generation   total 10944K, used 5945K [0x00000000eaaa0000, 0x00000000eb550000, 0x0000000100000000)
   the space 10944K,  54% used [0x00000000eaaa0000, 0x00000000eb06e570, 0x00000000eb06e600, 0x00000000eb550000)
 Metaspace       used 19311K, capacity 19796K, committed 20096K, reserved 1067008K
  class space    used 2497K, capacity 2620K, committed 2688K, reserved 1048576K
}
Event: 2.942 GC heap before
{Heap before GC invocations=30 (full 0):
 def new generation   total 4928K, used 4757K [0x00000000e0000000, 0x00000000e0550000, 0x00000000eaaa0000)
  eden space 4416K, 100% used [0x00000000e0000000, 0x00000000e0450000, 0x00000000e0450000)
  from space 512K,  66% used [0x00000000e0450000, 0x00000000e04a5550, 0x00000000e04d0000)
  to   space 512K,   0% used [0x00000000e04d0000, 0x00000000e04d0000, 0x00000000e0550000)
 tenured generation   total 10944K, used 5945K [0x00000000eaaa0000, 0x00000000eb550000, 0x0000000100000000)
   the space 10944K,  54% used [0x00000000eaaa0000, 0x00000000eb06e570, 0x00000000eb06e600, 0x00000000eb550000)
 Metaspace       used 19670K, capacity 20202K, committed 20480K, reserved 1067008K
  class space    used 2552K, capacity 2725K, committed 2816K, reserved 1048576K
Event: 2.944 GC heap after
Heap after GC invocations=31 (full 0):
 def new generation   total 4928K, used 421K [0x00000000e0000000, 0x00000000e0550000, 0x00000000eaaa0000)
  eden space 4416K,   0% used [0x00000000e0000000, 0x00000000e0000000, 0x00000000e0450000)
  from space 512K,  82% used [0x00000000e04d0000, 0x00000000e0539478, 0x00000000e0550000)
  to   space 512K,   0% used [0x00000000e0450000, 0x00000000e0450000, 0x00000000e04d0000)
 tenured generation   total 10944K, used 6017K [0x00000000eaaa0000, 0x00000000eb550000, 0x0000000100000000)
   the space 10944K,  54% used [0x00000000eaaa0000, 0x00000000eb0804c8, 0x00000000eb080600, 0x00000000eb550000)
 Metaspace       used 19670K, capacity 20202K, committed 20480K, reserved 1067008K
  class space    used 2552K, capacity 2725K, committed 2816K, reserved 1048576K
}
Event: 3.005 GC heap before
{Heap before GC invocations=31 (full 0):
 def new generation   total 4928K, used 4837K [0x00000000e0000000, 0x00000000e0550000, 0x00000000eaaa0000)
  eden space 4416K, 100% used [0x00000000e0000000, 0x00000000e0450000, 0x00000000e0450000)
  from space 512K,  82% used [0x00000000e04d0000, 0x00000000e0539478, 0x00000000e0550000)
  to   space 512K,   0% used [0x00000000e0450000, 0x00000000e0450000, 0x00000000e04d0000)
 tenured generation   total 10944K, used 6017K [0x00000000eaaa0000, 0x00000000eb550000, 0x0000000100000000)
   the space 10944K,  54% used [0x00000000eaaa0000, 0x00000000eb0804c8, 0x00000000eb080600, 0x00000000eb550000)
 Metaspace       used 20106K, capacity 20640K, committed 20736K, reserved 1067008K
  class space    used 2603K, capacity 2764K, committed 2816K, reserved 1048576K
Event: 3.007 GC heap after
Heap after GC invocations=32 (full 0):
 def new generation   total 4928K, used 377K [0x00000000e0000000, 0x00000000e0550000, 0x00000000eaaa0000)
  eden space 4416K,   0% used [0x00000000e0000000, 0x00000000e0000000, 0x00000000e0450000)
  from space 512K,  73% used [0x00000000e0450000, 0x00000000e04ae5b0, 0x00000000e04d0000)
  to   space 512K,   0% used [0x00000000e04d0000, 0x00000000e04d0000, 0x00000000e0550000)
 tenured generation   total 10944K, used 6101K [0x00000000eaaa0000, 0x00000000eb550000, 0x0000000100000000)
   the space 10944K,  55% used [0x00000000eaaa0000, 0x00000000eb095580, 0x00000000eb095600, 0x00000000eb550000)
 Metaspace       used 20106K, capacity 20640K, committed 20736K, reserved 1067008K
  class space    used 2603K, capacity 2764K, committed 2816K, reserved 1048576K
}
Event: 3.082 GC heap before
{Heap before GC invocations=32 (full 0):
 def new generation   total 4928K, used 4793K [0x00000000e0000000, 0x00000000e0550000, 0x00000000eaaa0000)
  eden space 4416K, 100% used [0x00000000e0000000, 0x00000000e0450000, 0x00000000e0450000)
  from space 512K,  73% used [0x00000000e0450000, 0x00000000e04ae5b0, 0x00000000e04d0000)
  to   space 512K,   0% used [0x00000000e04d0000, 0x00000000e04d0000, 0x00000000e0550000)
 tenured generation   total 10944K, used 6101K [0x00000000eaaa0000, 0x00000000eb550000, 0x0000000100000000)
   the space 10944K,  55% used [0x00000000eaaa0000, 0x00000000eb095580, 0x00000000eb095600, 0x00000000eb550000)
 Metaspace       used 20713K, capacity 21248K, committed 21296K, reserved 1067008K
  class space    used 2686K, capacity 2842K, committed 2864K, reserved 1048576K
Event: 3.084 GC heap after
Heap after GC invocations=33 (full 0):
 def new generation   total 4928K, used 456K [0x00000000e0000000, 0x00000000e0550000, 0x00000000eaaa0000)
  eden space 4416K,   0% used [0x00000000e0000000, 0x00000000e0000000, 0x00000000e0450000)
  from space 512K,  89% used [0x00000000e04d0000, 0x00000000e05422b0, 0x00000000e0550000)
  to   space 512K,   0% used [0x00000000e0450000, 0x00000000e0450000, 0x00000000e04d0000)
 tenured generation   total 10944K, used 6199K [0x00000000eaaa0000, 0x00000000eb550000, 0x0000000100000000)
   the space 10944K,  56% used [0x00000000eaaa0000, 0x00000000eb0adc48, 0x00000000eb0ade00, 0x00000000eb550000)
 Metaspace       used 20713K, capacity 21248K, committed 21296K, reserved 1067008K
  class space    used 2686K, capacity 2842K, committed 2864K, reserved 1048576K
}
Event: 3.089 GC heap before
{Heap before GC invocations=33 (full 0):
 def new generation   total 4928K, used 1383K [0x00000000e0000000, 0x00000000e0550000, 0x00000000eaaa0000)
  eden space 4416K,  20% used [0x00000000e0000000, 0x00000000e00e7a20, 0x00000000e0450000)
  from space 512K,  89% used [0x00000000e04d0000, 0x00000000e05422b0, 0x00000000e0550000)
  to   space 512K,   0% used [0x00000000e0450000, 0x00000000e0450000, 0x00000000e04d0000)
 tenured generation   total 10944K, used 6199K [0x00000000eaaa0000, 0x00000000eb550000, 0x0000000100000000)
   the space 10944K,  56% used [0x00000000eaaa0000, 0x00000000eb0adc48, 0x00000000eb0ade00, 0x00000000eb550000)
 Metaspace       used 20727K, capacity 21248K, committed 21296K, reserved 1067008K
  class space    used 2686K, capacity 2842K, committed 2864K, reserved 1048576K
Event: 3.128 GC heap after
Heap after GC invocations=34 (full 1):
 def new generation   total 4992K, used 0K [0x00000000e0000000, 0x00000000e0560000, 0x00000000eaaa0000)
  eden space 4480K,   0% used [0x00000000e0000000, 0x00000000e0000000, 0x00000000e0460000)
  from space 512K,   0% used [0x00000000e0460000, 0x00000000e0460000, 0x00000000e04e0000)
  to   space 512K,   0% used [0x00000000e04e0000, 0x00000000e04e0000, 0x00000000e0560000)
 tenured generation   total 10944K, used 6554K [0x00000000eaaa0000, 0x00000000eb550000, 0x0000000100000000)
   the space 10944K,  59% used [0x00000000eaaa0000, 0x00000000eb106970, 0x00000000eb106a00, 0x00000000eb550000)
 Metaspace       used 20727K, capacity 21248K, committed 21296K, reserved 1067008K
  class space    used 2686K, capacity 2842K, committed 2864K, reserved 1048576K
}
Event: 3.182 GC heap before
{Heap before GC invocations=34 (full 1):
 def new generation   total 4992K, used 4480K [0x00000000e0000000, 0x00000000e0560000, 0x00000000eaaa0000)
  eden space 4480K, 100% used [0x00000000e0000000, 0x00000000e0460000, 0x00000000e0460000)
  from space 512K,   0% used [0x00000000e0460000, 0x00000000e0460000, 0x00000000e04e0000)
  to   space 512K,   0% used [0x00000000e04e0000, 0x00000000e04e0000, 0x00000000e0560000)
 tenured generation   total 10944K, used 6554K [0x00000000eaaa0000, 0x00000000eb550000, 0x0000000100000000)
   the space 10944K,  59% used [0x00000000eaaa0000, 0x00000000eb106970, 0x00000000eb106a00, 0x00000000eb550000)
 Metaspace       used 21207K, capacity 21764K, committed 21936K, reserved 1069056K
  class space    used 2734K, capacity 2908K, committed 2992K, reserved 1048576K
Event: 3.184 GC heap after
Heap after GC invocations=35 (full 1):
 def new generation   total 4992K, used 507K [0x00000000e0000000, 0x00000000e0560000, 0x00000000eaaa0000)
  eden space 4480K,   0% used [0x00000000e0000000, 0x00000000e0000000, 0x00000000e0460000)
  from space 512K,  99% used [0x00000000e04e0000, 0x00000000e055edf0, 0x00000000e0560000)
  to   space 512K,   0% used [0x00000000e0460000, 0x00000000e0460000, 0x00000000e04e0000)
 tenured generation   total 10944K, used 6572K [0x00000000eaaa0000, 0x00000000eb550000, 0x0000000100000000)
   the space 10944K,  60% used [0x00000000eaaa0000, 0x00000000eb10b110, 0x00000000eb10b200, 0x00000000eb550000)
 Metaspace       used 21207K, capacity 21764K, committed 21936K, reserved 1069056K
  class space    used 2734K, capacity 2908K, committed 2992K, reserved 1048576K
}
Event: 3.248 GC heap before
{Heap before GC invocations=35 (full 1):
 def new generation   total 4992K, used 4987K [0x00000000e0000000, 0x00000000e0560000, 0x00000000eaaa0000)
  eden space 4480K, 100% used [0x00000000e0000000, 0x00000000e0460000, 0x00000000e0460000)
  from space 512K,  99% used [0x00000000e04e0000, 0x00000000e055edf0, 0x00000000e0560000)
  to   space 512K,   0% used [0x00000000e0460000, 0x00000000e0460000, 0x00000000e04e0000)
 tenured generation   total 10944K, used 6572K [0x00000000eaaa0000, 0x00000000eb550000, 0x0000000100000000)
   the space 10944K,  60% used [0x00000000eaaa0000, 0x00000000eb10b110, 0x00000000eb10b200, 0x00000000eb550000)
 Metaspace       used 21612K, capacity 22180K, committed 22448K, reserved 1069056K
  class space    used 2770K, capacity 2940K, committed 2992K, reserved 1048576K
Event: 3.250 GC heap after
Heap after GC invocations=36 (full 1):
 def new generation   total 4992K, used 492K [0x00000000e0000000, 0x00000000e0560000, 0x00000000eaaa0000)
  eden space 4480K,   0% used [0x00000000e0000000, 0x00000000e0000000, 0x00000000e0460000)
  from space 512K,  96% used [0x00000000e0460000, 0x00000000e04db0d0, 0x00000000e04e0000)
  to   space 512K,   0% used [0x00000000e04e0000, 0x00000000e04e0000, 0x00000000e0560000)
 tenured generation   total 10944K, used 6682K [0x00000000eaaa0000, 0x00000000eb550000, 0x0000000100000000)
   the space 10944K,  61% used [0x00000000eaaa0000, 0x00000000eb126868, 0x00000000eb126a00, 0x00000000eb550000)
 Metaspace       used 21612K, capacity 22180K, committed 22448K, reserved 1069056K
  class space    used 2770K, capacity 2940K, committed 2992K, reserved 1048576K
}
Event: 3.326 GC heap before
{Heap before GC invocations=36 (full 1):
 def new generation   total 4992K, used 4972K [0x00000000e0000000, 0x00000000e0560000, 0x00000000eaaa0000)
  eden space 4480K, 100% used [0x00000000e0000000, 0x00000000e0460000, 0x00000000e0460000)
  from space 512K,  96% used [0x00000000e0460000, 0x00000000e04db0d0, 0x00000000e04e0000)
  to   space 512K,   0% used [0x00000000e04e0000, 0x00000000e04e0000, 0x00000000e0560000)
 tenured generation   total 10944K, used 6682K [0x00000000eaaa0000, 0x00000000eb550000, 0x0000000100000000)
   the space 10944K,  61% used [0x00000000eaaa0000, 0x00000000eb126868, 0x00000000eb126a00, 0x00000000eb550000)
 Metaspace       used 21945K, capacity 22474K, committed 22704K, reserved 1069056K
  class space    used 2813K, capacity 2973K, committed 2992K, reserved 1048576K
Event: 3.328 GC heap after
Heap after GC invocations=37 (full 1):
 def new generation   total 4992K, used 476K [0x00000000e0000000, 0x00000000e0560000, 0x00000000eaaa0000)
  eden space 4480K,   0% used [0x00000000e0000000, 0x00000000e0000000, 0x00000000e0460000)
  from space 512K,  93% used [0x00000000e04e0000, 0x00000000e05573e0, 0x00000000e0560000)
  to   space 512K,   0% used [0x00000000e0460000, 0x00000000e0460000, 0x00000000e04e0000)
 tenured generation   total 10944K, used 6781K [0x00000000eaaa0000, 0x00000000eb550000, 0x0000000100000000)
   the space 10944K,  61% used [0x00000000eaaa0000, 0x00000000eb13f7b8, 0x00000000eb13f800, 0x00000000eb550000)
 Metaspace       used 21945K, capacity 22474K, committed 22704K, reserved 1069056K
  class space    used 2813K, capacity 2973K, committed 2992K, reserved 1048576K
}
Event: 3.393 GC heap before
{Heap before GC invocations=37 (full 1):
 def new generation   total 4992K, used 4956K [0x00000000e0000000, 0x00000000e0560000, 0x00000000eaaa0000)
  eden space 4480K, 100% used [0x00000000e0000000, 0x00000000e0460000, 0x00000000e0460000)
  from space 512K,  93% used [0x00000000e04e0000, 0x00000000e05573e0, 0x00000000e0560000)
  to   space 512K,   0% used [0x00000000e0460000, 0x00000000e0460000, 0x00000000e04e0000)
 tenured generation   total 10944K, used 6781K [0x00000000eaaa0000, 0x00000000eb550000, 0x0000000100000000)
   the space 10944K,  61% used [0x00000000eaaa0000, 0x00000000eb13f7b8, 0x00000000eb13f800, 0x00000000eb550000)
 Metaspace       used 22430K, capacity 22954K, committed 23344K, reserved 1069056K
  class space    used 2855K, capacity 3005K, committed 3120K, reserved 1048576K
Event: 3.396 GC heap after
Heap after GC invocations=38 (full 1):
 def new generation   total 4992K, used 504K [0x00000000e0000000, 0x00000000e0560000, 0x00000000eaaa0000)
  eden space 4480K,   0% used [0x00000000e0000000, 0x00000000e0000000, 0x00000000e0460000)
  from space 512K,  98% used [0x00000000e0460000, 0x00000000e04de298, 0x00000000e04e0000)
  to   space 512K,   0% used [0x00000000e04e0000, 0x00000000e04e0000, 0x00000000e0560000)
 tenured generation   total 10944K, used 6935K [0x00000000eaaa0000, 0x00000000eb550000, 0x0000000100000000)
   the space 10944K,  63% used [0x00000000eaaa0000, 0x00000000eb165f60, 0x00000000eb166000, 0x00000000eb550000)
 Metaspace       used 22430K, capacity 22954K, committed 23344K, reserved 1069056K
  class space    used 2855K, capacity 3005K, committed 3120K, reserved 1048576K
}
Event: 3.469 GC heap before
{Heap before GC invocations=38 (full 1):
 def new generation   total 4992K, used 4991K [0x00000000e0000000, 0x00000000e0560000, 0x00000000eaaa0000)
  eden space 4480K, 100% used [0x00000000e0000000, 0x00000000e0460000, 0x00000000e0460000)
  from space 512K,  99% used [0x00000000e0460000, 0x00000000e04dfff8, 0x00000000e04e0000)
  to   space 512K,   0% used [0x00000000e04e0000, 0x00000000e04e0000, 0x00000000e0560000)
 tenured generation   total 10944K, used 6998K [0x00000000eaaa0000, 0x00000000eb550000, 0x0000000100000000)
   the space 10944K,  63% used [0x00000000eaaa0000, 0x00000000eb175a70, 0x00000000eb175c00, 0x00000000eb550000)
 Metaspace       used 22786K, capacity 23312K, committed 23600K, reserved 1069056K
  class space    used 2889K, capacity 3038K, committed 3120K, reserved 1048576K
Event: 3.471 GC heap after
Heap after GC invocations=39 (full 1):
 def new generation   total 4992K, used 400K [0x00000000e0000000, 0x00000000e0560000, 0x00000000eaaa0000)
  eden space 4480K,   0% used [0x00000000e0000000, 0x00000000e0000000, 0x00000000e0460000)
  from space 512K,  78% used [0x00000000e04e0000, 0x00000000e0544008, 0x00000000e0560000)
  to   space 512K,   0% used [0x00000000e0460000, 0x00000000e0460000, 0x00000000e04e0000)
 tenured generation   total 10944K, used 7095K [0x00000000eaaa0000, 0x00000000eb550000, 0x0000000100000000)
   the space 10944K,  64% used [0x00000000eaaa0000, 0x00000000eb18df98, 0x00000000eb18e000, 0x00000000eb550000)
 Metaspace       used 22786K, capacity 23312K, committed 23600K, reserved 1069056K
  class space    used 2889K, capacity 3038K, committed 3120K, reserved 1048576K
}
Event: 3.532 GC heap before
{Heap before GC invocations=39 (full 1):
 def new generation   total 4992K, used 4880K [0x00000000e0000000, 0x00000000e0560000, 0x00000000eaaa0000)
  eden space 4480K, 100% used [0x00000000e0000000, 0x00000000e0460000, 0x00000000e0460000)
  from space 512K,  78% used [0x00000000e04e0000, 0x00000000e0544008, 0x00000000e0560000)
  to   space 512K,   0% used [0x00000000e0460000, 0x00000000e0460000, 0x00000000e04e0000)
 tenured generation   total 10944K, used 7095K [0x00000000eaaa0000, 0x00000000eb550000, 0x0000000100000000)
   the space 10944K,  64% used [0x00000000eaaa0000, 0x00000000eb18df98, 0x00000000eb18e000, 0x00000000eb550000)
 Metaspace       used 23066K, capacity 23606K, committed 23856K, reserved 1071104K
  class space    used 2924K, capacity 3071K, committed 3120K, reserved 1048576K
Event: 3.534 GC heap after
Heap after GC invocations=40 (full 1):
 def new generation   total 4992K, used 484K [0x00000000e0000000, 0x00000000e0560000, 0x00000000eaaa0000)
  eden space 4480K,   0% used [0x00000000e0000000, 0x00000000e0000000, 0x00000000e0460000)
  from space 512K,  94% used [0x00000000e0460000, 0x00000000e04d91d0, 0x00000000e04e0000)
  to   space 512K,   0% used [0x00000000e04e0000, 0x00000000e04e0000, 0x00000000e0560000)
 tenured generation   total 10944K, used 7236K [0x00000000eaaa0000, 0x00000000eb550000, 0x0000000100000000)
   the space 10944K,  66% used [0x00000000eaaa0000, 0x00000000eb1b11d0, 0x00000000eb1b1200, 0x00000000eb550000)
 Metaspace       used 23066K, capacity 23606K, committed 23856K, reserved 1071104K
  class space    used 2924K, capacity 3071K, committed 3120K, reserved 1048576K
}
Event: 3.580 GC heap before
{Heap before GC invocations=40 (full 1):
 def new generation   total 4992K, used 4964K [0x00000000e0000000, 0x00000000e0560000, 0x00000000eaaa0000)
  eden space 4480K, 100% used [0x00000000e0000000, 0x00000000e0460000, 0x00000000e0460000)
  from space 512K,  94% used [0x00000000e0460000, 0x00000000e04d91d0, 0x00000000e04e0000)
  to   space 512K,   0% used [0x00000000e04e0000, 0x00000000e04e0000, 0x00000000e0560000)
 tenured generation   total 10944K, used 7236K [0x00000000eaaa0000, 0x00000000eb550000, 0x0000000100000000)
   the space 10944K,  66% used [0x00000000eaaa0000, 0x00000000eb1b11d0, 0x00000000eb1b1200, 0x00000000eb550000)
 Metaspace       used 23300K, capacity 23894K, committed 24112K, reserved 1071104K
  class space    used 2951K, capacity 3103K, committed 3120K, reserved 1048576K
Event: 3.581 GC heap after
Heap after GC invocations=41 (full 1):
 def new generation   total 4992K, used 511K [0x00000000e0000000, 0x00000000e0560000, 0x00000000eaaa0000)
  eden space 4480K,   0% used [0x00000000e0000000, 0x00000000e0000000, 0x00000000e0460000)
  from space 512K,  99% used [0x00000000e04e0000, 0x00000000e055fff0, 0x00000000e0560000)
  to   space 512K,   0% used [0x00000000e0460000, 0x00000000e0460000, 0x00000000e04e0000)
 tenured generation   total 10944K, used 7419K [0x00000000eaaa0000, 0x00000000eb550000, 0x0000000100000000)
   the space 10944K,  67% used [0x00000000eaaa0000, 0x00000000eb1deda0, 0x00000000eb1dee00, 0x00000000eb550000)
 Metaspace       used 23300K, capacity 23894K, committed 24112K, reserved 1071104K
  class space    used 2951K, capacity 3103K, committed 3120K, reserved 1048576K
}
Event: 3.643 GC heap before
{Heap before GC invocations=41 (full 1):
 def new generation   total 4992K, used 4991K [0x00000000e0000000, 0x00000000e0560000, 0x00000000eaaa0000)
  eden space 4480K, 100% used [0x00000000e0000000, 0x00000000e0460000, 0x00000000e0460000)
  from space 512K,  99% used [0x00000000e04e0000, 0x00000000e055fff0, 0x00000000e0560000)
  to   space 512K,   0% used [0x00000000e0460000, 0x00000000e0460000, 0x00000000e04e0000)
 tenured generation   total 10944K, used 7419K [0x00000000eaaa0000, 0x00000000eb550000, 0x0000000100000000)
   the space 10944K,  67% used [0x00000000eaaa0000, 0x00000000eb1deda0, 0x00000000eb1dee00, 0x00000000eb550000)
 Metaspace       used 23702K, capacity 24298K, committed 24496K, reserved 1071104K
  class space    used 3007K, capacity 3181K, committed 3248K, reserved 1048576K
Event: 3.646 GC heap after
Heap after GC invocations=42 (full 1):
 def new generation   total 4992K, used 512K [0x00000000e0000000, 0x00000000e0560000, 0x00000000eaaa0000)
  eden space 4480K,   0% used [0x00000000e0000000, 0x00000000e0000000, 0x00000000e0460000)
  from space 512K, 100% used [0x00000000e0460000, 0x00000000e04e0000, 0x00000000e04e0000)
  to   space 512K,   0% used [0x00000000e04e0000, 0x00000000e04e0000, 0x00000000e0560000)
 tenured generation   total 10944K, used 7821K [0x00000000eaaa0000, 0x00000000eb550000, 0x0000000100000000)
   the space 10944K,  71% used [0x00000000eaaa0000, 0x00000000eb243770, 0x00000000eb243800, 0x00000000eb550000)
 Metaspace       used 23702K, capacity 24298K, committed 24496K, reserved 1071104K
  class space    used 3007K, capacity 3181K, committed 3248K, reserved 1048576K
}
Event: 3.694 GC heap before
{Heap before GC invocations=42 (full 1):
 def new generation   total 4992K, used 4992K [0x00000000e0000000, 0x00000000e0560000, 0x00000000eaaa0000)
  eden space 4480K, 100% used [0x00000000e0000000, 0x00000000e0460000, 0x00000000e0460000)
  from space 512K, 100% used [0x00000000e0460000, 0x00000000e04e0000, 0x00000000e04e0000)
  to   space 512K,   0% used [0x00000000e04e0000, 0x00000000e04e0000, 0x00000000e0560000)
 tenured generation   total 10944K, used 7821K [0x00000000eaaa0000, 0x00000000eb550000, 0x0000000100000000)
   the space 10944K,  71% used [0x00000000eaaa0000, 0x00000000eb243770, 0x00000000eb243800, 0x00000000eb550000)
 Metaspace       used 24032K, capacity 24656K, committed 24752K, reserved 1071104K
  class space    used 3053K, capacity 3214K, committed 3248K, reserved 1048576K
Event: 3.696 GC heap after
Heap after GC invocations=43 (full 1):
 def new generation   total 4992K, used 405K [0x00000000e0000000, 0x00000000e0560000, 0x00000000eaaa0000)
  eden space 4480K,   0% used [0x00000000e0000000, 0x00000000e0000000, 0x00000000e0460000)
  from space 512K,  79% used [0x00000000e04e0000, 0x00000000e0545608, 0x00000000e0560000)
  to   space 512K,   0% used [0x00000000e0460000, 0x00000000e0460000, 0x00000000e04e0000)
 tenured generation   total 10944K, used 8153K [0x00000000eaaa0000, 0x00000000eb550000, 0x0000000100000000)
   the space 10944K,  74% used [0x00000000eaaa0000, 0x00000000eb296750, 0x00000000eb296800, 0x00000000eb550000)
 Metaspace       used 24032K, capacity 24656K, committed 24752K, reserved 1071104K
  class space    used 3053K, capacity 3214K, committed 3248K, reserved 1048576K
}
Event: 3.712 GC heap before
{Heap before GC invocations=43 (full 1):
 def new generation   total 4992K, used 4885K [0x00000000e0000000, 0x00000000e0560000, 0x00000000eaaa0000)
  eden space 4480K, 100% used [0x00000000e0000000, 0x00000000e0460000, 0x00000000e0460000)
  from space 512K,  79% used [0x00000000e04e0000, 0x00000000e0545608, 0x00000000e0560000)
  to   space 512K,   0% used [0x00000000e0460000, 0x00000000e0460000, 0x00000000e04e0000)
 tenured generation   total 10944K, used 8153K [0x00000000eaaa0000, 0x00000000eb550000, 0x0000000100000000)
   the space 10944K,  74% used [0x00000000eaaa0000, 0x00000000eb296750, 0x00000000eb296800, 0x00000000eb550000)
 Metaspace       used 24143K, capacity 24720K, committed 25008K, reserved 1071104K
  class space    used 3068K, capacity 3214K, committed 3248K, reserved 1048576K
Event: 3.713 GC heap after
Heap after GC invocations=44 (full 1):
 def new generation   total 4992K, used 228K [0x00000000e0000000, 0x00000000e0560000, 0x00000000eaaa0000)
  eden space 4480K,   0% used [0x00000000e0000000, 0x00000000e0000000, 0x00000000e0460000)
  from space 512K,  44% used [0x00000000e0460000, 0x00000000e0499280, 0x00000000e04e0000)
  to   space 512K,   0% used [0x00000000e04e0000, 0x00000000e04e0000, 0x00000000e0560000)
 tenured generation   total 10944K, used 8244K [0x00000000eaaa0000, 0x00000000eb550000, 0x0000000100000000)
   the space 10944K,  75% used [0x00000000eaaa0000, 0x00000000eb2ad1a0, 0x00000000eb2ad200, 0x00000000eb550000)
 Metaspace       used 24143K, capacity 24720K, committed 25008K, reserved 1071104K
  class space    used 3068K, capacity 3214K, committed 3248K, reserved 1048576K
}
Event: 3.716 GC heap before
{Heap before GC invocations=44 (full 1):
 def new generation   total 4992K, used 4701K [0x00000000e0000000, 0x00000000e0560000, 0x00000000eaaa0000)
  eden space 4480K,  99% used [0x00000000e0000000, 0x00000000e045e3c8, 0x00000000e0460000)
  from space 512K,  44% used [0x00000000e0460000, 0x00000000e0499280, 0x00000000e04e0000)
  to   space 512K,   0% used [0x00000000e04e0000, 0x00000000e04e0000, 0x00000000e0560000)
 tenured generation   total 10944K, used 8244K [0x00000000eaaa0000, 0x00000000eb550000, 0x0000000100000000)
   the space 10944K,  75% used [0x00000000eaaa0000, 0x00000000eb2ad1a0, 0x00000000eb2ad200, 0x00000000eb550000)
 Metaspace       used 24154K, capacity 24784K, committed 25008K, reserved 1071104K
  class space    used 3069K, capacity 3214K, committed 3248K, reserved 1048576K
Event: 3.717 GC heap after
Heap after GC invocations=45 (full 1):
 def new generation   total 4992K, used 156K [0x00000000e0000000, 0x00000000e0560000, 0x00000000eaaa0000)
  eden space 4480K,   0% used [0x00000000e0000000, 0x00000000e0000000, 0x00000000e0460000)
  from space 512K,  30% used [0x00000000e04e0000, 0x00000000e0507108, 0x00000000e0560000)
  to   space 512K,   0% used [0x00000000e0460000, 0x00000000e0460000, 0x00000000e04e0000)
 tenured generation   total 10944K, used 8244K [0x00000000eaaa0000, 0x00000000eb550000, 0x0000000100000000)
   the space 10944K,  75% used [0x00000000eaaa0000, 0x00000000eb2ad1a0, 0x00000000eb2ad200, 0x00000000eb550000)
 Metaspace       used 24154K, capacity 24784K, committed 25008K, reserved 1071104K
  class space    used 3069K, capacity 3214K, committed 3248K, reserved 1048576K
}
Event: 3.727 GC heap before
{Heap before GC invocations=45 (full 1):
 def new generation   total 4992K, used 4626K [0x00000000e0000000, 0x00000000e0560000, 0x00000000eaaa0000)
  eden space 4480K,  99% used [0x00000000e0000000, 0x00000000e045d8a8, 0x00000000e0460000)
  from space 512K,  30% used [0x00000000e04e0000, 0x00000000e0507108, 0x00000000e0560000)
  to   space 512K,   0% used [0x00000000e0460000, 0x00000000e0460000, 0x00000000e04e0000)
 tenured generation   total 10944K, used 8244K [0x00000000eaaa0000, 0x00000000eb550000, 0x0000000100000000)
   the space 10944K,  75% used [0x00000000eaaa0000, 0x00000000eb2ad1a0, 0x00000000eb2ad200, 0x00000000eb550000)
 Metaspace       used 24192K, capacity 24816K, committed 25008K, reserved 1071104K
  class space    used 3080K, capacity 3246K, committed 3248K, reserved 1048576K
Event: 3.727 GC heap after
Heap after GC invocations=46 (full 1):
 def new generation   total 4992K, used 182K [0x00000000e0000000, 0x00000000e0560000, 0x00000000eaaa0000)
  eden space 4480K,   0% used [0x00000000e0000000, 0x00000000e0000000, 0x00000000e0460000)
  from space 512K,  35% used [0x00000000e0460000, 0x00000000e048d960, 0x00000000e04e0000)
  to   space 512K,   0% used [0x00000000e04e0000, 0x00000000e04e0000, 0x00000000e0560000)
 tenured generation   total 10944K, used 8244K [0x00000000eaaa0000, 0x00000000eb550000, 0x0000000100000000)
   the space 10944K,  75% used [0x00000000eaaa0000, 0x00000000eb2ad1a0, 0x00000000eb2ad200, 0x00000000eb550000)
 Metaspace       used 24192K, capacity 24816K, committed 25008K, reserved 1071104K
  class space    used 3080K, capacity 3246K, committed 3248K, reserved 1048576K
}
Event: 3.729 GC heap before
{Heap before GC invocations=46 (full 1):
 def new generation   total 4992K, used 4660K [0x00000000e0000000, 0x00000000e0560000, 0x00000000eaaa0000)
  eden space 4480K,  99% used [0x00000000e0000000, 0x00000000e045fa88, 0x00000000e0460000)
  from space 512K,  35% used [0x00000000e0460000, 0x00000000e048d960, 0x00000000e04e0000)
  to   space 512K,   0% used [0x00000000e04e0000, 0x00000000e04e0000, 0x00000000e0560000)
 tenured generation   total 10944K, used 8244K [0x00000000eaaa0000, 0x00000000eb550000, 0x0000000100000000)
   the space 10944K,  75% used [0x00000000eaaa0000, 0x00000000eb2ad1a0, 0x00000000eb2ad200, 0x00000000eb550000)
 Metaspace       used 24198K, capacity 24816K, committed 25008K, reserved 1071104K
  class space    used 3081K, capacity 3246K, committed 3248K, reserved 1048576K
Event: 3.730 GC heap after
Heap after GC invocations=47 (full 1):
 def new generation   total 4992K, used 151K [0x00000000e0000000, 0x00000000e0560000, 0x00000000eaaa0000)
  eden space 4480K,   0% used [0x00000000e0000000, 0x00000000e0000000, 0x00000000e0460000)
  from space 512K,  29% used [0x00000000e04e0000, 0x00000000e0505e78, 0x00000000e0560000)
  to   space 512K,   0% used [0x00000000e0460000, 0x00000000e0460000, 0x00000000e04e0000)
 tenured generation   total 10944K, used 8244K [0x00000000eaaa0000, 0x00000000eb550000, 0x0000000100000000)
   the space 10944K,  75% used [0x00000000eaaa0000, 0x00000000eb2ad1a0, 0x00000000eb2ad200, 0x00000000eb550000)
 Metaspace       used 24198K, capacity 24816K, committed 25008K, reserved 1071104K
  class space    used 3081K, capacity 3246K, committed 3248K, reserved 1048576K
}
Event: 3.731 GC heap before
{Heap before GC invocations=47 (full 1):
 def new generation   total 4992K, used 4631K [0x00000000e0000000, 0x00000000e0560000, 0x00000000eaaa0000)
  eden space 4480K, 100% used [0x00000000e0000000, 0x00000000e0460000, 0x00000000e0460000)
  from space 512K,  29% used [0x00000000e04e0000, 0x00000000e0505e78, 0x00000000e0560000)
  to   space 512K,   0% used [0x00000000e0460000, 0x00000000e0460000, 0x00000000e04e0000)
 tenured generation   total 10944K, used 8244K [0x00000000eaaa0000, 0x00000000eb550000, 0x0000000100000000)
   the space 10944K,  75% used [0x00000000eaaa0000, 0x00000000eb2ad1a0, 0x00000000eb2ad200, 0x00000000eb550000)
 Metaspace       used 24204K, capacity 24816K, committed 25008K, reserved 1071104K
  class space    used 3082K, capacity 3246K, committed 3248K, reserved 1048576K
Event: 3.732 GC heap after
Heap after GC invocations=48 (full 1):
 def new generation   total 4992K, used 164K [0x00000000e0000000, 0x00000000e0560000, 0x00000000eaaa0000)
  eden space 4480K,   0% used [0x00000000e0000000, 0x00000000e0000000, 0x00000000e0460000)
  from space 512K,  32% used [0x00000000e0460000, 0x00000000e04890e8, 0x00000000e04e0000)
  to   space 512K,   0% used [0x00000000e04e0000, 0x00000000e04e0000, 0x00000000e0560000)
 tenured generation   total 10944K, used 8244K [0x00000000eaaa0000, 0x00000000eb550000, 0x0000000100000000)
   the space 10944K,  75% used [0x00000000eaaa0000, 0x00000000eb2ad1a0, 0x00000000eb2ad200, 0x00000000eb550000)
 Metaspace       used 24204K, capacity 24816K, committed 25008K, reserved 1071104K
  class space    used 3082K, capacity 3246K, committed 3248K, reserved 1048576K
}
Event: 3.734 GC heap before
{Heap before GC invocations=48 (full 1):
 def new generation   total 4992K, used 4632K [0x00000000e0000000, 0x00000000e0560000, 0x00000000eaaa0000)
  eden space 4480K,  99% used [0x00000000e0000000, 0x00000000e045d168, 0x00000000e0460000)
  from space 512K,  32% used [0x00000000e0460000, 0x00000000e04890e8, 0x00000000e04e0000)
  to   space 512K,   0% used [0x00000000e04e0000, 0x00000000e04e0000, 0x00000000e0560000)
 tenured generation   total 10944K, used 8244K [0x00000000eaaa0000, 0x00000000eb550000, 0x0000000100000000)
   the space 10944K,  75% used [0x00000000eaaa0000, 0x00000000eb2ad1a0, 0x00000000eb2ad200, 0x00000000eb550000)
 Metaspace       used 24204K, capacity 24816K, committed 25008K, reserved 1071104K
  class space    used 3082K, capacity 3246K, committed 3248K, reserved 1048576K
Event: 3.734 GC heap after
Heap after GC invocations=49 (full 1):
 def new generation   total 4992K, used 181K [0x00000000e0000000, 0x00000000e0560000, 0x00000000eaaa0000)
  eden space 4480K,   0% used [0x00000000e0000000, 0x00000000e0000000, 0x00000000e0460000)
  from space 512K,  35% used [0x00000000e04e0000, 0x00000000e050d508, 0x00000000e0560000)
  to   space 512K,   0% used [0x00000000e0460000, 0x00000000e0460000, 0x00000000e04e0000)
 tenured generation   total 10944K, used 8244K [0x00000000eaaa0000, 0x00000000eb550000, 0x0000000100000000)
   the space 10944K,  75% used [0x00000000eaaa0000, 0x00000000eb2ad1a0, 0x00000000eb2ad200, 0x00000000eb550000)
 Metaspace       used 24204K, capacity 24816K, committed 25008K, reserved 1071104K
  class space    used 3082K, capacity 3246K, committed 3248K, reserved 1048576K
}
Event: 3.735 GC heap before
{Heap before GC invocations=49 (full 1):
 def new generation   total 4992K, used 4645K [0x00000000e0000000, 0x00000000e0560000, 0x00000000eaaa0000)
  eden space 4480K,  99% used [0x00000000e0000000, 0x00000000e045c088, 0x00000000e0460000)
  from space 512K,  35% used [0x00000000e04e0000, 0x00000000e050d508, 0x00000000e0560000)
  to   space 512K,   0% used [0x00000000e0460000, 0x00000000e0460000, 0x00000000e04e0000)
 tenured generation   total 10944K, used 8244K [0x00000000eaaa0000, 0x00000000eb550000, 0x0000000100000000)
   the space 10944K,  75% used [0x00000000eaaa0000, 0x00000000eb2ad1a0, 0x00000000eb2ad200, 0x00000000eb550000)
 Metaspace       used 24204K, capacity 24816K, committed 25008K, reserved 1071104K
  class space    used 3082K, capacity 3246K, committed 3248K, reserved 1048576K
Event: 3.736 GC heap after
Heap after GC invocations=50 (full 1):
 def new generation   total 4992K, used 186K [0x00000000e0000000, 0x00000000e0560000, 0x00000000eaaa0000)
  eden space 4480K,   0% used [0x00000000e0000000, 0x00000000e0000000, 0x00000000e0460000)
  from space 512K,  36% used [0x00000000e0460000, 0x00000000e048ea98, 0x00000000e04e0000)
  to   space 512K,   0% used [0x00000000e04e0000, 0x00000000e04e0000, 0x00000000e0560000)
 tenured generation   total 10944K, used 8244K [0x00000000eaaa0000, 0x00000000eb550000, 0x0000000100000000)
   the space 10944K,  75% used [0x00000000eaaa0000, 0x00000000eb2ad1a0, 0x00000000eb2ad200, 0x00000000eb550000)
 Metaspace       used 24204K, capacity 24816K, committed 25008K, reserved 1071104K
  class space    used 3082K, capacity 3246K, committed 3248K, reserved 1048576K
}
Event: 3.746 GC heap before
{Heap before GC invocations=50 (full 1):
 def new generation   total 4992K, used 4641K [0x00000000e0000000, 0x00000000e0560000, 0x00000000eaaa0000)
  eden space 4480K,  99% used [0x00000000e0000000, 0x00000000e0459ab0, 0x00000000e0460000)
  from space 512K,  36% used [0x00000000e0460000, 0x00000000e048ea98, 0x00000000e04e0000)
  to   space 512K,   0% used [0x00000000e04e0000, 0x00000000e04e0000, 0x00000000e0560000)
 tenured generation   total 10944K, used 8244K [0x00000000eaaa0000, 0x00000000eb550000, 0x0000000100000000)
   the space 10944K,  75% used [0x00000000eaaa0000, 0x00000000eb2ad1a0, 0x00000000eb2ad200, 0x00000000eb550000)
 Metaspace       used 24299K, capacity 24880K, committed 25008K, reserved 1071104K
  class space    used 3097K, capacity 3246K, committed 3248K, reserved 1048576K
Event: 3.746 GC heap after
Heap after GC invocations=51 (full 1):
 def new generation   total 4992K, used 308K [0x00000000e0000000, 0x00000000e0560000, 0x00000000eaaa0000)
  eden space 4480K,   0% used [0x00000000e0000000, 0x00000000e0000000, 0x00000000e0460000)
  from space 512K,  60% used [0x00000000e04e0000, 0x00000000e052d300, 0x00000000e0560000)
  to   space 512K,   0% used [0x00000000e0460000, 0x00000000e0460000, 0x00000000e04e0000)
 tenured generation   total 10944K, used 8244K [0x00000000eaaa0000, 0x00000000eb550000, 0x0000000100000000)
   the space 10944K,  75% used [0x00000000eaaa0000, 0x00000000eb2ad1a0, 0x00000000eb2ad200, 0x00000000eb550000)
 Metaspace       used 24299K, capacity 24880K, committed 25008K, reserved 1071104K
  class space    used 3097K, capacity 3246K, committed 3248K, reserved 1048576K
}
Event: 3.777 GC heap before
{Heap before GC invocations=51 (full 1):
 def new generation   total 4992K, used 4788K [0x00000000e0000000, 0x00000000e0560000, 0x00000000eaaa0000)
  eden space 4480K, 100% used [0x00000000e0000000, 0x00000000e0460000, 0x00000000e0460000)
  from space 512K,  60% used [0x00000000e04e0000, 0x00000000e052d300, 0x00000000e0560000)
  to   space 512K,   0% used [0x00000000e0460000, 0x00000000e0460000, 0x00000000e04e0000)
 tenured generation   total 10944K, used 8244K [0x00000000eaaa0000, 0x00000000eb550000, 0x0000000100000000)
   the space 10944K,  75% used [0x00000000eaaa0000, 0x00000000eb2ad1a0, 0x00000000eb2ad200, 0x00000000eb550000)
 Metaspace       used 24518K, capacity 25168K, committed 25392K, reserved 1071104K
  class space    used 3113K, capacity 3278K, committed 3376K, reserved 1048576K
Event: 3.778 GC heap after
Heap after GC invocations=52 (full 1):
 def new generation   total 4992K, used 407K [0x00000000e0000000, 0x00000000e0560000, 0x00000000eaaa0000)
  eden space 4480K,   0% used [0x00000000e0000000, 0x00000000e0000000, 0x00000000e0460000)
  from space 512K,  79% used [0x00000000e0460000, 0x00000000e04c5d88, 0x00000000e04e0000)
  to   space 512K,   0% used [0x00000000e04e0000, 0x00000000e04e0000, 0x00000000e0560000)
 tenured generation   total 10944K, used 8331K [0x00000000eaaa0000, 0x00000000eb550000, 0x0000000100000000)
   the space 10944K,  76% used [0x00000000eaaa0000, 0x00000000eb2c2da8, 0x00000000eb2c2e00, 0x00000000eb550000)
 Metaspace       used 24518K, capacity 25168K, committed 25392K, reserved 1071104K
  class space    used 3113K, capacity 3278K, committed 3376K, reserved 1048576K
}
Event: 3.835 GC heap before
{Heap before GC invocations=52 (full 1):
 def new generation   total 4992K, used 4887K [0x00000000e0000000, 0x00000000e0560000, 0x00000000eaaa0000)
  eden space 4480K, 100% used [0x00000000e0000000, 0x00000000e0460000, 0x00000000e0460000)
  from space 512K,  79% used [0x00000000e0460000, 0x00000000e04c5d88, 0x00000000e04e0000)
  to   space 512K,   0% used [0x00000000e04e0000, 0x00000000e04e0000, 0x00000000e0560000)
 tenured generation   total 10944K, used 8331K [0x00000000eaaa0000, 0x00000000eb550000, 0x0000000100000000)
   the space 10944K,  76% used [0x00000000eaaa0000, 0x00000000eb2c2da8, 0x00000000eb2c2e00, 0x00000000eb550000)
 Metaspace       used 24862K, capacity 25486K, committed 25648K, reserved 1071104K
  class space    used 3162K, capacity 3323K, committed 3376K, reserved 1048576K
Event: 3.837 GC heap after
Heap after GC invocations=53 (full 1):
 def new generation   total 4992K, used 314K [0x00000000e0000000, 0x00000000e0560000, 0x00000000eaaa0000)
  eden space 4480K,   0% used [0x00000000e0000000, 0x00000000e0000000, 0x00000000e0460000)
  from space 512K,  61% used [0x00000000e04e0000, 0x00000000e052ea78, 0x00000000e0560000)
  to   space 512K,   0% used [0x00000000e0460000, 0x00000000e0460000, 0x00000000e04e0000)
 tenured generation   total 10944K, used 8522K [0x00000000eaaa0000, 0x00000000eb550000, 0x0000000100000000)
   the space 10944K,  77% used [0x00000000eaaa0000, 0x00000000eb2f2890, 0x00000000eb2f2a00, 0x00000000eb550000)
 Metaspace       used 24862K, capacity 25486K, committed 25648K, reserved 1071104K
  class space    used 3162K, capacity 3323K, committed 3376K, reserved 1048576K
}
Event: 3.917 GC heap before
{Heap before GC invocations=53 (full 1):
 def new generation   total 4992K, used 4794K [0x00000000e0000000, 0x00000000e0560000, 0x00000000eaaa0000)
  eden space 4480K, 100% used [0x00000000e0000000, 0x00000000e0460000, 0x00000000e0460000)
  from space 512K,  61% used [0x00000000e04e0000, 0x00000000e052ea78, 0x00000000e0560000)
  to   space 512K,   0% used [0x00000000e0460000, 0x00000000e0460000, 0x00000000e04e0000)
 tenured generation   total 10944K, used 8522K [0x00000000eaaa0000, 0x00000000eb550000, 0x0000000100000000)
   the space 10944K,  77% used [0x00000000eaaa0000, 0x00000000eb2f2890, 0x00000000eb2f2a00, 0x00000000eb550000)
 Metaspace       used 25185K, capacity 25890K, committed 26032K, reserved 1071104K
  class space    used 3217K, capacity 3415K, committed 3504K, reserved 1048576K
Event: 3.920 GC heap after
Heap after GC invocations=54 (full 1):
 def new generation   total 4992K, used 375K [0x00000000e0000000, 0x00000000e0560000, 0x00000000eaaa0000)
  eden space 4480K,   0% used [0x00000000e0000000, 0x00000000e0000000, 0x00000000e0460000)
  from space 512K,  73% used [0x00000000e0460000, 0x00000000e04bdfe8, 0x00000000e04e0000)
  to   space 512K,   0% used [0x00000000e04e0000, 0x00000000e04e0000, 0x00000000e0560000)
 tenured generation   total 10944K, used 8604K [0x00000000eaaa0000, 0x00000000eb550000, 0x0000000100000000)
   the space 10944K,  78% used [0x00000000eaaa0000, 0x00000000eb307098, 0x00000000eb307200, 0x00000000eb550000)
 Metaspace       used 25185K, capacity 25890K, committed 26032K, reserved 1071104K
  class space    used 3217K, capacity 3415K, committed 3504K, reserved 1048576K
}
Event: 3.989 GC heap before
{Heap before GC invocations=54 (full 1):
 def new generation   total 4992K, used 4855K [0x00000000e0000000, 0x00000000e0560000, 0x00000000eaaa0000)
  eden space 4480K, 100% used [0x00000000e0000000, 0x00000000e0460000, 0x00000000e0460000)
  from space 512K,  73% used [0x00000000e0460000, 0x00000000e04bdfe8, 0x00000000e04e0000)
  to   space 512K,   0% used [0x00000000e04e0000, 0x00000000e04e0000, 0x00000000e0560000)
 tenured generation   total 10944K, used 8604K [0x00000000eaaa0000, 0x00000000eb550000, 0x0000000100000000)
   the space 10944K,  78% used [0x00000000eaaa0000, 0x00000000eb307098, 0x00000000eb307200, 0x00000000eb550000)
 Metaspace       used 25443K, capacity 26196K, committed 26288K, reserved 1073152K
  class space    used 3246K, capacity 3448K, committed 3504K, reserved 1048576K
Event: 3.991 GC heap after
Heap after GC invocations=55 (full 1):
 def new generation   total 4992K, used 492K [0x00000000e0000000, 0x00000000e0560000, 0x00000000eaaa0000)
  eden space 4480K,   0% used [0x00000000e0000000, 0x00000000e0000000, 0x00000000e0460000)
  from space 512K,  96% used [0x00000000e04e0000, 0x00000000e055b0a0, 0x00000000e0560000)
  to   space 512K,   0% used [0x00000000e0460000, 0x00000000e0460000, 0x00000000e04e0000)
 tenured generation   total 10944K, used 8729K [0x00000000eaaa0000, 0x00000000eb550000, 0x0000000100000000)
   the space 10944K,  79% used [0x00000000eaaa0000, 0x00000000eb326768, 0x00000000eb326800, 0x00000000eb550000)
 Metaspace       used 25443K, capacity 26196K, committed 26288K, reserved 1073152K
  class space    used 3246K, capacity 3448K, committed 3504K, reserved 1048576K
}
Event: 4.105 GC heap before
{Heap before GC invocations=55 (full 1):
 def new generation   total 4992K, used 4972K [0x00000000e0000000, 0x00000000e0560000, 0x00000000eaaa0000)
  eden space 4480K, 100% used [0x00000000e0000000, 0x00000000e0460000, 0x00000000e0460000)
  from space 512K,  96% used [0x00000000e04e0000, 0x00000000e055b0a0, 0x00000000e0560000)
  to   space 512K,   0% used [0x00000000e0460000, 0x00000000e0460000, 0x00000000e04e0000)
 tenured generation   total 10944K, used 8729K [0x00000000eaaa0000, 0x00000000eb550000, 0x0000000100000000)
   the space 10944K,  79% used [0x00000000eaaa0000, 0x00000000eb326768, 0x00000000eb326800, 0x00000000eb550000)
 Metaspace       used 26376K, capacity 27008K, committed 27184K, reserved 1073152K
  class space    used 3357K, capacity 3546K, committed 3632K, reserved 1048576K
Event: 4.108 GC heap after
Heap after GC invocations=56 (full 1):
 def new generation   total 4992K, used 433K [0x00000000e0000000, 0x00000000e0560000, 0x00000000eaaa0000)
  eden space 4480K,   0% used [0x00000000e0000000, 0x00000000e0000000, 0x00000000e0460000)
  from space 512K,  84% used [0x00000000e0460000, 0x00000000e04cc558, 0x00000000e04e0000)
  to   space 512K,   0% used [0x00000000e04e0000, 0x00000000e04e0000, 0x00000000e0560000)
 tenured generation   total 10944K, used 8971K [0x00000000eaaa0000, 0x00000000eb550000, 0x0000000100000000)
   the space 10944K,  81% used [0x00000000eaaa0000, 0x00000000eb362f70, 0x00000000eb363000, 0x00000000eb550000)
 Metaspace       used 26376K, capacity 27008K, committed 27184K, reserved 1073152K
  class space    used 3357K, capacity 3546K, committed 3632K, reserved 1048576K
}
Event: 4.193 GC heap before
{Heap before GC invocations=56 (full 1):
 def new generation   total 4992K, used 4913K [0x00000000e0000000, 0x00000000e0560000, 0x00000000eaaa0000)
  eden space 4480K, 100% used [0x00000000e0000000, 0x00000000e0460000, 0x00000000e0460000)
  from space 512K,  84% used [0x00000000e0460000, 0x00000000e04cc558, 0x00000000e04e0000)
  to   space 512K,   0% used [0x00000000e04e0000, 0x00000000e04e0000, 0x00000000e0560000)
 tenured generation   total 10944K, used 8971K [0x00000000eaaa0000, 0x00000000eb550000, 0x0000000100000000)
   the space 10944K,  81% used [0x00000000eaaa0000, 0x00000000eb362f70, 0x00000000eb363000, 0x00000000eb550000)
 Metaspace       used 26699K, capacity 27392K, committed 27696K, reserved 1073152K
  class space    used 3397K, capacity 3584K, committed 3632K, reserved 1048576K
Event: 4.196 GC heap after
Heap after GC invocations=57 (full 1):
 def new generation   total 4992K, used 494K [0x00000000e0000000, 0x00000000e0560000, 0x00000000eaaa0000)
  eden space 4480K,   0% used [0x00000000e0000000, 0x00000000e0000000, 0x00000000e0460000)
  from space 512K,  96% used [0x00000000e04e0000, 0x00000000e055bb20, 0x00000000e0560000)
  to   space 512K,   0% used [0x00000000e0460000, 0x00000000e0460000, 0x00000000e04e0000)
 tenured generation   total 10944K, used 9243K [0x00000000eaaa0000, 0x00000000eb550000, 0x0000000100000000)
   the space 10944K,  84% used [0x00000000eaaa0000, 0x00000000eb3a6ea0, 0x00000000eb3a7000, 0x00000000eb550000)
 Metaspace       used 26699K, capacity 27392K, committed 27696K, reserved 1073152K
  class space    used 3397K, capacity 3584K, committed 3632K, reserved 1048576K
}
Event: 4.292 GC heap before
{Heap before GC invocations=57 (full 1):
 def new generation   total 4992K, used 4974K [0x00000000e0000000, 0x00000000e0560000, 0x00000000eaaa0000)
  eden space 4480K, 100% used [0x00000000e0000000, 0x00000000e0460000, 0x00000000e0460000)
  from space 512K,  96% used [0x00000000e04e0000, 0x00000000e055bb20, 0x00000000e0560000)
  to   space 512K,   0% used [0x00000000e0460000, 0x00000000e0460000, 0x00000000e04e0000)
 tenured generation   total 10944K, used 9243K [0x00000000eaaa0000, 0x00000000eb550000, 0x0000000100000000)
   the space 10944K,  84% used [0x00000000eaaa0000, 0x00000000eb3a6ea0, 0x00000000eb3a7000, 0x00000000eb550000)
 Metaspace       used 26900K, capacity 27648K, committed 27696K, reserved 1073152K
  class space    used 3414K, capacity 3596K, committed 3632K, reserved 1048576K
Event: 4.295 GC heap after
Heap after GC invocations=58 (full 1):
 def new generation   total 4992K, used 488K [0x00000000e0000000, 0x00000000e0560000, 0x00000000eaaa0000)
  eden space 4480K,   0% used [0x00000000e0000000, 0x00000000e0000000, 0x00000000e0460000)
  from space 512K,  95% used [0x00000000e0460000, 0x00000000e04da208, 0x00000000e04e0000)
  to   space 512K,   0% used [0x00000000e04e0000, 0x00000000e04e0000, 0x00000000e0560000)
 tenured generation   total 10944K, used 9553K [0x00000000eaaa0000, 0x00000000eb550000, 0x0000000100000000)
   the space 10944K,  87% used [0x00000000eaaa0000, 0x00000000eb3f4640, 0x00000000eb3f4800, 0x00000000eb550000)
 Metaspace       used 26900K, capacity 27648K, committed 27696K, reserved 1073152K
  class space    used 3414K, capacity 3596K, committed 3632K, reserved 1048576K
}
Event: 4.385 GC heap before
{Heap before GC invocations=58 (full 1):
 def new generation   total 4992K, used 4968K [0x00000000e0000000, 0x00000000e0560000, 0x00000000eaaa0000)
  eden space 4480K, 100% used [0x00000000e0000000, 0x00000000e0460000, 0x00000000e0460000)
  from space 512K,  95% used [0x00000000e0460000, 0x00000000e04da208, 0x00000000e04e0000)
  to   space 512K,   0% used [0x00000000e04e0000, 0x00000000e04e0000, 0x00000000e0560000)
 tenured generation   total 10944K, used 9553K [0x00000000eaaa0000, 0x00000000eb550000, 0x0000000100000000)
   the space 10944K,  87% used [0x00000000eaaa0000, 0x00000000eb3f4640, 0x00000000eb3f4800, 0x00000000eb550000)
 Metaspace       used 26991K, capacity 27748K, committed 27952K, reserved 1073152K
  class space    used 3423K, capacity 3602K, committed 3632K, reserved 1048576K
Event: 4.387 GC heap after
Heap after GC invocations=59 (full 1):
 def new generation   total 4992K, used 394K [0x00000000e0000000, 0x00000000e0560000, 0x00000000eaaa0000)
  eden space 4480K,   0% used [0x00000000e0000000, 0x00000000e0000000, 0x00000000e0460000)
  from space 512K,  77% used [0x00000000e04e0000, 0x00000000e0542950, 0x00000000e0560000)
  to   space 512K,   0% used [0x00000000e0460000, 0x00000000e0460000, 0x00000000e04e0000)
 tenured generation   total 10944K, used 9850K [0x00000000eaaa0000, 0x00000000eb550000, 0x0000000100000000)
   the space 10944K,  90% used [0x00000000eaaa0000, 0x00000000eb43e9b8, 0x00000000eb43ea00, 0x00000000eb550000)
 Metaspace       used 26991K, capacity 27748K, committed 27952K, reserved 1073152K
  class space    used 3423K, capacity 3602K, committed 3632K, reserved 1048576K
}
Event: 4.464 GC heap before
{Heap before GC invocations=59 (full 1):
 def new generation   total 4992K, used 4874K [0x00000000e0000000, 0x00000000e0560000, 0x00000000eaaa0000)
  eden space 4480K, 100% used [0x00000000e0000000, 0x00000000e0460000, 0x00000000e0460000)
  from space 512K,  77% used [0x00000000e04e0000, 0x00000000e0542950, 0x00000000e0560000)
  to   space 512K,   0% used [0x00000000e0460000, 0x00000000e0460000, 0x00000000e04e0000)
 tenured generation   total 10944K, used 9850K [0x00000000eaaa0000, 0x00000000eb550000, 0x0000000100000000)
   the space 10944K,  90% used [0x00000000eaaa0000, 0x00000000eb43e9b8, 0x00000000eb43ea00, 0x00000000eb550000)
 Metaspace       used 27121K, capacity 27868K, committed 28080K, reserved 1073152K
  class space    used 3434K, capacity 3638K, committed 3760K, reserved 1048576K
Event: 4.466 GC heap after
Heap after GC invocations=60 (full 1):
 def new generation   total 4992K, used 394K [0x00000000e0000000, 0x00000000e0560000, 0x00000000eaaa0000)
  eden space 4480K,   0% used [0x00000000e0000000, 0x00000000e0000000, 0x00000000e0460000)
  from space 512K,  77% used [0x00000000e0460000, 0x00000000e04c2918, 0x00000000e04e0000)
  to   space 512K,   0% used [0x00000000e04e0000, 0x00000000e04e0000, 0x00000000e0560000)
 tenured generation   total 10944K, used 10096K [0x00000000eaaa0000, 0x00000000eb550000, 0x0000000100000000)
   the space 10944K,  92% used [0x00000000eaaa0000, 0x00000000eb47c1f8, 0x00000000eb47c200, 0x00000000eb550000)
 Metaspace       used 27121K, capacity 27868K, committed 28080K, reserved 1073152K
  class space    used 3434K, capacity 3638K, committed 3760K, reserved 1048576K
}
Event: 4.544 GC heap before
{Heap before GC invocations=60 (full 1):
 def new generation   total 4992K, used 4874K [0x00000000e0000000, 0x00000000e0560000, 0x00000000eaaa0000)
  eden space 4480K, 100% used [0x00000000e0000000, 0x00000000e0460000, 0x00000000e0460000)
  from space 512K,  77% used [0x00000000e0460000, 0x00000000e04c2918, 0x00000000e04e0000)
  to   space 512K,   0% used [0x00000000e04e0000, 0x00000000e04e0000, 0x00000000e0560000)
 tenured generation   total 10944K, used 10096K [0x00000000eaaa0000, 0x00000000eb550000, 0x0000000100000000)
   the space 10944K,  92% used [0x00000000eaaa0000, 0x00000000eb47c1f8, 0x00000000eb47c200, 0x00000000eb550000)
 Metaspace       used 27177K, capacity 27938K, committed 28080K, reserved 1073152K
  class space    used 3441K, capacity 3639K, committed 3760K, reserved 1048576K
Event: 4.546 GC heap after
Heap after GC invocations=61 (full 1):
 def new generation   total 4992K, used 399K [0x00000000e0000000, 0x00000000e0560000, 0x00000000eaaa0000)
  eden space 4480K,   0% used [0x00000000e0000000, 0x00000000e0000000, 0x00000000e0460000)
  from space 512K,  78% used [0x00000000e04e0000, 0x00000000e0543f98, 0x00000000e0560000)
  to   space 512K,   0% used [0x00000000e0460000, 0x00000000e0460000, 0x00000000e04e0000)
 tenured generation   total 10944K, used 10321K [0x00000000eaaa0000, 0x00000000eb550000, 0x0000000100000000)
   the space 10944K,  94% used [0x00000000eaaa0000, 0x00000000eb4b46b8, 0x00000000eb4b4800, 0x00000000eb550000)
 Metaspace       used 27177K, capacity 27938K, committed 28080K, reserved 1073152K
  class space    used 3441K, capacity 3639K, committed 3760K, reserved 1048576K
}
Event: 4.631 GC heap before
{Heap before GC invocations=61 (full 1):
 def new generation   total 4992K, used 4879K [0x00000000e0000000, 0x00000000e0560000, 0x00000000eaaa0000)
  eden space 4480K, 100% used [0x00000000e0000000, 0x00000000e0460000, 0x00000000e0460000)
  from space 512K,  78% used [0x00000000e04e0000, 0x00000000e0543f98, 0x00000000e0560000)
  to   space 512K,   0% used [0x00000000e0460000, 0x00000000e0460000, 0x00000000e04e0000)
 tenured generation   total 10944K, used 10321K [0x00000000eaaa0000, 0x00000000eb550000, 0x0000000100000000)
   the space 10944K,  94% used [0x00000000eaaa0000, 0x00000000eb4b46b8, 0x00000000eb4b4800, 0x00000000eb550000)
 Metaspace       used 27447K, capacity 28262K, committed 28592K, reserved 1075200K
  class space    used 3472K, capacity 3681K, committed 3760K, reserved 1048576K
Event: 4.634 GC heap after
Heap after GC invocations=62 (full 1):
 def new generation   total 4992K, used 395K [0x00000000e0000000, 0x00000000e0560000, 0x00000000eaaa0000)
  eden space 4480K,   0% used [0x00000000e0000000, 0x00000000e0000000, 0x00000000e0460000)
  from space 512K,  77% used [0x00000000e0460000, 0x00000000e04c2f40, 0x00000000e04e0000)
  to   space 512K,   0% used [0x00000000e04e0000, 0x00000000e04e0000, 0x00000000e0560000)
 tenured generation   total 10944K, used 10556K [0x00000000eaaa0000, 0x00000000eb550000, 0x0000000100000000)
   the space 10944K,  96% used [0x00000000eaaa0000, 0x00000000eb4ef1b8, 0x00000000eb4ef200, 0x00000000eb550000)
 Metaspace       used 27447K, capacity 28262K, committed 28592K, reserved 1075200K
  class space    used 3472K, capacity 3681K, committed 3760K, reserved 1048576K
}
Event: 4.781 GC heap before
{Heap before GC invocations=62 (full 1):
 def new generation   total 4992K, used 4875K [0x00000000e0000000, 0x00000000e0560000, 0x00000000eaaa0000)
  eden space 4480K, 100% used [0x00000000e0000000, 0x00000000e0460000, 0x00000000e0460000)
  from space 512K,  77% used [0x00000000e0460000, 0x00000000e04c2f40, 0x00000000e04e0000)
  to   space 512K,   0% used [0x00000000e04e0000, 0x00000000e04e0000, 0x00000000e0560000)
 tenured generation   total 10944K, used 10556K [0x00000000eaaa0000, 0x00000000eb550000, 0x0000000100000000)
   the space 10944K,  96% used [0x00000000eaaa0000, 0x00000000eb4ef1b8, 0x00000000eb4ef200, 0x00000000eb550000)
 Metaspace       used 28402K, capacity 29278K, committed 29488K, reserved 1075200K
  class space    used 3610K, capacity 3851K, committed 3888K, reserved 1048576K
Event: 4.784 GC heap after
Heap after GC invocations=63 (full 1):
 def new generation   total 4992K, used 511K [0x00000000e0000000, 0x00000000e0560000, 0x00000000eaaa0000)
  eden space 4480K,   0% used [0x00000000e0000000, 0x00000000e0000000, 0x00000000e0460000)
  from space 512K,  99% used [0x00000000e04e0000, 0x00000000e055fff0, 0x00000000e0560000)
  to   space 512K,   0% used [0x00000000e0460000, 0x00000000e0460000, 0x00000000e04e0000)
 tenured generation   total 10944K, used 10840K [0x00000000eaaa0000, 0x00000000eb550000, 0x0000000100000000)
   the space 10944K,  99% used [0x00000000eaaa0000, 0x00000000eb536020, 0x00000000eb536200, 0x00000000eb550000)
 Metaspace       used 28402K, capacity 29278K, committed 29488K, reserved 1075200K
  class space    used 3610K, capacity 3851K, committed 3888K, reserved 1048576K
}
Event: 4.865 GC heap before
{Heap before GC invocations=63 (full 1):
 def new generation   total 4992K, used 4991K [0x00000000e0000000, 0x00000000e0560000, 0x00000000eaaa0000)
  eden space 4480K, 100% used [0x00000000e0000000, 0x00000000e0460000, 0x00000000e0460000)
  from space 512K,  99% used [0x00000000e04e0000, 0x00000000e055fff0, 0x00000000e0560000)
  to   space 512K,   0% used [0x00000000e0460000, 0x00000000e0460000, 0x00000000e04e0000)
 tenured generation   total 10944K, used 10840K [0x00000000eaaa0000, 0x00000000eb550000, 0x0000000100000000)
   the space 10944K,  99% used [0x00000000eaaa0000, 0x00000000eb536020, 0x00000000eb536200, 0x00000000eb550000)
 Metaspace       used 28666K, capacity 29550K, committed 29872K, reserved 1075200K
  class space    used 3653K, capacity 3893K, committed 4016K, reserved 1048576K
Event: 4.927 GC heap after
Heap after GC invocations=64 (full 2):
 def new generation   total 7488K, used 0K [0x00000000e0000000, 0x00000000e0810000, 0x00000000eaaa0000)
  eden space 6720K,   0% used [0x00000000e0000000, 0x00000000e0000000, 0x00000000e0690000)
  from space 768K,   0% used [0x00000000e0690000, 0x00000000e0690000, 0x00000000e0750000)
  to   space 768K,   0% used [0x00000000e0750000, 0x00000000e0750000, 0x00000000e0810000)
 tenured generation   total 16376K, used 9823K [0x00000000eaaa0000, 0x00000000eba9e000, 0x0000000100000000)
   the space 16376K,  59% used [0x00000000eaaa0000, 0x00000000eb437fd8, 0x00000000eb438000, 0x00000000eba9e000)
 Metaspace       used 28666K, capacity 29550K, committed 29872K, reserved 1075200K
  class space    used 3653K, capacity 3893K, committed 4016K, reserved 1048576K
}
Event: 5.052 GC heap before
{Heap before GC invocations=64 (full 2):
 def new generation   total 7488K, used 6720K [0x00000000e0000000, 0x00000000e0810000, 0x00000000eaaa0000)
  eden space 6720K, 100% used [0x00000000e0000000, 0x00000000e0690000, 0x00000000e0690000)
  from space 768K,   0% used [0x00000000e0690000, 0x00000000e0690000, 0x00000000e0750000)
  to   space 768K,   0% used [0x00000000e0750000, 0x00000000e0750000, 0x00000000e0810000)
 tenured generation   total 16376K, used 9823K [0x00000000eaaa0000, 0x00000000eba9e000, 0x0000000100000000)
   the space 16376K,  59% used [0x00000000eaaa0000, 0x00000000eb437fd8, 0x00000000eb438000, 0x00000000eba9e000)
 Metaspace       used 28843K, capacity 29812K, committed 30128K, reserved 1075200K
  class space    used 3685K, capacity 3932K, committed 4016K, reserved 1048576K
Event: 5.056 GC heap after
Heap after GC invocations=65 (full 2):
 def new generation   total 7488K, used 557K [0x00000000e0000000, 0x00000000e0810000, 0x00000000eaaa0000)
  eden space 6720K,   0% used [0x00000000e0000000, 0x00000000e0000000, 0x00000000e0690000)
  from space 768K,  72% used [0x00000000e0750000, 0x00000000e07db708, 0x00000000e0810000)
  to   space 768K,   0% used [0x00000000e0690000, 0x00000000e0690000, 0x00000000e0750000)
 tenured generation   total 16376K, used 9823K [0x00000000eaaa0000, 0x00000000eba9e000, 0x0000000100000000)
   the space 16376K,  59% used [0x00000000eaaa0000, 0x00000000eb437fd8, 0x00000000eb438000, 0x00000000eba9e000)
 Metaspace       used 28843K, capacity 29812K, committed 30128K, reserved 1075200K
  class space    used 3685K, capacity 3932K, committed 4016K, reserved 1048576K
}
Event: 5.193 GC heap before
{Heap before GC invocations=65 (full 2):
 def new generation   total 7488K, used 7277K [0x00000000e0000000, 0x00000000e0810000, 0x00000000eaaa0000)
  eden space 6720K, 100% used [0x00000000e0000000, 0x00000000e0690000, 0x00000000e0690000)
  from space 768K,  72% used [0x00000000e0750000, 0x00000000e07db708, 0x00000000e0810000)
  to   space 768K,   0% used [0x00000000e0690000, 0x00000000e0690000, 0x00000000e0750000)
 tenured generation   total 16376K, used 9823K [0x00000000eaaa0000, 0x00000000eba9e000, 0x0000000100000000)
   the space 16376K,  59% used [0x00000000eaaa0000, 0x00000000eb437fd8, 0x00000000eb438000, 0x00000000eba9e000)
 Metaspace       used 29302K, capacity 30328K, committed 30384K, reserved 1075200K
  class space    used 3754K, capacity 4012K, committed 4016K, reserved 1048576K
Event: 5.197 GC heap after
Heap after GC invocations=66 (full 2):
 def new generation   total 7488K, used 666K [0x00000000e0000000, 0x00000000e0810000, 0x00000000eaaa0000)
  eden space 6720K,   0% used [0x00000000e0000000, 0x00000000e0000000, 0x00000000e0690000)
  from space 768K,  86% used [0x00000000e0690000, 0x00000000e0736b48, 0x00000000e0750000)
  to   space 768K,   0% used [0x00000000e0750000, 0x00000000e0750000, 0x00000000e0810000)
 tenured generation   total 16376K, used 10120K [0x00000000eaaa0000, 0x00000000eba9e000, 0x0000000100000000)
   the space 16376K,  61% used [0x00000000eaaa0000, 0x00000000eb4822c8, 0x00000000eb482400, 0x00000000eba9e000)
 Metaspace       used 29302K, capacity 30328K, committed 30384K, reserved 1075200K
  class space    used 3754K, capacity 4012K, committed 4016K, reserved 1048576K
}
Event: 5.350 GC heap before
{Heap before GC invocations=66 (full 2):
 def new generation   total 7488K, used 7386K [0x00000000e0000000, 0x00000000e0810000, 0x00000000eaaa0000)
  eden space 6720K, 100% used [0x00000000e0000000, 0x00000000e0690000, 0x00000000e0690000)
  from space 768K,  86% used [0x00000000e0690000, 0x00000000e0736b48, 0x00000000e0750000)
  to   space 768K,   0% used [0x00000000e0750000, 0x00000000e0750000, 0x00000000e0810000)
 tenured generation   total 16376K, used 10120K [0x00000000eaaa0000, 0x00000000eba9e000, 0x0000000100000000)
   the space 16376K,  61% used [0x00000000eaaa0000, 0x00000000eb4822c8, 0x00000000eb482400, 0x00000000eba9e000)
 Metaspace       used 29853K, capacity 30864K, committed 31024K, reserved 1077248K
  class space    used 3827K, capacity 4080K, committed 4144K, reserved 1048576K
Event: 5.354 GC heap after
Heap after GC invocations=67 (full 2):
 def new generation   total 7488K, used 767K [0x00000000e0000000, 0x00000000e0810000, 0x00000000eaaa0000)
  eden space 6720K,   0% used [0x00000000e0000000, 0x00000000e0000000, 0x00000000e0690000)
  from space 768K,  99% used [0x00000000e0750000, 0x00000000e080ff58, 0x00000000e0810000)
  to   space 768K,   0% used [0x00000000e0690000, 0x00000000e0690000, 0x00000000e0750000)
 tenured generation   total 16376K, used 10417K [0x00000000eaaa0000, 0x00000000eba9e000, 0x0000000100000000)
   the space 16376K,  63% used [0x00000000eaaa0000, 0x00000000eb4cc5b0, 0x00000000eb4cc600, 0x00000000eba9e000)
 Metaspace       used 29853K, capacity 30864K, committed 31024K, reserved 1077248K
  class space    used 3827K, capacity 4080K, committed 4144K, reserved 1048576K
}
Event: 5.507 GC heap before
{Heap before GC invocations=67 (full 2):
 def new generation   total 7488K, used 7487K [0x00000000e0000000, 0x00000000e0810000, 0x00000000eaaa0000)
  eden space 6720K, 100% used [0x00000000e0000000, 0x00000000e0690000, 0x00000000e0690000)
  from space 768K,  99% used [0x00000000e0750000, 0x00000000e080ff58, 0x00000000e0810000)
  to   space 768K,   0% used [0x00000000e0690000, 0x00000000e0690000, 0x00000000e0750000)
 tenured generation   total 16376K, used 10417K [0x00000000eaaa0000, 0x00000000eba9e000, 0x0000000100000000)
   the space 16376K,  63% used [0x00000000eaaa0000, 0x00000000eb4cc5b0, 0x00000000eb4cc600, 0x00000000eba9e000)
 Metaspace       used 30304K, capacity 31386K, committed 31664K, reserved 1077248K
  class space    used 3889K, capacity 4159K, committed 4272K, reserved 1048576K
Event: 5.510 GC heap after
Heap after GC invocations=68 (full 2):
 def new generation   total 7488K, used 622K [0x00000000e0000000, 0x00000000e0810000, 0x00000000eaaa0000)
  eden space 6720K,   0% used [0x00000000e0000000, 0x00000000e0000000, 0x00000000e0690000)
  from space 768K,  81% used [0x00000000e0690000, 0x00000000e072bbe8, 0x00000000e0750000)
  to   space 768K,   0% used [0x00000000e0750000, 0x00000000e0750000, 0x00000000e0810000)
 tenured generation   total 16376K, used 10639K [0x00000000eaaa0000, 0x00000000eba9e000, 0x0000000100000000)
   the space 16376K,  64% used [0x00000000eaaa0000, 0x00000000eb503f70, 0x00000000eb504000, 0x00000000eba9e000)
 Metaspace       used 30304K, capacity 31386K, committed 31664K, reserved 1077248K
  class space    used 3889K, capacity 4159K, committed 4272K, reserved 1048576K
}
Event: 5.669 GC heap before
{Heap before GC invocations=68 (full 2):
 def new generation   total 7488K, used 7342K [0x00000000e0000000, 0x00000000e0810000, 0x00000000eaaa0000)
  eden space 6720K, 100% used [0x00000000e0000000, 0x00000000e0690000, 0x00000000e0690000)
  from space 768K,  81% used [0x00000000e0690000, 0x00000000e072bbe8, 0x00000000e0750000)
  to   space 768K,   0% used [0x00000000e0750000, 0x00000000e0750000, 0x00000000e0810000)
 tenured generation   total 16376K, used 10639K [0x00000000eaaa0000, 0x00000000eba9e000, 0x0000000100000000)
   the space 16376K,  64% used [0x00000000eaaa0000, 0x00000000eb503f70, 0x00000000eb504000, 0x00000000eba9e000)
 Metaspace       used 30724K, capacity 31958K, committed 32176K, reserved 1077248K
  class space    used 3958K, capacity 4237K, committed 4272K, reserved 1048576K
Event: 5.673 GC heap after
Heap after GC invocations=69 (full 2):
 def new generation   total 7488K, used 526K [0x00000000e0000000, 0x00000000e0810000, 0x00000000eaaa0000)
  eden space 6720K,   0% used [0x00000000e0000000, 0x00000000e0000000, 0x00000000e0690000)
  from space 768K,  68% used [0x00000000e0750000, 0x00000000e07d3818, 0x00000000e0810000)
  to   space 768K,   0% used [0x00000000e0690000, 0x00000000e0690000, 0x00000000e0750000)
 tenured generation   total 16376K, used 10805K [0x00000000eaaa0000, 0x00000000eba9e000, 0x0000000100000000)
   the space 16376K,  65% used [0x00000000eaaa0000, 0x00000000eb52d590, 0x00000000eb52d600, 0x00000000eba9e000)
 Metaspace       used 30724K, capacity 31958K, committed 32176K, reserved 1077248K
  class space    used 3958K, capacity 4237K, committed 4272K, reserved 1048576K
}
Event: 5.824 GC heap before
{Heap before GC invocations=69 (full 2):
 def new generation   total 7488K, used 7246K [0x00000000e0000000, 0x00000000e0810000, 0x00000000eaaa0000)
  eden space 6720K, 100% used [0x00000000e0000000, 0x00000000e0690000, 0x00000000e0690000)
  from space 768K,  68% used [0x00000000e0750000, 0x00000000e07d3818, 0x00000000e0810000)
  to   space 768K,   0% used [0x00000000e0690000, 0x00000000e0690000, 0x00000000e0750000)
 tenured generation   total 16376K, used 10805K [0x00000000eaaa0000, 0x00000000eba9e000, 0x0000000100000000)
   the space 16376K,  65% used [0x00000000eaaa0000, 0x00000000eb52d590, 0x00000000eb52d600, 0x00000000eba9e000)
 Metaspace       used 31021K, capacity 32220K, committed 32560K, reserved 1077248K
  class space    used 4010K, capacity 4274K, committed 4400K, reserved 1048576K
Event: 5.828 GC heap after
Heap after GC invocations=70 (full 2):
 def new generation   total 7488K, used 546K [0x00000000e0000000, 0x00000000e0810000, 0x00000000eaaa0000)
  eden space 6720K,   0% used [0x00000000e0000000, 0x00000000e0000000, 0x00000000e0690000)
  from space 768K,  71% used [0x00000000e0690000, 0x00000000e0718948, 0x00000000e0750000)
  to   space 768K,   0% used [0x00000000e0750000, 0x00000000e0750000, 0x00000000e0810000)
 tenured generation   total 16376K, used 11051K [0x00000000eaaa0000, 0x00000000eba9e000, 0x0000000100000000)
   the space 16376K,  67% used [0x00000000eaaa0000, 0x00000000eb56aee0, 0x00000000eb56b000, 0x00000000eba9e000)
 Metaspace       used 31021K, capacity 32220K, committed 32560K, reserved 1077248K
  class space    used 4010K, capacity 4274K, committed 4400K, reserved 1048576K
}
Event: 5.959 GC heap before
{Heap before GC invocations=70 (full 2):
 def new generation   total 7488K, used 7266K [0x00000000e0000000, 0x00000000e0810000, 0x00000000eaaa0000)
  eden space 6720K, 100% used [0x00000000e0000000, 0x00000000e0690000, 0x00000000e0690000)
  from space 768K,  71% used [0x00000000e0690000, 0x00000000e0718948, 0x00000000e0750000)
  to   space 768K,   0% used [0x00000000e0750000, 0x00000000e0750000, 0x00000000e0810000)
 tenured generation   total 16376K, used 11051K [0x00000000eaaa0000, 0x00000000eba9e000, 0x0000000100000000)
   the space 16376K,  67% used [0x00000000eaaa0000, 0x00000000eb56aee0, 0x00000000eb56b000, 0x00000000eba9e000)
 Metaspace       used 31389K, capacity 32604K, committed 32816K, reserved 1077248K
  class space    used 4063K, capacity 4338K, committed 4400K, reserved 1048576K
Event: 5.963 GC heap after
Heap after GC invocations=71 (full 2):
 def new generation   total 7488K, used 618K [0x00000000e0000000, 0x00000000e0810000, 0x00000000eaaa0000)
  eden space 6720K,   0% used [0x00000000e0000000, 0x00000000e0000000, 0x00000000e0690000)
  from space 768K,  80% used [0x00000000e0750000, 0x00000000e07ea918, 0x00000000e0810000)
  to   space 768K,   0% used [0x00000000e0690000, 0x00000000e0690000, 0x00000000e0750000)
 tenured generation   total 16376K, used 11296K [0x00000000eaaa0000, 0x00000000eba9e000, 0x0000000100000000)
   the space 16376K,  68% used [0x00000000eaaa0000, 0x00000000eb5a8170, 0x00000000eb5a8200, 0x00000000eba9e000)
 Metaspace       used 31389K, capacity 32604K, committed 32816K, reserved 1077248K
  class space    used 4063K, capacity 4338K, committed 4400K, reserved 1048576K
}
Event: 6.114 GC heap before
{Heap before GC invocations=71 (full 2):
 def new generation   total 7488K, used 7338K [0x00000000e0000000, 0x00000000e0810000, 0x00000000eaaa0000)
  eden space 6720K, 100% used [0x00000000e0000000, 0x00000000e0690000, 0x00000000e0690000)
  from space 768K,  80% used [0x00000000e0750000, 0x00000000e07ea918, 0x00000000e0810000)
  to   space 768K,   0% used [0x00000000e0690000, 0x00000000e0690000, 0x00000000e0750000)
 tenured generation   total 16376K, used 11296K [0x00000000eaaa0000, 0x00000000eba9e000, 0x0000000100000000)
   the space 16376K,  68% used [0x00000000eaaa0000, 0x00000000eb5a8170, 0x00000000eb5a8200, 0x00000000eba9e000)
 Metaspace       used 31968K, capacity 33180K, committed 33456K, reserved 1079296K
  class space    used 4140K, capacity 4402K, committed 4528K, reserved 1048576K
Event: 6.118 GC heap after
Heap after GC invocations=72 (full 2):
 def new generation   total 7488K, used 621K [0x00000000e0000000, 0x00000000e0810000, 0x00000000eaaa0000)
  eden space 6720K,   0% used [0x00000000e0000000, 0x00000000e0000000, 0x00000000e0690000)
  from space 768K,  80% used [0x00000000e0690000, 0x00000000e072b788, 0x00000000e0750000)
  to   space 768K,   0% used [0x00000000e0750000, 0x00000000e0750000, 0x00000000e0810000)
 tenured generation   total 16376K, used 11542K [0x00000000eaaa0000, 0x00000000eba9e000, 0x0000000100000000)
   the space 16376K,  70% used [0x00000000eaaa0000, 0x00000000eb5e5980, 0x00000000eb5e5a00, 0x00000000eba9e000)
 Metaspace       used 31968K, capacity 33180K, committed 33456K, reserved 1079296K
  class space    used 4140K, capacity 4402K, committed 4528K, reserved 1048576K
}
Event: 6.310 GC heap before
{Heap before GC invocations=72 (full 2):
 def new generation   total 7488K, used 7341K [0x00000000e0000000, 0x00000000e0810000, 0x00000000eaaa0000)
  eden space 6720K, 100% used [0x00000000e0000000, 0x00000000e0690000, 0x00000000e0690000)
  from space 768K,  80% used [0x00000000e0690000, 0x00000000e072b788, 0x00000000e0750000)
  to   space 768K,   0% used [0x00000000e0750000, 0x00000000e0750000, 0x00000000e0810000)
 tenured generation   total 16376K, used 11542K [0x00000000eaaa0000, 0x00000000eba9e000, 0x0000000100000000)
   the space 16376K,  70% used [0x00000000eaaa0000, 0x00000000eb5e5980, 0x00000000eb5e5a00, 0x00000000eba9e000)
 Metaspace       used 32415K, capacity 33544K, committed 33712K, reserved 1079296K
  class space    used 4185K, capacity 4436K, committed 4528K, reserved 1048576K
Event: 6.313 GC heap after
Heap after GC invocations=73 (full 2):
 def new generation   total 7488K, used 451K [0x00000000e0000000, 0x00000000e0810000, 0x00000000eaaa0000)
  eden space 6720K,   0% used [0x00000000e0000000, 0x00000000e0000000, 0x00000000e0690000)
  from space 768K,  58% used [0x00000000e0750000, 0x00000000e07c0eb8, 0x00000000e0810000)
  to   space 768K,   0% used [0x00000000e0690000, 0x00000000e0690000, 0x00000000e0750000)
 tenured generation   total 16376K, used 11685K [0x00000000eaaa0000, 0x00000000eba9e000, 0x0000000100000000)
   the space 16376K,  71% used [0x00000000eaaa0000, 0x00000000eb609638, 0x00000000eb609800, 0x00000000eba9e000)
 Metaspace       used 32415K, capacity 33544K, committed 33712K, reserved 1079296K
  class space    used 4185K, capacity 4436K, committed 4528K, reserved 1048576K
}
Event: 6.469 GC heap before
{Heap before GC invocations=73 (full 2):
 def new generation   total 7488K, used 7171K [0x00000000e0000000, 0x00000000e0810000, 0x00000000eaaa0000)
  eden space 6720K, 100% used [0x00000000e0000000, 0x00000000e0690000, 0x00000000e0690000)
  from space 768K,  58% used [0x00000000e0750000, 0x00000000e07c0eb8, 0x00000000e0810000)
  to   space 768K,   0% used [0x00000000e0690000, 0x00000000e0690000, 0x00000000e0750000)
 tenured generation   total 16376K, used 11685K [0x00000000eaaa0000, 0x00000000eba9e000, 0x0000000100000000)
   the space 16376K,  71% used [0x00000000eaaa0000, 0x00000000eb609638, 0x00000000eb609800, 0x00000000eba9e000)
 Metaspace       used 32783K, capacity 33998K, committed 34224K, reserved 1079296K
  class space    used 4219K, capacity 4501K, committed 4528K, reserved 1048576K
Event: 6.472 GC heap after
Heap after GC invocations=74 (full 2):
 def new generation   total 7488K, used 387K [0x00000000e0000000, 0x00000000e0810000, 0x00000000eaaa0000)
  eden space 6720K,   0% used [0x00000000e0000000, 0x00000000e0000000, 0x00000000e0690000)
  from space 768K,  50% used [0x00000000e0690000, 0x00000000e06f0d88, 0x00000000e0750000)
  to   space 768K,   0% used [0x00000000e0750000, 0x00000000e0750000, 0x00000000e0810000)
 tenured generation   total 16376K, used 11928K [0x00000000eaaa0000, 0x00000000eba9e000, 0x0000000100000000)
   the space 16376K,  72% used [0x00000000eaaa0000, 0x00000000eb646360, 0x00000000eb646400, 0x00000000eba9e000)
 Metaspace       used 32783K, capacity 33998K, committed 34224K, reserved 1079296K
  class space    used 4219K, capacity 4501K, committed 4528K, reserved 1048576K
}
Event: 6.604 GC heap before
{Heap before GC invocations=74 (full 2):
 def new generation   total 7488K, used 7107K [0x00000000e0000000, 0x00000000e0810000, 0x00000000eaaa0000)
  eden space 6720K, 100% used [0x00000000e0000000, 0x00000000e0690000, 0x00000000e0690000)
  from space 768K,  50% used [0x00000000e0690000, 0x00000000e06f0d88, 0x00000000e0750000)
  to   space 768K,   0% used [0x00000000e0750000, 0x00000000e0750000, 0x00000000e0810000)
 tenured generation   total 16376K, used 11928K [0x00000000eaaa0000, 0x00000000eba9e000, 0x0000000100000000)
   the space 16376K,  72% used [0x00000000eaaa0000, 0x00000000eb646360, 0x00000000eb646400, 0x00000000eba9e000)
 Metaspace       used 33093K, capacity 34306K, committed 34480K, reserved 1079296K
  class space    used 4254K, capacity 4509K, committed 4528K, reserved 1048576K
Event: 6.608 GC heap after
Heap after GC invocations=75 (full 2):
 def new generation   total 7488K, used 565K [0x00000000e0000000, 0x00000000e0810000, 0x00000000eaaa0000)
  eden space 6720K,   0% used [0x00000000e0000000, 0x00000000e0000000, 0x00000000e0690000)
  from space 768K,  73% used [0x00000000e0750000, 0x00000000e07dd4c0, 0x00000000e0810000)
  to   space 768K,   0% used [0x00000000e0690000, 0x00000000e0690000, 0x00000000e0750000)
 tenured generation   total 16376K, used 12267K [0x00000000eaaa0000, 0x00000000eba9e000, 0x0000000100000000)
   the space 16376K,  74% used [0x00000000eaaa0000, 0x00000000eb69af90, 0x00000000eb69b000, 0x00000000eba9e000)
 Metaspace       used 33093K, capacity 34306K, committed 34480K, reserved 1079296K
  class space    used 4254K, capacity 4509K, committed 4528K, reserved 1048576K
}
Event: 6.740 GC heap before
{Heap before GC invocations=75 (full 2):
 def new generation   total 7488K, used 7285K [0x00000000e0000000, 0x00000000e0810000, 0x00000000eaaa0000)
  eden space 6720K, 100% used [0x00000000e0000000, 0x00000000e0690000, 0x00000000e0690000)
  from space 768K,  73% used [0x00000000e0750000, 0x00000000e07dd4c0, 0x00000000e0810000)
  to   space 768K,   0% used [0x00000000e0690000, 0x00000000e0690000, 0x00000000e0750000)
 tenured generation   total 16376K, used 12267K [0x00000000eaaa0000, 0x00000000eba9e000, 0x0000000100000000)
   the space 16376K,  74% used [0x00000000eaaa0000, 0x00000000eb69af90, 0x00000000eb69b000, 0x00000000eba9e000)
 Metaspace       used 33378K, capacity 34616K, committed 34864K, reserved 1079296K
  class space    used 4295K, capacity 4554K, committed 4656K, reserved 1048576K
Event: 6.749 GC heap after
Heap after GC invocations=76 (full 2):
 def new generation   total 7488K, used 713K [0x00000000e0000000, 0x00000000e0810000, 0x00000000eaaa0000)
  eden space 6720K,   0% used [0x00000000e0000000, 0x00000000e0000000, 0x00000000e0690000)
  from space 768K,  92% used [0x00000000e0690000, 0x00000000e07426d0, 0x00000000e0750000)
  to   space 768K,   0% used [0x00000000e0750000, 0x00000000e0750000, 0x00000000e0810000)
 tenured generation   total 16376K, used 12708K [0x00000000eaaa0000, 0x00000000eba9e000, 0x0000000100000000)
   the space 16376K,  77% used [0x00000000eaaa0000, 0x00000000eb709170, 0x00000000eb709200, 0x00000000eba9e000)
 Metaspace       used 33378K, capacity 34616K, committed 34864K, reserved 1079296K
  class space    used 4295K, capacity 4554K, committed 4656K, reserved 1048576K
}
Event: 6.850 GC heap before
{Heap before GC invocations=76 (full 2):
 def new generation   total 7488K, used 7433K [0x00000000e0000000, 0x00000000e0810000, 0x00000000eaaa0000)
  eden space 6720K, 100% used [0x00000000e0000000, 0x00000000e0690000, 0x00000000e0690000)
  from space 768K,  92% used [0x00000000e0690000, 0x00000000e07426d0, 0x00000000e0750000)
  to   space 768K,   0% used [0x00000000e0750000, 0x00000000e0750000, 0x00000000e0810000)
 tenured generation   total 16376K, used 12708K [0x00000000eaaa0000, 0x00000000eba9e000, 0x0000000100000000)
   the space 16376K,  77% used [0x00000000eaaa0000, 0x00000000eb709170, 0x00000000eb709200, 0x00000000eba9e000)
 Metaspace       used 33577K, capacity 34858K, committed 35120K, reserved 1079296K
  class space    used 4329K, capacity 4591K, committed 4656K, reserved 1048576K
Event: 6.854 GC heap after
Heap after GC invocations=77 (full 2):
 def new generation   total 7488K, used 327K [0x00000000e0000000, 0x00000000e0810000, 0x00000000eaaa0000)
  eden space 6720K,   0% used [0x00000000e0000000, 0x00000000e0000000, 0x00000000e0690000)
  from space 768K,  42% used [0x00000000e0750000, 0x00000000e07a1fe0, 0x00000000e0810000)
  to   space 768K,   0% used [0x00000000e0690000, 0x00000000e0690000, 0x00000000e0750000)
 tenured generation   total 16376K, used 13236K [0x00000000eaaa0000, 0x00000000eba9e000, 0x0000000100000000)
   the space 16376K,  80% used [0x00000000eaaa0000, 0x00000000eb78d2f0, 0x00000000eb78d400, 0x00000000eba9e000)
 Metaspace       used 33577K, capacity 34858K, committed 35120K, reserved 1079296K
  class space    used 4329K, capacity 4591K, committed 4656K, reserved 1048576K
}
Event: 6.925 GC heap before
{Heap before GC invocations=77 (full 2):
 def new generation   total 7488K, used 7047K [0x00000000e0000000, 0x00000000e0810000, 0x00000000eaaa0000)
  eden space 6720K, 100% used [0x00000000e0000000, 0x00000000e0690000, 0x00000000e0690000)
  from space 768K,  42% used [0x00000000e0750000, 0x00000000e07a1fe0, 0x00000000e0810000)
  to   space 768K,   0% used [0x00000000e0690000, 0x00000000e0690000, 0x00000000e0750000)
 tenured generation   total 16376K, used 13236K [0x00000000eaaa0000, 0x00000000eba9e000, 0x0000000100000000)
   the space 16376K,  80% used [0x00000000eaaa0000, 0x00000000eb78d2f0, 0x00000000eb78d400, 0x00000000eba9e000)
 Metaspace       used 33670K, capacity 34960K, committed 35120K, reserved 1079296K
  class space    used 4344K, capacity 4624K, committed 4656K, reserved 1048576K
Event: 6.927 GC heap after
Heap after GC invocations=78 (full 2):
 def new generation   total 7488K, used 370K [0x00000000e0000000, 0x00000000e0810000, 0x00000000eaaa0000)
  eden space 6720K,   0% used [0x00000000e0000000, 0x00000000e0000000, 0x00000000e0690000)
  from space 768K,  48% used [0x00000000e0690000, 0x00000000e06ecb08, 0x00000000e0750000)
  to   space 768K,   0% used [0x00000000e0750000, 0x00000000e0750000, 0x00000000e0810000)
 tenured generation   total 16376K, used 13236K [0x00000000eaaa0000, 0x00000000eba9e000, 0x0000000100000000)
   the space 16376K,  80% used [0x00000000eaaa0000, 0x00000000eb78d2f0, 0x00000000eb78d400, 0x00000000eba9e000)
 Metaspace       used 33670K, capacity 34960K, committed 35120K, reserved 1079296K
  class space    used 4344K, capacity 4624K, committed 4656K, reserved 1048576K
}
Event: 7.035 GC heap before
{Heap before GC invocations=78 (full 2):
 def new generation   total 7488K, used 7090K [0x00000000e0000000, 0x00000000e0810000, 0x00000000eaaa0000)
  eden space 6720K, 100% used [0x00000000e0000000, 0x00000000e0690000, 0x00000000e0690000)
  from space 768K,  48% used [0x00000000e0690000, 0x00000000e06ecb08, 0x00000000e0750000)
  to   space 768K,   0% used [0x00000000e0750000, 0x00000000e0750000, 0x00000000e0810000)
 tenured generation   total 16376K, used 13236K [0x00000000eaaa0000, 0x00000000eba9e000, 0x0000000100000000)
   the space 16376K,  80% used [0x00000000eaaa0000, 0x00000000eb78d2f0, 0x00000000eb78d400, 0x00000000eba9e000)
 Metaspace       used 33792K, capacity 35050K, committed 35120K, reserved 1079296K
  class space    used 4365K, capacity 4629K, committed 4656K, reserved 1048576K
Event: 7.039 GC heap after
Heap after GC invocations=79 (full 2):
 def new generation   total 7488K, used 634K [0x00000000e0000000, 0x00000000e0810000, 0x00000000eaaa0000)
  eden space 6720K,   0% used [0x00000000e0000000, 0x00000000e0000000, 0x00000000e0690000)
  from space 768K,  82% used [0x00000000e0750000, 0x00000000e07eeb48, 0x00000000e0810000)
  to   space 768K,   0% used [0x00000000e0690000, 0x00000000e0690000, 0x00000000e0750000)
 tenured generation   total 16376K, used 13236K [0x00000000eaaa0000, 0x00000000eba9e000, 0x0000000100000000)
   the space 16376K,  80% used [0x00000000eaaa0000, 0x00000000eb78d2f0, 0x00000000eb78d400, 0x00000000eba9e000)
 Metaspace       used 33792K, capacity 35050K, committed 35120K, reserved 1079296K
  class space    used 4365K, capacity 4629K, committed 4656K, reserved 1048576K
}
Event: 7.135 GC heap before
{Heap before GC invocations=79 (full 2):
 def new generation   total 7488K, used 7354K [0x00000000e0000000, 0x00000000e0810000, 0x00000000eaaa0000)
  eden space 6720K, 100% used [0x00000000e0000000, 0x00000000e0690000, 0x00000000e0690000)
  from space 768K,  82% used [0x00000000e0750000, 0x00000000e07eeb48, 0x00000000e0810000)
  to   space 768K,   0% used [0x00000000e0690000, 0x00000000e0690000, 0x00000000e0750000)
 tenured generation   total 16376K, used 13236K [0x00000000eaaa0000, 0x00000000eba9e000, 0x0000000100000000)
   the space 16376K,  80% used [0x00000000eaaa0000, 0x00000000eb78d2f0, 0x00000000eb78d400, 0x00000000eba9e000)
 Metaspace       used 33947K, capacity 35218K, committed 35504K, reserved 1079296K
  class space    used 4390K, capacity 4661K, committed 4784K, reserved 1048576K
Event: 7.140 GC heap after
Heap after GC invocations=80 (full 2):
 def new generation   total 7488K, used 610K [0x00000000e0000000, 0x00000000e0810000, 0x00000000eaaa0000)
  eden space 6720K,   0% used [0x00000000e0000000, 0x00000000e0000000, 0x00000000e0690000)
  from space 768K,  79% used [0x00000000e0690000, 0x00000000e0728920, 0x00000000e0750000)
  to   space 768K,   0% used [0x00000000e0750000, 0x00000000e0750000, 0x00000000e0810000)
 tenured generation   total 16376K, used 13539K [0x00000000eaaa0000, 0x00000000eba9e000, 0x0000000100000000)
   the space 16376K,  82% used [0x00000000eaaa0000, 0x00000000eb7d8fb8, 0x00000000eb7d9000, 0x00000000eba9e000)
 Metaspace       used 33947K, capacity 35218K, committed 35504K, reserved 1079296K
  class space    used 4390K, capacity 4661K, committed 4784K, reserved 1048576K
}
Event: 7.314 GC heap before
{Heap before GC invocations=80 (full 2):
 def new generation   total 7488K, used 7330K [0x00000000e0000000, 0x00000000e0810000, 0x00000000eaaa0000)
  eden space 6720K, 100% used [0x00000000e0000000, 0x00000000e0690000, 0x00000000e0690000)
  from space 768K,  79% used [0x00000000e0690000, 0x00000000e0728920, 0x00000000e0750000)
  to   space 768K,   0% used [0x00000000e0750000, 0x00000000e0750000, 0x00000000e0810000)
 tenured generation   total 16376K, used 13539K [0x00000000eaaa0000, 0x00000000eba9e000, 0x0000000100000000)
   the space 16376K,  82% used [0x00000000eaaa0000, 0x00000000eb7d8fb8, 0x00000000eb7d9000, 0x00000000eba9e000)
 Metaspace       used 34221K, capacity 35588K, committed 35760K, reserved 1081344K
  class space    used 4427K, capacity 4736K, committed 4784K, reserved 1048576K
Event: 7.319 GC heap after
Heap after GC invocations=81 (full 2):
 def new generation   total 7488K, used 767K [0x00000000e0000000, 0x00000000e0810000, 0x00000000eaaa0000)
  eden space 6720K,   0% used [0x00000000e0000000, 0x00000000e0000000, 0x00000000e0690000)
  from space 768K,  99% used [0x00000000e0750000, 0x00000000e080fff8, 0x00000000e0810000)
  to   space 768K,   0% used [0x00000000e0690000, 0x00000000e0690000, 0x00000000e0750000)
 tenured generation   total 16376K, used 13857K [0x00000000eaaa0000, 0x00000000eba9e000, 0x0000000100000000)
   the space 16376K,  84% used [0x00000000eaaa0000, 0x00000000eb8287b8, 0x00000000eb828800, 0x00000000eba9e000)
 Metaspace       used 34221K, capacity 35588K, committed 35760K, reserved 1081344K
  class space    used 4427K, capacity 4736K, committed 4784K, reserved 1048576K
}
Event: 7.458 GC heap before
{Heap before GC invocations=81 (full 2):
 def new generation   total 7488K, used 7487K [0x00000000e0000000, 0x00000000e0810000, 0x00000000eaaa0000)
  eden space 6720K, 100% used [0x00000000e0000000, 0x00000000e0690000, 0x00000000e0690000)
  from space 768K,  99% used [0x00000000e0750000, 0x00000000e080fff8, 0x00000000e0810000)
  to   space 768K,   0% used [0x00000000e0690000, 0x00000000e0690000, 0x00000000e0750000)
 tenured generation   total 16376K, used 13857K [0x00000000eaaa0000, 0x00000000eba9e000, 0x0000000100000000)
   the space 16376K,  84% used [0x00000000eaaa0000, 0x00000000eb8287b8, 0x00000000eb828800, 0x00000000eba9e000)
 Metaspace       used 34446K, capacity 35814K, committed 36016K, reserved 1081344K
  class space    used 4446K, capacity 4743K, committed 4784K, reserved 1048576K
Event: 7.467 GC heap after
Heap after GC invocations=82 (full 2):
 def new generation   total 7488K, used 211K [0x00000000e0000000, 0x00000000e0810000, 0x00000000eaaa0000)
  eden space 6720K,   0% used [0x00000000e0000000, 0x00000000e0000000, 0x00000000e0690000)
  from space 768K,  27% used [0x00000000e0690000, 0x00000000e06c4d00, 0x00000000e0750000)
  to   space 768K,   0% used [0x00000000e0750000, 0x00000000e0750000, 0x00000000e0810000)
 tenured generation   total 16376K, used 14527K [0x00000000eaaa0000, 0x00000000eba9e000, 0x0000000100000000)
   the space 16376K,  88% used [0x00000000eaaa0000, 0x00000000eb8cfca8, 0x00000000eb8cfe00, 0x00000000eba9e000)
 Metaspace       used 34446K, capacity 35814K, committed 36016K, reserved 1081344K
  class space    used 4446K, capacity 4743K, committed 4784K, reserved 1048576K
}
Event: 7.629 GC heap before
{Heap before GC invocations=82 (full 2):
 def new generation   total 7488K, used 6931K [0x00000000e0000000, 0x00000000e0810000, 0x00000000eaaa0000)
  eden space 6720K, 100% used [0x00000000e0000000, 0x00000000e0690000, 0x00000000e0690000)
  from space 768K,  27% used [0x00000000e0690000, 0x00000000e06c4d00, 0x00000000e0750000)
  to   space 768K,   0% used [0x00000000e0750000, 0x00000000e0750000, 0x00000000e0810000)
 tenured generation   total 16376K, used 14527K [0x00000000eaaa0000, 0x00000000eba9e000, 0x0000000100000000)
   the space 16376K,  88% used [0x00000000eaaa0000, 0x00000000eb8cfca8, 0x00000000eb8cfe00, 0x00000000eba9e000)
 Metaspace       used 35569K, capacity 36974K, committed 37168K, reserved 1081344K
  class space    used 4563K, capacity 4873K, committed 4912K, reserved 1048576K
Event: 7.633 GC heap after
Heap after GC invocations=83 (full 2):
 def new generation   total 7488K, used 768K [0x00000000e0000000, 0x00000000e0810000, 0x00000000eaaa0000)
  eden space 6720K,   0% used [0x00000000e0000000, 0x00000000e0000000, 0x00000000e0690000)
  from space 768K, 100% used [0x00000000e0750000, 0x00000000e0810000, 0x00000000e0810000)
  to   space 768K,   0% used [0x00000000e0690000, 0x00000000e0690000, 0x00000000e0750000)
 tenured generation   total 16376K, used 14822K [0x00000000eaaa0000, 0x00000000eba9e000, 0x0000000100000000)
   the space 16376K,  90% used [0x00000000eaaa0000, 0x00000000eb919890, 0x00000000eb919a00, 0x00000000eba9e000)
 Metaspace       used 35569K, capacity 36974K, committed 37168K, reserved 1081344K
  class space    used 4563K, capacity 4873K, committed 4912K, reserved 1048576K
}
Event: 7.816 GC heap before
{Heap before GC invocations=83 (full 2):
 def new generation   total 7488K, used 7488K [0x00000000e0000000, 0x00000000e0810000, 0x00000000eaaa0000)
  eden space 6720K, 100% used [0x00000000e0000000, 0x00000000e0690000, 0x00000000e0690000)
  from space 768K, 100% used [0x00000000e0750000, 0x00000000e0810000, 0x00000000e0810000)
  to   space 768K,   0% used [0x00000000e0690000, 0x00000000e0690000, 0x00000000e0750000)
 tenured generation   total 16376K, used 14822K [0x00000000eaaa0000, 0x00000000eba9e000, 0x0000000100000000)
   the space 16376K,  90% used [0x00000000eaaa0000, 0x00000000eb919890, 0x00000000eb919a00, 0x00000000eba9e000)
 Metaspace       used 36937K, capacity 38254K, committed 38320K, reserved 1083392K
  class space    used 4707K, capacity 5001K, committed 5040K, reserved 1048576K
Event: 7.821 GC heap after
Heap after GC invocations=84 (full 2):
 def new generation   total 7488K, used 768K [0x00000000e0000000, 0x00000000e0810000, 0x00000000eaaa0000)
  eden space 6720K,   0% used [0x00000000e0000000, 0x00000000e0000000, 0x00000000e0690000)
  from space 768K, 100% used [0x00000000e0690000, 0x00000000e0750000, 0x00000000e0750000)
  to   space 768K,   0% used [0x00000000e0750000, 0x00000000e0750000, 0x00000000e0810000)
 tenured generation   total 16376K, used 15988K [0x00000000eaaa0000, 0x00000000eba9e000, 0x0000000100000000)
   the space 16376K,  97% used [0x00000000eaaa0000, 0x00000000eba3d0e0, 0x00000000eba3d200, 0x00000000eba9e000)
 Metaspace       used 36937K, capacity 38254K, committed 38320K, reserved 1083392K
  class space    used 4707K, capacity 5001K, committed 5040K, reserved 1048576K
}
Event: 7.985 GC heap before
{Heap before GC invocations=84 (full 2):
 def new generation   total 7488K, used 7488K [0x00000000e0000000, 0x00000000e0810000, 0x00000000eaaa0000)
  eden space 6720K, 100% used [0x00000000e0000000, 0x00000000e0690000, 0x00000000e0690000)
  from space 768K, 100% used [0x00000000e0690000, 0x00000000e0750000, 0x00000000e0750000)
  to   space 768K,   0% used [0x00000000e0750000, 0x00000000e0750000, 0x00000000e0810000)
 tenured generation   total 16376K, used 15988K [0x00000000eaaa0000, 0x00000000eba9e000, 0x0000000100000000)
   the space 16376K,  97% used [0x00000000eaaa0000, 0x00000000eba3d0e0, 0x00000000eba3d200, 0x00000000eba9e000)
 Metaspace       used 38055K, capacity 39422K, committed 39728K, reserved 1083392K
  class space    used 4832K, capacity 5133K, committed 5168K, reserved 1048576K
Event: 8.047 GC heap after
Heap after GC invocations=85 (full 3):
 def new generation   total 12096K, used 0K [0x00000000e0000000, 0x00000000e0d10000, 0x00000000eaaa0000)
  eden space 10816K,   0% used [0x00000000e0000000, 0x00000000e0000000, 0x00000000e0a90000)
  from space 1280K,   0% used [0x00000000e0a90000, 0x00000000e0a90000, 0x00000000e0bd0000)
  to   space 1280K,   0% used [0x00000000e0bd0000, 0x00000000e0bd0000, 0x00000000e0d10000)
 tenured generation   total 26656K, used 15993K [0x00000000eaaa0000, 0x00000000ec4a8000, 0x0000000100000000)
   the space 26656K,  59% used [0x00000000eaaa0000, 0x00000000eba3e470, 0x00000000eba3e600, 0x00000000ec4a8000)
 Metaspace       used 38055K, capacity 39422K, committed 39728K, reserved 1083392K
  class space    used 4832K, capacity 5133K, committed 5168K, reserved 1048576K
}
Event: 8.265 GC heap before
{Heap before GC invocations=85 (full 3):
 def new generation   total 12096K, used 10810K [0x00000000e0000000, 0x00000000e0d10000, 0x00000000eaaa0000)
  eden space 10816K,  99% used [0x00000000e0000000, 0x00000000e0a8ea28, 0x00000000e0a90000)
  from space 1280K,   0% used [0x00000000e0a90000, 0x00000000e0a90000, 0x00000000e0bd0000)
  to   space 1280K,   0% used [0x00000000e0bd0000, 0x00000000e0bd0000, 0x00000000e0d10000)
 tenured generation   total 26656K, used 15993K [0x00000000eaaa0000, 0x00000000ec4a8000, 0x0000000100000000)
   the space 26656K,  59% used [0x00000000eaaa0000, 0x00000000eba3e470, 0x00000000eba3e600, 0x00000000ec4a8000)
 Metaspace       used 38755K, capacity 40168K, committed 40368K, reserved 1085440K
  class space    used 4910K, capacity 5204K, committed 5296K, reserved 1048576K
Event: 8.271 GC heap after
Heap after GC invocations=86 (full 3):
 def new generation   total 12096K, used 914K [0x00000000e0000000, 0x00000000e0d10000, 0x00000000eaaa0000)
  eden space 10816K,   0% used [0x00000000e0000000, 0x00000000e0000000, 0x00000000e0a90000)
  from space 1280K,  71% used [0x00000000e0bd0000, 0x00000000e0cb4a10, 0x00000000e0d10000)
  to   space 1280K,   0% used [0x00000000e0a90000, 0x00000000e0a90000, 0x00000000e0bd0000)
 tenured generation   total 26656K, used 15993K [0x00000000eaaa0000, 0x00000000ec4a8000, 0x0000000100000000)
   the space 26656K,  59% used [0x00000000eaaa0000, 0x00000000eba3e470, 0x00000000eba3e600, 0x00000000ec4a8000)
 Metaspace       used 38755K, capacity 40168K, committed 40368K, reserved 1085440K
  class space    used 4910K, capacity 5204K, committed 5296K, reserved 1048576K
}
Event: 8.425 GC heap before
{Heap before GC invocations=86 (full 3):
 def new generation   total 12096K, used 11730K [0x00000000e0000000, 0x00000000e0d10000, 0x00000000eaaa0000)
  eden space 10816K, 100% used [0x00000000e0000000, 0x00000000e0a90000, 0x00000000e0a90000)
  from space 1280K,  71% used [0x00000000e0bd0000, 0x00000000e0cb4a10, 0x00000000e0d10000)
  to   space 1280K,   0% used [0x00000000e0a90000, 0x00000000e0a90000, 0x00000000e0bd0000)
 tenured generation   total 26656K, used 15993K [0x00000000eaaa0000, 0x00000000ec4a8000, 0x0000000100000000)
   the space 26656K,  59% used [0x00000000eaaa0000, 0x00000000eba3e470, 0x00000000eba3e600, 0x00000000ec4a8000)
 Metaspace       used 39782K, capacity 41194K, committed 41520K, reserved 1085440K
  class space    used 5110K, capacity 5397K, committed 5424K, reserved 1048576K
Event: 8.430 GC heap after
Heap after GC invocations=87 (full 3):
 def new generation   total 12096K, used 920K [0x00000000e0000000, 0x00000000e0d10000, 0x00000000eaaa0000)
  eden space 10816K,   0% used [0x00000000e0000000, 0x00000000e0000000, 0x00000000e0a90000)
  from space 1280K,  71% used [0x00000000e0a90000, 0x00000000e0b76220, 0x00000000e0bd0000)
  to   space 1280K,   0% used [0x00000000e0bd0000, 0x00000000e0bd0000, 0x00000000e0d10000)
 tenured generation   total 26656K, used 16387K [0x00000000eaaa0000, 0x00000000ec4a8000, 0x0000000100000000)
   the space 26656K,  61% used [0x00000000eaaa0000, 0x00000000ebaa0fa8, 0x00000000ebaa1000, 0x00000000ec4a8000)
 Metaspace       used 39782K, capacity 41194K, committed 41520K, reserved 1085440K
  class space    used 5110K, capacity 5397K, committed 5424K, reserved 1048576K
}
Event: 8.606 GC heap before
{Heap before GC invocations=87 (full 3):
 def new generation   total 12096K, used 11736K [0x00000000e0000000, 0x00000000e0d10000, 0x00000000eaaa0000)
  eden space 10816K, 100% used [0x00000000e0000000, 0x00000000e0a90000, 0x00000000e0a90000)
  from space 1280K,  71% used [0x00000000e0a90000, 0x00000000e0b76220, 0x00000000e0bd0000)
  to   space 1280K,   0% used [0x00000000e0bd0000, 0x00000000e0bd0000, 0x00000000e0d10000)
 tenured generation   total 26656K, used 16387K [0x00000000eaaa0000, 0x00000000ec4a8000, 0x0000000100000000)
   the space 26656K,  61% used [0x00000000eaaa0000, 0x00000000ebaa0fa8, 0x00000000ebaa1000, 0x00000000ec4a8000)
 Metaspace       used 40493K, capacity 41900K, committed 42160K, reserved 1085440K
  class space    used 5235K, capacity 5526K, committed 5552K, reserved 1048576K
Event: 8.609 GC heap after
Heap after GC invocations=88 (full 3):
 def new generation   total 12096K, used 703K [0x00000000e0000000, 0x00000000e0d10000, 0x00000000eaaa0000)
  eden space 10816K,   0% used [0x00000000e0000000, 0x00000000e0000000, 0x00000000e0a90000)
  from space 1280K,  54% used [0x00000000e0bd0000, 0x00000000e0c7fcc0, 0x00000000e0d10000)
  to   space 1280K,   0% used [0x00000000e0a90000, 0x00000000e0a90000, 0x00000000e0bd0000)
 tenured generation   total 26656K, used 16539K [0x00000000eaaa0000, 0x00000000ec4a8000, 0x0000000100000000)
   the space 26656K,  62% used [0x00000000eaaa0000, 0x00000000ebac6ee0, 0x00000000ebac7000, 0x00000000ec4a8000)
 Metaspace       used 40493K, capacity 41900K, committed 42160K, reserved 1085440K
  class space    used 5235K, capacity 5526K, committed 5552K, reserved 1048576K
}
Event: 8.754 GC heap before
{Heap before GC invocations=88 (full 3):
 def new generation   total 12096K, used 11519K [0x00000000e0000000, 0x00000000e0d10000, 0x00000000eaaa0000)
  eden space 10816K, 100% used [0x00000000e0000000, 0x00000000e0a90000, 0x00000000e0a90000)
  from space 1280K,  54% used [0x00000000e0bd0000, 0x00000000e0c7fcc0, 0x00000000e0d10000)
  to   space 1280K,   0% used [0x00000000e0a90000, 0x00000000e0a90000, 0x00000000e0bd0000)
 tenured generation   total 26656K, used 16539K [0x00000000eaaa0000, 0x00000000ec4a8000, 0x0000000100000000)
   the space 26656K,  62% used [0x00000000eaaa0000, 0x00000000ebac6ee0, 0x00000000ebac7000, 0x00000000ec4a8000)
 Metaspace       used 41032K, capacity 42412K, committed 42544K, reserved 1085440K
  class space    used 5351K, capacity 5654K, committed 5680K, reserved 1048576K
Event: 8.757 GC heap after
Heap after GC invocations=89 (full 3):
 def new generation   total 12096K, used 708K [0x00000000e0000000, 0x00000000e0d10000, 0x00000000eaaa0000)
  eden space 10816K,   0% used [0x00000000e0000000, 0x00000000e0000000, 0x00000000e0a90000)
  from space 1280K,  55% used [0x00000000e0a90000, 0x00000000e0b410b0, 0x00000000e0bd0000)
  to   space 1280K,   0% used [0x00000000e0bd0000, 0x00000000e0bd0000, 0x00000000e0d10000)
 tenured generation   total 26656K, used 16631K [0x00000000eaaa0000, 0x00000000ec4a8000, 0x0000000100000000)
   the space 26656K,  62% used [0x00000000eaaa0000, 0x00000000ebadde90, 0x00000000ebade000, 0x00000000ec4a8000)
 Metaspace       used 41032K, capacity 42412K, committed 42544K, reserved 1085440K
  class space    used 5351K, capacity 5654K, committed 5680K, reserved 1048576K
}
Event: 8.928 GC heap before
{Heap before GC invocations=89 (full 3):
 def new generation   total 12096K, used 11524K [0x00000000e0000000, 0x00000000e0d10000, 0x00000000eaaa0000)
  eden space 10816K, 100% used [0x00000000e0000000, 0x00000000e0a90000, 0x00000000e0a90000)
  from space 1280K,  55% used [0x00000000e0a90000, 0x00000000e0b410b0, 0x00000000e0bd0000)
  to   space 1280K,   0% used [0x00000000e0bd0000, 0x00000000e0bd0000, 0x00000000e0d10000)
 tenured generation   total 26656K, used 16631K [0x00000000eaaa0000, 0x00000000ec4a8000, 0x0000000100000000)
   the space 26656K,  62% used [0x00000000eaaa0000, 0x00000000ebadde90, 0x00000000ebade000, 0x00000000ec4a8000)
 Metaspace       used 41813K, capacity 43262K, committed 43440K, reserved 1087488K
  class space    used 5490K, capacity 5785K, committed 5808K, reserved 1048576K
Event: 8.932 GC heap after
Heap after GC invocations=90 (full 3):
 def new generation   total 12096K, used 908K [0x00000000e0000000, 0x00000000e0d10000, 0x00000000eaaa0000)
  eden space 10816K,   0% used [0x00000000e0000000, 0x00000000e0000000, 0x00000000e0a90000)
  from space 1280K,  70% used [0x00000000e0bd0000, 0x00000000e0cb32b8, 0x00000000e0d10000)
  to   space 1280K,   0% used [0x00000000e0a90000, 0x00000000e0a90000, 0x00000000e0bd0000)
 tenured generation   total 26656K, used 16753K [0x00000000eaaa0000, 0x00000000ec4a8000, 0x0000000100000000)
   the space 26656K,  62% used [0x00000000eaaa0000, 0x00000000ebafc4e8, 0x00000000ebafc600, 0x00000000ec4a8000)
 Metaspace       used 41813K, capacity 43262K, committed 43440K, reserved 1087488K
  class space    used 5490K, capacity 5785K, committed 5808K, reserved 1048576K
}
Event: 9.121 GC heap before
{Heap before GC invocations=90 (full 3):
 def new generation   total 12096K, used 11724K [0x00000000e0000000, 0x00000000e0d10000, 0x00000000eaaa0000)
  eden space 10816K, 100% used [0x00000000e0000000, 0x00000000e0a90000, 0x00000000e0a90000)
  from space 1280K,  70% used [0x00000000e0bd0000, 0x00000000e0cb32b8, 0x00000000e0d10000)
  to   space 1280K,   0% used [0x00000000e0a90000, 0x00000000e0a90000, 0x00000000e0bd0000)
 tenured generation   total 26656K, used 16753K [0x00000000eaaa0000, 0x00000000ec4a8000, 0x0000000100000000)
   the space 26656K,  62% used [0x00000000eaaa0000, 0x00000000ebafc4e8, 0x00000000ebafc600, 0x00000000ec4a8000)
 Metaspace       used 42967K, capacity 44408K, committed 44720K, reserved 1087488K
  class space    used 5719K, capacity 6018K, committed 6064K, reserved 1048576K
Event: 9.126 GC heap after
Heap after GC invocations=91 (full 3):
 def new generation   total 12096K, used 1064K [0x00000000e0000000, 0x00000000e0d10000, 0x00000000eaaa0000)
  eden space 10816K,   0% used [0x00000000e0000000, 0x00000000e0000000, 0x00000000e0a90000)
  from space 1280K,  83% used [0x00000000e0a90000, 0x00000000e0b9a2f0, 0x00000000e0bd0000)
  to   space 1280K,   0% used [0x00000000e0bd0000, 0x00000000e0bd0000, 0x00000000e0d10000)
 tenured generation   total 26656K, used 17035K [0x00000000eaaa0000, 0x00000000ec4a8000, 0x0000000100000000)
   the space 26656K,  63% used [0x00000000eaaa0000, 0x00000000ebb42ca0, 0x00000000ebb42e00, 0x00000000ec4a8000)
 Metaspace       used 42967K, capacity 44408K, committed 44720K, reserved 1087488K
  class space    used 5719K, capacity 6018K, committed 6064K, reserved 1048576K
}
Event: 9.358 GC heap before
{Heap before GC invocations=91 (full 3):
 def new generation   total 12096K, used 11880K [0x00000000e0000000, 0x00000000e0d10000, 0x00000000eaaa0000)
  eden space 10816K, 100% used [0x00000000e0000000, 0x00000000e0a90000, 0x00000000e0a90000)
  from space 1280K,  83% used [0x00000000e0a90000, 0x00000000e0b9a2f0, 0x00000000e0bd0000)
  to   space 1280K,   0% used [0x00000000e0bd0000, 0x00000000e0bd0000, 0x00000000e0d10000)
 tenured generation   total 26656K, used 17035K [0x00000000eaaa0000, 0x00000000ec4a8000, 0x0000000100000000)
   the space 26656K,  63% used [0x00000000eaaa0000, 0x00000000ebb42ca0, 0x00000000ebb42e00, 0x00000000ec4a8000)
 Metaspace       used 44179K, capacity 45594K, committed 45872K, reserved 1089536K
  class space    used 5860K, capacity 6179K, committed 6192K, reserved 1048576K
Event: 9.362 GC heap after
Heap after GC invocations=92 (full 3):
 def new generation   total 12096K, used 1264K [0x00000000e0000000, 0x00000000e0d10000, 0x00000000eaaa0000)
  eden space 10816K,   0% used [0x00000000e0000000, 0x00000000e0000000, 0x00000000e0a90000)
  from space 1280K,  98% used [0x00000000e0bd0000, 0x00000000e0d0c1e8, 0x00000000e0d10000)
  to   space 1280K,   0% used [0x00000000e0a90000, 0x00000000e0a90000, 0x00000000e0bd0000)
 tenured generation   total 26656K, used 17176K [0x00000000eaaa0000, 0x00000000ec4a8000, 0x0000000100000000)
   the space 26656K,  64% used [0x00000000eaaa0000, 0x00000000ebb66058, 0x00000000ebb66200, 0x00000000ec4a8000)
 Metaspace       used 44179K, capacity 45594K, committed 45872K, reserved 1089536K
  class space    used 5860K, capacity 6179K, committed 6192K, reserved 1048576K
}
Event: 9.501 GC heap before
{Heap before GC invocations=92 (full 3):
 def new generation   total 12096K, used 12080K [0x00000000e0000000, 0x00000000e0d10000, 0x00000000eaaa0000)
  eden space 10816K, 100% used [0x00000000e0000000, 0x00000000e0a90000, 0x00000000e0a90000)
  from space 1280K,  98% used [0x00000000e0bd0000, 0x00000000e0d0c1e8, 0x00000000e0d10000)
  to   space 1280K,   0% used [0x00000000e0a90000, 0x00000000e0a90000, 0x00000000e0bd0000)
 tenured generation   total 26656K, used 17176K [0x00000000eaaa0000, 0x00000000ec4a8000, 0x0000000100000000)
   the space 26656K,  64% used [0x00000000eaaa0000, 0x00000000ebb66058, 0x00000000ebb66200, 0x00000000ec4a8000)
 Metaspace       used 45262K, capacity 46720K, committed 47152K, reserved 1089536K
  class space    used 6014K, capacity 6340K, committed 6448K, reserved 1048576K
Event: 9.506 GC heap after
Heap after GC invocations=93 (full 3):
 def new generation   total 12096K, used 960K [0x00000000e0000000, 0x00000000e0d10000, 0x00000000eaaa0000)
  eden space 10816K,   0% used [0x00000000e0000000, 0x00000000e0000000, 0x00000000e0a90000)
  from space 1280K,  75% used [0x00000000e0a90000, 0x00000000e0b803d8, 0x00000000e0bd0000)
  to   space 1280K,   0% used [0x00000000e0bd0000, 0x00000000e0bd0000, 0x00000000e0d10000)
 tenured generation   total 26656K, used 17586K [0x00000000eaaa0000, 0x00000000ec4a8000, 0x0000000100000000)
   the space 26656K,  65% used [0x00000000eaaa0000, 0x00000000ebbcc8c0, 0x00000000ebbcca00, 0x00000000ec4a8000)
 Metaspace       used 45262K, capacity 46720K, committed 47152K, reserved 1089536K
  class space    used 6014K, capacity 6340K, committed 6448K, reserved 1048576K
}
Event: 9.628 GC heap before
{Heap before GC invocations=93 (full 3):
 def new generation   total 12096K, used 11776K [0x00000000e0000000, 0x00000000e0d10000, 0x00000000eaaa0000)
  eden space 10816K, 100% used [0x00000000e0000000, 0x00000000e0a90000, 0x00000000e0a90000)
  from space 1280K,  75% used [0x00000000e0a90000, 0x00000000e0b803d8, 0x00000000e0bd0000)
  to   space 1280K,   0% used [0x00000000e0bd0000, 0x00000000e0bd0000, 0x00000000e0d10000)
 tenured generation   total 26656K, used 17586K [0x00000000eaaa0000, 0x00000000ec4a8000, 0x0000000100000000)
   the space 26656K,  65% used [0x00000000eaaa0000, 0x00000000ebbcc8c0, 0x00000000ebbcca00, 0x00000000ec4a8000)
 Metaspace       used 46248K, capacity 47692K, committed 48048K, reserved 1091584K
  class space    used 6151K, capacity 6470K, committed 6576K, reserved 1048576K
Event: 9.632 GC heap after
Heap after GC invocations=94 (full 3):
 def new generation   total 12096K, used 953K [0x00000000e0000000, 0x00000000e0d10000, 0x00000000eaaa0000)
  eden space 10816K,   0% used [0x00000000e0000000, 0x00000000e0000000, 0x00000000e0a90000)
  from space 1280K,  74% used [0x00000000e0bd0000, 0x00000000e0cbe530, 0x00000000e0d10000)
  to   space 1280K,   0% used [0x00000000e0a90000, 0x00000000e0a90000, 0x00000000e0bd0000)
 tenured generation   total 26656K, used 17719K [0x00000000eaaa0000, 0x00000000ec4a8000, 0x0000000100000000)
   the space 26656K,  66% used [0x00000000eaaa0000, 0x00000000ebbedff0, 0x00000000ebbee000, 0x00000000ec4a8000)
 Metaspace       used 46248K, capacity 47692K, committed 48048K, reserved 1091584K
  class space    used 6151K, capacity 6470K, committed 6576K, reserved 1048576K
}
Event: 9.766 GC heap before
{Heap before GC invocations=94 (full 3):
 def new generation   total 12096K, used 11769K [0x00000000e0000000, 0x00000000e0d10000, 0x00000000eaaa0000)
  eden space 10816K, 100% used [0x00000000e0000000, 0x00000000e0a90000, 0x00000000e0a90000)
  from space 1280K,  74% used [0x00000000e0bd0000, 0x00000000e0cbe530, 0x00000000e0d10000)
  to   space 1280K,   0% used [0x00000000e0a90000, 0x00000000e0a90000, 0x00000000e0bd0000)
 tenured generation   total 26656K, used 17719K [0x00000000eaaa0000, 0x00000000ec4a8000, 0x0000000100000000)
   the space 26656K,  66% used [0x00000000eaaa0000, 0x00000000ebbedff0, 0x00000000ebbee000, 0x00000000ec4a8000)
 Metaspace       used 46894K, capacity 48314K, committed 48560K, reserved 1091584K
  class space    used 6256K, capacity 6569K, committed 6576K, reserved 1048576K
Event: 9.770 GC heap after
Heap after GC invocations=95 (full 3):
 def new generation   total 12096K, used 799K [0x00000000e0000000, 0x00000000e0d10000, 0x00000000eaaa0000)
  eden space 10816K,   0% used [0x00000000e0000000, 0x00000000e0000000, 0x00000000e0a90000)
  from space 1280K,  62% used [0x00000000e0a90000, 0x00000000e0b57f98, 0x00000000e0bd0000)
  to   space 1280K,   0% used [0x00000000e0bd0000, 0x00000000e0bd0000, 0x00000000e0d10000)
 tenured generation   total 26656K, used 17902K [0x00000000eaaa0000, 0x00000000ec4a8000, 0x0000000100000000)
   the space 26656K,  67% used [0x00000000eaaa0000, 0x00000000ebc1b908, 0x00000000ebc1ba00, 0x00000000ec4a8000)
 Metaspace       used 46894K, capacity 48314K, committed 48560K, reserved 1091584K
  class space    used 6256K, capacity 6569K, committed 6576K, reserved 1048576K
}
Event: 9.956 GC heap before
{Heap before GC invocations=95 (full 3):
 def new generation   total 12096K, used 11615K [0x00000000e0000000, 0x00000000e0d10000, 0x00000000eaaa0000)
  eden space 10816K, 100% used [0x00000000e0000000, 0x00000000e0a90000, 0x00000000e0a90000)
  from space 1280K,  62% used [0x00000000e0a90000, 0x00000000e0b57f98, 0x00000000e0bd0000)
  to   space 1280K,   0% used [0x00000000e0bd0000, 0x00000000e0bd0000, 0x00000000e0d10000)
 tenured generation   total 26656K, used 17902K [0x00000000eaaa0000, 0x00000000ec4a8000, 0x0000000100000000)
   the space 26656K,  67% used [0x00000000eaaa0000, 0x00000000ebc1b908, 0x00000000ebc1ba00, 0x00000000ec4a8000)
 Metaspace       used 47969K, capacity 49406K, committed 49712K, reserved 1091584K
  class space    used 6383K, capacity 6675K, committed 6704K, reserved 1048576K
Event: 9.961 GC heap after
Heap after GC invocations=96 (full 3):
 def new generation   total 12096K, used 937K [0x00000000e0000000, 0x00000000e0d10000, 0x00000000eaaa0000)
  eden space 10816K,   0% used [0x00000000e0000000, 0x00000000e0000000, 0x00000000e0a90000)
  from space 1280K,  73% used [0x00000000e0bd0000, 0x00000000e0cba5a8, 0x00000000e0d10000)
  to   space 1280K,   0% used [0x00000000e0a90000, 0x00000000e0a90000, 0x00000000e0bd0000)
 tenured generation   total 26656K, used 18156K [0x00000000eaaa0000, 0x00000000ec4a8000, 0x0000000100000000)
   the space 26656K,  68% used [0x00000000eaaa0000, 0x00000000ebc5b1c8, 0x00000000ebc5b200, 0x00000000ec4a8000)
 Metaspace       used 47969K, capacity 49406K, committed 49712K, reserved 1091584K
  class space    used 6383K, capacity 6675K, committed 6704K, reserved 1048576K
}
Event: 10.062 GC heap before
{Heap before GC invocations=96 (full 3):
 def new generation   total 12096K, used 11753K [0x00000000e0000000, 0x00000000e0d10000, 0x00000000eaaa0000)
  eden space 10816K, 100% used [0x00000000e0000000, 0x00000000e0a90000, 0x00000000e0a90000)
  from space 1280K,  73% used [0x00000000e0bd0000, 0x00000000e0cba5a8, 0x00000000e0d10000)
  to   space 1280K,   0% used [0x00000000e0a90000, 0x00000000e0a90000, 0x00000000e0bd0000)
 tenured generation   total 26656K, used 18156K [0x00000000eaaa0000, 0x00000000ec4a8000, 0x0000000100000000)
   the space 26656K,  68% used [0x00000000eaaa0000, 0x00000000ebc5b1c8, 0x00000000ebc5b200, 0x00000000ec4a8000)
 Metaspace       used 48636K, capacity 50122K, committed 50480K, reserved 1093632K
  class space    used 6552K, capacity 6869K, committed 6960K, reserved 1048576K
Event: 10.066 GC heap after
Heap after GC invocations=97 (full 3):
 def new generation   total 12096K, used 793K [0x00000000e0000000, 0x00000000e0d10000, 0x00000000eaaa0000)
  eden space 10816K,   0% used [0x00000000e0000000, 0x00000000e0000000, 0x00000000e0a90000)
  from space 1280K,  61% used [0x00000000e0a90000, 0x00000000e0b56508, 0x00000000e0bd0000)
  to   space 1280K,   0% used [0x00000000e0bd0000, 0x00000000e0bd0000, 0x00000000e0d10000)
 tenured generation   total 26656K, used 18352K [0x00000000eaaa0000, 0x00000000ec4a8000, 0x0000000100000000)
   the space 26656K,  68% used [0x00000000eaaa0000, 0x00000000ebc8c310, 0x00000000ebc8c400, 0x00000000ec4a8000)
 Metaspace       used 48636K, capacity 50122K, committed 50480K, reserved 1093632K
  class space    used 6552K, capacity 6869K, committed 6960K, reserved 1048576K
}
Event: 10.157 GC heap before
{Heap before GC invocations=97 (full 3):
 def new generation   total 12096K, used 11609K [0x00000000e0000000, 0x00000000e0d10000, 0x00000000eaaa0000)
  eden space 10816K, 100% used [0x00000000e0000000, 0x00000000e0a90000, 0x00000000e0a90000)
  from space 1280K,  61% used [0x00000000e0a90000, 0x00000000e0b56508, 0x00000000e0bd0000)
  to   space 1280K,   0% used [0x00000000e0bd0000, 0x00000000e0bd0000, 0x00000000e0d10000)
 tenured generation   total 26656K, used 18352K [0x00000000eaaa0000, 0x00000000ec4a8000, 0x0000000100000000)
   the space 26656K,  68% used [0x00000000eaaa0000, 0x00000000ebc8c310, 0x00000000ebc8c400, 0x00000000ec4a8000)
 Metaspace       used 49314K, capacity 50768K, committed 51120K, reserved 1093632K
  class space    used 6677K, capacity 6998K, committed 7088K, reserved 1048576K
Event: 10.161 GC heap after
Heap after GC invocations=98 (full 3):
 def new generation   total 12096K, used 774K [0x00000000e0000000, 0x00000000e0d10000, 0x00000000eaaa0000)
  eden space 10816K,   0% used [0x00000000e0000000, 0x00000000e0000000, 0x00000000e0a90000)
  from space 1280K,  60% used [0x00000000e0bd0000, 0x00000000e0c91918, 0x00000000e0d10000)
  to   space 1280K,   0% used [0x00000000e0a90000, 0x00000000e0a90000, 0x00000000e0bd0000)
 tenured generation   total 26656K, used 18455K [0x00000000eaaa0000, 0x00000000ec4a8000, 0x0000000100000000)
   the space 26656K,  69% used [0x00000000eaaa0000, 0x00000000ebca5e30, 0x00000000ebca6000, 0x00000000ec4a8000)
 Metaspace       used 49314K, capacity 50768K, committed 51120K, reserved 1093632K
  class space    used 6677K, capacity 6998K, committed 7088K, reserved 1048576K
}
Event: 10.318 GC heap before
{Heap before GC invocations=98 (full 3):
 def new generation   total 12096K, used 11590K [0x00000000e0000000, 0x00000000e0d10000, 0x00000000eaaa0000)
  eden space 10816K, 100% used [0x00000000e0000000, 0x00000000e0a90000, 0x00000000e0a90000)
  from space 1280K,  60% used [0x00000000e0bd0000, 0x00000000e0c91918, 0x00000000e0d10000)
  to   space 1280K,   0% used [0x00000000e0a90000, 0x00000000e0a90000, 0x00000000e0bd0000)
 tenured generation   total 26656K, used 18455K [0x00000000eaaa0000, 0x00000000ec4a8000, 0x0000000100000000)
   the space 26656K,  69% used [0x00000000eaaa0000, 0x00000000ebca5e30, 0x00000000ebca6000, 0x00000000ec4a8000)
 Metaspace       used 50066K, capacity 51562K, committed 52016K, reserved 1093632K
  class space    used 6808K, capacity 7105K, committed 7216K, reserved 1048576K
Event: 10.321 GC heap after
Heap after GC invocations=99 (full 3):
 def new generation   total 12096K, used 805K [0x00000000e0000000, 0x00000000e0d10000, 0x00000000eaaa0000)
  eden space 10816K,   0% used [0x00000000e0000000, 0x00000000e0000000, 0x00000000e0a90000)
  from space 1280K,  62% used [0x00000000e0a90000, 0x00000000e0b59540, 0x00000000e0bd0000)
  to   space 1280K,   0% used [0x00000000e0bd0000, 0x00000000e0bd0000, 0x00000000e0d10000)
 tenured generation   total 26656K, used 18522K [0x00000000eaaa0000, 0x00000000ec4a8000, 0x0000000100000000)
   the space 26656K,  69% used [0x00000000eaaa0000, 0x00000000ebcb6830, 0x00000000ebcb6a00, 0x00000000ec4a8000)
 Metaspace       used 50066K, capacity 51562K, committed 52016K, reserved 1093632K
  class space    used 6808K, capacity 7105K, committed 7216K, reserved 1048576K
}
Event: 10.447 GC heap before
{Heap before GC invocations=99 (full 3):
 def new generation   total 12096K, used 11621K [0x00000000e0000000, 0x00000000e0d10000, 0x00000000eaaa0000)
  eden space 10816K, 100% used [0x00000000e0000000, 0x00000000e0a90000, 0x00000000e0a90000)
  from space 1280K,  62% used [0x00000000e0a90000, 0x00000000e0b59540, 0x00000000e0bd0000)
  to   space 1280K,   0% used [0x00000000e0bd0000, 0x00000000e0bd0000, 0x00000000e0d10000)
 tenured generation   total 26656K, used 18522K [0x00000000eaaa0000, 0x00000000ec4a8000, 0x0000000100000000)
   the space 26656K,  69% used [0x00000000eaaa0000, 0x00000000ebcb6830, 0x00000000ebcb6a00, 0x00000000ec4a8000)
 Metaspace       used 50937K, capacity 52402K, committed 52912K, reserved 1095680K
  class space    used 6949K, capacity 7235K, committed 7344K, reserved 1048576K
Event: 10.451 GC heap after
Heap after GC invocations=100 (full 3):
 def new generation   total 12096K, used 944K [0x00000000e0000000, 0x00000000e0d10000, 0x00000000eaaa0000)
  eden space 10816K,   0% used [0x00000000e0000000, 0x00000000e0000000, 0x00000000e0a90000)
  from space 1280K,  73% used [0x00000000e0bd0000, 0x00000000e0cbc3c8, 0x00000000e0d10000)
  to   space 1280K,   0% used [0x00000000e0a90000, 0x00000000e0a90000, 0x00000000e0bd0000)
 tenured generation   total 26656K, used 18697K [0x00000000eaaa0000, 0x00000000ec4a8000, 0x0000000100000000)
   the space 26656K,  70% used [0x00000000eaaa0000, 0x00000000ebce2418, 0x00000000ebce2600, 0x00000000ec4a8000)
 Metaspace       used 50937K, capacity 52402K, committed 52912K, reserved 1095680K
  class space    used 6949K, capacity 7235K, committed 7344K, reserved 1048576K
}
Event: 10.620 GC heap before
{Heap before GC invocations=100 (full 3):
 def new generation   total 12096K, used 11760K [0x00000000e0000000, 0x00000000e0d10000, 0x00000000eaaa0000)
  eden space 10816K, 100% used [0x00000000e0000000, 0x00000000e0a90000, 0x00000000e0a90000)
  from space 1280K,  73% used [0x00000000e0bd0000, 0x00000000e0cbc3c8, 0x00000000e0d10000)
  to   space 1280K,   0% used [0x00000000e0a90000, 0x00000000e0a90000, 0x00000000e0bd0000)
 tenured generation   total 26656K, used 18697K [0x00000000eaaa0000, 0x00000000ec4a8000, 0x0000000100000000)
   the space 26656K,  70% used [0x00000000eaaa0000, 0x00000000ebce2418, 0x00000000ebce2600, 0x00000000ec4a8000)
 Metaspace       used 51279K, capacity 52730K, committed 53168K, reserved 1095680K
  class space    used 6991K, capacity 7301K, committed 7344K, reserved 1048576K
Event: 10.625 GC heap after
Heap after GC invocations=101 (full 3):
 def new generation   total 12096K, used 545K [0x00000000e0000000, 0x00000000e0d10000, 0x00000000eaaa0000)
  eden space 10816K,   0% used [0x00000000e0000000, 0x00000000e0000000, 0x00000000e0a90000)
  from space 1280K,  42% used [0x00000000e0a90000, 0x00000000e0b185d0, 0x00000000e0bd0000)
  to   space 1280K,   0% used [0x00000000e0bd0000, 0x00000000e0bd0000, 0x00000000e0d10000)
 tenured generation   total 26656K, used 18850K [0x00000000eaaa0000, 0x00000000ec4a8000, 0x0000000100000000)
   the space 26656K,  70% used [0x00000000eaaa0000, 0x00000000ebd08b88, 0x00000000ebd08c00, 0x00000000ec4a8000)
 Metaspace       used 51279K, capacity 52730K, committed 53168K, reserved 1095680K
  class space    used 6991K, capacity 7301K, committed 7344K, reserved 1048576K
}
Event: 10.802 GC heap before
{Heap before GC invocations=101 (full 3):
 def new generation   total 12096K, used 11361K [0x00000000e0000000, 0x00000000e0d10000, 0x00000000eaaa0000)
  eden space 10816K, 100% used [0x00000000e0000000, 0x00000000e0a90000, 0x00000000e0a90000)
  from space 1280K,  42% used [0x00000000e0a90000, 0x00000000e0b185d0, 0x00000000e0bd0000)
  to   space 1280K,   0% used [0x00000000e0bd0000, 0x00000000e0bd0000, 0x00000000e0d10000)
 tenured generation   total 26656K, used 18850K [0x00000000eaaa0000, 0x00000000ec4a8000, 0x0000000100000000)
   the space 26656K,  70% used [0x00000000eaaa0000, 0x00000000ebd08b88, 0x00000000ebd08c00, 0x00000000ec4a8000)
 Metaspace       used 51770K, capacity 53346K, committed 53808K, reserved 1095680K
  class space    used 7038K, capacity 7375K, committed 7472K, reserved 1048576K
Event: 10.808 GC heap after
Heap after GC invocations=102 (full 3):
 def new generation   total 12096K, used 1279K [0x00000000e0000000, 0x00000000e0d10000, 0x00000000eaaa0000)
  eden space 10816K,   0% used [0x00000000e0000000, 0x00000000e0000000, 0x00000000e0a90000)
  from space 1280K,  99% used [0x00000000e0bd0000, 0x00000000e0d0fff0, 0x00000000e0d10000)
  to   space 1280K,   0% used [0x00000000e0a90000, 0x00000000e0a90000, 0x00000000e0bd0000)
 tenured generation   total 26656K, used 18949K [0x00000000eaaa0000, 0x00000000ec4a8000, 0x0000000100000000)
   the space 26656K,  71% used [0x00000000eaaa0000, 0x00000000ebd21428, 0x00000000ebd21600, 0x00000000ec4a8000)
 Metaspace       used 51770K, capacity 53346K, committed 53808K, reserved 1095680K
  class space    used 7038K, capacity 7375K, committed 7472K, reserved 1048576K
}
Event: 11.006 GC heap before
{Heap before GC invocations=102 (full 3):
 def new generation   total 12096K, used 12095K [0x00000000e0000000, 0x00000000e0d10000, 0x00000000eaaa0000)
  eden space 10816K, 100% used [0x00000000e0000000, 0x00000000e0a90000, 0x00000000e0a90000)
  from space 1280K,  99% used [0x00000000e0bd0000, 0x00000000e0d0fff0, 0x00000000e0d10000)
  to   space 1280K,   0% used [0x00000000e0a90000, 0x00000000e0a90000, 0x00000000e0bd0000)
 tenured generation   total 26656K, used 18949K [0x00000000eaaa0000, 0x00000000ec4a8000, 0x0000000100000000)
   the space 26656K,  71% used [0x00000000eaaa0000, 0x00000000ebd21428, 0x00000000ebd21600, 0x00000000ec4a8000)
 Metaspace       used 52960K, capacity 54748K, committed 54960K, reserved 1097728K
  class space    used 7221K, capacity 7594K, committed 7600K, reserved 1048576K
Event: 11.012 GC heap after
Heap after GC invocations=103 (full 3):
 def new generation   total 12096K, used 1059K [0x00000000e0000000, 0x00000000e0d10000, 0x00000000eaaa0000)
  eden space 10816K,   0% used [0x00000000e0000000, 0x00000000e0000000, 0x00000000e0a90000)
  from space 1280K,  82% used [0x00000000e0a90000, 0x00000000e0b98f48, 0x00000000e0bd0000)
  to   space 1280K,   0% used [0x00000000e0bd0000, 0x00000000e0bd0000, 0x00000000e0d10000)
 tenured generation   total 26656K, used 19946K [0x00000000eaaa0000, 0x00000000ec4a8000, 0x0000000100000000)
   the space 26656K,  74% used [0x00000000eaaa0000, 0x00000000ebe1a988, 0x00000000ebe1aa00, 0x00000000ec4a8000)
 Metaspace       used 52960K, capacity 54748K, committed 54960K, reserved 1097728K
  class space    used 7221K, capacity 7594K, committed 7600K, reserved 1048576K
}
Event: 11.241 GC heap before
{Heap before GC invocations=103 (full 3):
 def new generation   total 12096K, used 11875K [0x00000000e0000000, 0x00000000e0d10000, 0x00000000eaaa0000)
  eden space 10816K, 100% used [0x00000000e0000000, 0x00000000e0a90000, 0x00000000e0a90000)
  from space 1280K,  82% used [0x00000000e0a90000, 0x00000000e0b98f48, 0x00000000e0bd0000)
  to   space 1280K,   0% used [0x00000000e0bd0000, 0x00000000e0bd0000, 0x00000000e0d10000)
 tenured generation   total 26656K, used 19946K [0x00000000eaaa0000, 0x00000000ec4a8000, 0x0000000100000000)
   the space 26656K,  74% used [0x00000000eaaa0000, 0x00000000ebe1a988, 0x00000000ebe1aa00, 0x00000000ec4a8000)
 Metaspace       used 54093K, capacity 56094K, committed 56240K, reserved 1097728K
  class space    used 7391K, capacity 7777K, committed 7856K, reserved 1048576K
Event: 11.246 GC heap after
Heap after GC invocations=104 (full 3):
 def new generation   total 12096K, used 1135K [0x00000000e0000000, 0x00000000e0d10000, 0x00000000eaaa0000)
  eden space 10816K,   0% used [0x00000000e0000000, 0x00000000e0000000, 0x00000000e0a90000)
  from space 1280K,  88% used [0x00000000e0bd0000, 0x00000000e0cebfb8, 0x00000000e0d10000)
  to   space 1280K,   0% used [0x00000000e0a90000, 0x00000000e0a90000, 0x00000000e0bd0000)
 tenured generation   total 26656K, used 20277K [0x00000000eaaa0000, 0x00000000ec4a8000, 0x0000000100000000)
   the space 26656K,  76% used [0x00000000eaaa0000, 0x00000000ebe6d640, 0x00000000ebe6d800, 0x00000000ec4a8000)
 Metaspace       used 54093K, capacity 56094K, committed 56240K, reserved 1097728K
  class space    used 7391K, capacity 7777K, committed 7856K, reserved 1048576K
}
Event: 11.461 GC heap before
{Heap before GC invocations=104 (full 3):
 def new generation   total 12096K, used 11951K [0x00000000e0000000, 0x00000000e0d10000, 0x00000000eaaa0000)
  eden space 10816K, 100% used [0x00000000e0000000, 0x00000000e0a90000, 0x00000000e0a90000)
  from space 1280K,  88% used [0x00000000e0bd0000, 0x00000000e0cebfb8, 0x00000000e0d10000)
  to   space 1280K,   0% used [0x00000000e0a90000, 0x00000000e0a90000, 0x00000000e0bd0000)
 tenured generation   total 26656K, used 20277K [0x00000000eaaa0000, 0x00000000ec4a8000, 0x0000000100000000)
   the space 26656K,  76% used [0x00000000eaaa0000, 0x00000000ebe6d640, 0x00000000ebe6d800, 0x00000000ec4a8000)
 Metaspace       used 54635K, capacity 56620K, committed 56880K, reserved 1097728K
  class space    used 7471K, capacity 7858K, committed 7984K, reserved 1048576K
Event: 11.466 GC heap after
Heap after GC invocations=105 (full 3):
 def new generation   total 12096K, used 732K [0x00000000e0000000, 0x00000000e0d10000, 0x00000000eaaa0000)
  eden space 10816K,   0% used [0x00000000e0000000, 0x00000000e0000000, 0x00000000e0a90000)
  from space 1280K,  57% used [0x00000000e0a90000, 0x00000000e0b47108, 0x00000000e0bd0000)
  to   space 1280K,   0% used [0x00000000e0bd0000, 0x00000000e0bd0000, 0x00000000e0d10000)
 tenured generation   total 26656K, used 20656K [0x00000000eaaa0000, 0x00000000ec4a8000, 0x0000000100000000)
   the space 26656K,  77% used [0x00000000eaaa0000, 0x00000000ebecc238, 0x00000000ebecc400, 0x00000000ec4a8000)
 Metaspace       used 54635K, capacity 56620K, committed 56880K, reserved 1097728K
  class space    used 7471K, capacity 7858K, committed 7984K, reserved 1048576K
}
Event: 11.638 GC heap before
{Heap before GC invocations=105 (full 3):
 def new generation   total 12096K, used 11548K [0x00000000e0000000, 0x00000000e0d10000, 0x00000000eaaa0000)
  eden space 10816K, 100% used [0x00000000e0000000, 0x00000000e0a90000, 0x00000000e0a90000)
  from space 1280K,  57% used [0x00000000e0a90000, 0x00000000e0b47108, 0x00000000e0bd0000)
  to   space 1280K,   0% used [0x00000000e0bd0000, 0x00000000e0bd0000, 0x00000000e0d10000)
 tenured generation   total 26656K, used 20656K [0x00000000eaaa0000, 0x00000000ec4a8000, 0x0000000100000000)
   the space 26656K,  77% used [0x00000000eaaa0000, 0x00000000ebecc238, 0x00000000ebecc400, 0x00000000ec4a8000)
 Metaspace       used 54852K, capacity 56984K, committed 57136K, reserved 1097728K
  class space    used 7504K, capacity 7920K, committed 7984K, reserved 1048576K
Event: 11.644 GC heap after
Heap after GC invocations=106 (full 3):
 def new generation   total 12096K, used 425K [0x00000000e0000000, 0x00000000e0d10000, 0x00000000eaaa0000)
  eden space 10816K,   0% used [0x00000000e0000000, 0x00000000e0000000, 0x00000000e0a90000)
  from space 1280K,  33% used [0x00000000e0bd0000, 0x00000000e0c3a580, 0x00000000e0d10000)
  to   space 1280K,   0% used [0x00000000e0a90000, 0x00000000e0a90000, 0x00000000e0bd0000)
 tenured generation   total 26656K, used 21043K [0x00000000eaaa0000, 0x00000000ec4a8000, 0x0000000100000000)
   the space 26656K,  78% used [0x00000000eaaa0000, 0x00000000ebf2cf68, 0x00000000ebf2d000, 0x00000000ec4a8000)
 Metaspace       used 54852K, capacity 56984K, committed 57136K, reserved 1097728K
  class space    used 7504K, capacity 7920K, committed 7984K, reserved 1048576K
}
Event: 11.777 GC heap before
{Heap before GC invocations=106 (full 3):
 def new generation   total 12096K, used 11241K [0x00000000e0000000, 0x00000000e0d10000, 0x00000000eaaa0000)
  eden space 10816K, 100% used [0x00000000e0000000, 0x00000000e0a90000, 0x00000000e0a90000)
  from space 1280K,  33% used [0x00000000e0bd0000, 0x00000000e0c3a580, 0x00000000e0d10000)
  to   space 1280K,   0% used [0x00000000e0a90000, 0x00000000e0a90000, 0x00000000e0bd0000)
 tenured generation   total 26656K, used 21043K [0x00000000eaaa0000, 0x00000000ec4a8000, 0x0000000100000000)
   the space 26656K,  78% used [0x00000000eaaa0000, 0x00000000ebf2cf68, 0x00000000ebf2d000, 0x00000000ec4a8000)
 Metaspace       used 54978K, capacity 57102K, committed 57392K, reserved 1099776K
  class space    used 7518K, capacity 7929K, committed 7984K, reserved 1048576K
Event: 11.782 GC heap after
Heap after GC invocations=107 (full 3):
 def new generation   total 12096K, used 634K [0x00000000e0000000, 0x00000000e0d10000, 0x00000000eaaa0000)
  eden space 10816K,   0% used [0x00000000e0000000, 0x00000000e0000000, 0x00000000e0a90000)
  from space 1280K,  49% used [0x00000000e0a90000, 0x00000000e0b2e9e0, 0x00000000e0bd0000)
  to   space 1280K,   0% used [0x00000000e0bd0000, 0x00000000e0bd0000, 0x00000000e0d10000)
 tenured generation   total 26656K, used 21043K [0x00000000eaaa0000, 0x00000000ec4a8000, 0x0000000100000000)
   the space 26656K,  78% used [0x00000000eaaa0000, 0x00000000ebf2cf68, 0x00000000ebf2d000, 0x00000000ec4a8000)
 Metaspace       used 54978K, capacity 57102K, committed 57392K, reserved 1099776K
  class space    used 7518K, capacity 7929K, committed 7984K, reserved 1048576K
}
Event: 12.004 GC heap before
{Heap before GC invocations=107 (full 3):
 def new generation   total 12096K, used 11450K [0x00000000e0000000, 0x00000000e0d10000, 0x00000000eaaa0000)
  eden space 10816K, 100% used [0x00000000e0000000, 0x00000000e0a90000, 0x00000000e0a90000)
  from space 1280K,  49% used [0x00000000e0a90000, 0x00000000e0b2e9e0, 0x00000000e0bd0000)
  to   space 1280K,   0% used [0x00000000e0bd0000, 0x00000000e0bd0000, 0x00000000e0d10000)
 tenured generation   total 26656K, used 21043K [0x00000000eaaa0000, 0x00000000ec4a8000, 0x0000000100000000)
   the space 26656K,  78% used [0x00000000eaaa0000, 0x00000000ebf2cf68, 0x00000000ebf2d000, 0x00000000ec4a8000)
 Metaspace       used 55818K, capacity 58014K, committed 58288K, reserved 1099776K
  class space    used 7608K, capacity 8033K, committed 8112K, reserved 1048576K
Event: 12.010 GC heap after
Heap after GC invocations=108 (full 3):
 def new generation   total 12096K, used 1279K [0x00000000e0000000, 0x00000000e0d10000, 0x00000000eaaa0000)
  eden space 10816K,   0% used [0x00000000e0000000, 0x00000000e0000000, 0x00000000e0a90000)
  from space 1280K,  99% used [0x00000000e0bd0000, 0x00000000e0d0fff8, 0x00000000e0d10000)
  to   space 1280K,   0% used [0x00000000e0a90000, 0x00000000e0a90000, 0x00000000e0bd0000)
 tenured generation   total 26656K, used 21260K [0x00000000eaaa0000, 0x00000000ec4a8000, 0x0000000100000000)
   the space 26656K,  79% used [0x00000000eaaa0000, 0x00000000ebf63120, 0x00000000ebf63200, 0x00000000ec4a8000)
 Metaspace       used 55818K, capacity 58014K, committed 58288K, reserved 1099776K
  class space    used 7608K, capacity 8033K, committed 8112K, reserved 1048576K
}
Event: 12.240 GC heap before
{Heap before GC invocations=108 (full 3):
 def new generation   total 12096K, used 12095K [0x00000000e0000000, 0x00000000e0d10000, 0x00000000eaaa0000)
  eden space 10816K, 100% used [0x00000000e0000000, 0x00000000e0a90000, 0x00000000e0a90000)
  from space 1280K,  99% used [0x00000000e0bd0000, 0x00000000e0d0fff8, 0x00000000e0d10000)
  to   space 1280K,   0% used [0x00000000e0a90000, 0x00000000e0a90000, 0x00000000e0bd0000)
 tenured generation   total 26656K, used 21260K [0x00000000eaaa0000, 0x00000000ec4a8000, 0x0000000100000000)
   the space 26656K,  79% used [0x00000000eaaa0000, 0x00000000ebf63120, 0x00000000ebf63200, 0x00000000ec4a8000)
 Metaspace       used 56591K, capacity 58826K, committed 59184K, reserved 1099776K
  class space    used 7703K, capacity 8131K, committed 8240K, reserved 1048576K
Event: 12.247 GC heap after
Heap after GC invocations=109 (full 3):
 def new generation   total 12096K, used 895K [0x00000000e0000000, 0x00000000e0d10000, 0x00000000eaaa0000)
  eden space 10816K,   0% used [0x00000000e0000000, 0x00000000e0000000, 0x00000000e0a90000)
  from space 1280K,  69% used [0x00000000e0a90000, 0x00000000e0b6fdd0, 0x00000000e0bd0000)
  to   space 1280K,   0% used [0x00000000e0bd0000, 0x00000000e0bd0000, 0x00000000e0d10000)
 tenured generation   total 26656K, used 22341K [0x00000000eaaa0000, 0x00000000ec4a8000, 0x0000000100000000)
   the space 26656K,  83% used [0x00000000eaaa0000, 0x00000000ec071620, 0x00000000ec071800, 0x00000000ec4a8000)
 Metaspace       used 56591K, capacity 58826K, committed 59184K, reserved 1099776K
  class space    used 7703K, capacity 8131K, committed 8240K, reserved 1048576K
}
Event: 12.396 GC heap before
{Heap before GC invocations=109 (full 3):
 def new generation   total 12096K, used 11711K [0x00000000e0000000, 0x00000000e0d10000, 0x00000000eaaa0000)
  eden space 10816K, 100% used [0x00000000e0000000, 0x00000000e0a90000, 0x00000000e0a90000)
  from space 1280K,  69% used [0x00000000e0a90000, 0x00000000e0b6fdd0, 0x00000000e0bd0000)
  to   space 1280K,   0% used [0x00000000e0bd0000, 0x00000000e0bd0000, 0x00000000e0d10000)
 tenured generation   total 26656K, used 22341K [0x00000000eaaa0000, 0x00000000ec4a8000, 0x0000000100000000)
   the space 26656K,  83% used [0x00000000eaaa0000, 0x00000000ec071620, 0x00000000ec071800, 0x00000000ec4a8000)
 Metaspace       used 57044K, capacity 59244K, committed 59440K, reserved 1099776K
  class space    used 7763K, capacity 8164K, committed 8240K, reserved 1048576K
Event: 12.403 GC heap after
Heap after GC invocations=110 (full 3):
 def new generation   total 12096K, used 722K [0x00000000e0000000, 0x00000000e0d10000, 0x00000000eaaa0000)
  eden space 10816K,   0% used [0x00000000e0000000, 0x00000000e0000000, 0x00000000e0a90000)
  from space 1280K,  56% used [0x00000000e0bd0000, 0x00000000e0c84a68, 0x00000000e0d10000)
  to   space 1280K,   0% used [0x00000000e0a90000, 0x00000000e0a90000, 0x00000000e0bd0000)
 tenured generation   total 26656K, used 22620K [0x00000000eaaa0000, 0x00000000ec4a8000, 0x0000000100000000)
   the space 26656K,  84% used [0x00000000eaaa0000, 0x00000000ec0b7238, 0x00000000ec0b7400, 0x00000000ec4a8000)
 Metaspace       used 57044K, capacity 59244K, committed 59440K, reserved 1099776K
  class space    used 7763K, capacity 8164K, committed 8240K, reserved 1048576K
}
Event: 12.617 GC heap before
{Heap before GC invocations=110 (full 3):
 def new generation   total 12096K, used 11538K [0x00000000e0000000, 0x00000000e0d10000, 0x00000000eaaa0000)
  eden space 10816K, 100% used [0x00000000e0000000, 0x00000000e0a90000, 0x00000000e0a90000)
  from space 1280K,  56% used [0x00000000e0bd0000, 0x00000000e0c84a68, 0x00000000e0d10000)
  to   space 1280K,   0% used [0x00000000e0a90000, 0x00000000e0a90000, 0x00000000e0bd0000)
 tenured generation   total 26656K, used 22620K [0x00000000eaaa0000, 0x00000000ec4a8000, 0x0000000100000000)
   the space 26656K,  84% used [0x00000000eaaa0000, 0x00000000ec0b7238, 0x00000000ec0b7400, 0x00000000ec4a8000)
 Metaspace       used 57743K, capacity 59960K, committed 60080K, reserved 1101824K
  class space    used 7874K, capacity 8296K, committed 8368K, reserved 1048576K
Event: 12.623 GC heap after
Heap after GC invocations=111 (full 3):
 def new generation   total 12096K, used 1027K [0x00000000e0000000, 0x00000000e0d10000, 0x00000000eaaa0000)
  eden space 10816K,   0% used [0x00000000e0000000, 0x00000000e0000000, 0x00000000e0a90000)
  from space 1280K,  80% used [0x00000000e0a90000, 0x00000000e0b90c88, 0x00000000e0bd0000)
  to   space 1280K,   0% used [0x00000000e0bd0000, 0x00000000e0bd0000, 0x00000000e0d10000)
 tenured generation   total 26656K, used 22900K [0x00000000eaaa0000, 0x00000000ec4a8000, 0x0000000100000000)
   the space 26656K,  85% used [0x00000000eaaa0000, 0x00000000ec0fd3a0, 0x00000000ec0fd400, 0x00000000ec4a8000)
 Metaspace       used 57743K, capacity 59960K, committed 60080K, reserved 1101824K
  class space    used 7874K, capacity 8296K, committed 8368K, reserved 1048576K
}
Event: 12.769 GC heap before
{Heap before GC invocations=111 (full 3):
 def new generation   total 12096K, used 11843K [0x00000000e0000000, 0x00000000e0d10000, 0x00000000eaaa0000)
  eden space 10816K, 100% used [0x00000000e0000000, 0x00000000e0a90000, 0x00000000e0a90000)
  from space 1280K,  80% used [0x00000000e0a90000, 0x00000000e0b90c88, 0x00000000e0bd0000)
  to   space 1280K,   0% used [0x00000000e0bd0000, 0x00000000e0bd0000, 0x00000000e0d10000)
 tenured generation   total 26656K, used 22900K [0x00000000eaaa0000, 0x00000000ec4a8000, 0x0000000100000000)
   the space 26656K,  85% used [0x00000000eaaa0000, 0x00000000ec0fd3a0, 0x00000000ec0fd400, 0x00000000ec4a8000)
 Metaspace       used 58087K, capacity 60298K, committed 60592K, reserved 1101824K
  class space    used 7935K, capacity 8365K, committed 8368K, reserved 1048576K
Event: 12.773 GC heap after
Heap after GC invocations=112 (full 3):
 def new generation   total 12096K, used 650K [0x00000000e0000000, 0x00000000e0d10000, 0x00000000eaaa0000)
  eden space 10816K,   0% used [0x00000000e0000000, 0x00000000e0000000, 0x00000000e0a90000)
  from space 1280K,  50% used [0x00000000e0bd0000, 0x00000000e0c72910, 0x00000000e0d10000)
  to   space 1280K,   0% used [0x00000000e0a90000, 0x00000000e0a90000, 0x00000000e0bd0000)
 tenured generation   total 26656K, used 23126K [0x00000000eaaa0000, 0x00000000ec4a8000, 0x0000000100000000)
   the space 26656K,  86% used [0x00000000eaaa0000, 0x00000000ec135be8, 0x00000000ec135c00, 0x00000000ec4a8000)
 Metaspace       used 58087K, capacity 60298K, committed 60592K, reserved 1101824K
  class space    used 7935K, capacity 8365K, committed 8368K, reserved 1048576K
}
Event: 12.885 GC heap before
{Heap before GC invocations=112 (full 3):
 def new generation   total 12096K, used 11466K [0x00000000e0000000, 0x00000000e0d10000, 0x00000000eaaa0000)
  eden space 10816K, 100% used [0x00000000e0000000, 0x00000000e0a90000, 0x00000000e0a90000)
  from space 1280K,  50% used [0x00000000e0bd0000, 0x00000000e0c72910, 0x00000000e0d10000)
  to   space 1280K,   0% used [0x00000000e0a90000, 0x00000000e0a90000, 0x00000000e0bd0000)
 tenured generation   total 26656K, used 23126K [0x00000000eaaa0000, 0x00000000ec4a8000, 0x0000000100000000)
   the space 26656K,  86% used [0x00000000eaaa0000, 0x00000000ec135be8, 0x00000000ec135c00, 0x00000000ec4a8000)
 Metaspace       used 58112K, capacity 60298K, committed 60592K, reserved 1101824K
  class space    used 7936K, capacity 8365K, committed 8368K, reserved 1048576K
Event: 12.892 GC heap after
Heap after GC invocations=113 (full 3):
 def new generation   total 12096K, used 250K [0x00000000e0000000, 0x00000000e0d10000, 0x00000000eaaa0000)
  eden space 10816K,   0% used [0x00000000e0000000, 0x00000000e0000000, 0x00000000e0a90000)
  from space 1280K,  19% used [0x00000000e0a90000, 0x00000000e0aceb50, 0x00000000e0bd0000)
  to   space 1280K,   0% used [0x00000000e0bd0000, 0x00000000e0bd0000, 0x00000000e0d10000)
 tenured generation   total 26656K, used 23439K [0x00000000eaaa0000, 0x00000000ec4a8000, 0x0000000100000000)
   the space 26656K,  87% used [0x00000000eaaa0000, 0x00000000ec183ec0, 0x00000000ec184000, 0x00000000ec4a8000)
 Metaspace       used 58112K, capacity 60298K, committed 60592K, reserved 1101824K
  class space    used 7936K, capacity 8365K, committed 8368K, reserved 1048576K
}
Event: 13.017 GC heap before
{Heap before GC invocations=113 (full 3):
 def new generation   total 12096K, used 11066K [0x00000000e0000000, 0x00000000e0d10000, 0x00000000eaaa0000)
  eden space 10816K, 100% used [0x00000000e0000000, 0x00000000e0a90000, 0x00000000e0a90000)
  from space 1280K,  19% used [0x00000000e0a90000, 0x00000000e0aceb50, 0x00000000e0bd0000)
  to   space 1280K,   0% used [0x00000000e0bd0000, 0x00000000e0bd0000, 0x00000000e0d10000)
 tenured generation   total 26656K, used 23439K [0x00000000eaaa0000, 0x00000000ec4a8000, 0x0000000100000000)
   the space 26656K,  87% used [0x00000000eaaa0000, 0x00000000ec183ec0, 0x00000000ec184000, 0x00000000ec4a8000)
 Metaspace       used 58240K, capacity 60452K, committed 60720K, reserved 1101824K
  class space    used 7963K, capacity 8370K, committed 8496K, reserved 1048576K
Event: 13.030 GC heap after
Heap after GC invocations=114 (full 3):
 def new generation   total 12096K, used 615K [0x00000000e0000000, 0x00000000e0d10000, 0x00000000eaaa0000)
  eden space 10816K,   0% used [0x00000000e0000000, 0x00000000e0000000, 0x00000000e0a90000)
  from space 1280K,  48% used [0x00000000e0bd0000, 0x00000000e0c69c18, 0x00000000e0d10000)
  to   space 1280K,   0% used [0x00000000e0a90000, 0x00000000e0a90000, 0x00000000e0bd0000)
 tenured generation   total 26656K, used 23439K [0x00000000eaaa0000, 0x00000000ec4a8000, 0x0000000100000000)
   the space 26656K,  87% used [0x00000000eaaa0000, 0x00000000ec183ec0, 0x00000000ec184000, 0x00000000ec4a8000)
 Metaspace       used 58240K, capacity 60452K, committed 60720K, reserved 1101824K
  class space    used 7963K, capacity 8370K, committed 8496K, reserved 1048576K
}
Event: 13.207 GC heap before
{Heap before GC invocations=114 (full 3):
 def new generation   total 12096K, used 11431K [0x00000000e0000000, 0x00000000e0d10000, 0x00000000eaaa0000)
  eden space 10816K, 100% used [0x00000000e0000000, 0x00000000e0a90000, 0x00000000e0a90000)
  from space 1280K,  48% used [0x00000000e0bd0000, 0x00000000e0c69c18, 0x00000000e0d10000)
  to   space 1280K,   0% used [0x00000000e0a90000, 0x00000000e0a90000, 0x00000000e0bd0000)
 tenured generation   total 26656K, used 23439K [0x00000000eaaa0000, 0x00000000ec4a8000, 0x0000000100000000)
   the space 26656K,  87% used [0x00000000eaaa0000, 0x00000000ec183ec0, 0x00000000ec184000, 0x00000000ec4a8000)
 Metaspace       used 58363K, capacity 60548K, committed 60720K, reserved 1101824K
  class space    used 7977K, capacity 8402K, committed 8496K, reserved 1048576K
Event: 13.215 GC heap after
Heap after GC invocations=115 (full 3):
 def new generation   total 12096K, used 838K [0x00000000e0000000, 0x00000000e0d10000, 0x00000000eaaa0000)
  eden space 10816K,   0% used [0x00000000e0000000, 0x00000000e0000000, 0x00000000e0a90000)
  from space 1280K,  65% used [0x00000000e0a90000, 0x00000000e0b618d8, 0x00000000e0bd0000)
  to   space 1280K,   0% used [0x00000000e0bd0000, 0x00000000e0bd0000, 0x00000000e0d10000)
 tenured generation   total 26656K, used 23439K [0x00000000eaaa0000, 0x00000000ec4a8000, 0x0000000100000000)
   the space 26656K,  87% used [0x00000000eaaa0000, 0x00000000ec183ec0, 0x00000000ec184000, 0x00000000ec4a8000)
 Metaspace       used 58363K, capacity 60548K, committed 60720K, reserved 1101824K
  class space    used 7977K, capacity 8402K, committed 8496K, reserved 1048576K
}
Event: 13.524 GC heap before
{Heap before GC invocations=115 (full 3):
 def new generation   total 12096K, used 11654K [0x00000000e0000000, 0x00000000e0d10000, 0x00000000eaaa0000)
  eden space 10816K, 100% used [0x00000000e0000000, 0x00000000e0a90000, 0x00000000e0a90000)
  from space 1280K,  65% used [0x00000000e0a90000, 0x00000000e0b618d8, 0x00000000e0bd0000)
  to   space 1280K,   0% used [0x00000000e0bd0000, 0x00000000e0bd0000, 0x00000000e0d10000)
 tenured generation   total 26656K, used 23439K [0x00000000eaaa0000, 0x00000000ec4a8000, 0x0000000100000000)
   the space 26656K,  87% used [0x00000000eaaa0000, 0x00000000ec183ec0, 0x00000000ec184000, 0x00000000ec4a8000)
 Metaspace       used 58797K, capacity 61028K, committed 61232K, reserved 1101824K
  class space    used 8023K, capacity 8434K, committed 8496K, reserved 1048576K
Event: 13.544 GC heap after
Heap after GC invocations=116 (full 3):
 def new generation   total 12096K, used 1279K [0x00000000e0000000, 0x00000000e0d10000, 0x00000000eaaa0000)
  eden space 10816K,   0% used [0x00000000e0000000, 0x00000000e0000000, 0x00000000e0a90000)
  from space 1280K,  99% used [0x00000000e0bd0000, 0x00000000e0d0fff0, 0x00000000e0d10000)
  to   space 1280K,   0% used [0x00000000e0a90000, 0x00000000e0a90000, 0x00000000e0bd0000)
 tenured generation   total 26656K, used 23722K [0x00000000eaaa0000, 0x00000000ec4a8000, 0x0000000100000000)
   the space 26656K,  88% used [0x00000000eaaa0000, 0x00000000ec1ca880, 0x00000000ec1caa00, 0x00000000ec4a8000)
 Metaspace       used 58797K, capacity 61028K, committed 61232K, reserved 1101824K
  class space    used 8023K, capacity 8434K, committed 8496K, reserved 1048576K
}
Event: 13.916 GC heap before
{Heap before GC invocations=116 (full 3):
 def new generation   total 12096K, used 12095K [0x00000000e0000000, 0x00000000e0d10000, 0x00000000eaaa0000)
  eden space 10816K, 100% used [0x00000000e0000000, 0x00000000e0a90000, 0x00000000e0a90000)
  from space 1280K,  99% used [0x00000000e0bd0000, 0x00000000e0d0fff0, 0x00000000e0d10000)
  to   space 1280K,   0% used [0x00000000e0a90000, 0x00000000e0a90000, 0x00000000e0bd0000)
 tenured generation   total 26656K, used 23722K [0x00000000eaaa0000, 0x00000000ec4a8000, 0x0000000100000000)
   the space 26656K,  88% used [0x00000000eaaa0000, 0x00000000ec1ca880, 0x00000000ec1caa00, 0x00000000ec4a8000)
 Metaspace       used 59132K, capacity 61628K, committed 61872K, reserved 1101824K
  class space    used 8099K, capacity 8548K, committed 8624K, reserved 1048576K
Event: 13.964 GC heap after
Heap after GC invocations=117 (full 3):
 def new generation   total 12096K, used 519K [0x00000000e0000000, 0x00000000e0d10000, 0x00000000eaaa0000)
  eden space 10816K,   0% used [0x00000000e0000000, 0x00000000e0000000, 0x00000000e0a90000)
  from space 1280K,  40% used [0x00000000e0a90000, 0x00000000e0b11db8, 0x00000000e0bd0000)
  to   space 1280K,   0% used [0x00000000e0bd0000, 0x00000000e0bd0000, 0x00000000e0d10000)
 tenured generation   total 26656K, used 24753K [0x00000000eaaa0000, 0x00000000ec4a8000, 0x0000000100000000)
   the space 26656K,  92% used [0x00000000eaaa0000, 0x00000000ec2cc758, 0x00000000ec2cc800, 0x00000000ec4a8000)
 Metaspace       used 59132K, capacity 61628K, committed 61872K, reserved 1101824K
  class space    used 8099K, capacity 8548K, committed 8624K, reserved 1048576K
}
Event: 14.141 GC heap before
{Heap before GC invocations=117 (full 3):
 def new generation   total 12096K, used 11335K [0x00000000e0000000, 0x00000000e0d10000, 0x00000000eaaa0000)
  eden space 10816K, 100% used [0x00000000e0000000, 0x00000000e0a90000, 0x00000000e0a90000)
  from space 1280K,  40% used [0x00000000e0a90000, 0x00000000e0b11db8, 0x00000000e0bd0000)
  to   space 1280K,   0% used [0x00000000e0bd0000, 0x00000000e0bd0000, 0x00000000e0d10000)
 tenured generation   total 26656K, used 24753K [0x00000000eaaa0000, 0x00000000ec4a8000, 0x0000000100000000)
   the space 26656K,  92% used [0x00000000eaaa0000, 0x00000000ec2cc758, 0x00000000ec2cc800, 0x00000000ec4a8000)
 Metaspace       used 59207K, capacity 61692K, committed 61872K, reserved 1101824K
  class space    used 8107K, capacity 8548K, committed 8624K, reserved 1048576K
Event: 14.146 GC heap after
Heap after GC invocations=118 (full 3):
 def new generation   total 12096K, used 778K [0x00000000e0000000, 0x00000000e0d10000, 0x00000000eaaa0000)
  eden space 10816K,   0% used [0x00000000e0000000, 0x00000000e0000000, 0x00000000e0a90000)
  from space 1280K,  60% used [0x00000000e0bd0000, 0x00000000e0c92938, 0x00000000e0d10000)
  to   space 1280K,   0% used [0x00000000e0a90000, 0x00000000e0a90000, 0x00000000e0bd0000)
 tenured generation   total 26656K, used 24753K [0x00000000eaaa0000, 0x00000000ec4a8000, 0x0000000100000000)
   the space 26656K,  92% used [0x00000000eaaa0000, 0x00000000ec2cc758, 0x00000000ec2cc800, 0x00000000ec4a8000)
 Metaspace       used 59207K, capacity 61692K, committed 61872K, reserved 1101824K
  class space    used 8107K, capacity 8548K, committed 8624K, reserved 1048576K
}
Event: 14.265 GC heap before
{Heap before GC invocations=118 (full 3):
 def new generation   total 12096K, used 11594K [0x00000000e0000000, 0x00000000e0d10000, 0x00000000eaaa0000)
  eden space 10816K, 100% used [0x00000000e0000000, 0x00000000e0a90000, 0x00000000e0a90000)
  from space 1280K,  60% used [0x00000000e0bd0000, 0x00000000e0c92938, 0x00000000e0d10000)
  to   space 1280K,   0% used [0x00000000e0a90000, 0x00000000e0a90000, 0x00000000e0bd0000)
 tenured generation   total 26656K, used 24753K [0x00000000eaaa0000, 0x00000000ec4a8000, 0x0000000100000000)
   the space 26656K,  92% used [0x00000000eaaa0000, 0x00000000ec2cc758, 0x00000000ec2cc800, 0x00000000ec4a8000)
 Metaspace       used 59313K, capacity 61866K, committed 62128K, reserved 1103872K
  class space    used 8120K, capacity 8583K, committed 8624K, reserved 1048576K
Event: 14.270 GC heap after
Heap after GC invocations=119 (full 3):
 def new generation   total 12096K, used 797K [0x00000000e0000000, 0x00000000e0d10000, 0x00000000eaaa0000)
  eden space 10816K,   0% used [0x00000000e0000000, 0x00000000e0000000, 0x00000000e0a90000)
  from space 1280K,  62% used [0x00000000e0a90000, 0x00000000e0b57508, 0x00000000e0bd0000)
  to   space 1280K,   0% used [0x00000000e0bd0000, 0x00000000e0bd0000, 0x00000000e0d10000)
 tenured generation   total 26656K, used 25149K [0x00000000eaaa0000, 0x00000000ec4a8000, 0x0000000100000000)
   the space 26656K,  94% used [0x00000000eaaa0000, 0x00000000ec32f5e8, 0x00000000ec32f600, 0x00000000ec4a8000)
 Metaspace       used 59313K, capacity 61866K, committed 62128K, reserved 1103872K
  class space    used 8120K, capacity 8583K, committed 8624K, reserved 1048576K
}
Event: 14.392 GC heap before
{Heap before GC invocations=119 (full 3):
 def new generation   total 12096K, used 11613K [0x00000000e0000000, 0x00000000e0d10000, 0x00000000eaaa0000)
  eden space 10816K, 100% used [0x00000000e0000000, 0x00000000e0a90000, 0x00000000e0a90000)
  from space 1280K,  62% used [0x00000000e0a90000, 0x00000000e0b57508, 0x00000000e0bd0000)
  to   space 1280K,   0% used [0x00000000e0bd0000, 0x00000000e0bd0000, 0x00000000e0d10000)
 tenured generation   total 26656K, used 25149K [0x00000000eaaa0000, 0x00000000ec4a8000, 0x0000000100000000)
   the space 26656K,  94% used [0x00000000eaaa0000, 0x00000000ec32f5e8, 0x00000000ec32f600, 0x00000000ec4a8000)
 Metaspace       used 59567K, capacity 62086K, committed 62384K, reserved 1103872K
  class space    used 8149K, capacity 8589K, committed 8624K, reserved 1048576K
Event: 14.402 GC heap after
Heap after GC invocations=120 (full 3):
 def new generation   total 12096K, used 952K [0x00000000e0000000, 0x00000000e0d10000, 0x00000000eaaa0000)
  eden space 10816K,   0% used [0x00000000e0000000, 0x00000000e0000000, 0x00000000e0a90000)
  from space 1280K,  74% used [0x00000000e0bd0000, 0x00000000e0cbe340, 0x00000000e0d10000)
  to   space 1280K,   0% used [0x00000000e0a90000, 0x00000000e0a90000, 0x00000000e0bd0000)
 tenured generation   total 26656K, used 25508K [0x00000000eaaa0000, 0x00000000ec4a8000, 0x0000000100000000)
   the space 26656K,  95% used [0x00000000eaaa0000, 0x00000000ec3892f0, 0x00000000ec389400, 0x00000000ec4a8000)
 Metaspace       used 59567K, capacity 62086K, committed 62384K, reserved 1103872K
  class space    used 8149K, capacity 8589K, committed 8624K, reserved 1048576K
}
Event: 14.505 GC heap before
{Heap before GC invocations=120 (full 3):
 def new generation   total 12096K, used 11768K [0x00000000e0000000, 0x00000000e0d10000, 0x00000000eaaa0000)
  eden space 10816K, 100% used [0x00000000e0000000, 0x00000000e0a90000, 0x00000000e0a90000)
  from space 1280K,  74% used [0x00000000e0bd0000, 0x00000000e0cbe340, 0x00000000e0d10000)
  to   space 1280K,   0% used [0x00000000e0a90000, 0x00000000e0a90000, 0x00000000e0bd0000)
 tenured generation   total 26656K, used 25508K [0x00000000eaaa0000, 0x00000000ec4a8000, 0x0000000100000000)
   the space 26656K,  95% used [0x00000000eaaa0000, 0x00000000ec3892f0, 0x00000000ec389400, 0x00000000ec4a8000)
 Metaspace       used 59669K, capacity 62202K, committed 62512K, reserved 1103872K
  class space    used 8166K, capacity 8625K, committed 8752K, reserved 1048576K
Event: 14.511 GC heap after
Heap after GC invocations=121 (full 3):
 def new generation   total 12096K, used 770K [0x00000000e0000000, 0x00000000e0d10000, 0x00000000eaaa0000)
  eden space 10816K,   0% used [0x00000000e0000000, 0x00000000e0000000, 0x00000000e0a90000)
  from space 1280K,  60% used [0x00000000e0a90000, 0x00000000e0b50a70, 0x00000000e0bd0000)
  to   space 1280K,   0% used [0x00000000e0bd0000, 0x00000000e0bd0000, 0x00000000e0d10000)
 tenured generation   total 26656K, used 25895K [0x00000000eaaa0000, 0x00000000ec4a8000, 0x0000000100000000)
   the space 26656K,  97% used [0x00000000eaaa0000, 0x00000000ec3e9fd8, 0x00000000ec3ea000, 0x00000000ec4a8000)
 Metaspace       used 59669K, capacity 62202K, committed 62512K, reserved 1103872K
  class space    used 8166K, capacity 8625K, committed 8752K, reserved 1048576K
}
Event: 14.623 GC heap before
{Heap before GC invocations=121 (full 3):
 def new generation   total 12096K, used 11586K [0x00000000e0000000, 0x00000000e0d10000, 0x00000000eaaa0000)
  eden space 10816K, 100% used [0x00000000e0000000, 0x00000000e0a90000, 0x00000000e0a90000)
  from space 1280K,  60% used [0x00000000e0a90000, 0x00000000e0b50a70, 0x00000000e0bd0000)
  to   space 1280K,   0% used [0x00000000e0bd0000, 0x00000000e0bd0000, 0x00000000e0d10000)
 tenured generation   total 26656K, used 25895K [0x00000000eaaa0000, 0x00000000ec4a8000, 0x0000000100000000)
   the space 26656K,  97% used [0x00000000eaaa0000, 0x00000000ec3e9fd8, 0x00000000ec3ea000, 0x00000000ec4a8000)
 Metaspace       used 59887K, capacity 62432K, committed 62768K, reserved 1103872K
  class space    used 8193K, capacity 8658K, committed 8752K, reserved 1048576K
Event: 14.629 GC heap after
Heap after GC invocations=122 (full 3):
 def new generation   total 12096K, used 1250K [0x00000000e0000000, 0x00000000e0d10000, 0x00000000eaaa0000)
  eden space 10816K,   0% used [0x00000000e0000000, 0x00000000e0000000, 0x00000000e0a90000)
  from space 1280K,  97% used [0x00000000e0bd0000, 0x00000000e0d08920, 0x00000000e0d10000)
  to   space 1280K,   0% used [0x00000000e0a90000, 0x00000000e0a90000, 0x00000000e0bd0000)
 tenured generation   total 26656K, used 26273K [0x00000000eaaa0000, 0x00000000ec4a8000, 0x0000000100000000)
   the space 26656K,  98% used [0x00000000eaaa0000, 0x00000000ec448428, 0x00000000ec448600, 0x00000000ec4a8000)
 Metaspace       used 59887K, capacity 62432K, committed 62768K, reserved 1103872K
  class space    used 8193K, capacity 8658K, committed 8752K, reserved 1048576K
}
Event: 14.779 GC heap before
{Heap before GC invocations=122 (full 3):
 def new generation   total 12096K, used 12066K [0x00000000e0000000, 0x00000000e0d10000, 0x00000000eaaa0000)
  eden space 10816K, 100% used [0x00000000e0000000, 0x00000000e0a90000, 0x00000000e0a90000)
  from space 1280K,  97% used [0x00000000e0bd0000, 0x00000000e0d08920, 0x00000000e0d10000)
  to   space 1280K,   0% used [0x00000000e0a90000, 0x00000000e0a90000, 0x00000000e0bd0000)
 tenured generation   total 26656K, used 26273K [0x00000000eaaa0000, 0x00000000ec4a8000, 0x0000000100000000)
   the space 26656K,  98% used [0x00000000eaaa0000, 0x00000000ec448428, 0x00000000ec448600, 0x00000000ec4a8000)
 Metaspace       used 60308K, capacity 62832K, committed 63024K, reserved 1103872K
  class space    used 8271K, capacity 8724K, committed 8752K, reserved 1048576K

