# JRE version: OpenJDK Runtime Environment (8.0_282-b08) (build 1.8.0_282-b08)
# Java VM: OpenJDK 64-Bit Server VM (25.282-b08 mixed mode linux-amd64 compressed oops)
Heap:
 def new generation   total 12096K, used 7098K [0x00000000e0000000, 0x00000000e0d20000, 0x00000000eaaa0000)
  eden space 10752K,  60% used [0x00000000e0000000, 0x00000000e064cff0, 0x00000000e0a80000)
  from space 1344K,  48% used [0x00000000e0bd0000, 0x00000000e0c71848, 0x00000000e0d20000)
  to   space 1344K,   0% used [0x00000000e0a80000, 0x00000000e0a80000, 0x00000000e0bd0000)
 tenured generation   total 26828K, used 23336K [0x00000000eaaa0000, 0x00000000ec4d3000, 0x0000000100000000)
   the space 26828K,  86% used [0x00000000eaaa0000, 0x00000000ec16a0d8, 0x00000000ec16a200, 0x00000000ec4d3000)
 Metaspace       used 58348K, capacity 60552K, committed 60672K, reserved 1101824K
  class space    used 7968K, capacity 8402K, committed 8448K, reserved 1048576K
GC Heap History (226 events):
Event: 0.627 GC heap before
{Heap before GC invocations=0 (full 0):
 def new generation   total 4928K, used 4416K [0x00000000e0000000, 0x00000000e0550000, 0x00000000eaaa0000)
  eden space 4416K, 100% used [0x00000000e0000000, 0x00000000e0450000, 0x00000000e0450000)
  from space 512K,   0% used [0x00000000e0450000, 0x00000000e0450000, 0x00000000e04d0000)
  to   space 512K,   0% used [0x00000000e04d0000, 0x00000000e04d0000, 0x00000000e0550000)
 tenured generation   total 10944K, used 0K [0x00000000eaaa0000, 0x00000000eb550000, 0x0000000100000000)
   the space 10944K,   0% used [0x00000000eaaa0000, 0x00000000eaaa0000, 0x00000000eaaa0200, 0x00000000eb550000)
 Metaspace       used 4669K, capacity 5054K, committed 5248K, reserved 1056768K
  class space    used 505K, capacity 537K, committed 640K, reserved 1048576K
Event: 0.629 GC heap after
Heap after GC invocations=1 (full 0):
 def new generation   total 4928K, used 511K [0x00000000e0000000, 0x00000000e0550000, 0x00000000eaaa0000)
  eden space 4416K,   0% used [0x00000000e0000000, 0x00000000e0000000, 0x00000000e0450000)
  from space 512K,  99% used [0x00000000e04d0000, 0x00000000e054fff8, 0x00000000e0550000)
  to   space 512K,   0% used [0x00000000e0450000, 0x00000000e0450000, 0x00000000e04d0000)
 tenured generation   total 10944K, used 588K [0x00000000eaaa0000, 0x00000000eb550000, 0x0000000100000000)
   the space 10944K,   5% used [0x00000000eaaa0000, 0x00000000eab33308, 0x00000000eab33400, 0x00000000eb550000)
 Metaspace       used 4669K, capacity 5054K, committed 5248K, reserved 1056768K
  class space    used 505K, capacity 537K, committed 640K, reserved 1048576K
}
Event: 1.023 GC heap before
{Heap before GC invocations=1 (full 0):
 def new generation   total 4928K, used 4927K [0x00000000e0000000, 0x00000000e0550000, 0x00000000eaaa0000)
  eden space 4416K, 100% used [0x00000000e0000000, 0x00000000e0450000, 0x00000000e0450000)
  from space 512K,  99% used [0x00000000e04d0000, 0x00000000e054fff8, 0x00000000e0550000)
  to   space 512K,   0% used [0x00000000e0450000, 0x00000000e0450000, 0x00000000e04d0000)
 tenured generation   total 10944K, used 588K [0x00000000eaaa0000, 0x00000000eb550000, 0x0000000100000000)
   the space 10944K,   5% used [0x00000000eaaa0000, 0x00000000eab33308, 0x00000000eab33400, 0x00000000eb550000)
 Metaspace       used 7492K, capacity 7638K, committed 7936K, reserved 1056768K
  class space    used 836K, capacity 907K, committed 1024K, reserved 1048576K
Event: 1.030 GC heap after
Heap after GC invocations=2 (full 0):
 def new generation   total 4928K, used 511K [0x00000000e0000000, 0x00000000e0550000, 0x00000000eaaa0000)
  eden space 4416K,   0% used [0x00000000e0000000, 0x00000000e0000000, 0x00000000e0450000)
  from space 512K,  99% used [0x00000000e0450000, 0x00000000e04cfff8, 0x00000000e04d0000)
  to   space 512K,   0% used [0x00000000e04d0000, 0x00000000e04d0000, 0x00000000e0550000)
 tenured generation   total 10944K, used 1655K [0x00000000eaaa0000, 0x00000000eb550000, 0x0000000100000000)
   the space 10944K,  15% used [0x00000000eaaa0000, 0x00000000eac3dcf0, 0x00000000eac3de00, 0x00000000eb550000)
 Metaspace       used 7492K, capacity 7638K, committed 7936K, reserved 1056768K
  class space    used 836K, capacity 907K, committed 1024K, reserved 1048576K
}
Event: 1.460 GC heap before
{Heap before GC invocations=2 (full 0):
 def new generation   total 4928K, used 4927K [0x00000000e0000000, 0x00000000e0550000, 0x00000000eaaa0000)
  eden space 4416K, 100% used [0x00000000e0000000, 0x00000000e0450000, 0x00000000e0450000)
  from space 512K,  99% used [0x00000000e0450000, 0x00000000e04cfff8, 0x00000000e04d0000)
  to   space 512K,   0% used [0x00000000e04d0000, 0x00000000e04d0000, 0x00000000e0550000)
 tenured generation   total 10944K, used 1655K [0x00000000eaaa0000, 0x00000000eb550000, 0x0000000100000000)
   the space 10944K,  15% used [0x00000000eaaa0000, 0x00000000eac3dcf0, 0x00000000eac3de00, 0x00000000eb550000)
 Metaspace       used 8315K, capacity 8494K, committed 8832K, reserved 1056768K
  class space    used 944K, capacity 1039K, committed 1152K, reserved 1048576K
Event: 1.463 GC heap after
Heap after GC invocations=3 (full 0):
 def new generation   total 4928K, used 511K [0x00000000e0000000, 0x00000000e0550000, 0x00000000eaaa0000)
  eden space 4416K,   0% used [0x00000000e0000000, 0x00000000e0000000, 0x00000000e0450000)
  from space 512K,  99% used [0x00000000e04d0000, 0x00000000e054fff8, 0x00000000e0550000)
  to   space 512K,   0% used [0x00000000e0450000, 0x00000000e0450000, 0x00000000e04d0000)
 tenured generation   total 10944K, used 2472K [0x00000000eaaa0000, 0x00000000eb550000, 0x0000000100000000)
   the space 10944K,  22% used [0x00000000eaaa0000, 0x00000000ead0a168, 0x00000000ead0a200, 0x00000000eb550000)
 Metaspace       used 8315K, capacity 8494K, committed 8832K, reserved 1056768K
  class space    used 944K, capacity 1039K, committed 1152K, reserved 1048576K
}
Event: 1.684 GC heap before
{Heap before GC invocations=3 (full 0):
 def new generation   total 4928K, used 4927K [0x00000000e0000000, 0x00000000e0550000, 0x00000000eaaa0000)
  eden space 4416K, 100% used [0x00000000e0000000, 0x00000000e0450000, 0x00000000e0450000)
  from space 512K,  99% used [0x00000000e04d0000, 0x00000000e054fff8, 0x00000000e0550000)
  to   space 512K,   0% used [0x00000000e0450000, 0x00000000e0450000, 0x00000000e04d0000)
 tenured generation   total 10944K, used 2472K [0x00000000eaaa0000, 0x00000000eb550000, 0x0000000100000000)
   the space 10944K,  22% used [0x00000000eaaa0000, 0x00000000ead0a168, 0x00000000ead0a200, 0x00000000eb550000)
 Metaspace       used 9173K, capacity 9422K, committed 9600K, reserved 1058816K
  class space    used 1068K, capacity 1135K, committed 1152K, reserved 1048576K
Event: 1.686 GC heap after
Heap after GC invocations=4 (full 0):
 def new generation   total 4928K, used 512K [0x00000000e0000000, 0x00000000e0550000, 0x00000000eaaa0000)
  eden space 4416K,   0% used [0x00000000e0000000, 0x00000000e0000000, 0x00000000e0450000)
  from space 512K, 100% used [0x00000000e0450000, 0x00000000e04d0000, 0x00000000e04d0000)
  to   space 512K,   0% used [0x00000000e04d0000, 0x00000000e04d0000, 0x00000000e0550000)
 tenured generation   total 10944K, used 2955K [0x00000000eaaa0000, 0x00000000eb550000, 0x0000000100000000)
   the space 10944K,  27% used [0x00000000eaaa0000, 0x00000000ead82cd0, 0x00000000ead82e00, 0x00000000eb550000)
 Metaspace       used 9173K, capacity 9422K, committed 9600K, reserved 1058816K
  class space    used 1068K, capacity 1135K, committed 1152K, reserved 1048576K
}
Event: 1.800 GC heap before
{Heap before GC invocations=4 (full 0):
 def new generation   total 4928K, used 4928K [0x00000000e0000000, 0x00000000e0550000, 0x00000000eaaa0000)
  eden space 4416K, 100% used [0x00000000e0000000, 0x00000000e0450000, 0x00000000e0450000)
  from space 512K, 100% used [0x00000000e0450000, 0x00000000e04d0000, 0x00000000e04d0000)
  to   space 512K,   0% used [0x00000000e04d0000, 0x00000000e04d0000, 0x00000000e0550000)
 tenured generation   total 10944K, used 2955K [0x00000000eaaa0000, 0x00000000eb550000, 0x0000000100000000)
   the space 10944K,  27% used [0x00000000eaaa0000, 0x00000000ead82cd0, 0x00000000ead82e00, 0x00000000eb550000)
 Metaspace       used 9514K, capacity 9742K, committed 9984K, reserved 1058816K
  class space    used 1109K, capacity 1199K, committed 1280K, reserved 1048576K
Event: 1.801 GC heap after
Heap after GC invocations=5 (full 0):
 def new generation   total 4928K, used 354K [0x00000000e0000000, 0x00000000e0550000, 0x00000000eaaa0000)
  eden space 4416K,   0% used [0x00000000e0000000, 0x00000000e0000000, 0x00000000e0450000)
  from space 512K,  69% used [0x00000000e04d0000, 0x00000000e0528b50, 0x00000000e0550000)
  to   space 512K,   0% used [0x00000000e0450000, 0x00000000e0450000, 0x00000000e04d0000)
 tenured generation   total 10944K, used 3216K [0x00000000eaaa0000, 0x00000000eb550000, 0x0000000100000000)
   the space 10944K,  29% used [0x00000000eaaa0000, 0x00000000eadc42f0, 0x00000000eadc4400, 0x00000000eb550000)
 Metaspace       used 9514K, capacity 9742K, committed 9984K, reserved 1058816K
  class space    used 1109K, capacity 1199K, committed 1280K, reserved 1048576K
}
Event: 1.904 GC heap before
{Heap before GC invocations=5 (full 0):
 def new generation   total 4928K, used 4770K [0x00000000e0000000, 0x00000000e0550000, 0x00000000eaaa0000)
  eden space 4416K, 100% used [0x00000000e0000000, 0x00000000e0450000, 0x00000000e0450000)
  from space 512K,  69% used [0x00000000e04d0000, 0x00000000e0528b50, 0x00000000e0550000)
  to   space 512K,   0% used [0x00000000e0450000, 0x00000000e0450000, 0x00000000e04d0000)
 tenured generation   total 10944K, used 3216K [0x00000000eaaa0000, 0x00000000eb550000, 0x0000000100000000)
   the space 10944K,  29% used [0x00000000eaaa0000, 0x00000000eadc42f0, 0x00000000eadc4400, 0x00000000eb550000)
 Metaspace       used 9887K, capacity 10136K, committed 10240K, reserved 1058816K
  class space    used 1168K, capacity 1268K, committed 1280K, reserved 1048576K
Event: 1.905 GC heap after
Heap after GC invocations=6 (full 0):
 def new generation   total 4928K, used 366K [0x00000000e0000000, 0x00000000e0550000, 0x00000000eaaa0000)
  eden space 4416K,   0% used [0x00000000e0000000, 0x00000000e0000000, 0x00000000e0450000)
  from space 512K,  71% used [0x00000000e0450000, 0x00000000e04abbd0, 0x00000000e04d0000)
  to   space 512K,   0% used [0x00000000e04d0000, 0x00000000e04d0000, 0x00000000e0550000)
 tenured generation   total 10944K, used 3330K [0x00000000eaaa0000, 0x00000000eb550000, 0x0000000100000000)
   the space 10944K,  30% used [0x00000000eaaa0000, 0x00000000eade0a50, 0x00000000eade0c00, 0x00000000eb550000)
 Metaspace       used 9887K, capacity 10136K, committed 10240K, reserved 1058816K
  class space    used 1168K, capacity 1268K, committed 1280K, reserved 1048576K
}
Event: 2.056 GC heap before
{Heap before GC invocations=6 (full 0):
 def new generation   total 4928K, used 4782K [0x00000000e0000000, 0x00000000e0550000, 0x00000000eaaa0000)
  eden space 4416K, 100% used [0x00000000e0000000, 0x00000000e0450000, 0x00000000e0450000)
  from space 512K,  71% used [0x00000000e0450000, 0x00000000e04abbd0, 0x00000000e04d0000)
  to   space 512K,   0% used [0x00000000e04d0000, 0x00000000e04d0000, 0x00000000e0550000)
 tenured generation   total 10944K, used 3330K [0x00000000eaaa0000, 0x00000000eb550000, 0x0000000100000000)
   the space 10944K,  30% used [0x00000000eaaa0000, 0x00000000eade0a50, 0x00000000eade0c00, 0x00000000eb550000)
 Metaspace       used 10387K, capacity 10584K, committed 10880K, reserved 1058816K
  class space    used 1229K, capacity 1332K, committed 1408K, reserved 1048576K
Event: 2.057 GC heap after
Heap after GC invocations=7 (full 0):
 def new generation   total 4928K, used 438K [0x00000000e0000000, 0x00000000e0550000, 0x00000000eaaa0000)
  eden space 4416K,   0% used [0x00000000e0000000, 0x00000000e0000000, 0x00000000e0450000)
  from space 512K,  85% used [0x00000000e04d0000, 0x00000000e053d810, 0x00000000e0550000)
  to   space 512K,   0% used [0x00000000e0450000, 0x00000000e0450000, 0x00000000e04d0000)
 tenured generation   total 10944K, used 3414K [0x00000000eaaa0000, 0x00000000eb550000, 0x0000000100000000)
   the space 10944K,  31% used [0x00000000eaaa0000, 0x00000000eadf59f8, 0x00000000eadf5a00, 0x00000000eb550000)
 Metaspace       used 10387K, capacity 10584K, committed 10880K, reserved 1058816K
  class space    used 1229K, capacity 1332K, committed 1408K, reserved 1048576K
}
Event: 2.173 GC heap before
{Heap before GC invocations=7 (full 0):
 def new generation   total 4928K, used 4851K [0x00000000e0000000, 0x00000000e0550000, 0x00000000eaaa0000)
  eden space 4416K,  99% used [0x00000000e0000000, 0x00000000e044f498, 0x00000000e0450000)
  from space 512K,  85% used [0x00000000e04d0000, 0x00000000e053d810, 0x00000000e0550000)
  to   space 512K,   0% used [0x00000000e0450000, 0x00000000e0450000, 0x00000000e04d0000)
 tenured generation   total 10944K, used 3414K [0x00000000eaaa0000, 0x00000000eb550000, 0x0000000100000000)
   the space 10944K,  31% used [0x00000000eaaa0000, 0x00000000eadf59f8, 0x00000000eadf5a00, 0x00000000eb550000)
 Metaspace       used 10808K, capacity 11090K, committed 11392K, reserved 1058816K
  class space    used 1275K, capacity 1373K, committed 1408K, reserved 1048576K
Event: 2.175 GC heap after
Heap after GC invocations=8 (full 0):
 def new generation   total 4928K, used 423K [0x00000000e0000000, 0x00000000e0550000, 0x00000000eaaa0000)
  eden space 4416K,   0% used [0x00000000e0000000, 0x00000000e0000000, 0x00000000e0450000)
  from space 512K,  82% used [0x00000000e0450000, 0x00000000e04b9d10, 0x00000000e04d0000)
  to   space 512K,   0% used [0x00000000e04d0000, 0x00000000e04d0000, 0x00000000e0550000)
 tenured generation   total 10944K, used 3561K [0x00000000eaaa0000, 0x00000000eb550000, 0x0000000100000000)
   the space 10944K,  32% used [0x00000000eaaa0000, 0x00000000eae1a400, 0x00000000eae1a400, 0x00000000eb550000)
 Metaspace       used 10808K, capacity 11090K, committed 11392K, reserved 1058816K
  class space    used 1275K, capacity 1373K, committed 1408K, reserved 1048576K
}
Event: 2.268 GC heap before
{Heap before GC invocations=8 (full 0):
 def new generation   total 4928K, used 4839K [0x00000000e0000000, 0x00000000e0550000, 0x00000000eaaa0000)
  eden space 4416K, 100% used [0x00000000e0000000, 0x00000000e0450000, 0x00000000e0450000)
  from space 512K,  82% used [0x00000000e0450000, 0x00000000e04b9d10, 0x00000000e04d0000)
  to   space 512K,   0% used [0x00000000e04d0000, 0x00000000e04d0000, 0x00000000e0550000)
 tenured generation   total 10944K, used 3561K [0x00000000eaaa0000, 0x00000000eb550000, 0x0000000100000000)
   the space 10944K,  32% used [0x00000000eaaa0000, 0x00000000eae1a400, 0x00000000eae1a400, 0x00000000eb550000)
 Metaspace       used 11130K, capacity 11440K, committed 11776K, reserved 1058816K
  class space    used 1323K, capacity 1444K, committed 1536K, reserved 1048576K
Event: 2.270 GC heap after
Heap after GC invocations=9 (full 0):
 def new generation   total 4928K, used 419K [0x00000000e0000000, 0x00000000e0550000, 0x00000000eaaa0000)
  eden space 4416K,   0% used [0x00000000e0000000, 0x00000000e0000000, 0x00000000e0450000)
  from space 512K,  81% used [0x00000000e04d0000, 0x00000000e0538e48, 0x00000000e0550000)
  to   space 512K,   0% used [0x00000000e0450000, 0x00000000e0450000, 0x00000000e04d0000)
 tenured generation   total 10944K, used 3671K [0x00000000eaaa0000, 0x00000000eb550000, 0x0000000100000000)
   the space 10944K,  33% used [0x00000000eaaa0000, 0x00000000eae35e08, 0x00000000eae36000, 0x00000000eb550000)
 Metaspace       used 11130K, capacity 11440K, committed 11776K, reserved 1058816K
  class space    used 1323K, capacity 1444K, committed 1536K, reserved 1048576K
}
Event: 2.371 GC heap before
{Heap before GC invocations=9 (full 0):
 def new generation   total 4928K, used 4835K [0x00000000e0000000, 0x00000000e0550000, 0x00000000eaaa0000)
  eden space 4416K, 100% used [0x00000000e0000000, 0x00000000e0450000, 0x00000000e0450000)
  from space 512K,  81% used [0x00000000e04d0000, 0x00000000e0538e48, 0x00000000e0550000)
  to   space 512K,   0% used [0x00000000e0450000, 0x00000000e0450000, 0x00000000e04d0000)
 tenured generation   total 10944K, used 3671K [0x00000000eaaa0000, 0x00000000eb550000, 0x0000000100000000)
   the space 10944K,  33% used [0x00000000eaaa0000, 0x00000000eae35e08, 0x00000000eae36000, 0x00000000eb550000)
 Metaspace       used 11679K, capacity 11882K, committed 12032K, reserved 1060864K
  class space    used 1390K, capacity 1485K, committed 1536K, reserved 1048576K
Event: 2.373 GC heap after
Heap after GC invocations=10 (full 0):
 def new generation   total 4928K, used 410K [0x00000000e0000000, 0x00000000e0550000, 0x00000000eaaa0000)
  eden space 4416K,   0% used [0x00000000e0000000, 0x00000000e0000000, 0x00000000e0450000)
  from space 512K,  80% used [0x00000000e0450000, 0x00000000e04b69e8, 0x00000000e04d0000)
  to   space 512K,   0% used [0x00000000e04d0000, 0x00000000e04d0000, 0x00000000e0550000)
 tenured generation   total 10944K, used 3835K [0x00000000eaaa0000, 0x00000000eb550000, 0x0000000100000000)
   the space 10944K,  35% used [0x00000000eaaa0000, 0x00000000eae5ee48, 0x00000000eae5f000, 0x00000000eb550000)
 Metaspace       used 11679K, capacity 11882K, committed 12032K, reserved 1060864K
  class space    used 1390K, capacity 1485K, committed 1536K, reserved 1048576K
}
Event: 2.494 GC heap before
{Heap before GC invocations=10 (full 0):
 def new generation   total 4928K, used 4826K [0x00000000e0000000, 0x00000000e0550000, 0x00000000eaaa0000)
  eden space 4416K, 100% used [0x00000000e0000000, 0x00000000e0450000, 0x00000000e0450000)
  from space 512K,  80% used [0x00000000e0450000, 0x00000000e04b69e8, 0x00000000e04d0000)
  to   space 512K,   0% used [0x00000000e04d0000, 0x00000000e04d0000, 0x00000000e0550000)
 tenured generation   total 10944K, used 3835K [0x00000000eaaa0000, 0x00000000eb550000, 0x0000000100000000)
   the space 10944K,  35% used [0x00000000eaaa0000, 0x00000000eae5ee48, 0x00000000eae5f000, 0x00000000eb550000)
 Metaspace       used 12043K, capacity 12322K, committed 12544K, reserved 1060864K
  class space    used 1438K, capacity 1521K, committed 1536K, reserved 1048576K
Event: 2.496 GC heap after
Heap after GC invocations=11 (full 0):
 def new generation   total 4928K, used 359K [0x00000000e0000000, 0x00000000e0550000, 0x00000000eaaa0000)
  eden space 4416K,   0% used [0x00000000e0000000, 0x00000000e0000000, 0x00000000e0450000)
  from space 512K,  70% used [0x00000000e04d0000, 0x00000000e0529f88, 0x00000000e0550000)
  to   space 512K,   0% used [0x00000000e0450000, 0x00000000e0450000, 0x00000000e04d0000)
 tenured generation   total 10944K, used 3912K [0x00000000eaaa0000, 0x00000000eb550000, 0x0000000100000000)
   the space 10944K,  35% used [0x00000000eaaa0000, 0x00000000eae723e0, 0x00000000eae72400, 0x00000000eb550000)
 Metaspace       used 12043K, capacity 12322K, committed 12544K, reserved 1060864K
  class space    used 1438K, capacity 1521K, committed 1536K, reserved 1048576K
}
Event: 2.567 GC heap before
{Heap before GC invocations=11 (full 0):
 def new generation   total 4928K, used 4775K [0x00000000e0000000, 0x00000000e0550000, 0x00000000eaaa0000)
  eden space 4416K, 100% used [0x00000000e0000000, 0x00000000e0450000, 0x00000000e0450000)
  from space 512K,  70% used [0x00000000e04d0000, 0x00000000e0529f88, 0x00000000e0550000)
  to   space 512K,   0% used [0x00000000e0450000, 0x00000000e0450000, 0x00000000e04d0000)
 tenured generation   total 10944K, used 3912K [0x00000000eaaa0000, 0x00000000eb550000, 0x0000000100000000)
   the space 10944K,  35% used [0x00000000eaaa0000, 0x00000000eae723e0, 0x00000000eae72400, 0x00000000eb550000)
 Metaspace       used 12315K, capacity 12592K, committed 12928K, reserved 1060864K
  class space    used 1485K, capacity 1590K, committed 1664K, reserved 1048576K
Event: 2.569 GC heap after
Heap after GC invocations=12 (full 0):
 def new generation   total 4928K, used 367K [0x00000000e0000000, 0x00000000e0550000, 0x00000000eaaa0000)
  eden space 4416K,   0% used [0x00000000e0000000, 0x00000000e0000000, 0x00000000e0450000)
  from space 512K,  71% used [0x00000000e0450000, 0x00000000e04abc20, 0x00000000e04d0000)
  to   space 512K,   0% used [0x00000000e04d0000, 0x00000000e04d0000, 0x00000000e0550000)
 tenured generation   total 10944K, used 4038K [0x00000000eaaa0000, 0x00000000eb550000, 0x0000000100000000)
   the space 10944K,  36% used [0x00000000eaaa0000, 0x00000000eae91858, 0x00000000eae91a00, 0x00000000eb550000)
 Metaspace       used 12315K, capacity 12592K, committed 12928K, reserved 1060864K
  class space    used 1485K, capacity 1590K, committed 1664K, reserved 1048576K
}
Event: 2.675 GC heap before
{Heap before GC invocations=12 (full 0):
 def new generation   total 4928K, used 4783K [0x00000000e0000000, 0x00000000e0550000, 0x00000000eaaa0000)
  eden space 4416K, 100% used [0x00000000e0000000, 0x00000000e0450000, 0x00000000e0450000)
  from space 512K,  71% used [0x00000000e0450000, 0x00000000e04abc20, 0x00000000e04d0000)
  to   space 512K,   0% used [0x00000000e04d0000, 0x00000000e04d0000, 0x00000000e0550000)
 tenured generation   total 10944K, used 4038K [0x00000000eaaa0000, 0x00000000eb550000, 0x0000000100000000)
   the space 10944K,  36% used [0x00000000eaaa0000, 0x00000000eae91858, 0x00000000eae91a00, 0x00000000eb550000)
 Metaspace       used 13310K, capacity 13618K, committed 13824K, reserved 1060864K
  class space    used 1579K, capacity 1695K, committed 1792K, reserved 1048576K
Event: 2.677 GC heap after
Heap after GC invocations=13 (full 0):
 def new generation   total 4928K, used 422K [0x00000000e0000000, 0x00000000e0550000, 0x00000000eaaa0000)
  eden space 4416K,   0% used [0x00000000e0000000, 0x00000000e0000000, 0x00000000e0450000)
  from space 512K,  82% used [0x00000000e04d0000, 0x00000000e0539918, 0x00000000e0550000)
  to   space 512K,   0% used [0x00000000e0450000, 0x00000000e0450000, 0x00000000e04d0000)
 tenured generation   total 10944K, used 4116K [0x00000000eaaa0000, 0x00000000eb550000, 0x0000000100000000)
   the space 10944K,  37% used [0x00000000eaaa0000, 0x00000000eaea5300, 0x00000000eaea5400, 0x00000000eb550000)
 Metaspace       used 13310K, capacity 13618K, committed 13824K, reserved 1060864K
  class space    used 1579K, capacity 1695K, committed 1792K, reserved 1048576K
}
Event: 2.750 GC heap before
{Heap before GC invocations=13 (full 0):
 def new generation   total 4928K, used 4838K [0x00000000e0000000, 0x00000000e0550000, 0x00000000eaaa0000)
  eden space 4416K, 100% used [0x00000000e0000000, 0x00000000e0450000, 0x00000000e0450000)
  from space 512K,  82% used [0x00000000e04d0000, 0x00000000e0539918, 0x00000000e0550000)
  to   space 512K,   0% used [0x00000000e0450000, 0x00000000e0450000, 0x00000000e04d0000)
 tenured generation   total 10944K, used 4116K [0x00000000eaaa0000, 0x00000000eb550000, 0x0000000100000000)
   the space 10944K,  37% used [0x00000000eaaa0000, 0x00000000eaea5300, 0x00000000eaea5400, 0x00000000eb550000)
 Metaspace       used 13648K, capacity 13920K, committed 14080K, reserved 1060864K
  class space    used 1626K, capacity 1730K, committed 1792K, reserved 1048576K
Event: 2.752 GC heap after
Heap after GC invocations=14 (full 0):
 def new generation   total 4928K, used 390K [0x00000000e0000000, 0x00000000e0550000, 0x00000000eaaa0000)
  eden space 4416K,   0% used [0x00000000e0000000, 0x00000000e0000000, 0x00000000e0450000)
  from space 512K,  76% used [0x00000000e0450000, 0x00000000e04b1a98, 0x00000000e04d0000)
  to   space 512K,   0% used [0x00000000e04d0000, 0x00000000e04d0000, 0x00000000e0550000)
 tenured generation   total 10944K, used 4318K [0x00000000eaaa0000, 0x00000000eb550000, 0x0000000100000000)
   the space 10944K,  39% used [0x00000000eaaa0000, 0x00000000eaed7998, 0x00000000eaed7a00, 0x00000000eb550000)
 Metaspace       used 13648K, capacity 13920K, committed 14080K, reserved 1060864K
  class space    used 1626K, capacity 1730K, committed 1792K, reserved 1048576K
}
Event: 2.845 GC heap before
{Heap before GC invocations=14 (full 0):
 def new generation   total 4928K, used 4806K [0x00000000e0000000, 0x00000000e0550000, 0x00000000eaaa0000)
  eden space 4416K, 100% used [0x00000000e0000000, 0x00000000e0450000, 0x00000000e0450000)
  from space 512K,  76% used [0x00000000e0450000, 0x00000000e04b1a98, 0x00000000e04d0000)
  to   space 512K,   0% used [0x00000000e04d0000, 0x00000000e04d0000, 0x00000000e0550000)
 tenured generation   total 10944K, used 4318K [0x00000000eaaa0000, 0x00000000eb550000, 0x0000000100000000)
   the space 10944K,  39% used [0x00000000eaaa0000, 0x00000000eaed7998, 0x00000000eaed7a00, 0x00000000eb550000)
 Metaspace       used 14008K, capacity 14274K, committed 14336K, reserved 1062912K
  class space    used 1673K, capacity 1763K, committed 1792K, reserved 1048576K
Event: 2.847 GC heap after
Heap after GC invocations=15 (full 0):
 def new generation   total 4928K, used 377K [0x00000000e0000000, 0x00000000e0550000, 0x00000000eaaa0000)
  eden space 4416K,   0% used [0x00000000e0000000, 0x00000000e0000000, 0x00000000e0450000)
  from space 512K,  73% used [0x00000000e04d0000, 0x00000000e052e458, 0x00000000e0550000)
  to   space 512K,   0% used [0x00000000e0450000, 0x00000000e0450000, 0x00000000e04d0000)
 tenured generation   total 10944K, used 4406K [0x00000000eaaa0000, 0x00000000eb550000, 0x0000000100000000)
   the space 10944K,  40% used [0x00000000eaaa0000, 0x00000000eaeed888, 0x00000000eaeeda00, 0x00000000eb550000)
 Metaspace       used 14008K, capacity 14274K, committed 14336K, reserved 1062912K
  class space    used 1673K, capacity 1763K, committed 1792K, reserved 1048576K
}
Event: 2.971 GC heap before
{Heap before GC invocations=15 (full 0):
 def new generation   total 4928K, used 4793K [0x00000000e0000000, 0x00000000e0550000, 0x00000000eaaa0000)
  eden space 4416K, 100% used [0x00000000e0000000, 0x00000000e0450000, 0x00000000e0450000)
  from space 512K,  73% used [0x00000000e04d0000, 0x00000000e052e458, 0x00000000e0550000)
  to   space 512K,   0% used [0x00000000e0450000, 0x00000000e0450000, 0x00000000e04d0000)
 tenured generation   total 10944K, used 4406K [0x00000000eaaa0000, 0x00000000eb550000, 0x0000000100000000)
   the space 10944K,  40% used [0x00000000eaaa0000, 0x00000000eaeed888, 0x00000000eaeeda00, 0x00000000eb550000)
 Metaspace       used 14546K, capacity 14846K, committed 14976K, reserved 1062912K
  class space    used 1758K, capacity 1867K, committed 1920K, reserved 1048576K
Event: 2.973 GC heap after
Heap after GC invocations=16 (full 0):
 def new generation   total 4928K, used 455K [0x00000000e0000000, 0x00000000e0550000, 0x00000000eaaa0000)
  eden space 4416K,   0% used [0x00000000e0000000, 0x00000000e0000000, 0x00000000e0450000)
  from space 512K,  88% used [0x00000000e0450000, 0x00000000e04c1dc8, 0x00000000e04d0000)
  to   space 512K,   0% used [0x00000000e04d0000, 0x00000000e04d0000, 0x00000000e0550000)
 tenured generation   total 10944K, used 4508K [0x00000000eaaa0000, 0x00000000eb550000, 0x0000000100000000)
   the space 10944K,  41% used [0x00000000eaaa0000, 0x00000000eaf07300, 0x00000000eaf07400, 0x00000000eb550000)
 Metaspace       used 14546K, capacity 14846K, committed 14976K, reserved 1062912K
  class space    used 1758K, capacity 1867K, committed 1920K, reserved 1048576K
}
Event: 3.043 GC heap before
{Heap before GC invocations=16 (full 0):
 def new generation   total 4928K, used 4871K [0x00000000e0000000, 0x00000000e0550000, 0x00000000eaaa0000)
  eden space 4416K, 100% used [0x00000000e0000000, 0x00000000e0450000, 0x00000000e0450000)
  from space 512K,  88% used [0x00000000e0450000, 0x00000000e04c1dc8, 0x00000000e04d0000)
  to   space 512K,   0% used [0x00000000e04d0000, 0x00000000e04d0000, 0x00000000e0550000)
 tenured generation   total 10944K, used 4508K [0x00000000eaaa0000, 0x00000000eb550000, 0x0000000100000000)
   the space 10944K,  41% used [0x00000000eaaa0000, 0x00000000eaf07300, 0x00000000eaf07400, 0x00000000eb550000)
 Metaspace       used 15198K, capacity 15518K, committed 15872K, reserved 1062912K
  class space    used 1825K, capacity 1943K, committed 2048K, reserved 1048576K
Event: 3.045 GC heap after
Heap after GC invocations=17 (full 0):
 def new generation   total 4928K, used 511K [0x00000000e0000000, 0x00000000e0550000, 0x00000000eaaa0000)
  eden space 4416K,   0% used [0x00000000e0000000, 0x00000000e0000000, 0x00000000e0450000)
  from space 512K,  99% used [0x00000000e04d0000, 0x00000000e054fff8, 0x00000000e0550000)
  to   space 512K,   0% used [0x00000000e0450000, 0x00000000e0450000, 0x00000000e04d0000)
 tenured generation   total 10944K, used 4737K [0x00000000eaaa0000, 0x00000000eb550000, 0x0000000100000000)
   the space 10944K,  43% used [0x00000000eaaa0000, 0x00000000eaf406f8, 0x00000000eaf40800, 0x00000000eb550000)
 Metaspace       used 15198K, capacity 15518K, committed 15872K, reserved 1062912K
  class space    used 1825K, capacity 1943K, committed 2048K, reserved 1048576K
}
Event: 3.123 GC heap before
{Heap before GC invocations=17 (full 0):
 def new generation   total 4928K, used 4927K [0x00000000e0000000, 0x00000000e0550000, 0x00000000eaaa0000)
  eden space 4416K, 100% used [0x00000000e0000000, 0x00000000e0450000, 0x00000000e0450000)
  from space 512K,  99% used [0x00000000e04d0000, 0x00000000e054fff8, 0x00000000e0550000)
  to   space 512K,   0% used [0x00000000e0450000, 0x00000000e0450000, 0x00000000e04d0000)
 tenured generation   total 10944K, used 4737K [0x00000000eaaa0000, 0x00000000eb550000, 0x0000000100000000)
   the space 10944K,  43% used [0x00000000eaaa0000, 0x00000000eaf406f8, 0x00000000eaf40800, 0x00000000eb550000)
 Metaspace       used 15590K, capacity 15982K, committed 16128K, reserved 1062912K
  class space    used 1879K, capacity 2029K, committed 2048K, reserved 1048576K
Event: 3.125 GC heap after
Heap after GC invocations=18 (full 0):
 def new generation   total 4928K, used 233K [0x00000000e0000000, 0x00000000e0550000, 0x00000000eaaa0000)
  eden space 4416K,   0% used [0x00000000e0000000, 0x00000000e0000000, 0x00000000e0450000)
  from space 512K,  45% used [0x00000000e0450000, 0x00000000e048a6e8, 0x00000000e04d0000)
  to   space 512K,   0% used [0x00000000e04d0000, 0x00000000e04d0000, 0x00000000e0550000)
 tenured generation   total 10944K, used 4882K [0x00000000eaaa0000, 0x00000000eb550000, 0x0000000100000000)
   the space 10944K,  44% used [0x00000000eaaa0000, 0x00000000eaf648f0, 0x00000000eaf64a00, 0x00000000eb550000)
 Metaspace       used 15590K, capacity 15982K, committed 16128K, reserved 1062912K
  class space    used 1879K, capacity 2029K, committed 2048K, reserved 1048576K
}
Event: 3.189 GC heap before
{Heap before GC invocations=18 (full 0):
 def new generation   total 4928K, used 4649K [0x00000000e0000000, 0x00000000e0550000, 0x00000000eaaa0000)
  eden space 4416K, 100% used [0x00000000e0000000, 0x00000000e0450000, 0x00000000e0450000)
  from space 512K,  45% used [0x00000000e0450000, 0x00000000e048a6e8, 0x00000000e04d0000)
  to   space 512K,   0% used [0x00000000e04d0000, 0x00000000e04d0000, 0x00000000e0550000)
 tenured generation   total 10944K, used 4882K [0x00000000eaaa0000, 0x00000000eb550000, 0x0000000100000000)
   the space 10944K,  44% used [0x00000000eaaa0000, 0x00000000eaf648f0, 0x00000000eaf64a00, 0x00000000eb550000)
 Metaspace       used 15927K, capacity 16310K, committed 16512K, reserved 1062912K
  class space    used 1932K, capacity 2071K, committed 2176K, reserved 1048576K
Event: 3.191 GC heap after
Heap after GC invocations=19 (full 0):
 def new generation   total 4928K, used 323K [0x00000000e0000000, 0x00000000e0550000, 0x00000000eaaa0000)
  eden space 4416K,   0% used [0x00000000e0000000, 0x00000000e0000000, 0x00000000e0450000)
  from space 512K,  63% used [0x00000000e04d0000, 0x00000000e0520ea8, 0x00000000e0550000)
  to   space 512K,   0% used [0x00000000e0450000, 0x00000000e0450000, 0x00000000e04d0000)
 tenured generation   total 10944K, used 4882K [0x00000000eaaa0000, 0x00000000eb550000, 0x0000000100000000)
   the space 10944K,  44% used [0x00000000eaaa0000, 0x00000000eaf648f0, 0x00000000eaf64a00, 0x00000000eb550000)
 Metaspace       used 15927K, capacity 16310K, committed 16512K, reserved 1062912K
  class space    used 1932K, capacity 2071K, committed 2176K, reserved 1048576K
}
Event: 3.258 GC heap before
{Heap before GC invocations=19 (full 0):
 def new generation   total 4928K, used 4731K [0x00000000e0000000, 0x00000000e0550000, 0x00000000eaaa0000)
  eden space 4416K,  99% used [0x00000000e0000000, 0x00000000e044de18, 0x00000000e0450000)
  from space 512K,  63% used [0x00000000e04d0000, 0x00000000e0520ea8, 0x00000000e0550000)
  to   space 512K,   0% used [0x00000000e0450000, 0x00000000e0450000, 0x00000000e04d0000)
 tenured generation   total 10944K, used 4882K [0x00000000eaaa0000, 0x00000000eb550000, 0x0000000100000000)
   the space 10944K,  44% used [0x00000000eaaa0000, 0x00000000eaf648f0, 0x00000000eaf64a00, 0x00000000eb550000)
 Metaspace       used 16313K, capacity 16710K, committed 17024K, reserved 1064960K
  class space    used 1994K, capacity 2141K, committed 2176K, reserved 1048576K
Event: 3.260 GC heap after
Heap after GC invocations=20 (full 0):
 def new generation   total 4928K, used 393K [0x00000000e0000000, 0x00000000e0550000, 0x00000000eaaa0000)
  eden space 4416K,   0% used [0x00000000e0000000, 0x00000000e0000000, 0x00000000e0450000)
  from space 512K,  76% used [0x00000000e0450000, 0x00000000e04b2520, 0x00000000e04d0000)
  to   space 512K,   0% used [0x00000000e04d0000, 0x00000000e04d0000, 0x00000000e0550000)
 tenured generation   total 10944K, used 4957K [0x00000000eaaa0000, 0x00000000eb550000, 0x0000000100000000)
   the space 10944K,  45% used [0x00000000eaaa0000, 0x00000000eaf77470, 0x00000000eaf77600, 0x00000000eb550000)
 Metaspace       used 16313K, capacity 16710K, committed 17024K, reserved 1064960K
  class space    used 1994K, capacity 2141K, committed 2176K, reserved 1048576K
}
Event: 3.328 GC heap before
{Heap before GC invocations=20 (full 0):
 def new generation   total 4928K, used 4809K [0x00000000e0000000, 0x00000000e0550000, 0x00000000eaaa0000)
  eden space 4416K, 100% used [0x00000000e0000000, 0x00000000e0450000, 0x00000000e0450000)
  from space 512K,  76% used [0x00000000e0450000, 0x00000000e04b2520, 0x00000000e04d0000)
  to   space 512K,   0% used [0x00000000e04d0000, 0x00000000e04d0000, 0x00000000e0550000)
 tenured generation   total 10944K, used 4957K [0x00000000eaaa0000, 0x00000000eb550000, 0x0000000100000000)
   the space 10944K,  45% used [0x00000000eaaa0000, 0x00000000eaf77470, 0x00000000eaf77600, 0x00000000eb550000)
 Metaspace       used 16692K, capacity 17074K, committed 17280K, reserved 1064960K
  class space    used 2055K, capacity 2175K, committed 2176K, reserved 1048576K
Event: 3.330 GC heap after
Heap after GC invocations=21 (full 0):
 def new generation   total 4928K, used 311K [0x00000000e0000000, 0x00000000e0550000, 0x00000000eaaa0000)
  eden space 4416K,   0% used [0x00000000e0000000, 0x00000000e0000000, 0x00000000e0450000)
  from space 512K,  60% used [0x00000000e04d0000, 0x00000000e051df00, 0x00000000e0550000)
  to   space 512K,   0% used [0x00000000e0450000, 0x00000000e0450000, 0x00000000e04d0000)
 tenured generation   total 10944K, used 5155K [0x00000000eaaa0000, 0x00000000eb550000, 0x0000000100000000)
   the space 10944K,  47% used [0x00000000eaaa0000, 0x00000000eafa8fd8, 0x00000000eafa9000, 0x00000000eb550000)
 Metaspace       used 16692K, capacity 17074K, committed 17280K, reserved 1064960K
  class space    used 2055K, capacity 2175K, committed 2176K, reserved 1048576K
}
Event: 3.371 GC heap before
{Heap before GC invocations=21 (full 0):
 def new generation   total 4928K, used 4727K [0x00000000e0000000, 0x00000000e0550000, 0x00000000eaaa0000)
  eden space 4416K, 100% used [0x00000000e0000000, 0x00000000e0450000, 0x00000000e0450000)
  from space 512K,  60% used [0x00000000e04d0000, 0x00000000e051df00, 0x00000000e0550000)
  to   space 512K,   0% used [0x00000000e0450000, 0x00000000e0450000, 0x00000000e04d0000)
 tenured generation   total 10944K, used 5155K [0x00000000eaaa0000, 0x00000000eb550000, 0x0000000100000000)
   the space 10944K,  47% used [0x00000000eaaa0000, 0x00000000eafa8fd8, 0x00000000eafa9000, 0x00000000eb550000)
 Metaspace       used 16899K, capacity 17286K, committed 17408K, reserved 1064960K
  class space    used 2106K, capacity 2245K, committed 2304K, reserved 1048576K
Event: 3.373 GC heap after
Heap after GC invocations=22 (full 0):
 def new generation   total 4928K, used 270K [0x00000000e0000000, 0x00000000e0550000, 0x00000000eaaa0000)
  eden space 4416K,   0% used [0x00000000e0000000, 0x00000000e0000000, 0x00000000e0450000)
  from space 512K,  52% used [0x00000000e0450000, 0x00000000e0493858, 0x00000000e04d0000)
  to   space 512K,   0% used [0x00000000e04d0000, 0x00000000e04d0000, 0x00000000e0550000)
 tenured generation   total 10944K, used 5242K [0x00000000eaaa0000, 0x00000000eb550000, 0x0000000100000000)
   the space 10944K,  47% used [0x00000000eaaa0000, 0x00000000eafbeab8, 0x00000000eafbec00, 0x00000000eb550000)
 Metaspace       used 16899K, capacity 17286K, committed 17408K, reserved 1064960K
  class space    used 2106K, capacity 2245K, committed 2304K, reserved 1048576K
}
Event: 3.440 GC heap before
{Heap before GC invocations=22 (full 0):
 def new generation   total 4928K, used 4686K [0x00000000e0000000, 0x00000000e0550000, 0x00000000eaaa0000)
  eden space 4416K, 100% used [0x00000000e0000000, 0x00000000e0450000, 0x00000000e0450000)
  from space 512K,  52% used [0x00000000e0450000, 0x00000000e0493858, 0x00000000e04d0000)
  to   space 512K,   0% used [0x00000000e04d0000, 0x00000000e04d0000, 0x00000000e0550000)
 tenured generation   total 10944K, used 5242K [0x00000000eaaa0000, 0x00000000eb550000, 0x0000000100000000)
   the space 10944K,  47% used [0x00000000eaaa0000, 0x00000000eafbeab8, 0x00000000eafbec00, 0x00000000eb550000)
 Metaspace       used 17201K, capacity 17708K, committed 18048K, reserved 1064960K
  class space    used 2165K, capacity 2316K, committed 2432K, reserved 1048576K
Event: 3.441 GC heap after
Heap after GC invocations=23 (full 0):
 def new generation   total 4928K, used 354K [0x00000000e0000000, 0x00000000e0550000, 0x00000000eaaa0000)
  eden space 4416K,   0% used [0x00000000e0000000, 0x00000000e0000000, 0x00000000e0450000)
  from space 512K,  69% used [0x00000000e04d0000, 0x00000000e0528bf8, 0x00000000e0550000)
  to   space 512K,   0% used [0x00000000e0450000, 0x00000000e0450000, 0x00000000e04d0000)
 tenured generation   total 10944K, used 5315K [0x00000000eaaa0000, 0x00000000eb550000, 0x0000000100000000)
   the space 10944K,  48% used [0x00000000eaaa0000, 0x00000000eafd0d00, 0x00000000eafd0e00, 0x00000000eb550000)
 Metaspace       used 17201K, capacity 17708K, committed 18048K, reserved 1064960K
  class space    used 2165K, capacity 2316K, committed 2432K, reserved 1048576K
}
Event: 3.520 GC heap before
{Heap before GC invocations=23 (full 0):
 def new generation   total 4928K, used 4770K [0x00000000e0000000, 0x00000000e0550000, 0x00000000eaaa0000)
  eden space 4416K, 100% used [0x00000000e0000000, 0x00000000e0450000, 0x00000000e0450000)
  from space 512K,  69% used [0x00000000e04d0000, 0x00000000e0528bf8, 0x00000000e0550000)
  to   space 512K,   0% used [0x00000000e0450000, 0x00000000e0450000, 0x00000000e04d0000)
 tenured generation   total 10944K, used 5315K [0x00000000eaaa0000, 0x00000000eb550000, 0x0000000100000000)
   the space 10944K,  48% used [0x00000000eaaa0000, 0x00000000eafd0d00, 0x00000000eafd0e00, 0x00000000eb550000)
 Metaspace       used 17534K, capacity 17996K, committed 18304K, reserved 1064960K
  class space    used 2216K, capacity 2348K, committed 2432K, reserved 1048576K
Event: 3.522 GC heap after
Heap after GC invocations=24 (full 0):
 def new generation   total 4928K, used 466K [0x00000000e0000000, 0x00000000e0550000, 0x00000000eaaa0000)
  eden space 4416K,   0% used [0x00000000e0000000, 0x00000000e0000000, 0x00000000e0450000)
  from space 512K,  91% used [0x00000000e0450000, 0x00000000e04c4a78, 0x00000000e04d0000)
  to   space 512K,   0% used [0x00000000e04d0000, 0x00000000e04d0000, 0x00000000e0550000)
 tenured generation   total 10944K, used 5469K [0x00000000eaaa0000, 0x00000000eb550000, 0x0000000100000000)
   the space 10944K,  49% used [0x00000000eaaa0000, 0x00000000eaff75b8, 0x00000000eaff7600, 0x00000000eb550000)
 Metaspace       used 17534K, capacity 17996K, committed 18304K, reserved 1064960K
  class space    used 2216K, capacity 2348K, committed 2432K, reserved 1048576K
}
Event: 3.567 GC heap before
{Heap before GC invocations=24 (full 0):
 def new generation   total 4928K, used 4882K [0x00000000e0000000, 0x00000000e0550000, 0x00000000eaaa0000)
  eden space 4416K, 100% used [0x00000000e0000000, 0x00000000e0450000, 0x00000000e0450000)
  from space 512K,  91% used [0x00000000e0450000, 0x00000000e04c4a78, 0x00000000e04d0000)
  to   space 512K,   0% used [0x00000000e04d0000, 0x00000000e04d0000, 0x00000000e0550000)
 tenured generation   total 10944K, used 5469K [0x00000000eaaa0000, 0x00000000eb550000, 0x0000000100000000)
   the space 10944K,  49% used [0x00000000eaaa0000, 0x00000000eaff75b8, 0x00000000eaff7600, 0x00000000eb550000)
 Metaspace       used 17762K, capacity 18188K, committed 18304K, reserved 1064960K
  class space    used 2269K, capacity 2412K, committed 2432K, reserved 1048576K
Event: 3.569 GC heap after
Heap after GC invocations=25 (full 0):
 def new generation   total 4928K, used 275K [0x00000000e0000000, 0x00000000e0550000, 0x00000000eaaa0000)
  eden space 4416K,   0% used [0x00000000e0000000, 0x00000000e0000000, 0x00000000e0450000)
  from space 512K,  53% used [0x00000000e04d0000, 0x00000000e0514f58, 0x00000000e0550000)
  to   space 512K,   0% used [0x00000000e0450000, 0x00000000e0450000, 0x00000000e04d0000)
 tenured generation   total 10944K, used 5603K [0x00000000eaaa0000, 0x00000000eb550000, 0x0000000100000000)
   the space 10944K,  51% used [0x00000000eaaa0000, 0x00000000eb018cf0, 0x00000000eb018e00, 0x00000000eb550000)
 Metaspace       used 17762K, capacity 18188K, committed 18304K, reserved 1064960K
  class space    used 2269K, capacity 2412K, committed 2432K, reserved 1048576K
}
Event: 3.616 GC heap before
{Heap before GC invocations=25 (full 0):
 def new generation   total 4928K, used 4691K [0x00000000e0000000, 0x00000000e0550000, 0x00000000eaaa0000)
  eden space 4416K, 100% used [0x00000000e0000000, 0x00000000e0450000, 0x00000000e0450000)
  from space 512K,  53% used [0x00000000e04d0000, 0x00000000e0514f58, 0x00000000e0550000)
  to   space 512K,   0% used [0x00000000e0450000, 0x00000000e0450000, 0x00000000e04d0000)
 tenured generation   total 10944K, used 5603K [0x00000000eaaa0000, 0x00000000eb550000, 0x0000000100000000)
   the space 10944K,  51% used [0x00000000eaaa0000, 0x00000000eb018cf0, 0x00000000eb018e00, 0x00000000eb550000)
 Metaspace       used 18024K, capacity 18444K, committed 18688K, reserved 1064960K
  class space    used 2322K, capacity 2476K, committed 2560K, reserved 1048576K
Event: 3.618 GC heap after
Heap after GC invocations=26 (full 0):
 def new generation   total 4928K, used 368K [0x00000000e0000000, 0x00000000e0550000, 0x00000000eaaa0000)
  eden space 4416K,   0% used [0x00000000e0000000, 0x00000000e0000000, 0x00000000e0450000)
  from space 512K,  71% used [0x00000000e0450000, 0x00000000e04ac040, 0x00000000e04d0000)
  to   space 512K,   0% used [0x00000000e04d0000, 0x00000000e04d0000, 0x00000000e0550000)
 tenured generation   total 10944K, used 5694K [0x00000000eaaa0000, 0x00000000eb550000, 0x0000000100000000)
   the space 10944K,  52% used [0x00000000eaaa0000, 0x00000000eb02fb38, 0x00000000eb02fc00, 0x00000000eb550000)
 Metaspace       used 18024K, capacity 18444K, committed 18688K, reserved 1064960K
  class space    used 2322K, capacity 2476K, committed 2560K, reserved 1048576K
}
Event: 3.680 GC heap before
{Heap before GC invocations=26 (full 0):
 def new generation   total 4928K, used 4784K [0x00000000e0000000, 0x00000000e0550000, 0x00000000eaaa0000)
  eden space 4416K, 100% used [0x00000000e0000000, 0x00000000e0450000, 0x00000000e0450000)
  from space 512K,  71% used [0x00000000e0450000, 0x00000000e04ac040, 0x00000000e04d0000)
  to   space 512K,   0% used [0x00000000e04d0000, 0x00000000e04d0000, 0x00000000e0550000)
 tenured generation   total 10944K, used 5694K [0x00000000eaaa0000, 0x00000000eb550000, 0x0000000100000000)
   the space 10944K,  52% used [0x00000000eaaa0000, 0x00000000eb02fb38, 0x00000000eb02fc00, 0x00000000eb550000)
 Metaspace       used 18422K, capacity 18808K, committed 18944K, reserved 1064960K
  class space    used 2380K, capacity 2510K, committed 2560K, reserved 1048576K
Event: 3.682 GC heap after
Heap after GC invocations=27 (full 0):
 def new generation   total 4928K, used 438K [0x00000000e0000000, 0x00000000e0550000, 0x00000000eaaa0000)
  eden space 4416K,   0% used [0x00000000e0000000, 0x00000000e0000000, 0x00000000e0450000)
  from space 512K,  85% used [0x00000000e04d0000, 0x00000000e053db30, 0x00000000e0550000)
  to   space 512K,   0% used [0x00000000e0450000, 0x00000000e0450000, 0x00000000e04d0000)
 tenured generation   total 10944K, used 5796K [0x00000000eaaa0000, 0x00000000eb550000, 0x0000000100000000)
   the space 10944K,  52% used [0x00000000eaaa0000, 0x00000000eb0490a0, 0x00000000eb049200, 0x00000000eb550000)
 Metaspace       used 18422K, capacity 18808K, committed 18944K, reserved 1064960K
  class space    used 2380K, capacity 2510K, committed 2560K, reserved 1048576K
}
Event: 3.749 GC heap before
{Heap before GC invocations=27 (full 0):
 def new generation   total 4928K, used 4854K [0x00000000e0000000, 0x00000000e0550000, 0x00000000eaaa0000)
  eden space 4416K, 100% used [0x00000000e0000000, 0x00000000e0450000, 0x00000000e0450000)
  from space 512K,  85% used [0x00000000e04d0000, 0x00000000e053db30, 0x00000000e0550000)
  to   space 512K,   0% used [0x00000000e0450000, 0x00000000e0450000, 0x00000000e04d0000)
 tenured generation   total 10944K, used 5796K [0x00000000eaaa0000, 0x00000000eb550000, 0x0000000100000000)
   the space 10944K,  52% used [0x00000000eaaa0000, 0x00000000eb0490a0, 0x00000000eb049200, 0x00000000eb550000)
 Metaspace       used 18776K, capacity 19286K, committed 19584K, reserved 1067008K
  class space    used 2429K, capacity 2581K, committed 2688K, reserved 1048576K
Event: 3.751 GC heap after
Heap after GC invocations=28 (full 0):
 def new generation   total 4928K, used 426K [0x00000000e0000000, 0x00000000e0550000, 0x00000000eaaa0000)
  eden space 4416K,   0% used [0x00000000e0000000, 0x00000000e0000000, 0x00000000e0450000)
  from space 512K,  83% used [0x00000000e0450000, 0x00000000e04ba830, 0x00000000e04d0000)
  to   space 512K,   0% used [0x00000000e04d0000, 0x00000000e04d0000, 0x00000000e0550000)
 tenured generation   total 10944K, used 5894K [0x00000000eaaa0000, 0x00000000eb550000, 0x0000000100000000)
   the space 10944K,  53% used [0x00000000eaaa0000, 0x00000000eb061ad0, 0x00000000eb061c00, 0x00000000eb550000)
 Metaspace       used 18776K, capacity 19286K, committed 19584K, reserved 1067008K
  class space    used 2429K, capacity 2581K, committed 2688K, reserved 1048576K
}
Event: 3.796 GC heap before
{Heap before GC invocations=28 (full 0):
 def new generation   total 4928K, used 4842K [0x00000000e0000000, 0x00000000e0550000, 0x00000000eaaa0000)
  eden space 4416K, 100% used [0x00000000e0000000, 0x00000000e0450000, 0x00000000e0450000)
  from space 512K,  83% used [0x00000000e0450000, 0x00000000e04ba830, 0x00000000e04d0000)
  to   space 512K,   0% used [0x00000000e04d0000, 0x00000000e04d0000, 0x00000000e0550000)
 tenured generation   total 10944K, used 5894K [0x00000000eaaa0000, 0x00000000eb550000, 0x0000000100000000)
   the space 10944K,  53% used [0x00000000eaaa0000, 0x00000000eb061ad0, 0x00000000eb061c00, 0x00000000eb550000)
 Metaspace       used 19093K, capacity 19580K, committed 19840K, reserved 1067008K
  class space    used 2469K, capacity 2614K, committed 2688K, reserved 1048576K
Event: 3.798 GC heap after
Heap after GC invocations=29 (full 0):
 def new generation   total 4928K, used 400K [0x00000000e0000000, 0x00000000e0550000, 0x00000000eaaa0000)
  eden space 4416K,   0% used [0x00000000e0000000, 0x00000000e0000000, 0x00000000e0450000)
  from space 512K,  78% used [0x00000000e04d0000, 0x00000000e05342a8, 0x00000000e0550000)
  to   space 512K,   0% used [0x00000000e0450000, 0x00000000e0450000, 0x00000000e04d0000)
 tenured generation   total 10944K, used 5993K [0x00000000eaaa0000, 0x00000000eb550000, 0x0000000100000000)
   the space 10944K,  54% used [0x00000000eaaa0000, 0x00000000eb07a400, 0x00000000eb07a400, 0x00000000eb550000)
 Metaspace       used 19093K, capacity 19580K, committed 19840K, reserved 1067008K
  class space    used 2469K, capacity 2614K, committed 2688K, reserved 1048576K
}
Event: 3.867 GC heap before
{Heap before GC invocations=29 (full 0):
 def new generation   total 4928K, used 4816K [0x00000000e0000000, 0x00000000e0550000, 0x00000000eaaa0000)
  eden space 4416K, 100% used [0x00000000e0000000, 0x00000000e0450000, 0x00000000e0450000)
  from space 512K,  78% used [0x00000000e04d0000, 0x00000000e05342a8, 0x00000000e0550000)
  to   space 512K,   0% used [0x00000000e0450000, 0x00000000e0450000, 0x00000000e04d0000)
 tenured generation   total 10944K, used 5993K [0x00000000eaaa0000, 0x00000000eb550000, 0x0000000100000000)
   the space 10944K,  54% used [0x00000000eaaa0000, 0x00000000eb07a400, 0x00000000eb07a400, 0x00000000eb550000)
 Metaspace       used 19463K, capacity 19932K, committed 20096K, reserved 1067008K
  class space    used 2523K, capacity 2686K, committed 2688K, reserved 1048576K
Event: 3.869 GC heap after
Heap after GC invocations=30 (full 0):
 def new generation   total 4928K, used 351K [0x00000000e0000000, 0x00000000e0550000, 0x00000000eaaa0000)
  eden space 4416K,   0% used [0x00000000e0000000, 0x00000000e0000000, 0x00000000e0450000)
  from space 512K,  68% used [0x00000000e0450000, 0x00000000e04a7dd0, 0x00000000e04d0000)
  to   space 512K,   0% used [0x00000000e04d0000, 0x00000000e04d0000, 0x00000000e0550000)
 tenured generation   total 10944K, used 6056K [0x00000000eaaa0000, 0x00000000eb550000, 0x0000000100000000)
   the space 10944K,  55% used [0x00000000eaaa0000, 0x00000000eb08a1b8, 0x00000000eb08a200, 0x00000000eb550000)
 Metaspace       used 19463K, capacity 19932K, committed 20096K, reserved 1067008K
  class space    used 2523K, capacity 2686K, committed 2688K, reserved 1048576K
}
Event: 3.940 GC heap before
{Heap before GC invocations=30 (full 0):
 def new generation   total 4928K, used 4767K [0x00000000e0000000, 0x00000000e0550000, 0x00000000eaaa0000)
  eden space 4416K, 100% used [0x00000000e0000000, 0x00000000e0450000, 0x00000000e0450000)
  from space 512K,  68% used [0x00000000e0450000, 0x00000000e04a7dd0, 0x00000000e04d0000)
  to   space 512K,   0% used [0x00000000e04d0000, 0x00000000e04d0000, 0x00000000e0550000)
 tenured generation   total 10944K, used 6056K [0x00000000eaaa0000, 0x00000000eb550000, 0x0000000100000000)
   the space 10944K,  55% used [0x00000000eaaa0000, 0x00000000eb08a1b8, 0x00000000eb08a200, 0x00000000eb550000)
 Metaspace       used 19911K, capacity 20468K, committed 20736K, reserved 1067008K
  class space    used 2578K, capacity 2728K, committed 2816K, reserved 1048576K
Event: 3.942 GC heap after
Heap after GC invocations=31 (full 0):
 def new generation   total 4928K, used 405K [0x00000000e0000000, 0x00000000e0550000, 0x00000000eaaa0000)
  eden space 4416K,   0% used [0x00000000e0000000, 0x00000000e0000000, 0x00000000e0450000)
  from space 512K,  79% used [0x00000000e04d0000, 0x00000000e05355a0, 0x00000000e0550000)
  to   space 512K,   0% used [0x00000000e0450000, 0x00000000e0450000, 0x00000000e04d0000)
 tenured generation   total 10944K, used 6128K [0x00000000eaaa0000, 0x00000000eb550000, 0x0000000100000000)
   the space 10944K,  55% used [0x00000000eaaa0000, 0x00000000eb09c058, 0x00000000eb09c200, 0x00000000eb550000)
 Metaspace       used 19911K, capacity 20468K, committed 20736K, reserved 1067008K
  class space    used 2578K, capacity 2728K, committed 2816K, reserved 1048576K
}
Event: 4.017 GC heap before
{Heap before GC invocations=31 (full 0):
 def new generation   total 4928K, used 4821K [0x00000000e0000000, 0x00000000e0550000, 0x00000000eaaa0000)
  eden space 4416K, 100% used [0x00000000e0000000, 0x00000000e0450000, 0x00000000e0450000)
  from space 512K,  79% used [0x00000000e04d0000, 0x00000000e05355a0, 0x00000000e0550000)
  to   space 512K,   0% used [0x00000000e0450000, 0x00000000e0450000, 0x00000000e04d0000)
 tenured generation   total 10944K, used 6128K [0x00000000eaaa0000, 0x00000000eb550000, 0x0000000100000000)
   the space 10944K,  55% used [0x00000000eaaa0000, 0x00000000eb09c058, 0x00000000eb09c200, 0x00000000eb550000)
 Metaspace       used 20523K, capacity 21046K, committed 21296K, reserved 1067008K
  class space    used 2661K, capacity 2839K, committed 2944K, reserved 1048576K
Event: 4.019 GC heap after
Heap after GC invocations=32 (full 0):
 def new generation   total 4928K, used 511K [0x00000000e0000000, 0x00000000e0550000, 0x00000000eaaa0000)
  eden space 4416K,   0% used [0x00000000e0000000, 0x00000000e0000000, 0x00000000e0450000)
  from space 512K,  99% used [0x00000000e0450000, 0x00000000e04cff38, 0x00000000e04d0000)
  to   space 512K,   0% used [0x00000000e04d0000, 0x00000000e04d0000, 0x00000000e0550000)
 tenured generation   total 10944K, used 6240K [0x00000000eaaa0000, 0x00000000eb550000, 0x0000000100000000)
   the space 10944K,  57% used [0x00000000eaaa0000, 0x00000000eb0b8178, 0x00000000eb0b8200, 0x00000000eb550000)
 Metaspace       used 20523K, capacity 21046K, committed 21296K, reserved 1067008K
  class space    used 2661K, capacity 2839K, committed 2944K, reserved 1048576K
}
Event: 4.032 GC heap before
{Heap before GC invocations=32 (full 0):
 def new generation   total 4928K, used 1411K [0x00000000e0000000, 0x00000000e0550000, 0x00000000eaaa0000)
  eden space 4416K,  20% used [0x00000000e0000000, 0x00000000e00e0e68, 0x00000000e0450000)
  from space 512K,  99% used [0x00000000e0450000, 0x00000000e04cff38, 0x00000000e04d0000)
  to   space 512K,   0% used [0x00000000e04d0000, 0x00000000e04d0000, 0x00000000e0550000)
 tenured generation   total 10944K, used 6240K [0x00000000eaaa0000, 0x00000000eb550000, 0x0000000100000000)
   the space 10944K,  57% used [0x00000000eaaa0000, 0x00000000eb0b8178, 0x00000000eb0b8200, 0x00000000eb550000)
 Metaspace       used 20634K, capacity 21174K, committed 21296K, reserved 1067008K
  class space    used 2673K, capacity 2839K, committed 2944K, reserved 1048576K
Event: 4.065 GC heap after
Heap after GC invocations=33 (full 1):
 def new generation   total 4992K, used 0K [0x00000000e0000000, 0x00000000e0560000, 0x00000000eaaa0000)
  eden space 4480K,   0% used [0x00000000e0000000, 0x00000000e0000000, 0x00000000e0460000)
  from space 512K,   0% used [0x00000000e0460000, 0x00000000e0460000, 0x00000000e04e0000)
  to   space 512K,   0% used [0x00000000e04e0000, 0x00000000e04e0000, 0x00000000e0560000)
 tenured generation   total 10944K, used 6271K [0x00000000eaaa0000, 0x00000000eb550000, 0x0000000100000000)
   the space 10944K,  57% used [0x00000000eaaa0000, 0x00000000eb0bfea8, 0x00000000eb0c0000, 0x00000000eb550000)
 Metaspace       used 20634K, capacity 21174K, committed 21296K, reserved 1067008K
  class space    used 2673K, capacity 2839K, committed 2944K, reserved 1048576K
}
Event: 4.122 GC heap before
{Heap before GC invocations=33 (full 1):
 def new generation   total 4992K, used 4480K [0x00000000e0000000, 0x00000000e0560000, 0x00000000eaaa0000)
  eden space 4480K, 100% used [0x00000000e0000000, 0x00000000e0460000, 0x00000000e0460000)
  from space 512K,   0% used [0x00000000e0460000, 0x00000000e0460000, 0x00000000e04e0000)
  to   space 512K,   0% used [0x00000000e04e0000, 0x00000000e04e0000, 0x00000000e0560000)
 tenured generation   total 10944K, used 6271K [0x00000000eaaa0000, 0x00000000eb550000, 0x0000000100000000)
   the space 10944K,  57% used [0x00000000eaaa0000, 0x00000000eb0bfea8, 0x00000000eb0c0000, 0x00000000eb550000)
 Metaspace       used 21063K, capacity 21600K, committed 21888K, reserved 1069056K
  class space    used 2724K, capacity 2874K, committed 2944K, reserved 1048576K
Event: 4.124 GC heap after
Heap after GC invocations=34 (full 1):
 def new generation   total 4992K, used 421K [0x00000000e0000000, 0x00000000e0560000, 0x00000000eaaa0000)
  eden space 4480K,   0% used [0x00000000e0000000, 0x00000000e0000000, 0x00000000e0460000)
  from space 512K,  82% used [0x00000000e04e0000, 0x00000000e05495b8, 0x00000000e0560000)
  to   space 512K,   0% used [0x00000000e0460000, 0x00000000e0460000, 0x00000000e04e0000)
 tenured generation   total 10944K, used 6271K [0x00000000eaaa0000, 0x00000000eb550000, 0x0000000100000000)
   the space 10944K,  57% used [0x00000000eaaa0000, 0x00000000eb0bfea8, 0x00000000eb0c0000, 0x00000000eb550000)
 Metaspace       used 21063K, capacity 21600K, committed 21888K, reserved 1069056K
  class space    used 2724K, capacity 2874K, committed 2944K, reserved 1048576K
}
Event: 4.177 GC heap before
{Heap before GC invocations=34 (full 1):
 def new generation   total 4992K, used 4907K [0x00000000e0000000, 0x00000000e0560000, 0x00000000eaaa0000)
  eden space 4480K, 100% used [0x00000000e0000000, 0x00000000e0460000, 0x00000000e0460000)
  from space 512K,  83% used [0x00000000e04e0000, 0x00000000e054ae58, 0x00000000e0560000)
  to   space 512K,   0% used [0x00000000e0460000, 0x00000000e0460000, 0x00000000e04e0000)
 tenured generation   total 10944K, used 6271K [0x00000000eaaa0000, 0x00000000eb550000, 0x0000000100000000)
   the space 10944K,  57% used [0x00000000eaaa0000, 0x00000000eb0bfea8, 0x00000000eb0c0000, 0x00000000eb550000)
 Metaspace       used 21495K, capacity 22052K, committed 22144K, reserved 1069056K
  class space    used 2767K, capacity 2940K, committed 2944K, reserved 1048576K
Event: 4.179 GC heap after
Heap after GC invocations=35 (full 1):
 def new generation   total 4992K, used 511K [0x00000000e0000000, 0x00000000e0560000, 0x00000000eaaa0000)
  eden space 4480K,   0% used [0x00000000e0000000, 0x00000000e0000000, 0x00000000e0460000)
  from space 512K,  99% used [0x00000000e0460000, 0x00000000e04dfff0, 0x00000000e04e0000)
  to   space 512K,   0% used [0x00000000e04e0000, 0x00000000e04e0000, 0x00000000e0560000)
 tenured generation   total 10944K, used 6340K [0x00000000eaaa0000, 0x00000000eb550000, 0x0000000100000000)
   the space 10944K,  57% used [0x00000000eaaa0000, 0x00000000eb0d1038, 0x00000000eb0d1200, 0x00000000eb550000)
 Metaspace       used 21495K, capacity 22052K, committed 22144K, reserved 1069056K
  class space    used 2767K, capacity 2940K, committed 2944K, reserved 1048576K
}
Event: 4.236 GC heap before
{Heap before GC invocations=35 (full 1):
 def new generation   total 4992K, used 4986K [0x00000000e0000000, 0x00000000e0560000, 0x00000000eaaa0000)
  eden space 4480K,  99% used [0x00000000e0000000, 0x00000000e045eac8, 0x00000000e0460000)
  from space 512K,  99% used [0x00000000e0460000, 0x00000000e04dfff0, 0x00000000e04e0000)
  to   space 512K,   0% used [0x00000000e04e0000, 0x00000000e04e0000, 0x00000000e0560000)
 tenured generation   total 10944K, used 6340K [0x00000000eaaa0000, 0x00000000eb550000, 0x0000000100000000)
   the space 10944K,  57% used [0x00000000eaaa0000, 0x00000000eb0d1038, 0x00000000eb0d1200, 0x00000000eb550000)
 Metaspace       used 21947K, capacity 22468K, committed 22784K, reserved 1069056K
  class space    used 2806K, capacity 2972K, committed 3072K, reserved 1048576K
Event: 4.239 GC heap after
Heap after GC invocations=36 (full 1):
 def new generation   total 4992K, used 506K [0x00000000e0000000, 0x00000000e0560000, 0x00000000eaaa0000)
  eden space 4480K,   0% used [0x00000000e0000000, 0x00000000e0000000, 0x00000000e0460000)
  from space 512K,  98% used [0x00000000e04e0000, 0x00000000e055e818, 0x00000000e0560000)
  to   space 512K,   0% used [0x00000000e0460000, 0x00000000e0460000, 0x00000000e04e0000)
 tenured generation   total 10944K, used 6520K [0x00000000eaaa0000, 0x00000000eb550000, 0x0000000100000000)
   the space 10944K,  59% used [0x00000000eaaa0000, 0x00000000eb0fe030, 0x00000000eb0fe200, 0x00000000eb550000)
 Metaspace       used 21947K, capacity 22468K, committed 22784K, reserved 1069056K
  class space    used 2806K, capacity 2972K, committed 3072K, reserved 1048576K
}
Event: 4.315 GC heap before
{Heap before GC invocations=36 (full 1):
 def new generation   total 4992K, used 4986K [0x00000000e0000000, 0x00000000e0560000, 0x00000000eaaa0000)
  eden space 4480K, 100% used [0x00000000e0000000, 0x00000000e0460000, 0x00000000e0460000)
  from space 512K,  98% used [0x00000000e04e0000, 0x00000000e055e818, 0x00000000e0560000)
  to   space 512K,   0% used [0x00000000e0460000, 0x00000000e0460000, 0x00000000e04e0000)
 tenured generation   total 10944K, used 6520K [0x00000000eaaa0000, 0x00000000eb550000, 0x0000000100000000)
   the space 10944K,  59% used [0x00000000eaaa0000, 0x00000000eb0fe030, 0x00000000eb0fe200, 0x00000000eb550000)
 Metaspace       used 22436K, capacity 23018K, committed 23296K, reserved 1069056K
  class space    used 2851K, capacity 3005K, committed 3072K, reserved 1048576K
Event: 4.317 GC heap after
Heap after GC invocations=37 (full 1):
 def new generation   total 4992K, used 510K [0x00000000e0000000, 0x00000000e0560000, 0x00000000eaaa0000)
  eden space 4480K,   0% used [0x00000000e0000000, 0x00000000e0000000, 0x00000000e0460000)
  from space 512K,  99% used [0x00000000e0460000, 0x00000000e04df860, 0x00000000e04e0000)
  to   space 512K,   0% used [0x00000000e04e0000, 0x00000000e04e0000, 0x00000000e0560000)
 tenured generation   total 10944K, used 6631K [0x00000000eaaa0000, 0x00000000eb550000, 0x0000000100000000)
   the space 10944K,  60% used [0x00000000eaaa0000, 0x00000000eb119d50, 0x00000000eb119e00, 0x00000000eb550000)
 Metaspace       used 22436K, capacity 23018K, committed 23296K, reserved 1069056K
  class space    used 2851K, capacity 3005K, committed 3072K, reserved 1048576K
}
Event: 4.399 GC heap before
{Heap before GC invocations=37 (full 1):
 def new generation   total 4992K, used 4990K [0x00000000e0000000, 0x00000000e0560000, 0x00000000eaaa0000)
  eden space 4480K, 100% used [0x00000000e0000000, 0x00000000e0460000, 0x00000000e0460000)
  from space 512K,  99% used [0x00000000e0460000, 0x00000000e04df860, 0x00000000e04e0000)
  to   space 512K,   0% used [0x00000000e04e0000, 0x00000000e04e0000, 0x00000000e0560000)
 tenured generation   total 10944K, used 6631K [0x00000000eaaa0000, 0x00000000eb550000, 0x0000000100000000)
   the space 10944K,  60% used [0x00000000eaaa0000, 0x00000000eb119d50, 0x00000000eb119e00, 0x00000000eb550000)
 Metaspace       used 22777K, capacity 23344K, committed 23552K, reserved 1069056K
  class space    used 2903K, capacity 3070K, committed 3072K, reserved 1048576K
Event: 4.401 GC heap after
Heap after GC invocations=38 (full 1):
 def new generation   total 4992K, used 358K [0x00000000e0000000, 0x00000000e0560000, 0x00000000eaaa0000)
  eden space 4480K,   0% used [0x00000000e0000000, 0x00000000e0000000, 0x00000000e0460000)
  from space 512K,  70% used [0x00000000e04e0000, 0x00000000e0539a28, 0x00000000e0560000)
  to   space 512K,   0% used [0x00000000e0460000, 0x00000000e0460000, 0x00000000e04e0000)
 tenured generation   total 10944K, used 6759K [0x00000000eaaa0000, 0x00000000eb550000, 0x0000000100000000)
   the space 10944K,  61% used [0x00000000eaaa0000, 0x00000000eb139df8, 0x00000000eb139e00, 0x00000000eb550000)
 Metaspace       used 22777K, capacity 23344K, committed 23552K, reserved 1069056K
  class space    used 2903K, capacity 3070K, committed 3072K, reserved 1048576K
}
Event: 4.466 GC heap before
{Heap before GC invocations=38 (full 1):
 def new generation   total 4992K, used 4838K [0x00000000e0000000, 0x00000000e0560000, 0x00000000eaaa0000)
  eden space 4480K, 100% used [0x00000000e0000000, 0x00000000e0460000, 0x00000000e0460000)
  from space 512K,  70% used [0x00000000e04e0000, 0x00000000e0539a28, 0x00000000e0560000)
  to   space 512K,   0% used [0x00000000e0460000, 0x00000000e0460000, 0x00000000e04e0000)
 tenured generation   total 10944K, used 6759K [0x00000000eaaa0000, 0x00000000eb550000, 0x0000000100000000)
   the space 10944K,  61% used [0x00000000eaaa0000, 0x00000000eb139df8, 0x00000000eb139e00, 0x00000000eb550000)
 Metaspace       used 23102K, capacity 23632K, committed 23936K, reserved 1071104K
  class space    used 2940K, capacity 3102K, committed 3200K, reserved 1048576K
Event: 4.468 GC heap after
Heap after GC invocations=39 (full 1):
 def new generation   total 4992K, used 485K [0x00000000e0000000, 0x00000000e0560000, 0x00000000eaaa0000)
  eden space 4480K,   0% used [0x00000000e0000000, 0x00000000e0000000, 0x00000000e0460000)
  from space 512K,  94% used [0x00000000e0460000, 0x00000000e04d9640, 0x00000000e04e0000)
  to   space 512K,   0% used [0x00000000e04e0000, 0x00000000e04e0000, 0x00000000e0560000)
 tenured generation   total 10944K, used 6894K [0x00000000eaaa0000, 0x00000000eb550000, 0x0000000100000000)
   the space 10944K,  62% used [0x00000000eaaa0000, 0x00000000eb15ba48, 0x00000000eb15bc00, 0x00000000eb550000)
 Metaspace       used 23102K, capacity 23632K, committed 23936K, reserved 1071104K
  class space    used 2940K, capacity 3102K, committed 3200K, reserved 1048576K
}
Event: 4.522 GC heap before
{Heap before GC invocations=39 (full 1):
 def new generation   total 4992K, used 4965K [0x00000000e0000000, 0x00000000e0560000, 0x00000000eaaa0000)
  eden space 4480K, 100% used [0x00000000e0000000, 0x00000000e0460000, 0x00000000e0460000)
  from space 512K,  94% used [0x00000000e0460000, 0x00000000e04d9640, 0x00000000e04e0000)
  to   space 512K,   0% used [0x00000000e04e0000, 0x00000000e04e0000, 0x00000000e0560000)
 tenured generation   total 10944K, used 6894K [0x00000000eaaa0000, 0x00000000eb550000, 0x0000000100000000)
   the space 10944K,  62% used [0x00000000eaaa0000, 0x00000000eb15ba48, 0x00000000eb15bc00, 0x00000000eb550000)
 Metaspace       used 23405K, capacity 23990K, committed 24192K, reserved 1071104K
  class space    used 2969K, capacity 3135K, committed 3200K, reserved 1048576K
Event: 4.524 GC heap after
Heap after GC invocations=40 (full 1):
 def new generation   total 4992K, used 511K [0x00000000e0000000, 0x00000000e0560000, 0x00000000eaaa0000)
  eden space 4480K,   0% used [0x00000000e0000000, 0x00000000e0000000, 0x00000000e0460000)
  from space 512K,  99% used [0x00000000e04e0000, 0x00000000e055ff38, 0x00000000e0560000)
  to   space 512K,   0% used [0x00000000e0460000, 0x00000000e0460000, 0x00000000e04e0000)
 tenured generation   total 10944K, used 7085K [0x00000000eaaa0000, 0x00000000eb550000, 0x0000000100000000)
   the space 10944K,  64% used [0x00000000eaaa0000, 0x00000000eb18b730, 0x00000000eb18b800, 0x00000000eb550000)
 Metaspace       used 23405K, capacity 23990K, committed 24192K, reserved 1071104K
  class space    used 2969K, capacity 3135K, committed 3200K, reserved 1048576K
}
Event: 4.571 GC heap before
{Heap before GC invocations=40 (full 1):
 def new generation   total 4992K, used 4989K [0x00000000e0000000, 0x00000000e0560000, 0x00000000eaaa0000)
  eden space 4480K,  99% used [0x00000000e0000000, 0x00000000e045f7a8, 0x00000000e0460000)
  from space 512K,  99% used [0x00000000e04e0000, 0x00000000e055ff38, 0x00000000e0560000)
  to   space 512K,   0% used [0x00000000e0460000, 0x00000000e0460000, 0x00000000e04e0000)
 tenured generation   total 10944K, used 7085K [0x00000000eaaa0000, 0x00000000eb550000, 0x0000000100000000)
   the space 10944K,  64% used [0x00000000eaaa0000, 0x00000000eb18b730, 0x00000000eb18b800, 0x00000000eb550000)
 Metaspace       used 23695K, capacity 24214K, committed 24448K, reserved 1071104K
  class space    used 3005K, capacity 3167K, committed 3200K, reserved 1048576K
Event: 4.573 GC heap after
Heap after GC invocations=41 (full 1):
 def new generation   total 4992K, used 498K [0x00000000e0000000, 0x00000000e0560000, 0x00000000eaaa0000)
  eden space 4480K,   0% used [0x00000000e0000000, 0x00000000e0000000, 0x00000000e0460000)
  from space 512K,  97% used [0x00000000e0460000, 0x00000000e04dcbb8, 0x00000000e04e0000)
  to   space 512K,   0% used [0x00000000e04e0000, 0x00000000e04e0000, 0x00000000e0560000)
 tenured generation   total 10944K, used 7249K [0x00000000eaaa0000, 0x00000000eb550000, 0x0000000100000000)
   the space 10944K,  66% used [0x00000000eaaa0000, 0x00000000eb1b4488, 0x00000000eb1b4600, 0x00000000eb550000)
 Metaspace       used 23695K, capacity 24214K, committed 24448K, reserved 1071104K
  class space    used 3005K, capacity 3167K, committed 3200K, reserved 1048576K
}
Event: 4.642 GC heap before
{Heap before GC invocations=41 (full 1):
 def new generation   total 4992K, used 4978K [0x00000000e0000000, 0x00000000e0560000, 0x00000000eaaa0000)
  eden space 4480K, 100% used [0x00000000e0000000, 0x00000000e0460000, 0x00000000e0460000)
  from space 512K,  97% used [0x00000000e0460000, 0x00000000e04dcbb8, 0x00000000e04e0000)
  to   space 512K,   0% used [0x00000000e04e0000, 0x00000000e04e0000, 0x00000000e0560000)
 tenured generation   total 10944K, used 7249K [0x00000000eaaa0000, 0x00000000eb550000, 0x0000000100000000)
   the space 10944K,  66% used [0x00000000eaaa0000, 0x00000000eb1b4488, 0x00000000eb1b4600, 0x00000000eb550000)
 Metaspace       used 24007K, capacity 24586K, committed 24832K, reserved 1071104K
  class space    used 3065K, capacity 3213K, committed 3328K, reserved 1048576K
Event: 4.645 GC heap after
Heap after GC invocations=42 (full 1):
 def new generation   total 4992K, used 512K [0x00000000e0000000, 0x00000000e0560000, 0x00000000eaaa0000)
  eden space 4480K,   0% used [0x00000000e0000000, 0x00000000e0000000, 0x00000000e0460000)
  from space 512K, 100% used [0x00000000e04e0000, 0x00000000e0560000, 0x00000000e0560000)
  to   space 512K,   0% used [0x00000000e0460000, 0x00000000e0460000, 0x00000000e04e0000)
 tenured generation   total 10944K, used 7536K [0x00000000eaaa0000, 0x00000000eb550000, 0x0000000100000000)
   the space 10944K,  68% used [0x00000000eaaa0000, 0x00000000eb1fc098, 0x00000000eb1fc200, 0x00000000eb550000)
 Metaspace       used 24007K, capacity 24586K, committed 24832K, reserved 1071104K
  class space    used 3065K, capacity 3213K, committed 3328K, reserved 1048576K
}
Event: 4.713 GC heap before
{Heap before GC invocations=42 (full 1):
 def new generation   total 4992K, used 4992K [0x00000000e0000000, 0x00000000e0560000, 0x00000000eaaa0000)
  eden space 4480K, 100% used [0x00000000e0000000, 0x00000000e0460000, 0x00000000e0460000)
  from space 512K, 100% used [0x00000000e04e0000, 0x00000000e0560000, 0x00000000e0560000)
  to   space 512K,   0% used [0x00000000e0460000, 0x00000000e0460000, 0x00000000e04e0000)
 tenured generation   total 10944K, used 7536K [0x00000000eaaa0000, 0x00000000eb550000, 0x0000000100000000)
   the space 10944K,  68% used [0x00000000eaaa0000, 0x00000000eb1fc098, 0x00000000eb1fc200, 0x00000000eb550000)
 Metaspace       used 24363K, capacity 24942K, committed 25088K, reserved 1071104K
  class space    used 3117K, capacity 3291K, committed 3328K, reserved 1048576K
Event: 4.716 GC heap after
Heap after GC invocations=43 (full 1):
 def new generation   total 4992K, used 331K [0x00000000e0000000, 0x00000000e0560000, 0x00000000eaaa0000)
  eden space 4480K,   0% used [0x00000000e0000000, 0x00000000e0000000, 0x00000000e0460000)
  from space 512K,  64% used [0x00000000e0460000, 0x00000000e04b2cb8, 0x00000000e04e0000)
  to   space 512K,   0% used [0x00000000e04e0000, 0x00000000e04e0000, 0x00000000e0560000)
 tenured generation   total 10944K, used 7901K [0x00000000eaaa0000, 0x00000000eb550000, 0x0000000100000000)
   the space 10944K,  72% used [0x00000000eaaa0000, 0x00000000eb257480, 0x00000000eb257600, 0x00000000eb550000)
 Metaspace       used 24363K, capacity 24942K, committed 25088K, reserved 1071104K
  class space    used 3117K, capacity 3291K, committed 3328K, reserved 1048576K
}
Event: 4.748 GC heap before
{Heap before GC invocations=43 (full 1):
 def new generation   total 4992K, used 4811K [0x00000000e0000000, 0x00000000e0560000, 0x00000000eaaa0000)
  eden space 4480K, 100% used [0x00000000e0000000, 0x00000000e0460000, 0x00000000e0460000)
  from space 512K,  64% used [0x00000000e0460000, 0x00000000e04b2cb8, 0x00000000e04e0000)
  to   space 512K,   0% used [0x00000000e04e0000, 0x00000000e04e0000, 0x00000000e0560000)
 tenured generation   total 10944K, used 7901K [0x00000000eaaa0000, 0x00000000eb550000, 0x0000000100000000)
   the space 10944K,  72% used [0x00000000eaaa0000, 0x00000000eb257480, 0x00000000eb257600, 0x00000000eb550000)
 Metaspace       used 24487K, capacity 25182K, committed 25472K, reserved 1071104K
  class space    used 3132K, capacity 3331K, committed 3456K, reserved 1048576K
Event: 4.750 GC heap after
Heap after GC invocations=44 (full 1):
 def new generation   total 4992K, used 164K [0x00000000e0000000, 0x00000000e0560000, 0x00000000eaaa0000)
  eden space 4480K,   0% used [0x00000000e0000000, 0x00000000e0000000, 0x00000000e0460000)
  from space 512K,  32% used [0x00000000e04e0000, 0x00000000e05092c0, 0x00000000e0560000)
  to   space 512K,   0% used [0x00000000e0460000, 0x00000000e0460000, 0x00000000e04e0000)
 tenured generation   total 10944K, used 7969K [0x00000000eaaa0000, 0x00000000eb550000, 0x0000000100000000)
   the space 10944K,  72% used [0x00000000eaaa0000, 0x00000000eb2687e8, 0x00000000eb268800, 0x00000000eb550000)
 Metaspace       used 24487K, capacity 25182K, committed 25472K, reserved 1071104K
  class space    used 3132K, capacity 3331K, committed 3456K, reserved 1048576K
}
Event: 4.754 GC heap before
{Heap before GC invocations=44 (full 1):
 def new generation   total 4992K, used 4644K [0x00000000e0000000, 0x00000000e0560000, 0x00000000eaaa0000)
  eden space 4480K, 100% used [0x00000000e0000000, 0x00000000e0460000, 0x00000000e0460000)
  from space 512K,  32% used [0x00000000e04e0000, 0x00000000e05092c0, 0x00000000e0560000)
  to   space 512K,   0% used [0x00000000e0460000, 0x00000000e0460000, 0x00000000e04e0000)
 tenured generation   total 10944K, used 7969K [0x00000000eaaa0000, 0x00000000eb550000, 0x0000000100000000)
   the space 10944K,  72% used [0x00000000eaaa0000, 0x00000000eb2687e8, 0x00000000eb268800, 0x00000000eb550000)
 Metaspace       used 24493K, capacity 25188K, committed 25472K, reserved 1071104K
  class space    used 3133K, capacity 3334K, committed 3456K, reserved 1048576K
Event: 4.755 GC heap after
Heap after GC invocations=45 (full 1):
 def new generation   total 4992K, used 147K [0x00000000e0000000, 0x00000000e0560000, 0x00000000eaaa0000)
  eden space 4480K,   0% used [0x00000000e0000000, 0x00000000e0000000, 0x00000000e0460000)
  from space 512K,  28% used [0x00000000e0460000, 0x00000000e0484c70, 0x00000000e04e0000)
  to   space 512K,   0% used [0x00000000e04e0000, 0x00000000e04e0000, 0x00000000e0560000)
 tenured generation   total 10944K, used 7969K [0x00000000eaaa0000, 0x00000000eb550000, 0x0000000100000000)
   the space 10944K,  72% used [0x00000000eaaa0000, 0x00000000eb2687e8, 0x00000000eb268800, 0x00000000eb550000)
 Metaspace       used 24493K, capacity 25188K, committed 25472K, reserved 1071104K
  class space    used 3133K, capacity 3334K, committed 3456K, reserved 1048576K
}
Event: 4.757 GC heap before
{Heap before GC invocations=45 (full 1):
 def new generation   total 4992K, used 4627K [0x00000000e0000000, 0x00000000e0560000, 0x00000000eaaa0000)
  eden space 4480K, 100% used [0x00000000e0000000, 0x00000000e0460000, 0x00000000e0460000)
  from space 512K,  28% used [0x00000000e0460000, 0x00000000e0484c70, 0x00000000e04e0000)
  to   space 512K,   0% used [0x00000000e04e0000, 0x00000000e04e0000, 0x00000000e0560000)
 tenured generation   total 10944K, used 7969K [0x00000000eaaa0000, 0x00000000eb550000, 0x0000000100000000)
   the space 10944K,  72% used [0x00000000eaaa0000, 0x00000000eb2687e8, 0x00000000eb268800, 0x00000000eb550000)
 Metaspace       used 24502K, capacity 25190K, committed 25472K, reserved 1071104K
  class space    used 3135K, capacity 3335K, committed 3456K, reserved 1048576K
Event: 4.758 GC heap after
Heap after GC invocations=46 (full 1):
 def new generation   total 4992K, used 158K [0x00000000e0000000, 0x00000000e0560000, 0x00000000eaaa0000)
  eden space 4480K,   0% used [0x00000000e0000000, 0x00000000e0000000, 0x00000000e0460000)
  from space 512K,  30% used [0x00000000e04e0000, 0x00000000e0507ab0, 0x00000000e0560000)
  to   space 512K,   0% used [0x00000000e0460000, 0x00000000e0460000, 0x00000000e04e0000)
 tenured generation   total 10944K, used 7969K [0x00000000eaaa0000, 0x00000000eb550000, 0x0000000100000000)
   the space 10944K,  72% used [0x00000000eaaa0000, 0x00000000eb2687e8, 0x00000000eb268800, 0x00000000eb550000)
 Metaspace       used 24502K, capacity 25190K, committed 25472K, reserved 1071104K
  class space    used 3135K, capacity 3335K, committed 3456K, reserved 1048576K
}
Event: 4.763 GC heap before
{Heap before GC invocations=46 (full 1):
 def new generation   total 4992K, used 4638K [0x00000000e0000000, 0x00000000e0560000, 0x00000000eaaa0000)
  eden space 4480K, 100% used [0x00000000e0000000, 0x00000000e0460000, 0x00000000e0460000)
  from space 512K,  30% used [0x00000000e04e0000, 0x00000000e0507ab0, 0x00000000e0560000)
  to   space 512K,   0% used [0x00000000e0460000, 0x00000000e0460000, 0x00000000e04e0000)
 tenured generation   total 10944K, used 7969K [0x00000000eaaa0000, 0x00000000eb550000, 0x0000000100000000)
   the space 10944K,  72% used [0x00000000eaaa0000, 0x00000000eb2687e8, 0x00000000eb268800, 0x00000000eb550000)
 Metaspace       used 24512K, capacity 25190K, committed 25472K, reserved 1071104K
  class space    used 3136K, capacity 3335K, committed 3456K, reserved 1048576K
Event: 4.764 GC heap after
Heap after GC invocations=47 (full 1):
 def new generation   total 4992K, used 171K [0x00000000e0000000, 0x00000000e0560000, 0x00000000eaaa0000)
  eden space 4480K,   0% used [0x00000000e0000000, 0x00000000e0000000, 0x00000000e0460000)
  from space 512K,  33% used [0x00000000e0460000, 0x00000000e048af20, 0x00000000e04e0000)
  to   space 512K,   0% used [0x00000000e04e0000, 0x00000000e04e0000, 0x00000000e0560000)
 tenured generation   total 10944K, used 7969K [0x00000000eaaa0000, 0x00000000eb550000, 0x0000000100000000)
   the space 10944K,  72% used [0x00000000eaaa0000, 0x00000000eb2687e8, 0x00000000eb268800, 0x00000000eb550000)
 Metaspace       used 24512K, capacity 25190K, committed 25472K, reserved 1071104K
  class space    used 3136K, capacity 3335K, committed 3456K, reserved 1048576K
}
Event: 4.765 GC heap before
{Heap before GC invocations=47 (full 1):
 def new generation   total 4992K, used 4627K [0x00000000e0000000, 0x00000000e0560000, 0x00000000eaaa0000)
  eden space 4480K,  99% used [0x00000000e0000000, 0x00000000e0459d90, 0x00000000e0460000)
  from space 512K,  33% used [0x00000000e0460000, 0x00000000e048af20, 0x00000000e04e0000)
  to   space 512K,   0% used [0x00000000e04e0000, 0x00000000e04e0000, 0x00000000e0560000)
 tenured generation   total 10944K, used 7969K [0x00000000eaaa0000, 0x00000000eb550000, 0x0000000100000000)
   the space 10944K,  72% used [0x00000000eaaa0000, 0x00000000eb2687e8, 0x00000000eb268800, 0x00000000eb550000)
 Metaspace       used 24512K, capacity 25190K, committed 25472K, reserved 1071104K
  class space    used 3136K, capacity 3335K, committed 3456K, reserved 1048576K
Event: 4.766 GC heap after
Heap after GC invocations=48 (full 1):
 def new generation   total 4992K, used 221K [0x00000000e0000000, 0x00000000e0560000, 0x00000000eaaa0000)
  eden space 4480K,   0% used [0x00000000e0000000, 0x00000000e0000000, 0x00000000e0460000)
  from space 512K,  43% used [0x00000000e04e0000, 0x00000000e05174f0, 0x00000000e0560000)
  to   space 512K,   0% used [0x00000000e0460000, 0x00000000e0460000, 0x00000000e04e0000)
 tenured generation   total 10944K, used 7969K [0x00000000eaaa0000, 0x00000000eb550000, 0x0000000100000000)
   the space 10944K,  72% used [0x00000000eaaa0000, 0x00000000eb2687e8, 0x00000000eb268800, 0x00000000eb550000)
 Metaspace       used 24512K, capacity 25190K, committed 25472K, reserved 1071104K
  class space    used 3136K, capacity 3335K, committed 3456K, reserved 1048576K
}
Event: 4.769 GC heap before
{Heap before GC invocations=48 (full 1):
 def new generation   total 4992K, used 4652K [0x00000000e0000000, 0x00000000e0560000, 0x00000000eaaa0000)
  eden space 4480K,  98% used [0x00000000e0000000, 0x00000000e0453dc8, 0x00000000e0460000)
  from space 512K,  43% used [0x00000000e04e0000, 0x00000000e05174f0, 0x00000000e0560000)
  to   space 512K,   0% used [0x00000000e0460000, 0x00000000e0460000, 0x00000000e04e0000)
 tenured generation   total 10944K, used 7969K [0x00000000eaaa0000, 0x00000000eb550000, 0x0000000100000000)
   the space 10944K,  72% used [0x00000000eaaa0000, 0x00000000eb2687e8, 0x00000000eb268800, 0x00000000eb550000)
 Metaspace       used 24562K, capacity 25254K, committed 25472K, reserved 1071104K
  class space    used 3137K, capacity 3335K, committed 3456K, reserved 1048576K
Event: 4.769 GC heap after
Heap after GC invocations=49 (full 1):
 def new generation   total 4992K, used 291K [0x00000000e0000000, 0x00000000e0560000, 0x00000000eaaa0000)
  eden space 4480K,   0% used [0x00000000e0000000, 0x00000000e0000000, 0x00000000e0460000)
  from space 512K,  56% used [0x00000000e0460000, 0x00000000e04a8c58, 0x00000000e04e0000)
  to   space 512K,   0% used [0x00000000e04e0000, 0x00000000e04e0000, 0x00000000e0560000)
 tenured generation   total 10944K, used 7969K [0x00000000eaaa0000, 0x00000000eb550000, 0x0000000100000000)
   the space 10944K,  72% used [0x00000000eaaa0000, 0x00000000eb2687e8, 0x00000000eb268800, 0x00000000eb550000)
 Metaspace       used 24562K, capacity 25254K, committed 25472K, reserved 1071104K
  class space    used 3137K, capacity 3335K, committed 3456K, reserved 1048576K
}
Event: 4.774 GC heap before
{Heap before GC invocations=49 (full 1):
 def new generation   total 4992K, used 4771K [0x00000000e0000000, 0x00000000e0560000, 0x00000000eaaa0000)
  eden space 4480K, 100% used [0x00000000e0000000, 0x00000000e0460000, 0x00000000e0460000)
  from space 512K,  56% used [0x00000000e0460000, 0x00000000e04a8c58, 0x00000000e04e0000)
  to   space 512K,   0% used [0x00000000e04e0000, 0x00000000e04e0000, 0x00000000e0560000)
 tenured generation   total 10944K, used 7969K [0x00000000eaaa0000, 0x00000000eb550000, 0x0000000100000000)
   the space 10944K,  72% used [0x00000000eaaa0000, 0x00000000eb2687e8, 0x00000000eb268800, 0x00000000eb550000)
 Metaspace       used 24583K, capacity 25254K, committed 25472K, reserved 1071104K
  class space    used 3142K, capacity 3335K, committed 3456K, reserved 1048576K
Event: 4.774 GC heap after
Heap after GC invocations=50 (full 1):
 def new generation   total 4992K, used 140K [0x00000000e0000000, 0x00000000e0560000, 0x00000000eaaa0000)
  eden space 4480K,   0% used [0x00000000e0000000, 0x00000000e0000000, 0x00000000e0460000)
  from space 512K,  27% used [0x00000000e04e0000, 0x00000000e0503330, 0x00000000e0560000)
  to   space 512K,   0% used [0x00000000e0460000, 0x00000000e0460000, 0x00000000e04e0000)
 tenured generation   total 10944K, used 8035K [0x00000000eaaa0000, 0x00000000eb550000, 0x0000000100000000)
   the space 10944K,  73% used [0x00000000eaaa0000, 0x00000000eb278f20, 0x00000000eb279000, 0x00000000eb550000)
 Metaspace       used 24583K, capacity 25254K, committed 25472K, reserved 1071104K
  class space    used 3142K, capacity 3335K, committed 3456K, reserved 1048576K
}
Event: 4.780 GC heap before
{Heap before GC invocations=50 (full 1):
 def new generation   total 4992K, used 4620K [0x00000000e0000000, 0x00000000e0560000, 0x00000000eaaa0000)
  eden space 4480K, 100% used [0x00000000e0000000, 0x00000000e0460000, 0x00000000e0460000)
  from space 512K,  27% used [0x00000000e04e0000, 0x00000000e0503330, 0x00000000e0560000)
  to   space 512K,   0% used [0x00000000e0460000, 0x00000000e0460000, 0x00000000e04e0000)
 tenured generation   total 10944K, used 8035K [0x00000000eaaa0000, 0x00000000eb550000, 0x0000000100000000)
   the space 10944K,  73% used [0x00000000eaaa0000, 0x00000000eb278f20, 0x00000000eb279000, 0x00000000eb550000)
 Metaspace       used 24600K, capacity 25254K, committed 25472K, reserved 1071104K
  class space    used 3146K, capacity 3335K, committed 3456K, reserved 1048576K
Event: 4.781 GC heap after
Heap after GC invocations=51 (full 1):
 def new generation   total 4992K, used 149K [0x00000000e0000000, 0x00000000e0560000, 0x00000000eaaa0000)
  eden space 4480K,   0% used [0x00000000e0000000, 0x00000000e0000000, 0x00000000e0460000)
  from space 512K,  29% used [0x00000000e0460000, 0x00000000e0485690, 0x00000000e04e0000)
  to   space 512K,   0% used [0x00000000e04e0000, 0x00000000e04e0000, 0x00000000e0560000)
 tenured generation   total 10944K, used 8035K [0x00000000eaaa0000, 0x00000000eb550000, 0x0000000100000000)
   the space 10944K,  73% used [0x00000000eaaa0000, 0x00000000eb278f20, 0x00000000eb279000, 0x00000000eb550000)
 Metaspace       used 24600K, capacity 25254K, committed 25472K, reserved 1071104K
  class space    used 3146K, capacity 3335K, committed 3456K, reserved 1048576K
}
Event: 4.833 GC heap before
{Heap before GC invocations=51 (full 1):
 def new generation   total 4992K, used 4629K [0x00000000e0000000, 0x00000000e0560000, 0x00000000eaaa0000)
  eden space 4480K, 100% used [0x00000000e0000000, 0x00000000e0460000, 0x00000000e0460000)
  from space 512K,  29% used [0x00000000e0460000, 0x00000000e0485690, 0x00000000e04e0000)
  to   space 512K,   0% used [0x00000000e04e0000, 0x00000000e04e0000, 0x00000000e0560000)
 tenured generation   total 10944K, used 8035K [0x00000000eaaa0000, 0x00000000eb550000, 0x0000000100000000)
   the space 10944K,  73% used [0x00000000eaaa0000, 0x00000000eb278f20, 0x00000000eb279000, 0x00000000eb550000)
 Metaspace       used 24933K, capacity 25626K, committed 25728K, reserved 1071104K
  class space    used 3184K, capacity 3371K, committed 3456K, reserved 1048576K
Event: 4.835 GC heap after
Heap after GC invocations=52 (full 1):
 def new generation   total 4992K, used 492K [0x00000000e0000000, 0x00000000e0560000, 0x00000000eaaa0000)
  eden space 4480K,   0% used [0x00000000e0000000, 0x00000000e0000000, 0x00000000e0460000)
  from space 512K,  96% used [0x00000000e04e0000, 0x00000000e055b230, 0x00000000e0560000)
  to   space 512K,   0% used [0x00000000e0460000, 0x00000000e0460000, 0x00000000e04e0000)
 tenured generation   total 10944K, used 8035K [0x00000000eaaa0000, 0x00000000eb550000, 0x0000000100000000)
   the space 10944K,  73% used [0x00000000eaaa0000, 0x00000000eb278f20, 0x00000000eb279000, 0x00000000eb550000)
 Metaspace       used 24933K, capacity 25626K, committed 25728K, reserved 1071104K
  class space    used 3184K, capacity 3371K, committed 3456K, reserved 1048576K
}
Event: 4.896 GC heap before
{Heap before GC invocations=52 (full 1):
 def new generation   total 4992K, used 4972K [0x00000000e0000000, 0x00000000e0560000, 0x00000000eaaa0000)
  eden space 4480K, 100% used [0x00000000e0000000, 0x00000000e0460000, 0x00000000e0460000)
  from space 512K,  96% used [0x00000000e04e0000, 0x00000000e055b230, 0x00000000e0560000)
  to   space 512K,   0% used [0x00000000e0460000, 0x00000000e0460000, 0x00000000e04e0000)
 tenured generation   total 10944K, used 8035K [0x00000000eaaa0000, 0x00000000eb550000, 0x0000000100000000)
   the space 10944K,  73% used [0x00000000eaaa0000, 0x00000000eb278f20, 0x00000000eb279000, 0x00000000eb550000)
 Metaspace       used 25278K, capacity 25918K, committed 25984K, reserved 1071104K
  class space    used 3231K, capacity 3405K, committed 3456K, reserved 1048576K
Event: 4.899 GC heap after
Heap after GC invocations=53 (full 1):
 def new generation   total 4992K, used 421K [0x00000000e0000000, 0x00000000e0560000, 0x00000000eaaa0000)
  eden space 4480K,   0% used [0x00000000e0000000, 0x00000000e0000000, 0x00000000e0460000)
  from space 512K,  82% used [0x00000000e0460000, 0x00000000e04c9408, 0x00000000e04e0000)
  to   space 512K,   0% used [0x00000000e04e0000, 0x00000000e04e0000, 0x00000000e0560000)
 tenured generation   total 10944K, used 8287K [0x00000000eaaa0000, 0x00000000eb550000, 0x0000000100000000)
   the space 10944K,  75% used [0x00000000eaaa0000, 0x00000000eb2b7f28, 0x00000000eb2b8000, 0x00000000eb550000)
 Metaspace       used 25278K, capacity 25918K, committed 25984K, reserved 1071104K
  class space    used 3231K, capacity 3405K, committed 3456K, reserved 1048576K
}
Event: 5.020 GC heap before
{Heap before GC invocations=53 (full 1):
 def new generation   total 4992K, used 4901K [0x00000000e0000000, 0x00000000e0560000, 0x00000000eaaa0000)
  eden space 4480K, 100% used [0x00000000e0000000, 0x00000000e0460000, 0x00000000e0460000)
  from space 512K,  82% used [0x00000000e0460000, 0x00000000e04c9408, 0x00000000e04e0000)
  to   space 512K,   0% used [0x00000000e04e0000, 0x00000000e04e0000, 0x00000000e0560000)
 tenured generation   total 10944K, used 8287K [0x00000000eaaa0000, 0x00000000eb550000, 0x0000000100000000)
   the space 10944K,  75% used [0x00000000eaaa0000, 0x00000000eb2b7f28, 0x00000000eb2b8000, 0x00000000eb550000)
 Metaspace       used 26275K, capacity 26988K, committed 27136K, reserved 1073152K
  class space    used 3344K, capacity 3544K, committed 3584K, reserved 1048576K
Event: 5.023 GC heap after
Heap after GC invocations=54 (full 1):
 def new generation   total 4992K, used 464K [0x00000000e0000000, 0x00000000e0560000, 0x00000000eaaa0000)
  eden space 4480K,   0% used [0x00000000e0000000, 0x00000000e0000000, 0x00000000e0460000)
  from space 512K,  90% used [0x00000000e04e0000, 0x00000000e0554120, 0x00000000e0560000)
  to   space 512K,   0% used [0x00000000e0460000, 0x00000000e0460000, 0x00000000e04e0000)
 tenured generation   total 10944K, used 8417K [0x00000000eaaa0000, 0x00000000eb550000, 0x0000000100000000)
   the space 10944K,  76% used [0x00000000eaaa0000, 0x00000000eb2d8728, 0x00000000eb2d8800, 0x00000000eb550000)
 Metaspace       used 26275K, capacity 26988K, committed 27136K, reserved 1073152K
  class space    used 3344K, capacity 3544K, committed 3584K, reserved 1048576K
}
Event: 5.131 GC heap before
{Heap before GC invocations=54 (full 1):
 def new generation   total 4992K, used 4944K [0x00000000e0000000, 0x00000000e0560000, 0x00000000eaaa0000)
  eden space 4480K, 100% used [0x00000000e0000000, 0x00000000e0460000, 0x00000000e0460000)
  from space 512K,  90% used [0x00000000e04e0000, 0x00000000e0554120, 0x00000000e0560000)
  to   space 512K,   0% used [0x00000000e0460000, 0x00000000e0460000, 0x00000000e04e0000)
 tenured generation   total 10944K, used 8417K [0x00000000eaaa0000, 0x00000000eb550000, 0x0000000100000000)
   the space 10944K,  76% used [0x00000000eaaa0000, 0x00000000eb2d8728, 0x00000000eb2d8800, 0x00000000eb550000)
 Metaspace       used 26632K, capacity 27342K, committed 27520K, reserved 1073152K
  class space    used 3388K, capacity 3587K, committed 3712K, reserved 1048576K
Event: 5.135 GC heap after
Heap after GC invocations=55 (full 1):
 def new generation   total 4992K, used 511K [0x00000000e0000000, 0x00000000e0560000, 0x00000000eaaa0000)
  eden space 4480K,   0% used [0x00000000e0000000, 0x00000000e0000000, 0x00000000e0460000)
  from space 512K,  99% used [0x00000000e0460000, 0x00000000e04dfff8, 0x00000000e04e0000)
  to   space 512K,   0% used [0x00000000e04e0000, 0x00000000e04e0000, 0x00000000e0560000)
 tenured generation   total 10944K, used 8768K [0x00000000eaaa0000, 0x00000000eb550000, 0x0000000100000000)
   the space 10944K,  80% used [0x00000000eaaa0000, 0x00000000eb3302e0, 0x00000000eb330400, 0x00000000eb550000)
 Metaspace       used 26632K, capacity 27342K, committed 27520K, reserved 1073152K
  class space    used 3388K, capacity 3587K, committed 3712K, reserved 1048576K
}
Event: 5.226 GC heap before
{Heap before GC invocations=55 (full 1):
 def new generation   total 4992K, used 4991K [0x00000000e0000000, 0x00000000e0560000, 0x00000000eaaa0000)
  eden space 4480K, 100% used [0x00000000e0000000, 0x00000000e0460000, 0x00000000e0460000)
  from space 512K,  99% used [0x00000000e0460000, 0x00000000e04dfff8, 0x00000000e04e0000)
  to   space 512K,   0% used [0x00000000e04e0000, 0x00000000e04e0000, 0x00000000e0560000)
 tenured generation   total 10944K, used 8768K [0x00000000eaaa0000, 0x00000000eb550000, 0x0000000100000000)
   the space 10944K,  80% used [0x00000000eaaa0000, 0x00000000eb3302e0, 0x00000000eb330400, 0x00000000eb550000)
 Metaspace       used 26799K, capacity 27494K, committed 27776K, reserved 1073152K
  class space    used 3404K, capacity 3591K, committed 3712K, reserved 1048576K
Event: 5.229 GC heap after
Heap after GC invocations=56 (full 1):
 def new generation   total 4992K, used 398K [0x00000000e0000000, 0x00000000e0560000, 0x00000000eaaa0000)
  eden space 4480K,   0% used [0x00000000e0000000, 0x00000000e0000000, 0x00000000e0460000)
  from space 512K,  77% used [0x00000000e04e0000, 0x00000000e05439f0, 0x00000000e0560000)
  to   space 512K,   0% used [0x00000000e0460000, 0x00000000e0460000, 0x00000000e04e0000)
 tenured generation   total 10944K, used 9125K [0x00000000eaaa0000, 0x00000000eb550000, 0x0000000100000000)
   the space 10944K,  83% used [0x00000000eaaa0000, 0x00000000eb3896e0, 0x00000000eb389800, 0x00000000eb550000)
 Metaspace       used 26799K, capacity 27494K, committed 27776K, reserved 1073152K
  class space    used 3404K, capacity 3591K, committed 3712K, reserved 1048576K
}
Event: 5.334 GC heap before
{Heap before GC invocations=56 (full 1):
 def new generation   total 4992K, used 4878K [0x00000000e0000000, 0x00000000e0560000, 0x00000000eaaa0000)
  eden space 4480K, 100% used [0x00000000e0000000, 0x00000000e0460000, 0x00000000e0460000)
  from space 512K,  77% used [0x00000000e04e0000, 0x00000000e05439f0, 0x00000000e0560000)
  to   space 512K,   0% used [0x00000000e0460000, 0x00000000e0460000, 0x00000000e04e0000)
 tenured generation   total 10944K, used 9125K [0x00000000eaaa0000, 0x00000000eb550000, 0x0000000100000000)
   the space 10944K,  83% used [0x00000000eaaa0000, 0x00000000eb3896e0, 0x00000000eb389800, 0x00000000eb550000)
 Metaspace       used 26967K, capacity 27684K, committed 28032K, reserved 1073152K
  class space    used 3416K, capacity 3602K, committed 3712K, reserved 1048576K
Event: 5.342 GC heap after
Heap after GC invocations=57 (full 1):
 def new generation   total 4992K, used 478K [0x00000000e0000000, 0x00000000e0560000, 0x00000000eaaa0000)
  eden space 4480K,   0% used [0x00000000e0000000, 0x00000000e0000000, 0x00000000e0460000)
  from space 512K,  93% used [0x00000000e0460000, 0x00000000e04d7bc8, 0x00000000e04e0000)
  to   space 512K,   0% used [0x00000000e04e0000, 0x00000000e04e0000, 0x00000000e0560000)
 tenured generation   total 10944K, used 9352K [0x00000000eaaa0000, 0x00000000eb550000, 0x0000000100000000)
   the space 10944K,  85% used [0x00000000eaaa0000, 0x00000000eb3c2328, 0x00000000eb3c2400, 0x00000000eb550000)
 Metaspace       used 26967K, capacity 27684K, committed 28032K, reserved 1073152K
  class space    used 3416K, capacity 3602K, committed 3712K, reserved 1048576K
}
Event: 5.432 GC heap before
{Heap before GC invocations=57 (full 1):
 def new generation   total 4992K, used 4958K [0x00000000e0000000, 0x00000000e0560000, 0x00000000eaaa0000)
  eden space 4480K, 100% used [0x00000000e0000000, 0x00000000e0460000, 0x00000000e0460000)
  from space 512K,  93% used [0x00000000e0460000, 0x00000000e04d7bc8, 0x00000000e04e0000)
  to   space 512K,   0% used [0x00000000e04e0000, 0x00000000e04e0000, 0x00000000e0560000)
 tenured generation   total 10944K, used 9352K [0x00000000eaaa0000, 0x00000000eb550000, 0x0000000100000000)
   the space 10944K,  85% used [0x00000000eaaa0000, 0x00000000eb3c2328, 0x00000000eb3c2400, 0x00000000eb550000)
 Metaspace       used 27061K, capacity 27868K, committed 28032K, reserved 1073152K
  class space    used 3427K, capacity 3638K, committed 3712K, reserved 1048576K
Event: 5.434 GC heap after
Heap after GC invocations=58 (full 1):
 def new generation   total 4992K, used 393K [0x00000000e0000000, 0x00000000e0560000, 0x00000000eaaa0000)
  eden space 4480K,   0% used [0x00000000e0000000, 0x00000000e0000000, 0x00000000e0460000)
  from space 512K,  76% used [0x00000000e04e0000, 0x00000000e0542778, 0x00000000e0560000)
  to   space 512K,   0% used [0x00000000e0460000, 0x00000000e0460000, 0x00000000e04e0000)
 tenured generation   total 10944K, used 9668K [0x00000000eaaa0000, 0x00000000eb550000, 0x0000000100000000)
   the space 10944K,  88% used [0x00000000eaaa0000, 0x00000000eb411238, 0x00000000eb411400, 0x00000000eb550000)
 Metaspace       used 27061K, capacity 27868K, committed 28032K, reserved 1073152K
  class space    used 3427K, capacity 3638K, committed 3712K, reserved 1048576K
}
Event: 5.507 GC heap before
{Heap before GC invocations=58 (full 1):
 def new generation   total 4992K, used 4873K [0x00000000e0000000, 0x00000000e0560000, 0x00000000eaaa0000)
  eden space 4480K, 100% used [0x00000000e0000000, 0x00000000e0460000, 0x00000000e0460000)
  from space 512K,  76% used [0x00000000e04e0000, 0x00000000e0542778, 0x00000000e0560000)
  to   space 512K,   0% used [0x00000000e0460000, 0x00000000e0460000, 0x00000000e04e0000)
 tenured generation   total 10944K, used 9668K [0x00000000eaaa0000, 0x00000000eb550000, 0x0000000100000000)
   the space 10944K,  88% used [0x00000000eaaa0000, 0x00000000eb411238, 0x00000000eb411400, 0x00000000eb550000)
 Metaspace       used 27278K, capacity 28034K, committed 28288K, reserved 1073152K
  class space    used 3452K, capacity 3671K, committed 3712K, reserved 1048576K
Event: 5.510 GC heap after
Heap after GC invocations=59 (full 1):
 def new generation   total 4992K, used 427K [0x00000000e0000000, 0x00000000e0560000, 0x00000000eaaa0000)
  eden space 4480K,   0% used [0x00000000e0000000, 0x00000000e0000000, 0x00000000e0460000)
  from space 512K,  83% used [0x00000000e0460000, 0x00000000e04caff8, 0x00000000e04e0000)
  to   space 512K,   0% used [0x00000000e04e0000, 0x00000000e04e0000, 0x00000000e0560000)
 tenured generation   total 10944K, used 9877K [0x00000000eaaa0000, 0x00000000eb550000, 0x0000000100000000)
   the space 10944K,  90% used [0x00000000eaaa0000, 0x00000000eb445598, 0x00000000eb445600, 0x00000000eb550000)
 Metaspace       used 27278K, capacity 28034K, committed 28288K, reserved 1073152K
  class space    used 3452K, capacity 3671K, committed 3712K, reserved 1048576K
}
Event: 5.613 GC heap before
{Heap before GC invocations=59 (full 1):
 def new generation   total 4992K, used 4907K [0x00000000e0000000, 0x00000000e0560000, 0x00000000eaaa0000)
  eden space 4480K, 100% used [0x00000000e0000000, 0x00000000e0460000, 0x00000000e0460000)
  from space 512K,  83% used [0x00000000e0460000, 0x00000000e04caff8, 0x00000000e04e0000)
  to   space 512K,   0% used [0x00000000e04e0000, 0x00000000e04e0000, 0x00000000e0560000)
 tenured generation   total 10944K, used 9877K [0x00000000eaaa0000, 0x00000000eb550000, 0x0000000100000000)
   the space 10944K,  90% used [0x00000000eaaa0000, 0x00000000eb445598, 0x00000000eb445600, 0x00000000eb550000)
 Metaspace       used 27909K, capacity 28674K, committed 28928K, reserved 1075200K
  class space    used 3531K, capacity 3735K, committed 3840K, reserved 1048576K
Event: 5.616 GC heap after
Heap after GC invocations=60 (full 1):
 def new generation   total 4992K, used 438K [0x00000000e0000000, 0x00000000e0560000, 0x00000000eaaa0000)
  eden space 4480K,   0% used [0x00000000e0000000, 0x00000000e0000000, 0x00000000e0460000)
  from space 512K,  85% used [0x00000000e04e0000, 0x00000000e054d970, 0x00000000e0560000)
  to   space 512K,   0% used [0x00000000e0460000, 0x00000000e0460000, 0x00000000e04e0000)
 tenured generation   total 10944K, used 10109K [0x00000000eaaa0000, 0x00000000eb550000, 0x0000000100000000)
   the space 10944K,  92% used [0x00000000eaaa0000, 0x00000000eb47f478, 0x00000000eb47f600, 0x00000000eb550000)
 Metaspace       used 27909K, capacity 28674K, committed 28928K, reserved 1075200K
  class space    used 3531K, capacity 3735K, committed 3840K, reserved 1048576K
}
Event: 5.704 GC heap before
{Heap before GC invocations=60 (full 1):
 def new generation   total 4992K, used 4918K [0x00000000e0000000, 0x00000000e0560000, 0x00000000eaaa0000)
  eden space 4480K, 100% used [0x00000000e0000000, 0x00000000e0460000, 0x00000000e0460000)
  from space 512K,  85% used [0x00000000e04e0000, 0x00000000e054d970, 0x00000000e0560000)
  to   space 512K,   0% used [0x00000000e0460000, 0x00000000e0460000, 0x00000000e04e0000)
 tenured generation   total 10944K, used 10109K [0x00000000eaaa0000, 0x00000000eb550000, 0x0000000100000000)
   the space 10944K,  92% used [0x00000000eaaa0000, 0x00000000eb47f478, 0x00000000eb47f600, 0x00000000eb550000)
 Metaspace       used 28218K, capacity 29036K, committed 29184K, reserved 1075200K
  class space    used 3575K, capacity 3786K, committed 3840K, reserved 1048576K
Event: 5.708 GC heap after
Heap after GC invocations=61 (full 1):
 def new generation   total 4992K, used 468K [0x00000000e0000000, 0x00000000e0560000, 0x00000000eaaa0000)
  eden space 4480K,   0% used [0x00000000e0000000, 0x00000000e0000000, 0x00000000e0460000)
  from space 512K,  91% used [0x00000000e0460000, 0x00000000e04d5010, 0x00000000e04e0000)
  to   space 512K,   0% used [0x00000000e04e0000, 0x00000000e04e0000, 0x00000000e0560000)
 tenured generation   total 10944K, used 10411K [0x00000000eaaa0000, 0x00000000eb550000, 0x0000000100000000)
   the space 10944K,  95% used [0x00000000eaaa0000, 0x00000000eb4caea8, 0x00000000eb4cb000, 0x00000000eb550000)
 Metaspace       used 28218K, capacity 29036K, committed 29184K, reserved 1075200K
  class space    used 3575K, capacity 3786K, committed 3840K, reserved 1048576K
}
Event: 5.816 GC heap before
{Heap before GC invocations=61 (full 1):
 def new generation   total 4992K, used 4948K [0x00000000e0000000, 0x00000000e0560000, 0x00000000eaaa0000)
  eden space 4480K, 100% used [0x00000000e0000000, 0x00000000e0460000, 0x00000000e0460000)
  from space 512K,  91% used [0x00000000e0460000, 0x00000000e04d5010, 0x00000000e04e0000)
  to   space 512K,   0% used [0x00000000e04e0000, 0x00000000e04e0000, 0x00000000e0560000)
 tenured generation   total 10944K, used 10411K [0x00000000eaaa0000, 0x00000000eb550000, 0x0000000100000000)
   the space 10944K,  95% used [0x00000000eaaa0000, 0x00000000eb4caea8, 0x00000000eb4cb000, 0x00000000eb550000)
 Metaspace       used 28542K, capacity 29476K, committed 29824K, reserved 1075200K
  class space    used 3629K, capacity 3852K, committed 3968K, reserved 1048576K
Event: 5.819 GC heap after
Heap after GC invocations=62 (full 1):
 def new generation   total 4992K, used 403K [0x00000000e0000000, 0x00000000e0560000, 0x00000000eaaa0000)
  eden space 4480K,   0% used [0x00000000e0000000, 0x00000000e0000000, 0x00000000e0460000)
  from space 512K,  78% used [0x00000000e04e0000, 0x00000000e0544df8, 0x00000000e0560000)
  to   space 512K,   0% used [0x00000000e0460000, 0x00000000e0460000, 0x00000000e04e0000)
 tenured generation   total 10944K, used 10761K [0x00000000eaaa0000, 0x00000000eb550000, 0x0000000100000000)
   the space 10944K,  98% used [0x00000000eaaa0000, 0x00000000eb5225f8, 0x00000000eb522600, 0x00000000eb550000)
 Metaspace       used 28542K, capacity 29476K, committed 29824K, reserved 1075200K
  class space    used 3629K, capacity 3852K, committed 3968K, reserved 1048576K
}
Event: 5.896 GC heap before
{Heap before GC invocations=62 (full 1):
 def new generation   total 4992K, used 4883K [0x00000000e0000000, 0x00000000e0560000, 0x00000000eaaa0000)
  eden space 4480K, 100% used [0x00000000e0000000, 0x00000000e0460000, 0x00000000e0460000)
  from space 512K,  78% used [0x00000000e04e0000, 0x00000000e0544df8, 0x00000000e0560000)
  to   space 512K,   0% used [0x00000000e0460000, 0x00000000e0460000, 0x00000000e04e0000)
 tenured generation   total 10944K, used 10761K [0x00000000eaaa0000, 0x00000000eb550000, 0x0000000100000000)
   the space 10944K,  98% used [0x00000000eaaa0000, 0x00000000eb5225f8, 0x00000000eb522600, 0x00000000eb550000)
 Metaspace       used 28700K, capacity 29620K, committed 29824K, reserved 1075200K
  class space    used 3657K, capacity 3894K, committed 3968K, reserved 1048576K
Event: 5.938 GC heap after
Heap after GC invocations=63 (full 2):
 def new generation   total 7424K, used 0K [0x00000000e0000000, 0x00000000e0800000, 0x00000000eaaa0000)
  eden space 6656K,   0% used [0x00000000e0000000, 0x00000000e0000000, 0x00000000e0680000)
  from space 768K,   0% used [0x00000000e0680000, 0x00000000e0680000, 0x00000000e0740000)
  to   space 768K,   0% used [0x00000000e0740000, 0x00000000e0740000, 0x00000000e0800000)
 tenured generation   total 16332K, used 9798K [0x00000000eaaa0000, 0x00000000eba93000, 0x0000000100000000)
   the space 16332K,  59% used [0x00000000eaaa0000, 0x00000000eb431a08, 0x00000000eb431c00, 0x00000000eba93000)
 Metaspace       used 28700K, capacity 29620K, committed 29824K, reserved 1075200K
  class space    used 3657K, capacity 3894K, committed 3968K, reserved 1048576K
}
Event: 6.042 GC heap before
{Heap before GC invocations=63 (full 2):
 def new generation   total 7424K, used 6656K [0x00000000e0000000, 0x00000000e0800000, 0x00000000eaaa0000)
  eden space 6656K, 100% used [0x00000000e0000000, 0x00000000e0680000, 0x00000000e0680000)
  from space 768K,   0% used [0x00000000e0680000, 0x00000000e0680000, 0x00000000e0740000)
  to   space 768K,   0% used [0x00000000e0740000, 0x00000000e0740000, 0x00000000e0800000)
 tenured generation   total 16332K, used 9798K [0x00000000eaaa0000, 0x00000000eba93000, 0x0000000100000000)
   the space 16332K,  59% used [0x00000000eaaa0000, 0x00000000eb431a08, 0x00000000eb431c00, 0x00000000eba93000)
 Metaspace       used 28870K, capacity 29810K, committed 30080K, reserved 1075200K
  class space    used 3689K, capacity 3933K, committed 3968K, reserved 1048576K
Event: 6.045 GC heap after
Heap after GC invocations=64 (full 2):
 def new generation   total 7424K, used 581K [0x00000000e0000000, 0x00000000e0800000, 0x00000000eaaa0000)
  eden space 6656K,   0% used [0x00000000e0000000, 0x00000000e0000000, 0x00000000e0680000)
  from space 768K,  75% used [0x00000000e0740000, 0x00000000e07d1700, 0x00000000e0800000)
  to   space 768K,   0% used [0x00000000e0680000, 0x00000000e0680000, 0x00000000e0740000)
 tenured generation   total 16332K, used 9798K [0x00000000eaaa0000, 0x00000000eba93000, 0x0000000100000000)
   the space 16332K,  59% used [0x00000000eaaa0000, 0x00000000eb431a08, 0x00000000eb431c00, 0x00000000eba93000)
 Metaspace       used 28870K, capacity 29810K, committed 30080K, reserved 1075200K
  class space    used 3689K, capacity 3933K, committed 3968K, reserved 1048576K
}
Event: 6.190 GC heap before
{Heap before GC invocations=64 (full 2):
 def new generation   total 7424K, used 7237K [0x00000000e0000000, 0x00000000e0800000, 0x00000000eaaa0000)
  eden space 6656K, 100% used [0x00000000e0000000, 0x00000000e0680000, 0x00000000e0680000)
  from space 768K,  75% used [0x00000000e0740000, 0x00000000e07d1700, 0x00000000e0800000)
  to   space 768K,   0% used [0x00000000e0680000, 0x00000000e0680000, 0x00000000e0740000)
 tenured generation   total 16332K, used 9798K [0x00000000eaaa0000, 0x00000000eba93000, 0x0000000100000000)
   the space 16332K,  59% used [0x00000000eaaa0000, 0x00000000eb431a08, 0x00000000eb431c00, 0x00000000eba93000)
 Metaspace       used 29315K, capacity 30324K, committed 30464K, reserved 1075200K
  class space    used 3757K, capacity 4012K, committed 4096K, reserved 1048576K
Event: 6.194 GC heap after
Heap after GC invocations=65 (full 2):
 def new generation   total 7424K, used 664K [0x00000000e0000000, 0x00000000e0800000, 0x00000000eaaa0000)
  eden space 6656K,   0% used [0x00000000e0000000, 0x00000000e0000000, 0x00000000e0680000)
  from space 768K,  86% used [0x00000000e0680000, 0x00000000e07260f0, 0x00000000e0740000)
  to   space 768K,   0% used [0x00000000e0740000, 0x00000000e0740000, 0x00000000e0800000)
 tenured generation   total 16332K, used 10125K [0x00000000eaaa0000, 0x00000000eba93000, 0x0000000100000000)
   the space 16332K,  62% used [0x00000000eaaa0000, 0x00000000eb4837e0, 0x00000000eb483800, 0x00000000eba93000)
 Metaspace       used 29315K, capacity 30324K, committed 30464K, reserved 1075200K
  class space    used 3757K, capacity 4012K, committed 4096K, reserved 1048576K
}
Event: 6.345 GC heap before
{Heap before GC invocations=65 (full 2):
 def new generation   total 7424K, used 7320K [0x00000000e0000000, 0x00000000e0800000, 0x00000000eaaa0000)
  eden space 6656K, 100% used [0x00000000e0000000, 0x00000000e0680000, 0x00000000e0680000)
  from space 768K,  86% used [0x00000000e0680000, 0x00000000e07260f0, 0x00000000e0740000)
  to   space 768K,   0% used [0x00000000e0740000, 0x00000000e0740000, 0x00000000e0800000)
 tenured generation   total 16332K, used 10125K [0x00000000eaaa0000, 0x00000000eba93000, 0x0000000100000000)
   the space 16332K,  62% used [0x00000000eaaa0000, 0x00000000eb4837e0, 0x00000000eb483800, 0x00000000eba93000)
 Metaspace       used 29860K, capacity 30860K, committed 30976K, reserved 1077248K
  class space    used 3829K, capacity 4080K, committed 4096K, reserved 1048576K
Event: 6.349 GC heap after
Heap after GC invocations=66 (full 2):
 def new generation   total 7424K, used 767K [0x00000000e0000000, 0x00000000e0800000, 0x00000000eaaa0000)
  eden space 6656K,   0% used [0x00000000e0000000, 0x00000000e0000000, 0x00000000e0680000)
  from space 768K,  99% used [0x00000000e0740000, 0x00000000e07fff40, 0x00000000e0800000)
  to   space 768K,   0% used [0x00000000e0680000, 0x00000000e0680000, 0x00000000e0740000)
 tenured generation   total 16332K, used 10437K [0x00000000eaaa0000, 0x00000000eba93000, 0x0000000100000000)
   the space 16332K,  63% used [0x00000000eaaa0000, 0x00000000eb4d14b0, 0x00000000eb4d1600, 0x00000000eba93000)
 Metaspace       used 29860K, capacity 30860K, committed 30976K, reserved 1077248K
  class space    used 3829K, capacity 4080K, committed 4096K, reserved 1048576K
}
Event: 6.513 GC heap before
{Heap before GC invocations=66 (full 2):
 def new generation   total 7424K, used 7423K [0x00000000e0000000, 0x00000000e0800000, 0x00000000eaaa0000)
  eden space 6656K, 100% used [0x00000000e0000000, 0x00000000e0680000, 0x00000000e0680000)
  from space 768K,  99% used [0x00000000e0740000, 0x00000000e07fff40, 0x00000000e0800000)
  to   space 768K,   0% used [0x00000000e0680000, 0x00000000e0680000, 0x00000000e0740000)
 tenured generation   total 16332K, used 10437K [0x00000000eaaa0000, 0x00000000eba93000, 0x0000000100000000)
   the space 16332K,  63% used [0x00000000eaaa0000, 0x00000000eb4d14b0, 0x00000000eb4d1600, 0x00000000eba93000)
 Metaspace       used 30316K, capacity 31382K, committed 31616K, reserved 1077248K
  class space    used 3891K, capacity 4159K, committed 4224K, reserved 1048576K
Event: 6.516 GC heap after
Heap after GC invocations=67 (full 2):
 def new generation   total 7424K, used 615K [0x00000000e0000000, 0x00000000e0800000, 0x00000000eaaa0000)
  eden space 6656K,   0% used [0x00000000e0000000, 0x00000000e0000000, 0x00000000e0680000)
  from space 768K,  80% used [0x00000000e0680000, 0x00000000e0719e10, 0x00000000e0740000)
  to   space 768K,   0% used [0x00000000e0740000, 0x00000000e0740000, 0x00000000e0800000)
 tenured generation   total 16332K, used 10659K [0x00000000eaaa0000, 0x00000000eba93000, 0x0000000100000000)
   the space 16332K,  65% used [0x00000000eaaa0000, 0x00000000eb508ea0, 0x00000000eb509000, 0x00000000eba93000)
 Metaspace       used 30316K, capacity 31382K, committed 31616K, reserved 1077248K
  class space    used 3891K, capacity 4159K, committed 4224K, reserved 1048576K
}
Event: 6.668 GC heap before
{Heap before GC invocations=67 (full 2):
 def new generation   total 7424K, used 7271K [0x00000000e0000000, 0x00000000e0800000, 0x00000000eaaa0000)
  eden space 6656K, 100% used [0x00000000e0000000, 0x00000000e0680000, 0x00000000e0680000)
  from space 768K,  80% used [0x00000000e0680000, 0x00000000e0719e10, 0x00000000e0740000)
  to   space 768K,   0% used [0x00000000e0740000, 0x00000000e0740000, 0x00000000e0800000)
 tenured generation   total 16332K, used 10659K [0x00000000eaaa0000, 0x00000000eba93000, 0x0000000100000000)
   the space 16332K,  65% used [0x00000000eaaa0000, 0x00000000eb508ea0, 0x00000000eb509000, 0x00000000eba93000)
 Metaspace       used 30725K, capacity 31886K, committed 32256K, reserved 1077248K
  class space    used 3960K, capacity 4237K, committed 4352K, reserved 1048576K
Event: 6.671 GC heap after
Heap after GC invocations=68 (full 2):
 def new generation   total 7424K, used 533K [0x00000000e0000000, 0x00000000e0800000, 0x00000000eaaa0000)
  eden space 6656K,   0% used [0x00000000e0000000, 0x00000000e0000000, 0x00000000e0680000)
  from space 768K,  69% used [0x00000000e0740000, 0x00000000e07c54b8, 0x00000000e0800000)
  to   space 768K,   0% used [0x00000000e0680000, 0x00000000e0680000, 0x00000000e0740000)
 tenured generation   total 16332K, used 10823K [0x00000000eaaa0000, 0x00000000eba93000, 0x0000000100000000)
   the space 16332K,  66% used [0x00000000eaaa0000, 0x00000000eb531c28, 0x00000000eb531e00, 0x00000000eba93000)
 Metaspace       used 30725K, capacity 31886K, committed 32256K, reserved 1077248K
  class space    used 3960K, capacity 4237K, committed 4352K, reserved 1048576K
}
Event: 6.828 GC heap before
{Heap before GC invocations=68 (full 2):
 def new generation   total 7424K, used 7189K [0x00000000e0000000, 0x00000000e0800000, 0x00000000eaaa0000)
  eden space 6656K, 100% used [0x00000000e0000000, 0x00000000e0680000, 0x00000000e0680000)
  from space 768K,  69% used [0x00000000e0740000, 0x00000000e07c54b8, 0x00000000e0800000)
  to   space 768K,   0% used [0x00000000e0680000, 0x00000000e0680000, 0x00000000e0740000)
 tenured generation   total 16332K, used 10823K [0x00000000eaaa0000, 0x00000000eba93000, 0x0000000100000000)
   the space 16332K,  66% used [0x00000000eaaa0000, 0x00000000eb531c28, 0x00000000eb531e00, 0x00000000eba93000)
 Metaspace       used 31021K, capacity 32216K, committed 32512K, reserved 1077248K
  class space    used 4009K, capacity 4274K, committed 4352K, reserved 1048576K
Event: 6.831 GC heap after
Heap after GC invocations=69 (full 2):
 def new generation   total 7424K, used 530K [0x00000000e0000000, 0x00000000e0800000, 0x00000000eaaa0000)
  eden space 6656K,   0% used [0x00000000e0000000, 0x00000000e0000000, 0x00000000e0680000)
  from space 768K,  69% used [0x00000000e0680000, 0x00000000e0704870, 0x00000000e0740000)
  to   space 768K,   0% used [0x00000000e0740000, 0x00000000e0740000, 0x00000000e0800000)
 tenured generation   total 16332K, used 11071K [0x00000000eaaa0000, 0x00000000eba93000, 0x0000000100000000)
   the space 16332K,  67% used [0x00000000eaaa0000, 0x00000000eb56fca8, 0x00000000eb56fe00, 0x00000000eba93000)
 Metaspace       used 31021K, capacity 32216K, committed 32512K, reserved 1077248K
  class space    used 4009K, capacity 4274K, committed 4352K, reserved 1048576K
}
Event: 6.963 GC heap before
{Heap before GC invocations=69 (full 2):
 def new generation   total 7424K, used 7186K [0x00000000e0000000, 0x00000000e0800000, 0x00000000eaaa0000)
  eden space 6656K, 100% used [0x00000000e0000000, 0x00000000e0680000, 0x00000000e0680000)
  from space 768K,  69% used [0x00000000e0680000, 0x00000000e0704870, 0x00000000e0740000)
  to   space 768K,   0% used [0x00000000e0740000, 0x00000000e0740000, 0x00000000e0800000)
 tenured generation   total 16332K, used 11071K [0x00000000eaaa0000, 0x00000000eba93000, 0x0000000100000000)
   the space 16332K,  67% used [0x00000000eaaa0000, 0x00000000eb56fca8, 0x00000000eb56fe00, 0x00000000eba93000)
 Metaspace       used 31393K, capacity 32604K, committed 32768K, reserved 1077248K
  class space    used 4062K, capacity 4338K, committed 4352K, reserved 1048576K
Event: 6.967 GC heap after
Heap after GC invocations=70 (full 2):
 def new generation   total 7424K, used 602K [0x00000000e0000000, 0x00000000e0800000, 0x00000000eaaa0000)
  eden space 6656K,   0% used [0x00000000e0000000, 0x00000000e0000000, 0x00000000e0680000)
  from space 768K,  78% used [0x00000000e0740000, 0x00000000e07d6b20, 0x00000000e0800000)
  to   space 768K,   0% used [0x00000000e0680000, 0x00000000e0680000, 0x00000000e0740000)
 tenured generation   total 16332K, used 11310K [0x00000000eaaa0000, 0x00000000eba93000, 0x0000000100000000)
   the space 16332K,  69% used [0x00000000eaaa0000, 0x00000000eb5abb40, 0x00000000eb5abc00, 0x00000000eba93000)
 Metaspace       used 31393K, capacity 32604K, committed 32768K, reserved 1077248K
  class space    used 4062K, capacity 4338K, committed 4352K, reserved 1048576K
}
Event: 7.096 GC heap before
{Heap before GC invocations=70 (full 2):
 def new generation   total 7424K, used 7258K [0x00000000e0000000, 0x00000000e0800000, 0x00000000eaaa0000)
  eden space 6656K, 100% used [0x00000000e0000000, 0x00000000e0680000, 0x00000000e0680000)
  from space 768K,  78% used [0x00000000e0740000, 0x00000000e07d6b20, 0x00000000e0800000)
  to   space 768K,   0% used [0x00000000e0680000, 0x00000000e0680000, 0x00000000e0740000)
 tenured generation   total 16332K, used 11310K [0x00000000eaaa0000, 0x00000000eba93000, 0x0000000100000000)
   the space 16332K,  69% used [0x00000000eaaa0000, 0x00000000eb5abb40, 0x00000000eb5abc00, 0x00000000eba93000)
 Metaspace       used 31954K, capacity 33116K, committed 33408K, reserved 1079296K
  class space    used 4138K, capacity 4402K, committed 4480K, reserved 1048576K
Event: 7.099 GC heap after
Heap after GC invocations=71 (full 2):
 def new generation   total 7424K, used 658K [0x00000000e0000000, 0x00000000e0800000, 0x00000000eaaa0000)
  eden space 6656K,   0% used [0x00000000e0000000, 0x00000000e0000000, 0x00000000e0680000)
  from space 768K,  85% used [0x00000000e0680000, 0x00000000e0724ab8, 0x00000000e0740000)
  to   space 768K,   0% used [0x00000000e0740000, 0x00000000e0740000, 0x00000000e0800000)
 tenured generation   total 16332K, used 11545K [0x00000000eaaa0000, 0x00000000eba93000, 0x0000000100000000)
   the space 16332K,  70% used [0x00000000eaaa0000, 0x00000000eb5e66d8, 0x00000000eb5e6800, 0x00000000eba93000)
 Metaspace       used 31954K, capacity 33116K, committed 33408K, reserved 1079296K
  class space    used 4138K, capacity 4402K, committed 4480K, reserved 1048576K
}
Event: 7.308 GC heap before
{Heap before GC invocations=71 (full 2):
 def new generation   total 7424K, used 7314K [0x00000000e0000000, 0x00000000e0800000, 0x00000000eaaa0000)
  eden space 6656K, 100% used [0x00000000e0000000, 0x00000000e0680000, 0x00000000e0680000)
  from space 768K,  85% used [0x00000000e0680000, 0x00000000e0724ab8, 0x00000000e0740000)
  to   space 768K,   0% used [0x00000000e0740000, 0x00000000e0740000, 0x00000000e0800000)
 tenured generation   total 16332K, used 11545K [0x00000000eaaa0000, 0x00000000eba93000, 0x0000000100000000)
   the space 16332K,  70% used [0x00000000eaaa0000, 0x00000000eb5e66d8, 0x00000000eb5e6800, 0x00000000eba93000)
 Metaspace       used 32426K, capacity 33640K, committed 33664K, reserved 1079296K
  class space    used 4187K, capacity 4468K, committed 4480K, reserved 1048576K
Event: 7.311 GC heap after
Heap after GC invocations=72 (full 2):
 def new generation   total 7424K, used 468K [0x00000000e0000000, 0x00000000e0800000, 0x00000000eaaa0000)
  eden space 6656K,   0% used [0x00000000e0000000, 0x00000000e0000000, 0x00000000e0680000)
  from space 768K,  60% used [0x00000000e0740000, 0x00000000e07b50e0, 0x00000000e0800000)
  to   space 768K,   0% used [0x00000000e0680000, 0x00000000e0680000, 0x00000000e0740000)
 tenured generation   total 16332K, used 11704K [0x00000000eaaa0000, 0x00000000eba93000, 0x0000000100000000)
   the space 16332K,  71% used [0x00000000eaaa0000, 0x00000000eb60e230, 0x00000000eb60e400, 0x00000000eba93000)
 Metaspace       used 32426K, capacity 33640K, committed 33664K, reserved 1079296K
  class space    used 4187K, capacity 4468K, committed 4480K, reserved 1048576K
}
Event: 7.473 GC heap before
{Heap before GC invocations=72 (full 2):
 def new generation   total 7424K, used 7124K [0x00000000e0000000, 0x00000000e0800000, 0x00000000eaaa0000)
  eden space 6656K, 100% used [0x00000000e0000000, 0x00000000e0680000, 0x00000000e0680000)
  from space 768K,  60% used [0x00000000e0740000, 0x00000000e07b50e0, 0x00000000e0800000)
  to   space 768K,   0% used [0x00000000e0680000, 0x00000000e0680000, 0x00000000e0740000)
 tenured generation   total 16332K, used 11704K [0x00000000eaaa0000, 0x00000000eba93000, 0x0000000100000000)
   the space 16332K,  71% used [0x00000000eaaa0000, 0x00000000eb60e230, 0x00000000eb60e400, 0x00000000eba93000)
 Metaspace       used 32772K, capacity 33960K, committed 34176K, reserved 1079296K
  class space    used 4217K, capacity 4468K, committed 4480K, reserved 1048576K
Event: 7.476 GC heap after
Heap after GC invocations=73 (full 2):
 def new generation   total 7424K, used 339K [0x00000000e0000000, 0x00000000e0800000, 0x00000000eaaa0000)
  eden space 6656K,   0% used [0x00000000e0000000, 0x00000000e0000000, 0x00000000e0680000)
  from space 768K,  44% used [0x00000000e0680000, 0x00000000e06d4de0, 0x00000000e0740000)
  to   space 768K,   0% used [0x00000000e0740000, 0x00000000e0740000, 0x00000000e0800000)
 tenured generation   total 16332K, used 11949K [0x00000000eaaa0000, 0x00000000eba93000, 0x0000000100000000)
   the space 16332K,  73% used [0x00000000eaaa0000, 0x00000000eb64b7b8, 0x00000000eb64b800, 0x00000000eba93000)
 Metaspace       used 32772K, capacity 33960K, committed 34176K, reserved 1079296K
  class space    used 4217K, capacity 4468K, committed 4480K, reserved 1048576K
}
Event: 7.624 GC heap before
{Heap before GC invocations=73 (full 2):
 def new generation   total 7424K, used 6995K [0x00000000e0000000, 0x00000000e0800000, 0x00000000eaaa0000)
  eden space 6656K, 100% used [0x00000000e0000000, 0x00000000e0680000, 0x00000000e0680000)
  from space 768K,  44% used [0x00000000e0680000, 0x00000000e06d4de0, 0x00000000e0740000)
  to   space 768K,   0% used [0x00000000e0740000, 0x00000000e0740000, 0x00000000e0800000)
 tenured generation   total 16332K, used 11949K [0x00000000eaaa0000, 0x00000000eba93000, 0x0000000100000000)
   the space 16332K,  73% used [0x00000000eaaa0000, 0x00000000eb64b7b8, 0x00000000eb64b800, 0x00000000eba93000)
 Metaspace       used 33101K, capacity 34300K, committed 34560K, reserved 1079296K
  class space    used 4254K, capacity 4508K, committed 4608K, reserved 1048576K
Event: 7.627 GC heap after
Heap after GC invocations=74 (full 2):
 def new generation   total 7424K, used 767K [0x00000000e0000000, 0x00000000e0800000, 0x00000000eaaa0000)
  eden space 6656K,   0% used [0x00000000e0000000, 0x00000000e0000000, 0x00000000e0680000)
  from space 768K,  99% used [0x00000000e0740000, 0x00000000e07ffff8, 0x00000000e0800000)
  to   space 768K,   0% used [0x00000000e0680000, 0x00000000e0680000, 0x00000000e0740000)
 tenured generation   total 16332K, used 12029K [0x00000000eaaa0000, 0x00000000eba93000, 0x0000000100000000)
   the space 16332K,  73% used [0x00000000eaaa0000, 0x00000000eb65f440, 0x00000000eb65f600, 0x00000000eba93000)
 Metaspace       used 33101K, capacity 34300K, committed 34560K, reserved 1079296K
  class space    used 4254K, capacity 4508K, committed 4608K, reserved 1048576K
}
Event: 7.762 GC heap before
{Heap before GC invocations=74 (full 2):
 def new generation   total 7424K, used 7423K [0x00000000e0000000, 0x00000000e0800000, 0x00000000eaaa0000)
  eden space 6656K, 100% used [0x00000000e0000000, 0x00000000e0680000, 0x00000000e0680000)
  from space 768K,  99% used [0x00000000e0740000, 0x00000000e07ffff8, 0x00000000e0800000)
  to   space 768K,   0% used [0x00000000e0680000, 0x00000000e0680000, 0x00000000e0740000)
 tenured generation   total 16332K, used 12029K [0x00000000eaaa0000, 0x00000000eba93000, 0x0000000100000000)
   the space 16332K,  73% used [0x00000000eaaa0000, 0x00000000eb65f440, 0x00000000eb65f600, 0x00000000eba93000)
 Metaspace       used 33393K, capacity 34616K, committed 34816K, reserved 1079296K
  class space    used 4296K, capacity 4554K, committed 4608K, reserved 1048576K
Event: 7.768 GC heap after
Heap after GC invocations=75 (full 2):
 def new generation   total 7424K, used 767K [0x00000000e0000000, 0x00000000e0800000, 0x00000000eaaa0000)
  eden space 6656K,   0% used [0x00000000e0000000, 0x00000000e0000000, 0x00000000e0680000)
  from space 768K,  99% used [0x00000000e0680000, 0x00000000e073fff0, 0x00000000e0740000)
  to   space 768K,   0% used [0x00000000e0740000, 0x00000000e0740000, 0x00000000e0800000)
 tenured generation   total 16332K, used 12754K [0x00000000eaaa0000, 0x00000000eba93000, 0x0000000100000000)
   the space 16332K,  78% used [0x00000000eaaa0000, 0x00000000eb714bf0, 0x00000000eb714c00, 0x00000000eba93000)
 Metaspace       used 33393K, capacity 34616K, committed 34816K, reserved 1079296K
  class space    used 4296K, capacity 4554K, committed 4608K, reserved 1048576K
}
Event: 7.863 GC heap before
{Heap before GC invocations=75 (full 2):
 def new generation   total 7424K, used 7423K [0x00000000e0000000, 0x00000000e0800000, 0x00000000eaaa0000)
  eden space 6656K, 100% used [0x00000000e0000000, 0x00000000e0680000, 0x00000000e0680000)
  from space 768K,  99% used [0x00000000e0680000, 0x00000000e073fff0, 0x00000000e0740000)
  to   space 768K,   0% used [0x00000000e0740000, 0x00000000e0740000, 0x00000000e0800000)
 tenured generation   total 16332K, used 12754K [0x00000000eaaa0000, 0x00000000eba93000, 0x0000000100000000)
   the space 16332K,  78% used [0x00000000eaaa0000, 0x00000000eb714bf0, 0x00000000eb714c00, 0x00000000eba93000)
 Metaspace       used 33583K, capacity 34858K, committed 35072K, reserved 1079296K
  class space    used 4330K, capacity 4591K, committed 4608K, reserved 1048576K
Event: 7.868 GC heap after
Heap after GC invocations=76 (full 2):
 def new generation   total 7424K, used 302K [0x00000000e0000000, 0x00000000e0800000, 0x00000000eaaa0000)
  eden space 6656K,   0% used [0x00000000e0000000, 0x00000000e0000000, 0x00000000e0680000)
  from space 768K,  39% used [0x00000000e0740000, 0x00000000e078ba08, 0x00000000e0800000)
  to   space 768K,   0% used [0x00000000e0680000, 0x00000000e0680000, 0x00000000e0740000)
 tenured generation   total 16332K, used 13364K [0x00000000eaaa0000, 0x00000000eba93000, 0x0000000100000000)
   the space 16332K,  81% used [0x00000000eaaa0000, 0x00000000eb7ad1d0, 0x00000000eb7ad200, 0x00000000eba93000)
 Metaspace       used 33583K, capacity 34858K, committed 35072K, reserved 1079296K
  class space    used 4330K, capacity 4591K, committed 4608K, reserved 1048576K
}
Event: 7.947 GC heap before
{Heap before GC invocations=76 (full 2):
 def new generation   total 7424K, used 6958K [0x00000000e0000000, 0x00000000e0800000, 0x00000000eaaa0000)
  eden space 6656K, 100% used [0x00000000e0000000, 0x00000000e0680000, 0x00000000e0680000)
  from space 768K,  39% used [0x00000000e0740000, 0x00000000e078ba08, 0x00000000e0800000)
  to   space 768K,   0% used [0x00000000e0680000, 0x00000000e0680000, 0x00000000e0740000)
 tenured generation   total 16332K, used 13364K [0x00000000eaaa0000, 0x00000000eba93000, 0x0000000100000000)
   the space 16332K,  81% used [0x00000000eaaa0000, 0x00000000eb7ad1d0, 0x00000000eb7ad200, 0x00000000eba93000)
 Metaspace       used 33680K, capacity 34954K, committed 35200K, reserved 1079296K
  class space    used 4345K, capacity 4623K, committed 4736K, reserved 1048576K
Event: 7.949 GC heap after
Heap after GC invocations=77 (full 2):
 def new generation   total 7424K, used 351K [0x00000000e0000000, 0x00000000e0800000, 0x00000000eaaa0000)
  eden space 6656K,   0% used [0x00000000e0000000, 0x00000000e0000000, 0x00000000e0680000)
  from space 768K,  45% used [0x00000000e0680000, 0x00000000e06d7cc0, 0x00000000e0740000)
  to   space 768K,   0% used [0x00000000e0740000, 0x00000000e0740000, 0x00000000e0800000)
 tenured generation   total 16332K, used 13364K [0x00000000eaaa0000, 0x00000000eba93000, 0x0000000100000000)
   the space 16332K,  81% used [0x00000000eaaa0000, 0x00000000eb7ad1d0, 0x00000000eb7ad200, 0x00000000eba93000)
 Metaspace       used 33680K, capacity 34954K, committed 35200K, reserved 1079296K
  class space    used 4345K, capacity 4623K, committed 4736K, reserved 1048576K
}
Event: 8.061 GC heap before
{Heap before GC invocations=77 (full 2):
 def new generation   total 7424K, used 7007K [0x00000000e0000000, 0x00000000e0800000, 0x00000000eaaa0000)
  eden space 6656K, 100% used [0x00000000e0000000, 0x00000000e0680000, 0x00000000e0680000)
  from space 768K,  45% used [0x00000000e0680000, 0x00000000e06d7cc0, 0x00000000e0740000)
  to   space 768K,   0% used [0x00000000e0740000, 0x00000000e0740000, 0x00000000e0800000)
 tenured generation   total 16332K, used 13364K [0x00000000eaaa0000, 0x00000000eba93000, 0x0000000100000000)
   the space 16332K,  81% used [0x00000000eaaa0000, 0x00000000eb7ad1d0, 0x00000000eb7ad200, 0x00000000eba93000)
 Metaspace       used 33809K, capacity 35114K, committed 35456K, reserved 1079296K
  class space    used 4365K, capacity 4629K, committed 4736K, reserved 1048576K
Event: 8.065 GC heap after
Heap after GC invocations=78 (full 2):
 def new generation   total 7424K, used 629K [0x00000000e0000000, 0x00000000e0800000, 0x00000000eaaa0000)
  eden space 6656K,   0% used [0x00000000e0000000, 0x00000000e0000000, 0x00000000e0680000)
  from space 768K,  81% used [0x00000000e0740000, 0x00000000e07dd620, 0x00000000e0800000)
  to   space 768K,   0% used [0x00000000e0680000, 0x00000000e0680000, 0x00000000e0740000)
 tenured generation   total 16332K, used 13364K [0x00000000eaaa0000, 0x00000000eba93000, 0x0000000100000000)
   the space 16332K,  81% used [0x00000000eaaa0000, 0x00000000eb7ad1d0, 0x00000000eb7ad200, 0x00000000eba93000)
 Metaspace       used 33809K, capacity 35114K, committed 35456K, reserved 1079296K
  class space    used 4365K, capacity 4629K, committed 4736K, reserved 1048576K
}
Event: 8.160 GC heap before
{Heap before GC invocations=78 (full 2):
 def new generation   total 7424K, used 7285K [0x00000000e0000000, 0x00000000e0800000, 0x00000000eaaa0000)
  eden space 6656K, 100% used [0x00000000e0000000, 0x00000000e0680000, 0x00000000e0680000)
  from space 768K,  81% used [0x00000000e0740000, 0x00000000e07dd620, 0x00000000e0800000)
  to   space 768K,   0% used [0x00000000e0680000, 0x00000000e0680000, 0x00000000e0740000)
 tenured generation   total 16332K, used 13364K [0x00000000eaaa0000, 0x00000000eba93000, 0x0000000100000000)
   the space 16332K,  81% used [0x00000000eaaa0000, 0x00000000eb7ad1d0, 0x00000000eb7ad200, 0x00000000eba93000)
 Metaspace       used 33966K, capacity 35218K, committed 35456K, reserved 1079296K
  class space    used 4390K, capacity 4661K, committed 4736K, reserved 1048576K
Event: 8.164 GC heap after
Heap after GC invocations=79 (full 2):
 def new generation   total 7424K, used 597K [0x00000000e0000000, 0x00000000e0800000, 0x00000000eaaa0000)
  eden space 6656K,   0% used [0x00000000e0000000, 0x00000000e0000000, 0x00000000e0680000)
  from space 768K,  77% used [0x00000000e0680000, 0x00000000e0715550, 0x00000000e0740000)
  to   space 768K,   0% used [0x00000000e0740000, 0x00000000e0740000, 0x00000000e0800000)
 tenured generation   total 16332K, used 13648K [0x00000000eaaa0000, 0x00000000eba93000, 0x0000000100000000)
   the space 16332K,  83% used [0x00000000eaaa0000, 0x00000000eb7f4290, 0x00000000eb7f4400, 0x00000000eba93000)
 Metaspace       used 33966K, capacity 35218K, committed 35456K, reserved 1079296K
  class space    used 4390K, capacity 4661K, committed 4736K, reserved 1048576K
}
Event: 8.332 GC heap before
{Heap before GC invocations=79 (full 2):
 def new generation   total 7424K, used 7253K [0x00000000e0000000, 0x00000000e0800000, 0x00000000eaaa0000)
  eden space 6656K, 100% used [0x00000000e0000000, 0x00000000e0680000, 0x00000000e0680000)
  from space 768K,  77% used [0x00000000e0680000, 0x00000000e0715550, 0x00000000e0740000)
  to   space 768K,   0% used [0x00000000e0740000, 0x00000000e0740000, 0x00000000e0800000)
 tenured generation   total 16332K, used 13648K [0x00000000eaaa0000, 0x00000000eba93000, 0x0000000100000000)
   the space 16332K,  83% used [0x00000000eaaa0000, 0x00000000eb7f4290, 0x00000000eb7f4400, 0x00000000eba93000)
 Metaspace       used 34225K, capacity 35586K, committed 35712K, reserved 1081344K
  class space    used 4426K, capacity 4735K, committed 4736K, reserved 1048576K
Event: 8.337 GC heap after
Heap after GC invocations=80 (full 2):
 def new generation   total 7424K, used 763K [0x00000000e0000000, 0x00000000e0800000, 0x00000000eaaa0000)
  eden space 6656K,   0% used [0x00000000e0000000, 0x00000000e0000000, 0x00000000e0680000)
  from space 768K,  99% used [0x00000000e0740000, 0x00000000e07fef50, 0x00000000e0800000)
  to   space 768K,   0% used [0x00000000e0680000, 0x00000000e0680000, 0x00000000e0740000)
 tenured generation   total 16332K, used 13936K [0x00000000eaaa0000, 0x00000000eba93000, 0x0000000100000000)
   the space 16332K,  85% used [0x00000000eaaa0000, 0x00000000eb83c230, 0x00000000eb83c400, 0x00000000eba93000)
 Metaspace       used 34225K, capacity 35586K, committed 35712K, reserved 1081344K
  class space    used 4426K, capacity 4735K, committed 4736K, reserved 1048576K
}
Event: 8.484 GC heap before
{Heap before GC invocations=80 (full 2):
 def new generation   total 7424K, used 7419K [0x00000000e0000000, 0x00000000e0800000, 0x00000000eaaa0000)
  eden space 6656K, 100% used [0x00000000e0000000, 0x00000000e0680000, 0x00000000e0680000)
  from space 768K,  99% used [0x00000000e0740000, 0x00000000e07fef50, 0x00000000e0800000)
  to   space 768K,   0% used [0x00000000e0680000, 0x00000000e0680000, 0x00000000e0740000)
 tenured generation   total 16332K, used 13936K [0x00000000eaaa0000, 0x00000000eba93000, 0x0000000100000000)
   the space 16332K,  85% used [0x00000000eaaa0000, 0x00000000eb83c230, 0x00000000eb83c400, 0x00000000eba93000)
 Metaspace       used 34461K, capacity 35882K, committed 36096K, reserved 1081344K
  class space    used 4446K, capacity 4743K, committed 4864K, reserved 1048576K
Event: 8.490 GC heap after
Heap after GC invocations=81 (full 2):
 def new generation   total 7424K, used 254K [0x00000000e0000000, 0x00000000e0800000, 0x00000000eaaa0000)
  eden space 6656K,   0% used [0x00000000e0000000, 0x00000000e0000000, 0x00000000e0680000)
  from space 768K,  33% used [0x00000000e0680000, 0x00000000e06bfab8, 0x00000000e0740000)
  to   space 768K,   0% used [0x00000000e0740000, 0x00000000e0740000, 0x00000000e0800000)
 tenured generation   total 16332K, used 14564K [0x00000000eaaa0000, 0x00000000eba93000, 0x0000000100000000)
   the space 16332K,  89% used [0x00000000eaaa0000, 0x00000000eb8d91e0, 0x00000000eb8d9200, 0x00000000eba93000)
 Metaspace       used 34461K, capacity 35882K, committed 36096K, reserved 1081344K
  class space    used 4446K, capacity 4743K, committed 4864K, reserved 1048576K
}
Event: 8.601 GC heap before
{Heap before GC invocations=81 (full 2):
 def new generation   total 7424K, used 6910K [0x00000000e0000000, 0x00000000e0800000, 0x00000000eaaa0000)
  eden space 6656K, 100% used [0x00000000e0000000, 0x00000000e0680000, 0x00000000e0680000)
  from space 768K,  33% used [0x00000000e0680000, 0x00000000e06bfab8, 0x00000000e0740000)
  to   space 768K,   0% used [0x00000000e0740000, 0x00000000e0740000, 0x00000000e0800000)
 tenured generation   total 16332K, used 14564K [0x00000000eaaa0000, 0x00000000eba93000, 0x0000000100000000)
   the space 16332K,  89% used [0x00000000eaaa0000, 0x00000000eb8d91e0, 0x00000000eb8d9200, 0x00000000eba93000)
 Metaspace       used 35313K, capacity 36658K, committed 36864K, reserved 1081344K
  class space    used 4527K, capacity 4809K, committed 4864K, reserved 1048576K
Event: 8.605 GC heap after
Heap after GC invocations=82 (full 2):
 def new generation   total 7424K, used 767K [0x00000000e0000000, 0x00000000e0800000, 0x00000000eaaa0000)
  eden space 6656K,   0% used [0x00000000e0000000, 0x00000000e0000000, 0x00000000e0680000)
  from space 768K,  99% used [0x00000000e0740000, 0x00000000e07fffe8, 0x00000000e0800000)
  to   space 768K,   0% used [0x00000000e0680000, 0x00000000e0680000, 0x00000000e0740000)
 tenured generation   total 16332K, used 14651K [0x00000000eaaa0000, 0x00000000eba93000, 0x0000000100000000)
   the space 16332K,  89% used [0x00000000eaaa0000, 0x00000000eb8eed88, 0x00000000eb8eee00, 0x00000000eba93000)
 Metaspace       used 35313K, capacity 36658K, committed 36864K, reserved 1081344K
  class space    used 4527K, capacity 4809K, committed 4864K, reserved 1048576K
}
Event: 8.799 GC heap before
{Heap before GC invocations=82 (full 2):
 def new generation   total 7424K, used 7423K [0x00000000e0000000, 0x00000000e0800000, 0x00000000eaaa0000)
  eden space 6656K, 100% used [0x00000000e0000000, 0x00000000e0680000, 0x00000000e0680000)
  from space 768K,  99% used [0x00000000e0740000, 0x00000000e07fffe8, 0x00000000e0800000)
  to   space 768K,   0% used [0x00000000e0680000, 0x00000000e0680000, 0x00000000e0740000)
 tenured generation   total 16332K, used 14651K [0x00000000eaaa0000, 0x00000000eba93000, 0x0000000100000000)
   the space 16332K,  89% used [0x00000000eaaa0000, 0x00000000eb8eed88, 0x00000000eb8eee00, 0x00000000eba93000)
 Metaspace       used 36637K, capacity 37970K, committed 38016K, reserved 1083392K
  class space    used 4685K, capacity 4969K, committed 4992K, reserved 1048576K
Event: 8.807 GC heap after
Heap after GC invocations=83 (full 2):
 def new generation   total 7424K, used 767K [0x00000000e0000000, 0x00000000e0800000, 0x00000000eaaa0000)
  eden space 6656K,   0% used [0x00000000e0000000, 0x00000000e0000000, 0x00000000e0680000)
  from space 768K,  99% used [0x00000000e0680000, 0x00000000e073fff0, 0x00000000e0740000)
  to   space 768K,   0% used [0x00000000e0740000, 0x00000000e0740000, 0x00000000e0800000)
 tenured generation   total 16332K, used 15870K [0x00000000eaaa0000, 0x00000000eba93000, 0x0000000100000000)
   the space 16332K,  97% used [0x00000000eaaa0000, 0x00000000eba1fa28, 0x00000000eba1fc00, 0x00000000eba93000)
 Metaspace       used 36637K, capacity 37970K, committed 38016K, reserved 1083392K
  class space    used 4685K, capacity 4969K, committed 4992K, reserved 1048576K
}
Event: 8.978 GC heap before
{Heap before GC invocations=83 (full 2):
 def new generation   total 7424K, used 7423K [0x00000000e0000000, 0x00000000e0800000, 0x00000000eaaa0000)
  eden space 6656K, 100% used [0x00000000e0000000, 0x00000000e0680000, 0x00000000e0680000)
  from space 768K,  99% used [0x00000000e0680000, 0x00000000e073fff0, 0x00000000e0740000)
  to   space 768K,   0% used [0x00000000e0740000, 0x00000000e0740000, 0x00000000e0800000)
 tenured generation   total 16332K, used 15870K [0x00000000eaaa0000, 0x00000000eba93000, 0x0000000100000000)
   the space 16332K,  97% used [0x00000000eaaa0000, 0x00000000eba1fa28, 0x00000000eba1fc00, 0x00000000eba93000)
 Metaspace       used 38039K, capacity 39420K, committed 39552K, reserved 1083392K
  class space    used 4828K, capacity 5132K, committed 5248K, reserved 1048576K
Event: 9.040 GC heap after
Heap after GC invocations=84 (full 3):
 def new generation   total 12096K, used 0K [0x00000000e0000000, 0x00000000e0d20000, 0x00000000eaaa0000)
  eden space 10752K,   0% used [0x00000000e0000000, 0x00000000e0000000, 0x00000000e0a80000)
  from space 1344K,   0% used [0x00000000e0a80000, 0x00000000e0a80000, 0x00000000e0bd0000)
  to   space 1344K,   0% used [0x00000000e0bd0000, 0x00000000e0bd0000, 0x00000000e0d20000)
 tenured generation   total 26828K, used 16096K [0x00000000eaaa0000, 0x00000000ec4d3000, 0x0000000100000000)
   the space 26828K,  59% used [0x00000000eaaa0000, 0x00000000eba58178, 0x00000000eba58200, 0x00000000ec4d3000)
 Metaspace       used 38039K, capacity 39420K, committed 39552K, reserved 1083392K
  class space    used 4828K, capacity 5132K, committed 5248K, reserved 1048576K
}
Event: 9.255 GC heap before
{Heap before GC invocations=84 (full 3):
 def new generation   total 12096K, used 10752K [0x00000000e0000000, 0x00000000e0d20000, 0x00000000eaaa0000)
  eden space 10752K, 100% used [0x00000000e0000000, 0x00000000e0a80000, 0x00000000e0a80000)
  from space 1344K,   0% used [0x00000000e0a80000, 0x00000000e0a80000, 0x00000000e0bd0000)
  to   space 1344K,   0% used [0x00000000e0bd0000, 0x00000000e0bd0000, 0x00000000e0d20000)
 tenured generation   total 26828K, used 16096K [0x00000000eaaa0000, 0x00000000ec4d3000, 0x0000000100000000)
   the space 26828K,  59% used [0x00000000eaaa0000, 0x00000000eba58178, 0x00000000eba58200, 0x00000000ec4d3000)
 Metaspace       used 38682K, capacity 40076K, committed 40320K, reserved 1085440K
  class space    used 4896K, capacity 5172K, committed 5248K, reserved 1048576K
Event: 9.259 GC heap after
Heap after GC invocations=85 (full 3):
 def new generation   total 12096K, used 924K [0x00000000e0000000, 0x00000000e0d20000, 0x00000000eaaa0000)
  eden space 10752K,   0% used [0x00000000e0000000, 0x00000000e0000000, 0x00000000e0a80000)
  from space 1344K,  68% used [0x00000000e0bd0000, 0x00000000e0cb7040, 0x00000000e0d20000)
  to   space 1344K,   0% used [0x00000000e0a80000, 0x00000000e0a80000, 0x00000000e0bd0000)
 tenured generation   total 26828K, used 16096K [0x00000000eaaa0000, 0x00000000ec4d3000, 0x0000000100000000)
   the space 26828K,  59% used [0x00000000eaaa0000, 0x00000000eba58178, 0x00000000eba58200, 0x00000000ec4d3000)
 Metaspace       used 38682K, capacity 40076K, committed 40320K, reserved 1085440K
  class space    used 4896K, capacity 5172K, committed 5248K, reserved 1048576K
}
Event: 9.438 GC heap before
{Heap before GC invocations=85 (full 3):
 def new generation   total 12096K, used 11676K [0x00000000e0000000, 0x00000000e0d20000, 0x00000000eaaa0000)
  eden space 10752K, 100% used [0x00000000e0000000, 0x00000000e0a80000, 0x00000000e0a80000)
  from space 1344K,  68% used [0x00000000e0bd0000, 0x00000000e0cb7040, 0x00000000e0d20000)
  to   space 1344K,   0% used [0x00000000e0a80000, 0x00000000e0a80000, 0x00000000e0bd0000)
 tenured generation   total 26828K, used 16096K [0x00000000eaaa0000, 0x00000000ec4d3000, 0x0000000100000000)
   the space 26828K,  59% used [0x00000000eaaa0000, 0x00000000eba58178, 0x00000000eba58200, 0x00000000ec4d3000)
 Metaspace       used 39733K, capacity 41134K, committed 41344K, reserved 1085440K
  class space    used 5102K, capacity 5397K, committed 5504K, reserved 1048576K
Event: 9.451 GC heap after
Heap after GC invocations=86 (full 3):
 def new generation   total 12096K, used 927K [0x00000000e0000000, 0x00000000e0d20000, 0x00000000eaaa0000)
  eden space 10752K,   0% used [0x00000000e0000000, 0x00000000e0000000, 0x00000000e0a80000)
  from space 1344K,  69% used [0x00000000e0a80000, 0x00000000e0b67f90, 0x00000000e0bd0000)
  to   space 1344K,   0% used [0x00000000e0bd0000, 0x00000000e0bd0000, 0x00000000e0d20000)
 tenured generation   total 26828K, used 16631K [0x00000000eaaa0000, 0x00000000ec4d3000, 0x0000000100000000)
   the space 26828K,  61% used [0x00000000eaaa0000, 0x00000000ebadde40, 0x00000000ebade000, 0x00000000ec4d3000)
 Metaspace       used 39733K, capacity 41134K, committed 41344K, reserved 1085440K
  class space    used 5102K, capacity 5397K, committed 5504K, reserved 1048576K
}
Event: 9.629 GC heap before
{Heap before GC invocations=86 (full 3):
 def new generation   total 12096K, used 11679K [0x00000000e0000000, 0x00000000e0d20000, 0x00000000eaaa0000)
  eden space 10752K, 100% used [0x00000000e0000000, 0x00000000e0a80000, 0x00000000e0a80000)
  from space 1344K,  69% used [0x00000000e0a80000, 0x00000000e0b67f90, 0x00000000e0bd0000)
  to   space 1344K,   0% used [0x00000000e0bd0000, 0x00000000e0bd0000, 0x00000000e0d20000)
 tenured generation   total 26828K, used 16631K [0x00000000eaaa0000, 0x00000000ec4d3000, 0x0000000100000000)
   the space 26828K,  61% used [0x00000000eaaa0000, 0x00000000ebadde40, 0x00000000ebade000, 0x00000000ec4d3000)
 Metaspace       used 40440K, capacity 41838K, committed 42240K, reserved 1085440K
  class space    used 5221K, capacity 5525K, committed 5632K, reserved 1048576K
Event: 9.632 GC heap after
Heap after GC invocations=87 (full 3):
 def new generation   total 12096K, used 687K [0x00000000e0000000, 0x00000000e0d20000, 0x00000000eaaa0000)
  eden space 10752K,   0% used [0x00000000e0000000, 0x00000000e0000000, 0x00000000e0a80000)
  from space 1344K,  51% used [0x00000000e0bd0000, 0x00000000e0c7bf90, 0x00000000e0d20000)
  to   space 1344K,   0% used [0x00000000e0a80000, 0x00000000e0a80000, 0x00000000e0bd0000)
 tenured generation   total 26828K, used 16773K [0x00000000eaaa0000, 0x00000000ec4d3000, 0x0000000100000000)
   the space 26828K,  62% used [0x00000000eaaa0000, 0x00000000ebb01618, 0x00000000ebb01800, 0x00000000ec4d3000)
 Metaspace       used 40440K, capacity 41838K, committed 42240K, reserved 1085440K
  class space    used 5221K, capacity 5525K, committed 5632K, reserved 1048576K
}
Event: 9.760 GC heap before
{Heap before GC invocations=87 (full 3):
 def new generation   total 12096K, used 11439K [0x00000000e0000000, 0x00000000e0d20000, 0x00000000eaaa0000)
  eden space 10752K, 100% used [0x00000000e0000000, 0x00000000e0a80000, 0x00000000e0a80000)
  from space 1344K,  51% used [0x00000000e0bd0000, 0x00000000e0c7bf90, 0x00000000e0d20000)
  to   space 1344K,   0% used [0x00000000e0a80000, 0x00000000e0a80000, 0x00000000e0bd0000)
 tenured generation   total 26828K, used 16773K [0x00000000eaaa0000, 0x00000000ec4d3000, 0x0000000100000000)
   the space 26828K,  62% used [0x00000000eaaa0000, 0x00000000ebb01618, 0x00000000ebb01800, 0x00000000ec4d3000)
 Metaspace       used 40977K, capacity 42384K, committed 42496K, reserved 1085440K
  class space    used 5338K, capacity 5622K, committed 5632K, reserved 1048576K
Event: 9.763 GC heap after
Heap after GC invocations=88 (full 3):
 def new generation   total 12096K, used 673K [0x00000000e0000000, 0x00000000e0d20000, 0x00000000eaaa0000)
  eden space 10752K,   0% used [0x00000000e0000000, 0x00000000e0000000, 0x00000000e0a80000)
  from space 1344K,  50% used [0x00000000e0a80000, 0x00000000e0b287d0, 0x00000000e0bd0000)
  to   space 1344K,   0% used [0x00000000e0bd0000, 0x00000000e0bd0000, 0x00000000e0d20000)
 tenured generation   total 26828K, used 16874K [0x00000000eaaa0000, 0x00000000ec4d3000, 0x0000000100000000)
   the space 26828K,  62% used [0x00000000eaaa0000, 0x00000000ebb1a9a0, 0x00000000ebb1aa00, 0x00000000ec4d3000)
 Metaspace       used 40977K, capacity 42384K, committed 42496K, reserved 1085440K
  class space    used 5338K, capacity 5622K, committed 5632K, reserved 1048576K
}
Event: 9.932 GC heap before
{Heap before GC invocations=88 (full 3):
 def new generation   total 12096K, used 11425K [0x00000000e0000000, 0x00000000e0d20000, 0x00000000eaaa0000)
  eden space 10752K, 100% used [0x00000000e0000000, 0x00000000e0a80000, 0x00000000e0a80000)
  from space 1344K,  50% used [0x00000000e0a80000, 0x00000000e0b287d0, 0x00000000e0bd0000)
  to   space 1344K,   0% used [0x00000000e0bd0000, 0x00000000e0bd0000, 0x00000000e0d20000)
 tenured generation   total 26828K, used 16874K [0x00000000eaaa0000, 0x00000000ec4d3000, 0x0000000100000000)
   the space 26828K,  62% used [0x00000000eaaa0000, 0x00000000ebb1a9a0, 0x00000000ebb1aa00, 0x00000000ec4d3000)
 Metaspace       used 41671K, capacity 43106K, committed 43392K, reserved 1087488K
  class space    used 5456K, capacity 5753K, committed 5760K, reserved 1048576K
Event: 9.935 GC heap after
Heap after GC invocations=89 (full 3):
 def new generation   total 12096K, used 896K [0x00000000e0000000, 0x00000000e0d20000, 0x00000000eaaa0000)
  eden space 10752K,   0% used [0x00000000e0000000, 0x00000000e0000000, 0x00000000e0a80000)
  from space 1344K,  66% used [0x00000000e0bd0000, 0x00000000e0cb0340, 0x00000000e0d20000)
  to   space 1344K,   0% used [0x00000000e0a80000, 0x00000000e0a80000, 0x00000000e0bd0000)
 tenured generation   total 26828K, used 16974K [0x00000000eaaa0000, 0x00000000ec4d3000, 0x0000000100000000)
   the space 26828K,  63% used [0x00000000eaaa0000, 0x00000000ebb33bd0, 0x00000000ebb33c00, 0x00000000ec4d3000)
 Metaspace       used 41671K, capacity 43106K, committed 43392K, reserved 1087488K
  class space    used 5456K, capacity 5753K, committed 5760K, reserved 1048576K
}
Event: 10.136 GC heap before
{Heap before GC invocations=89 (full 3):
 def new generation   total 12096K, used 11648K [0x00000000e0000000, 0x00000000e0d20000, 0x00000000eaaa0000)
  eden space 10752K, 100% used [0x00000000e0000000, 0x00000000e0a80000, 0x00000000e0a80000)
  from space 1344K,  66% used [0x00000000e0bd0000, 0x00000000e0cb0340, 0x00000000e0d20000)
  to   space 1344K,   0% used [0x00000000e0a80000, 0x00000000e0a80000, 0x00000000e0bd0000)
 tenured generation   total 26828K, used 16974K [0x00000000eaaa0000, 0x00000000ec4d3000, 0x0000000100000000)
   the space 26828K,  63% used [0x00000000eaaa0000, 0x00000000ebb33bd0, 0x00000000ebb33c00, 0x00000000ec4d3000)
 Metaspace       used 42848K, capacity 44252K, committed 44416K, reserved 1087488K
  class space    used 5703K, capacity 5986K, committed 6016K, reserved 1048576K
Event: 10.144 GC heap after
Heap after GC invocations=90 (full 3):
 def new generation   total 12096K, used 1038K [0x00000000e0000000, 0x00000000e0d20000, 0x00000000eaaa0000)
  eden space 10752K,   0% used [0x00000000e0000000, 0x00000000e0000000, 0x00000000e0a80000)
  from space 1344K,  77% used [0x00000000e0a80000, 0x00000000e0b83960, 0x00000000e0bd0000)
  to   space 1344K,   0% used [0x00000000e0bd0000, 0x00000000e0bd0000, 0x00000000e0d20000)
 tenured generation   total 26828K, used 17255K [0x00000000eaaa0000, 0x00000000ec4d3000, 0x0000000100000000)
   the space 26828K,  64% used [0x00000000eaaa0000, 0x00000000ebb79cf8, 0x00000000ebb79e00, 0x00000000ec4d3000)
 Metaspace       used 42848K, capacity 44252K, committed 44416K, reserved 1087488K
  class space    used 5703K, capacity 5986K, committed 6016K, reserved 1048576K
}
Event: 10.325 GC heap before
{Heap before GC invocations=90 (full 3):
 def new generation   total 12096K, used 11790K [0x00000000e0000000, 0x00000000e0d20000, 0x00000000eaaa0000)
  eden space 10752K, 100% used [0x00000000e0000000, 0x00000000e0a80000, 0x00000000e0a80000)
  from space 1344K,  77% used [0x00000000e0a80000, 0x00000000e0b83960, 0x00000000e0bd0000)
  to   space 1344K,   0% used [0x00000000e0bd0000, 0x00000000e0bd0000, 0x00000000e0d20000)
 tenured generation   total 26828K, used 17255K [0x00000000eaaa0000, 0x00000000ec4d3000, 0x0000000100000000)
   the space 26828K,  64% used [0x00000000eaaa0000, 0x00000000ebb79cf8, 0x00000000ebb79e00, 0x00000000ec4d3000)
 Metaspace       used 43940K, capacity 45374K, committed 45696K, reserved 1089536K
  class space    used 5835K, capacity 6147K, committed 6272K, reserved 1048576K
Event: 10.329 GC heap after
Heap after GC invocations=91 (full 3):
 def new generation   total 12096K, used 1222K [0x00000000e0000000, 0x00000000e0d20000, 0x00000000eaaa0000)
  eden space 10752K,   0% used [0x00000000e0000000, 0x00000000e0000000, 0x00000000e0a80000)
  from space 1344K,  90% used [0x00000000e0bd0000, 0x00000000e0d01b70, 0x00000000e0d20000)
  to   space 1344K,   0% used [0x00000000e0a80000, 0x00000000e0a80000, 0x00000000e0bd0000)
 tenured generation   total 26828K, used 17391K [0x00000000eaaa0000, 0x00000000ec4d3000, 0x0000000100000000)
   the space 26828K,  64% used [0x00000000eaaa0000, 0x00000000ebb9bc80, 0x00000000ebb9be00, 0x00000000ec4d3000)
 Metaspace       used 43940K, capacity 45374K, committed 45696K, reserved 1089536K
  class space    used 5835K, capacity 6147K, committed 6272K, reserved 1048576K
}
Event: 10.489 GC heap before
{Heap before GC invocations=91 (full 3):
 def new generation   total 12096K, used 11974K [0x00000000e0000000, 0x00000000e0d20000, 0x00000000eaaa0000)
  eden space 10752K, 100% used [0x00000000e0000000, 0x00000000e0a80000, 0x00000000e0a80000)
  from space 1344K,  90% used [0x00000000e0bd0000, 0x00000000e0d01b70, 0x00000000e0d20000)
  to   space 1344K,   0% used [0x00000000e0a80000, 0x00000000e0a80000, 0x00000000e0bd0000)
 tenured generation   total 26828K, used 17391K [0x00000000eaaa0000, 0x00000000ec4d3000, 0x0000000100000000)
   the space 26828K,  64% used [0x00000000eaaa0000, 0x00000000ebb9bc80, 0x00000000ebb9be00, 0x00000000ec4d3000)
 Metaspace       used 45181K, capacity 46628K, committed 46848K, reserved 1089536K
  class space    used 5989K, capacity 6308K, committed 6400K, reserved 1048576K
Event: 10.493 GC heap after
Heap after GC invocations=92 (full 3):
 def new generation   total 12096K, used 1024K [0x00000000e0000000, 0x00000000e0d20000, 0x00000000eaaa0000)
  eden space 10752K,   0% used [0x00000000e0000000, 0x00000000e0000000, 0x00000000e0a80000)
  from space 1344K,  76% used [0x00000000e0a80000, 0x00000000e0b80100, 0x00000000e0bd0000)
  to   space 1344K,   0% used [0x00000000e0bd0000, 0x00000000e0bd0000, 0x00000000e0d20000)
 tenured generation   total 26828K, used 17780K [0x00000000eaaa0000, 0x00000000ec4d3000, 0x0000000100000000)
   the space 26828K,  66% used [0x00000000eaaa0000, 0x00000000ebbfd188, 0x00000000ebbfd200, 0x00000000ec4d3000)
 Metaspace       used 45181K, capacity 46628K, committed 46848K, reserved 1089536K
  class space    used 5989K, capacity 6308K, committed 6400K, reserved 1048576K
}
Event: 10.612 GC heap before
{Heap before GC invocations=92 (full 3):
 def new generation   total 12096K, used 11776K [0x00000000e0000000, 0x00000000e0d20000, 0x00000000eaaa0000)
  eden space 10752K, 100% used [0x00000000e0000000, 0x00000000e0a80000, 0x00000000e0a80000)
  from space 1344K,  76% used [0x00000000e0a80000, 0x00000000e0b80100, 0x00000000e0bd0000)
  to   space 1344K,   0% used [0x00000000e0bd0000, 0x00000000e0bd0000, 0x00000000e0d20000)
 tenured generation   total 26828K, used 17780K [0x00000000eaaa0000, 0x00000000ec4d3000, 0x0000000100000000)
   the space 26828K,  66% used [0x00000000eaaa0000, 0x00000000ebbfd188, 0x00000000ebbfd200, 0x00000000ec4d3000)
 Metaspace       used 46128K, capacity 47536K, committed 48000K, reserved 1091584K
  class space    used 6134K, capacity 6438K, committed 6528K, reserved 1048576K
Event: 10.616 GC heap after
Heap after GC invocations=93 (full 3):
 def new generation   total 12096K, used 923K [0x00000000e0000000, 0x00000000e0d20000, 0x00000000eaaa0000)
  eden space 10752K,   0% used [0x00000000e0000000, 0x00000000e0000000, 0x00000000e0a80000)
  from space 1344K,  68% used [0x00000000e0bd0000, 0x00000000e0cb6cd8, 0x00000000e0d20000)
  to   space 1344K,   0% used [0x00000000e0a80000, 0x00000000e0a80000, 0x00000000e0bd0000)
 tenured generation   total 26828K, used 17952K [0x00000000eaaa0000, 0x00000000ec4d3000, 0x0000000100000000)
   the space 26828K,  66% used [0x00000000eaaa0000, 0x00000000ebc28220, 0x00000000ebc28400, 0x00000000ec4d3000)
 Metaspace       used 46128K, capacity 47536K, committed 48000K, reserved 1091584K
  class space    used 6134K, capacity 6438K, committed 6528K, reserved 1048576K
}
Event: 10.723 GC heap before
{Heap before GC invocations=93 (full 3):
 def new generation   total 12096K, used 11675K [0x00000000e0000000, 0x00000000e0d20000, 0x00000000eaaa0000)
  eden space 10752K, 100% used [0x00000000e0000000, 0x00000000e0a80000, 0x00000000e0a80000)
  from space 1344K,  68% used [0x00000000e0bd0000, 0x00000000e0cb6cd8, 0x00000000e0d20000)
  to   space 1344K,   0% used [0x00000000e0a80000, 0x00000000e0a80000, 0x00000000e0bd0000)
 tenured generation   total 26828K, used 17952K [0x00000000eaaa0000, 0x00000000ec4d3000, 0x0000000100000000)
   the space 26828K,  66% used [0x00000000eaaa0000, 0x00000000ebc28220, 0x00000000ebc28400, 0x00000000ec4d3000)
 Metaspace       used 46735K, capacity 48210K, committed 48640K, reserved 1091584K
  class space    used 6226K, capacity 6535K, committed 6656K, reserved 1048576K
Event: 10.727 GC heap after
Heap after GC invocations=94 (full 3):
 def new generation   total 12096K, used 771K [0x00000000e0000000, 0x00000000e0d20000, 0x00000000eaaa0000)
  eden space 10752K,   0% used [0x00000000e0000000, 0x00000000e0000000, 0x00000000e0a80000)
  from space 1344K,  57% used [0x00000000e0a80000, 0x00000000e0b40e80, 0x00000000e0bd0000)
  to   space 1344K,   0% used [0x00000000e0bd0000, 0x00000000e0bd0000, 0x00000000e0d20000)
 tenured generation   total 26828K, used 18114K [0x00000000eaaa0000, 0x00000000ec4d3000, 0x0000000100000000)
   the space 26828K,  67% used [0x00000000eaaa0000, 0x00000000ebc50a08, 0x00000000ebc50c00, 0x00000000ec4d3000)
 Metaspace       used 46735K, capacity 48210K, committed 48640K, reserved 1091584K
  class space    used 6226K, capacity 6535K, committed 6656K, reserved 1048576K
}
Event: 10.969 GC heap before
{Heap before GC invocations=94 (full 3):
 def new generation   total 12096K, used 11523K [0x00000000e0000000, 0x00000000e0d20000, 0x00000000eaaa0000)
  eden space 10752K, 100% used [0x00000000e0000000, 0x00000000e0a80000, 0x00000000e0a80000)
  from space 1344K,  57% used [0x00000000e0a80000, 0x00000000e0b40e80, 0x00000000e0bd0000)
  to   space 1344K,   0% used [0x00000000e0bd0000, 0x00000000e0bd0000, 0x00000000e0d20000)
 tenured generation   total 26828K, used 18114K [0x00000000eaaa0000, 0x00000000ec4d3000, 0x0000000100000000)
   the space 26828K,  67% used [0x00000000eaaa0000, 0x00000000ebc50a08, 0x00000000ebc50c00, 0x00000000ec4d3000)
 Metaspace       used 47841K, capacity 49282K, committed 49792K, reserved 1091584K
  class space    used 6360K, capacity 6675K, committed 6784K, reserved 1048576K
Event: 10.974 GC heap after
Heap after GC invocations=95 (full 3):
 def new generation   total 12096K, used 969K [0x00000000e0000000, 0x00000000e0d20000, 0x00000000eaaa0000)
  eden space 10752K,   0% used [0x00000000e0000000, 0x00000000e0000000, 0x00000000e0a80000)
  from space 1344K,  72% used [0x00000000e0bd0000, 0x00000000e0cc27b0, 0x00000000e0d20000)
  to   space 1344K,   0% used [0x00000000e0a80000, 0x00000000e0a80000, 0x00000000e0bd0000)
 tenured generation   total 26828K, used 18315K [0x00000000eaaa0000, 0x00000000ec4d3000, 0x0000000100000000)
   the space 26828K,  68% used [0x00000000eaaa0000, 0x00000000ebc82f68, 0x00000000ebc83000, 0x00000000ec4d3000)
 Metaspace       used 47841K, capacity 49282K, committed 49792K, reserved 1091584K
  class space    used 6360K, capacity 6675K, committed 6784K, reserved 1048576K
}
Event: 11.127 GC heap before
{Heap before GC invocations=95 (full 3):
 def new generation   total 12096K, used 11721K [0x00000000e0000000, 0x00000000e0d20000, 0x00000000eaaa0000)
  eden space 10752K, 100% used [0x00000000e0000000, 0x00000000e0a80000, 0x00000000e0a80000)
  from space 1344K,  72% used [0x00000000e0bd0000, 0x00000000e0cc27b0, 0x00000000e0d20000)
  to   space 1344K,   0% used [0x00000000e0a80000, 0x00000000e0a80000, 0x00000000e0bd0000)
 tenured generation   total 26828K, used 18315K [0x00000000eaaa0000, 0x00000000ec4d3000, 0x0000000100000000)
   the space 26828K,  68% used [0x00000000eaaa0000, 0x00000000ebc82f68, 0x00000000ebc83000, 0x00000000ec4d3000)
 Metaspace       used 48535K, capacity 49966K, committed 50432K, reserved 1093632K
  class space    used 6520K, capacity 6837K, committed 6912K, reserved 1048576K
Event: 11.131 GC heap after
Heap after GC invocations=96 (full 3):
 def new generation   total 12096K, used 781K [0x00000000e0000000, 0x00000000e0d20000, 0x00000000eaaa0000)
  eden space 10752K,   0% used [0x00000000e0000000, 0x00000000e0000000, 0x00000000e0a80000)
  from space 1344K,  58% used [0x00000000e0a80000, 0x00000000e0b437b8, 0x00000000e0bd0000)
  to   space 1344K,   0% used [0x00000000e0bd0000, 0x00000000e0bd0000, 0x00000000e0d20000)
 tenured generation   total 26828K, used 18558K [0x00000000eaaa0000, 0x00000000ec4d3000, 0x0000000100000000)
   the space 26828K,  69% used [0x00000000eaaa0000, 0x00000000ebcbfa20, 0x00000000ebcbfc00, 0x00000000ec4d3000)
 Metaspace       used 48535K, capacity 49966K, committed 50432K, reserved 1093632K
  class space    used 6520K, capacity 6837K, committed 6912K, reserved 1048576K
}
Event: 11.255 GC heap before
{Heap before GC invocations=96 (full 3):
 def new generation   total 12096K, used 11533K [0x00000000e0000000, 0x00000000e0d20000, 0x00000000eaaa0000)
  eden space 10752K, 100% used [0x00000000e0000000, 0x00000000e0a80000, 0x00000000e0a80000)
  from space 1344K,  58% used [0x00000000e0a80000, 0x00000000e0b437b8, 0x00000000e0bd0000)
  to   space 1344K,   0% used [0x00000000e0bd0000, 0x00000000e0bd0000, 0x00000000e0d20000)
 tenured generation   total 26828K, used 18558K [0x00000000eaaa0000, 0x00000000ec4d3000, 0x0000000100000000)
   the space 26828K,  69% used [0x00000000eaaa0000, 0x00000000ebcbfa20, 0x00000000ebcbfc00, 0x00000000ec4d3000)
 Metaspace       used 49156K, capacity 50612K, committed 51072K, reserved 1093632K
  class space    used 6659K, capacity 6966K, committed 7040K, reserved 1048576K
Event: 11.258 GC heap after
Heap after GC invocations=97 (full 3):
 def new generation   total 12096K, used 761K [0x00000000e0000000, 0x00000000e0d20000, 0x00000000eaaa0000)
  eden space 10752K,   0% used [0x00000000e0000000, 0x00000000e0000000, 0x00000000e0a80000)
  from space 1344K,  56% used [0x00000000e0bd0000, 0x00000000e0c8e550, 0x00000000e0d20000)
  to   space 1344K,   0% used [0x00000000e0a80000, 0x00000000e0a80000, 0x00000000e0bd0000)
 tenured generation   total 26828K, used 18662K [0x00000000eaaa0000, 0x00000000ec4d3000, 0x0000000100000000)
   the space 26828K,  69% used [0x00000000eaaa0000, 0x00000000ebcd9ab0, 0x00000000ebcd9c00, 0x00000000ec4d3000)
 Metaspace       used 49156K, capacity 50612K, committed 51072K, reserved 1093632K
  class space    used 6659K, capacity 6966K, committed 7040K, reserved 1048576K
}
Event: 11.380 GC heap before
{Heap before GC invocations=97 (full 3):
 def new generation   total 12096K, used 11513K [0x00000000e0000000, 0x00000000e0d20000, 0x00000000eaaa0000)
  eden space 10752K, 100% used [0x00000000e0000000, 0x00000000e0a80000, 0x00000000e0a80000)
  from space 1344K,  56% used [0x00000000e0bd0000, 0x00000000e0c8e550, 0x00000000e0d20000)
  to   space 1344K,   0% used [0x00000000e0a80000, 0x00000000e0a80000, 0x00000000e0bd0000)
 tenured generation   total 26828K, used 18662K [0x00000000eaaa0000, 0x00000000ec4d3000, 0x0000000100000000)
   the space 26828K,  69% used [0x00000000eaaa0000, 0x00000000ebcd9ab0, 0x00000000ebcd9c00, 0x00000000ec4d3000)
 Metaspace       used 49939K, capacity 51462K, committed 51968K, reserved 1093632K
  class space    used 6791K, capacity 7097K, committed 7168K, reserved 1048576K
Event: 11.384 GC heap after
Heap after GC invocations=98 (full 3):
 def new generation   total 12096K, used 817K [0x00000000e0000000, 0x00000000e0d20000, 0x00000000eaaa0000)
  eden space 10752K,   0% used [0x00000000e0000000, 0x00000000e0000000, 0x00000000e0a80000)
  from space 1344K,  60% used [0x00000000e0a80000, 0x00000000e0b4c5e8, 0x00000000e0bd0000)
  to   space 1344K,   0% used [0x00000000e0bd0000, 0x00000000e0bd0000, 0x00000000e0d20000)
 tenured generation   total 26828K, used 18772K [0x00000000eaaa0000, 0x00000000ec4d3000, 0x0000000100000000)
   the space 26828K,  69% used [0x00000000eaaa0000, 0x00000000ebcf5170, 0x00000000ebcf5200, 0x00000000ec4d3000)
 Metaspace       used 49939K, capacity 51462K, committed 51968K, reserved 1093632K
  class space    used 6791K, capacity 7097K, committed 7168K, reserved 1048576K
}
Event: 11.535 GC heap before
{Heap before GC invocations=98 (full 3):
 def new generation   total 12096K, used 11569K [0x00000000e0000000, 0x00000000e0d20000, 0x00000000eaaa0000)
  eden space 10752K, 100% used [0x00000000e0000000, 0x00000000e0a80000, 0x00000000e0a80000)
  from space 1344K,  60% used [0x00000000e0a80000, 0x00000000e0b4c5e8, 0x00000000e0bd0000)
  to   space 1344K,   0% used [0x00000000e0bd0000, 0x00000000e0bd0000, 0x00000000e0d20000)
 tenured generation   total 26828K, used 18772K [0x00000000eaaa0000, 0x00000000ec4d3000, 0x0000000100000000)
   the space 26828K,  69% used [0x00000000eaaa0000, 0x00000000ebcf5170, 0x00000000ebcf5200, 0x00000000ec4d3000)
 Metaspace       used 50820K, capacity 52336K, committed 52608K, reserved 1095680K
  class space    used 6924K, capacity 7234K, committed 7296K, reserved 1048576K
Event: 11.539 GC heap after
Heap after GC invocations=99 (full 3):
 def new generation   total 12096K, used 912K [0x00000000e0000000, 0x00000000e0d20000, 0x00000000eaaa0000)
  eden space 10752K,   0% used [0x00000000e0000000, 0x00000000e0000000, 0x00000000e0a80000)
  from space 1344K,  67% used [0x00000000e0bd0000, 0x00000000e0cb42d8, 0x00000000e0d20000)
  to   space 1344K,   0% used [0x00000000e0a80000, 0x00000000e0a80000, 0x00000000e0bd0000)
 tenured generation   total 26828K, used 18924K [0x00000000eaaa0000, 0x00000000ec4d3000, 0x0000000100000000)
   the space 26828K,  70% used [0x00000000eaaa0000, 0x00000000ebd1b038, 0x00000000ebd1b200, 0x00000000ec4d3000)
 Metaspace       used 50820K, capacity 52336K, committed 52608K, reserved 1095680K
  class space    used 6924K, capacity 7234K, committed 7296K, reserved 1048576K
}
Event: 11.703 GC heap before
{Heap before GC invocations=99 (full 3):
 def new generation   total 12096K, used 11664K [0x00000000e0000000, 0x00000000e0d20000, 0x00000000eaaa0000)
  eden space 10752K, 100% used [0x00000000e0000000, 0x00000000e0a80000, 0x00000000e0a80000)
  from space 1344K,  67% used [0x00000000e0bd0000, 0x00000000e0cb42d8, 0x00000000e0d20000)
  to   space 1344K,   0% used [0x00000000e0a80000, 0x00000000e0a80000, 0x00000000e0bd0000)
 tenured generation   total 26828K, used 18924K [0x00000000eaaa0000, 0x00000000ec4d3000, 0x0000000100000000)
   the space 26828K,  70% used [0x00000000eaaa0000, 0x00000000ebd1b038, 0x00000000ebd1b200, 0x00000000ec4d3000)
 Metaspace       used 51299K, capacity 52860K, committed 53248K, reserved 1095680K
  class space    used 6989K, capacity 7300K, committed 7424K, reserved 1048576K
Event: 11.711 GC heap after
Heap after GC invocations=100 (full 3):
 def new generation   total 12096K, used 628K [0x00000000e0000000, 0x00000000e0d20000, 0x00000000eaaa0000)
  eden space 10752K,   0% used [0x00000000e0000000, 0x00000000e0000000, 0x00000000e0a80000)
  from space 1344K,  46% used [0x00000000e0a80000, 0x00000000e0b1d320, 0x00000000e0bd0000)
  to   space 1344K,   0% used [0x00000000e0bd0000, 0x00000000e0bd0000, 0x00000000e0d20000)
 tenured generation   total 26828K, used 19079K [0x00000000eaaa0000, 0x00000000ec4d3000, 0x0000000100000000)
   the space 26828K,  71% used [0x00000000eaaa0000, 0x00000000ebd41fe8, 0x00000000ebd42000, 0x00000000ec4d3000)
 Metaspace       used 51299K, capacity 52860K, committed 53248K, reserved 1095680K
  class space    used 6989K, capacity 7300K, committed 7424K, reserved 1048576K
}
Event: 11.916 GC heap before
{Heap before GC invocations=100 (full 3):
 def new generation   total 12096K, used 11380K [0x00000000e0000000, 0x00000000e0d20000, 0x00000000eaaa0000)
  eden space 10752K, 100% used [0x00000000e0000000, 0x00000000e0a80000, 0x00000000e0a80000)
  from space 1344K,  46% used [0x00000000e0a80000, 0x00000000e0b1d320, 0x00000000e0bd0000)
  to   space 1344K,   0% used [0x00000000e0bd0000, 0x00000000e0bd0000, 0x00000000e0d20000)
 tenured generation   total 26828K, used 19079K [0x00000000eaaa0000, 0x00000000ec4d3000, 0x0000000100000000)
   the space 26828K,  71% used [0x00000000eaaa0000, 0x00000000ebd41fe8, 0x00000000ebd42000, 0x00000000ec4d3000)
 Metaspace       used 51519K, capacity 53048K, committed 53504K, reserved 1095680K
  class space    used 7018K, capacity 7340K, committed 7424K, reserved 1048576K
Event: 11.934 GC heap after
Heap after GC invocations=101 (full 3):
 def new generation   total 12096K, used 1087K [0x00000000e0000000, 0x00000000e0d20000, 0x00000000eaaa0000)
  eden space 10752K,   0% used [0x00000000e0000000, 0x00000000e0000000, 0x00000000e0a80000)
  from space 1344K,  80% used [0x00000000e0bd0000, 0x00000000e0cdfe88, 0x00000000e0d20000)
  to   space 1344K,   0% used [0x00000000e0a80000, 0x00000000e0a80000, 0x00000000e0bd0000)
 tenured generation   total 26828K, used 19079K [0x00000000eaaa0000, 0x00000000ec4d3000, 0x0000000100000000)
   the space 26828K,  71% used [0x00000000eaaa0000, 0x00000000ebd41fe8, 0x00000000ebd42000, 0x00000000ec4d3000)
 Metaspace       used 51519K, capacity 53048K, committed 53504K, reserved 1095680K
  class space    used 7018K, capacity 7340K, committed 7424K, reserved 1048576K
}
Event: 12.281 GC heap before
{Heap before GC invocations=101 (full 3):
 def new generation   total 12096K, used 11839K [0x00000000e0000000, 0x00000000e0d20000, 0x00000000eaaa0000)
  eden space 10752K, 100% used [0x00000000e0000000, 0x00000000e0a80000, 0x00000000e0a80000)
  from space 1344K,  80% used [0x00000000e0bd0000, 0x00000000e0cdfe88, 0x00000000e0d20000)
  to   space 1344K,   0% used [0x00000000e0a80000, 0x00000000e0a80000, 0x00000000e0bd0000)
 tenured generation   total 26828K, used 19079K [0x00000000eaaa0000, 0x00000000ec4d3000, 0x0000000100000000)
   the space 26828K,  71% used [0x00000000eaaa0000, 0x00000000ebd41fe8, 0x00000000ebd42000, 0x00000000ec4d3000)
 Metaspace       used 52752K, capacity 54340K, committed 54656K, reserved 1095680K
  class space    used 7171K, capacity 7526K, committed 7552K, reserved 1048576K
Event: 12.291 GC heap after
Heap after GC invocations=102 (full 3):
 def new generation   total 12096K, used 1070K [0x00000000e0000000, 0x00000000e0d20000, 0x00000000eaaa0000)
  eden space 10752K,   0% used [0x00000000e0000000, 0x00000000e0000000, 0x00000000e0a80000)
  from space 1344K,  79% used [0x00000000e0a80000, 0x00000000e0b8ba70, 0x00000000e0bd0000)
  to   space 1344K,   0% used [0x00000000e0bd0000, 0x00000000e0bd0000, 0x00000000e0d20000)
 tenured generation   total 26828K, used 20018K [0x00000000eaaa0000, 0x00000000ec4d3000, 0x0000000100000000)
   the space 26828K,  74% used [0x00000000eaaa0000, 0x00000000ebe2cb10, 0x00000000ebe2cc00, 0x00000000ec4d3000)
 Metaspace       used 52752K, capacity 54340K, committed 54656K, reserved 1095680K
  class space    used 7171K, capacity 7526K, committed 7552K, reserved 1048576K
}
Event: 12.728 GC heap before
{Heap before GC invocations=102 (full 3):
 def new generation   total 12096K, used 11822K [0x00000000e0000000, 0x00000000e0d20000, 0x00000000eaaa0000)
  eden space 10752K, 100% used [0x00000000e0000000, 0x00000000e0a80000, 0x00000000e0a80000)
  from space 1344K,  79% used [0x00000000e0a80000, 0x00000000e0b8ba70, 0x00000000e0bd0000)
  to   space 1344K,   0% used [0x00000000e0bd0000, 0x00000000e0bd0000, 0x00000000e0d20000)
 tenured generation   total 26828K, used 20018K [0x00000000eaaa0000, 0x00000000ec4d3000, 0x0000000100000000)
   the space 26828K,  74% used [0x00000000eaaa0000, 0x00000000ebe2cb10, 0x00000000ebe2cc00, 0x00000000ec4d3000)
 Metaspace       used 53861K, capacity 55802K, committed 55936K, reserved 1097728K
  class space    used 7353K, capacity 7703K, committed 7808K, reserved 1048576K
Event: 12.735 GC heap after
Heap after GC invocations=103 (full 3):
 def new generation   total 12096K, used 1062K [0x00000000e0000000, 0x00000000e0d20000, 0x00000000eaaa0000)
  eden space 10752K,   0% used [0x00000000e0000000, 0x00000000e0000000, 0x00000000e0a80000)
  from space 1344K,  79% used [0x00000000e0bd0000, 0x00000000e0cd9a00, 0x00000000e0d20000)
  to   space 1344K,   0% used [0x00000000e0a80000, 0x00000000e0a80000, 0x00000000e0bd0000)
 tenured generation   total 26828K, used 20251K [0x00000000eaaa0000, 0x00000000ec4d3000, 0x0000000100000000)
   the space 26828K,  75% used [0x00000000eaaa0000, 0x00000000ebe66cf8, 0x00000000ebe66e00, 0x00000000ec4d3000)
 Metaspace       used 53861K, capacity 55802K, committed 55936K, reserved 1097728K
  class space    used 7353K, capacity 7703K, committed 7808K, reserved 1048576K
}
Event: 13.008 GC heap before
{Heap before GC invocations=103 (full 3):
 def new generation   total 12096K, used 11814K [0x00000000e0000000, 0x00000000e0d20000, 0x00000000eaaa0000)
  eden space 10752K, 100% used [0x00000000e0000000, 0x00000000e0a80000, 0x00000000e0a80000)
  from space 1344K,  79% used [0x00000000e0bd0000, 0x00000000e0cd9a00, 0x00000000e0d20000)
  to   space 1344K,   0% used [0x00000000e0a80000, 0x00000000e0a80000, 0x00000000e0bd0000)
 tenured generation   total 26828K, used 20251K [0x00000000eaaa0000, 0x00000000ec4d3000, 0x0000000100000000)
   the space 26828K,  75% used [0x00000000eaaa0000, 0x00000000ebe66cf8, 0x00000000ebe66e00, 0x00000000ec4d3000)
 Metaspace       used 54601K, capacity 56682K, committed 56832K, reserved 1097728K
  class space    used 7457K, capacity 7857K, committed 7936K, reserved 1048576K
Event: 13.040 GC heap after
Heap after GC invocations=104 (full 3):
 def new generation   total 12096K, used 836K [0x00000000e0000000, 0x00000000e0d20000, 0x00000000eaaa0000)
  eden space 10752K,   0% used [0x00000000e0000000, 0x00000000e0000000, 0x00000000e0a80000)
  from space 1344K,  62% used [0x00000000e0a80000, 0x00000000e0b51280, 0x00000000e0bd0000)
  to   space 1344K,   0% used [0x00000000e0bd0000, 0x00000000e0bd0000, 0x00000000e0d20000)
 tenured generation   total 26828K, used 20688K [0x00000000eaaa0000, 0x00000000ec4d3000, 0x0000000100000000)
   the space 26828K,  77% used [0x00000000eaaa0000, 0x00000000ebed4378, 0x00000000ebed4400, 0x00000000ec4d3000)
 Metaspace       used 54601K, capacity 56682K, committed 56832K, reserved 1097728K
  class space    used 7457K, capacity 7857K, committed 7936K, reserved 1048576K
}
Event: 13.219 GC heap before
{Heap before GC invocations=104 (full 3):
 def new generation   total 12096K, used 11588K [0x00000000e0000000, 0x00000000e0d20000, 0x00000000eaaa0000)
  eden space 10752K, 100% used [0x00000000e0000000, 0x00000000e0a80000, 0x00000000e0a80000)
  from space 1344K,  62% used [0x00000000e0a80000, 0x00000000e0b51280, 0x00000000e0bd0000)
  to   space 1344K,   0% used [0x00000000e0bd0000, 0x00000000e0bd0000, 0x00000000e0d20000)
 tenured generation   total 26828K, used 20688K [0x00000000eaaa0000, 0x00000000ec4d3000, 0x0000000100000000)
   the space 26828K,  77% used [0x00000000eaaa0000, 0x00000000ebed4378, 0x00000000ebed4400, 0x00000000ec4d3000)
 Metaspace       used 54863K, capacity 56988K, committed 57088K, reserved 1097728K
  class space    used 7502K, capacity 7920K, committed 7936K, reserved 1048576K
Event: 13.225 GC heap after
Heap after GC invocations=105 (full 3):
 def new generation   total 12096K, used 541K [0x00000000e0000000, 0x00000000e0d20000, 0x00000000eaaa0000)
  eden space 10752K,   0% used [0x00000000e0000000, 0x00000000e0000000, 0x00000000e0a80000)
  from space 1344K,  40% used [0x00000000e0bd0000, 0x00000000e0c57528, 0x00000000e0d20000)
  to   space 1344K,   0% used [0x00000000e0a80000, 0x00000000e0a80000, 0x00000000e0bd0000)
 tenured generation   total 26828K, used 21071K [0x00000000eaaa0000, 0x00000000ec4d3000, 0x0000000100000000)
   the space 26828K,  78% used [0x00000000eaaa0000, 0x00000000ebf33e78, 0x00000000ebf34000, 0x00000000ec4d3000)
 Metaspace       used 54863K, capacity 56988K, committed 57088K, reserved 1097728K
  class space    used 7502K, capacity 7920K, committed 7936K, reserved 1048576K
}
Event: 13.346 GC heap before
{Heap before GC invocations=105 (full 3):
 def new generation   total 12096K, used 11293K [0x00000000e0000000, 0x00000000e0d20000, 0x00000000eaaa0000)
  eden space 10752K, 100% used [0x00000000e0000000, 0x00000000e0a80000, 0x00000000e0a80000)
  from space 1344K,  40% used [0x00000000e0bd0000, 0x00000000e0c57528, 0x00000000e0d20000)
  to   space 1344K,   0% used [0x00000000e0a80000, 0x00000000e0a80000, 0x00000000e0bd0000)
 tenured generation   total 26828K, used 21071K [0x00000000eaaa0000, 0x00000000ec4d3000, 0x0000000100000000)
   the space 26828K,  78% used [0x00000000eaaa0000, 0x00000000ebf33e78, 0x00000000ebf34000, 0x00000000ec4d3000)
 Metaspace       used 54941K, capacity 57100K, committed 57344K, reserved 1099776K
  class space    used 7512K, capacity 7928K, committed 7936K, reserved 1048576K
Event: 13.351 GC heap after
Heap after GC invocations=106 (full 3):
 def new generation   total 12096K, used 681K [0x00000000e0000000, 0x00000000e0d20000, 0x00000000eaaa0000)
  eden space 10752K,   0% used [0x00000000e0000000, 0x00000000e0000000, 0x00000000e0a80000)
  from space 1344K,  50% used [0x00000000e0a80000, 0x00000000e0b2a770, 0x00000000e0bd0000)
  to   space 1344K,   0% used [0x00000000e0bd0000, 0x00000000e0bd0000, 0x00000000e0d20000)
 tenured generation   total 26828K, used 21071K [0x00000000eaaa0000, 0x00000000ec4d3000, 0x0000000100000000)
   the space 26828K,  78% used [0x00000000eaaa0000, 0x00000000ebf33e78, 0x00000000ebf34000, 0x00000000ec4d3000)
 Metaspace       used 54941K, capacity 57100K, committed 57344K, reserved 1099776K
  class space    used 7512K, capacity 7928K, committed 7936K, reserved 1048576K
}
Event: 13.576 GC heap before
{Heap before GC invocations=106 (full 3):
 def new generation   total 12096K, used 11433K [0x00000000e0000000, 0x00000000e0d20000, 0x00000000eaaa0000)
  eden space 10752K, 100% used [0x00000000e0000000, 0x00000000e0a80000, 0x00000000e0a80000)
  from space 1344K,  50% used [0x00000000e0a80000, 0x00000000e0b2a770, 0x00000000e0bd0000)
  to   space 1344K,   0% used [0x00000000e0bd0000, 0x00000000e0bd0000, 0x00000000e0d20000)
 tenured generation   total 26828K, used 21071K [0x00000000eaaa0000, 0x00000000ec4d3000, 0x0000000100000000)
   the space 26828K,  78% used [0x00000000eaaa0000, 0x00000000ebf33e78, 0x00000000ebf34000, 0x00000000ec4d3000)
 Metaspace       used 55514K, capacity 57718K, committed 57984K, reserved 1099776K
  class space    used 7572K, capacity 7999K, committed 8064K, reserved 1048576K
Event: 13.587 GC heap after
Heap after GC invocations=107 (full 3):
 def new generation   total 12096K, used 895K [0x00000000e0000000, 0x00000000e0d20000, 0x00000000eaaa0000)
  eden space 10752K,   0% used [0x00000000e0000000, 0x00000000e0000000, 0x00000000e0a80000)
  from space 1344K,  66% used [0x00000000e0bd0000, 0x00000000e0cafdc8, 0x00000000e0d20000)
  to   space 1344K,   0% used [0x00000000e0a80000, 0x00000000e0a80000, 0x00000000e0bd0000)
 tenured generation   total 26828K, used 21426K [0x00000000eaaa0000, 0x00000000ec4d3000, 0x0000000100000000)
   the space 26828K,  79% used [0x00000000eaaa0000, 0x00000000ebf8c9c8, 0x00000000ebf8ca00, 0x00000000ec4d3000)
 Metaspace       used 55514K, capacity 57718K, committed 57984K, reserved 1099776K
  class space    used 7572K, capacity 7999K, committed 8064K, reserved 1048576K
}
Event: 13.836 GC heap before
{Heap before GC invocations=107 (full 3):
 def new generation   total 12096K, used 11647K [0x00000000e0000000, 0x00000000e0d20000, 0x00000000eaaa0000)
  eden space 10752K, 100% used [0x00000000e0000000, 0x00000000e0a80000, 0x00000000e0a80000)
  from space 1344K,  66% used [0x00000000e0bd0000, 0x00000000e0cafdc8, 0x00000000e0d20000)
  to   space 1344K,   0% used [0x00000000e0a80000, 0x00000000e0a80000, 0x00000000e0bd0000)
 tenured generation   total 26828K, used 21426K [0x00000000eaaa0000, 0x00000000ec4d3000, 0x0000000100000000)
   the space 26828K,  79% used [0x00000000eaaa0000, 0x00000000ebf8c9c8, 0x00000000ebf8ca00, 0x00000000ec4d3000)
 Metaspace       used 56550K, capacity 58728K, committed 58880K, reserved 1099776K
  class space    used 7694K, capacity 8098K, committed 8192K, reserved 1048576K
Event: 13.842 GC heap after
Heap after GC invocations=108 (full 3):
 def new generation   total 12096K, used 1343K [0x00000000e0000000, 0x00000000e0d20000, 0x00000000eaaa0000)
  eden space 10752K,   0% used [0x00000000e0000000, 0x00000000e0000000, 0x00000000e0a80000)
  from space 1344K,  99% used [0x00000000e0a80000, 0x00000000e0bcff68, 0x00000000e0bd0000)
  to   space 1344K,   0% used [0x00000000e0bd0000, 0x00000000e0bd0000, 0x00000000e0d20000)
 tenured generation   total 26828K, used 21742K [0x00000000eaaa0000, 0x00000000ec4d3000, 0x0000000100000000)
   the space 26828K,  81% used [0x00000000eaaa0000, 0x00000000ebfdb8e8, 0x00000000ebfdba00, 0x00000000ec4d3000)
 Metaspace       used 56550K, capacity 58728K, committed 58880K, reserved 1099776K
  class space    used 7694K, capacity 8098K, committed 8192K, reserved 1048576K
}
Event: 14.269 GC heap before
{Heap before GC invocations=108 (full 3):
 def new generation   total 12096K, used 12095K [0x00000000e0000000, 0x00000000e0d20000, 0x00000000eaaa0000)
  eden space 10752K, 100% used [0x00000000e0000000, 0x00000000e0a80000, 0x00000000e0a80000)
  from space 1344K,  99% used [0x00000000e0a80000, 0x00000000e0bcff68, 0x00000000e0bd0000)
  to   space 1344K,   0% used [0x00000000e0bd0000, 0x00000000e0bd0000, 0x00000000e0d20000)
 tenured generation   total 26828K, used 21742K [0x00000000eaaa0000, 0x00000000ec4d3000, 0x0000000100000000)
   the space 26828K,  81% used [0x00000000eaaa0000, 0x00000000ebfdb8e8, 0x00000000ebfdba00, 0x00000000ec4d3000)
 Metaspace       used 56834K, capacity 59060K, committed 59136K, reserved 1099776K
  class space    used 7739K, capacity 8164K, committed 8192K, reserved 1048576K
Event: 14.276 GC heap after
Heap after GC invocations=109 (full 3):
 def new generation   total 12096K, used 636K [0x00000000e0000000, 0x00000000e0d20000, 0x00000000eaaa0000)
  eden space 10752K,   0% used [0x00000000e0000000, 0x00000000e0000000, 0x00000000e0a80000)
  from space 1344K,  47% used [0x00000000e0bd0000, 0x00000000e0c6f1c0, 0x00000000e0d20000)
  to   space 1344K,   0% used [0x00000000e0a80000, 0x00000000e0a80000, 0x00000000e0bd0000)
 tenured generation   total 26828K, used 22376K [0x00000000eaaa0000, 0x00000000ec4d3000, 0x0000000100000000)
   the space 26828K,  83% used [0x00000000eaaa0000, 0x00000000ec07a250, 0x00000000ec07a400, 0x00000000ec4d3000)
 Metaspace       used 56834K, capacity 59060K, committed 59136K, reserved 1099776K
  class space    used 7739K, capacity 8164K, committed 8192K, reserved 1048576K
}
Event: 14.471 GC heap before
{Heap before GC invocations=109 (full 3):
 def new generation   total 12096K, used 11388K [0x00000000e0000000, 0x00000000e0d20000, 0x00000000eaaa0000)
  eden space 10752K, 100% used [0x00000000e0000000, 0x00000000e0a80000, 0x00000000e0a80000)
  from space 1344K,  47% used [0x00000000e0bd0000, 0x00000000e0c6f1c0, 0x00000000e0d20000)
  to   space 1344K,   0% used [0x00000000e0a80000, 0x00000000e0a80000, 0x00000000e0bd0000)
 tenured generation   total 26828K, used 22376K [0x00000000eaaa0000, 0x00000000ec4d3000, 0x0000000100000000)
   the space 26828K,  83% used [0x00000000eaaa0000, 0x00000000ec07a250, 0x00000000ec07a400, 0x00000000ec4d3000)
 Metaspace       used 57568K, capacity 59734K, committed 60032K, reserved 1101824K
  class space    used 7837K, capacity 8261K, committed 8320K, reserved 1048576K
Event: 14.480 GC heap after
Heap after GC invocations=110 (full 3):
 def new generation   total 12096K, used 1344K [0x00000000e0000000, 0x00000000e0d20000, 0x00000000eaaa0000)
  eden space 10752K,   0% used [0x00000000e0000000, 0x00000000e0000000, 0x00000000e0a80000)
  from space 1344K, 100% used [0x00000000e0a80000, 0x00000000e0bd0000, 0x00000000e0bd0000)
  to   space 1344K,   0% used [0x00000000e0bd0000, 0x00000000e0bd0000, 0x00000000e0d20000)
 tenured generation   total 26828K, used 22476K [0x00000000eaaa0000, 0x00000000ec4d3000, 0x0000000100000000)
   the space 26828K,  83% used [0x00000000eaaa0000, 0x00000000ec093010, 0x00000000ec093200, 0x00000000ec4d3000)
 Metaspace       used 57568K, capacity 59734K, committed 60032K, reserved 1101824K
  class space    used 7837K, capacity 8261K, committed 8320K, reserved 1048576K
}
Event: 14.687 GC heap before
{Heap before GC invocations=110 (full 3):
 def new generation   total 12096K, used 12096K [0x00000000e0000000, 0x00000000e0d20000, 0x00000000eaaa0000)
  eden space 10752K, 100% used [0x00000000e0000000, 0x00000000e0a80000, 0x00000000e0a80000)
  from space 1344K, 100% used [0x00000000e0a80000, 0x00000000e0bd0000, 0x00000000e0bd0000)
  to   space 1344K,   0% used [0x00000000e0bd0000, 0x00000000e0bd0000, 0x00000000e0d20000)
 tenured generation   total 26828K, used 22476K [0x00000000eaaa0000, 0x00000000ec4d3000, 0x0000000100000000)
   the space 26828K,  83% used [0x00000000eaaa0000, 0x00000000ec093010, 0x00000000ec093200, 0x00000000ec4d3000)
 Metaspace       used 58091K, capacity 60332K, committed 60672K, reserved 1101824K
  class space    used 7925K, capacity 8332K, committed 8448K, reserved 1048576K
Event: 14.693 GC heap after
Heap after GC invocations=111 (full 3):
 def new generation   total 12096K, used 734K [0x00000000e0000000, 0x00000000e0d20000, 0x00000000eaaa0000)
  eden space 10752K,   0% used [0x00000000e0000000, 0x00000000e0000000, 0x00000000e0a80000)
  from space 1344K,  54% used [0x00000000e0bd0000, 0x00000000e0c87888, 0x00000000e0d20000)
  to   space 1344K,   0% used [0x00000000e0a80000, 0x00000000e0a80000, 0x00000000e0bd0000)
 tenured generation   total 26828K, used 23078K [0x00000000eaaa0000, 0x00000000ec4d3000, 0x0000000100000000)
   the space 26828K,  86% used [0x00000000eaaa0000, 0x00000000ec129928, 0x00000000ec129a00, 0x00000000ec4d3000)
 Metaspace       used 58091K, capacity 60332K, committed 60672K, reserved 1101824K
  class space    used 7925K, capacity 8332K, committed 8448K, reserved 1048576K
}
Event: 14.779 GC heap before
{Heap before GC invocations=111 (full 3):
 def new generation   total 12096K, used 11486K [0x00000000e0000000, 0x00000000e0d20000, 0x00000000eaaa0000)
  eden space 10752K, 100% used [0x00000000e0000000, 0x00000000e0a80000, 0x00000000e0a80000)
  from space 1344K,  54% used [0x00000000e0bd0000, 0x00000000e0c87888, 0x00000000e0d20000)
  to   space 1344K,   0% used [0x00000000e0a80000, 0x00000000e0a80000, 0x00000000e0bd0000)
 tenured generation   total 26828K, used 23078K [0x00000000eaaa0000, 0x00000000ec4d3000, 0x0000000100000000)
   the space 26828K,  86% used [0x00000000eaaa0000, 0x00000000ec129928, 0x00000000ec129a00, 0x00000000ec4d3000)
 Metaspace       used 58173K, capacity 60430K, committed 60672K, reserved 1101824K
  class space    used 7936K, capacity 8365K, committed 8448K, reserved 1048576K
Event: 14.783 GC heap after
Heap after GC invocations=112 (full 3):
 def new generation   total 12096K, used 275K [0x00000000e0000000, 0x00000000e0d20000, 0x00000000eaaa0000)
  eden space 10752K,   0% used [0x00000000e0000000, 0x00000000e0000000, 0x00000000e0a80000)
  from space 1344K,  20% used [0x00000000e0a80000, 0x00000000e0ac4e80, 0x00000000e0bd0000)
  to   space 1344K,   0% used [0x00000000e0bd0000, 0x00000000e0bd0000, 0x00000000e0d20000)
 tenured generation   total 26828K, used 23336K [0x00000000eaaa0000, 0x00000000ec4d3000, 0x0000000100000000)
   the space 26828K,  86% used [0x00000000eaaa0000, 0x00000000ec16a0d8, 0x00000000ec16a200, 0x00000000ec4d3000)
 Metaspace       used 58173K, capacity 60430K, committed 60672K, reserved 1101824K
  class space    used 7936K, capacity 8365K, committed 8448K, reserved 1048576K
}
Event: 14.877 GC heap before
{Heap before GC invocations=112 (full 3):
 def new generation   total 12096K, used 11027K [0x00000000e0000000, 0x00000000e0d20000, 0x00000000eaaa0000)
  eden space 10752K, 100% used [0x00000000e0000000, 0x00000000e0a80000, 0x00000000e0a80000)
  from space 1344K,  20% used [0x00000000e0a80000, 0x00000000e0ac4e80, 0x00000000e0bd0000)
  to   space 1344K,   0% used [0x00000000e0bd0000, 0x00000000e0bd0000, 0x00000000e0d20000)
 tenured generation   total 26828K, used 23336K [0x00000000eaaa0000, 0x00000000ec4d3000, 0x0000000100000000)
   the space 26828K,  86% used [0x00000000eaaa0000, 0x00000000ec16a0d8, 0x00000000ec16a200, 0x00000000ec4d3000)
 Metaspace       used 58259K, capacity 60454K, committed 60672K, reserved 1101824K
  class space    used 7956K, capacity 8369K, committed 8448K, reserved 1048576K
Event: 14.882 GC heap after
Heap after GC invocations=113 (full 3):
 def new generation   total 12096K, used 646K [0x00000000e0000000, 0x00000000e0d20000, 0x00000000eaaa0000)
  eden space 10752K,   0% used [0x00000000e0000000, 0x00000000e0000000, 0x00000000e0a80000)
  from space 1344K,  48% used [0x00000000e0bd0000, 0x00000000e0c71848, 0x00000000e0d20000)
  to   space 1344K,   0% used [0x00000000e0a80000, 0x00000000e0a80000, 0x00000000e0bd0000)
 tenured generation   total 26828K, used 23336K [0x00000000eaaa0000, 0x00000000ec4d3000, 0x0000000100000000)
   the space 26828K,  86% used [0x00000000eaaa0000, 0x00000000ec16a0d8, 0x00000000ec16a200, 0x00000000ec4d3000)
 Metaspace       used 58259K, capacity 60454K, committed 60672K, reserved 1101824K
  class space    used 7956K, capacity 8369K, committed 8448K, reserved 1048576K
}

